[ 2017-05-05T13:13:22+08:00 ] 10.1.88.50 /index.php/Home/index/getUpdateAppInfo
INFO: [ app_init ] --START--
INFO: Run Behavior\BuildLiteBehavior [ RunTime:0.000036s ]
INFO: [ app_init ] --END-- [ RunTime:0.000769s ]
INFO: [ app_begin ] --START--
INFO: Run Behavior\ReadHtmlCacheBehavior [ RunTime:0.000743s ]
INFO: [ app_begin ] --END-- [ RunTime:0.000821s ]
NOTIC: [8192] mysql_connect(): The mysql extension is deprecated and will be removed in the future: use mysqli or PDO instead /Users/liupengfei/Downloads/AppShopService-master/ThinkPHP/Library/Think/Db/Driver/Mysql.class.php 第 52 行.
SQL: SHOW COLUMNS FROM `updateapp` [ RunTime:0.000633s ]
SQL: SELECT * FROM `updateapp` ORDER BY updatetime desc  [ RunTime:0.000397s ]
INFO: [ app_end ] --START--
INFO: Run Behavior\ShowPageTraceBehavior [ RunTime:0.000847s ]
INFO: [ app_end ] --END-- [ RunTime:0.000918s ]

[ 2017-05-05T13:13:23+08:00 ] 10.1.88.50 /index.php/Home/index/getProducts
INFO: [ app_init ] --START--
INFO: Run Behavior\BuildLiteBehavior [ RunTime:0.000030s ]
INFO: [ app_init ] --END-- [ RunTime:0.000812s ]
INFO: [ app_begin ] --START--
INFO: Run Behavior\ReadHtmlCacheBehavior [ RunTime:0.000538s ]
INFO: [ app_begin ] --END-- [ RunTime:0.000612s ]
NOTIC: [8192] mysql_connect(): The mysql extension is deprecated and will be removed in the future: use mysqli or PDO instead /Users/liupengfei/Downloads/AppShopService-master/ThinkPHP/Library/Think/Db/Driver/Mysql.class.php 第 52 行.
SQL: SHOW COLUMNS FROM `product` [ RunTime:0.000548s ]
SQL: SELECT * FROM `product` ORDER BY type asc  [ RunTime:0.000535s ]
INFO: [ app_end ] --START--
INFO: Run Behavior\ShowPageTraceBehavior [ RunTime:0.000886s ]
INFO: [ app_end ] --END-- [ RunTime:0.001124s ]

[ 2017-05-05T13:13:23+08:00 ] 10.1.88.50 /index.php/Home/index/getBanners
INFO: [ app_init ] --START--
INFO: Run Behavior\BuildLiteBehavior [ RunTime:0.000013s ]
INFO: [ app_init ] --END-- [ RunTime:0.000308s ]
INFO: [ app_begin ] --START--
INFO: Run Behavior\ReadHtmlCacheBehavior [ RunTime:0.000474s ]
INFO: [ app_begin ] --END-- [ RunTime:0.000533s ]
NOTIC: [8192] mysql_connect(): The mysql extension is deprecated and will be removed in the future: use mysqli or PDO instead /Users/liupengfei/Downloads/AppShopService-master/ThinkPHP/Library/Think/Db/Driver/Mysql.class.php 第 52 行.
SQL: SHOW COLUMNS FROM `banner` [ RunTime:0.000560s ]
SQL: SELECT * FROM `banner`  [ RunTime:0.000257s ]
INFO: [ app_end ] --START--
INFO: Run Behavior\ShowPageTraceBehavior [ RunTime:0.000485s ]
INFO: [ app_end ] --END-- [ RunTime:0.000542s ]

[ 2017-05-05T13:13:27+08:00 ] 10.1.88.50 /index.php/Home/index/getCommentData
INFO: [ app_init ] --START--
INFO: Run Behavior\BuildLiteBehavior [ RunTime:0.000015s ]
INFO: [ app_init ] --END-- [ RunTime:0.000334s ]
INFO: [ app_begin ] --START--
INFO: Run Behavior\ReadHtmlCacheBehavior [ RunTime:0.000506s ]
INFO: [ app_begin ] --END-- [ RunTime:0.000564s ]
NOTIC: [8192] mysql_connect(): The mysql extension is deprecated and will be removed in the future: use mysqli or PDO instead /Users/liupengfei/Downloads/AppShopService-master/ThinkPHP/Library/Think/Db/Driver/Mysql.class.php 第 52 行.
SQL: SHOW COLUMNS FROM `comment` [ RunTime:0.000806s ]
SQL: SELECT * FROM `comment` LEFT JOIN product ON comment.pid = product.id LEFT JOIN user ON comment.uid = user.id   [ RunTime:0.000683s ]
SQL: SHOW COLUMNS FROM `comment` [ RunTime:0.000385s ]
SQL: SELECT `id` FROM `comment`  [ RunTime:0.000196s ]
SQL: SHOW COLUMNS FROM `subcomment` [ RunTime:0.000365s ]
SQL: SELECT * FROM `subcomment` WHERE ( cid = 36 )  [ RunTime:0.000362s ]
SQL: SHOW COLUMNS FROM `subcomment` [ RunTime:0.000353s ]
SQL: SELECT * FROM `subcomment` WHERE ( cid = 37 )  [ RunTime:0.000228s ]
SQL: SHOW COLUMNS FROM `subcomment` [ RunTime:0.000561s ]
SQL: SELECT * FROM `subcomment` WHERE ( cid = 38 )  [ RunTime:0.000382s ]
SQL: SHOW COLUMNS FROM `subcomment` [ RunTime:0.000379s ]
SQL: SELECT * FROM `subcomment` WHERE ( cid = 39 )  [ RunTime:0.000222s ]
SQL: SHOW COLUMNS FROM `subcomment` [ RunTime:0.000347s ]
SQL: SELECT * FROM `subcomment` WHERE ( cid = 40 )  [ RunTime:0.000250s ]
SQL: SHOW COLUMNS FROM `subcomment` [ RunTime:0.000343s ]
SQL: SELECT * FROM `subcomment` WHERE ( cid = 41 )  [ RunTime:0.000199s ]
SQL: SHOW COLUMNS FROM `subcomment` [ RunTime:0.000337s ]
SQL: SELECT * FROM `subcomment` WHERE ( cid = 42 )  [ RunTime:0.000202s ]
SQL: SHOW COLUMNS FROM `subcomment` [ RunTime:0.000353s ]
SQL: SELECT * FROM `subcomment` WHERE ( cid = 43 )  [ RunTime:0.000258s ]
SQL: SHOW COLUMNS FROM `subcomment` [ RunTime:0.000318s ]
SQL: SELECT * FROM `subcomment` WHERE ( cid = 44 )  [ RunTime:0.000193s ]
SQL: SHOW COLUMNS FROM `subcomment` [ RunTime:0.000322s ]
SQL: SELECT * FROM `subcomment` WHERE ( cid = 45 )  [ RunTime:0.000271s ]
SQL: SHOW COLUMNS FROM `subcomment` [ RunTime:0.000393s ]
SQL: SELECT * FROM `subcomment` WHERE ( cid = 46 )  [ RunTime:0.000246s ]
SQL: SHOW COLUMNS FROM `subcomment` [ RunTime:0.000403s ]
SQL: SELECT * FROM `subcomment` WHERE ( cid = 47 )  [ RunTime:0.000226s ]
SQL: SHOW COLUMNS FROM `subcomment` [ RunTime:0.000344s ]
SQL: SELECT * FROM `subcomment` WHERE ( cid = 48 )  [ RunTime:0.000209s ]
SQL: SHOW COLUMNS FROM `subcomment` [ RunTime:0.000579s ]
SQL: SELECT * FROM `subcomment` WHERE ( cid = 49 )  [ RunTime:0.000373s ]
INFO: [ app_end ] --START--
INFO: Run Behavior\ShowPageTraceBehavior [ RunTime:0.000565s ]
INFO: [ app_end ] --END-- [ RunTime:0.000632s ]

[ 2017-05-05T13:13:27+08:00 ] 10.1.88.50 /index.php/Home/index/getCommentData
INFO: [ app_init ] --START--
INFO: Run Behavior\BuildLiteBehavior [ RunTime:0.000021s ]
INFO: [ app_init ] --END-- [ RunTime:0.000436s ]
INFO: [ app_begin ] --START--
INFO: Run Behavior\ReadHtmlCacheBehavior [ RunTime:0.000605s ]
INFO: [ app_begin ] --END-- [ RunTime:0.000694s ]
NOTIC: [8192] mysql_connect(): The mysql extension is deprecated and will be removed in the future: use mysqli or PDO instead /Users/liupengfei/Downloads/AppShopService-master/ThinkPHP/Library/Think/Db/Driver/Mysql.class.php 第 52 行.
SQL: SHOW COLUMNS FROM `comment` [ RunTime:0.000642s ]
SQL: SELECT * FROM `comment` LEFT JOIN product ON comment.pid = product.id LEFT JOIN user ON comment.uid = user.id   [ RunTime:0.000640s ]
SQL: SHOW COLUMNS FROM `comment` [ RunTime:0.000444s ]
SQL: SELECT `id` FROM `comment`  [ RunTime:0.000223s ]
SQL: SHOW COLUMNS FROM `subcomment` [ RunTime:0.000678s ]
SQL: SELECT * FROM `subcomment` WHERE ( cid = 36 )  [ RunTime:0.000331s ]
SQL: SHOW COLUMNS FROM `subcomment` [ RunTime:0.000356s ]
SQL: SELECT * FROM `subcomment` WHERE ( cid = 37 )  [ RunTime:0.000221s ]
SQL: SHOW COLUMNS FROM `subcomment` [ RunTime:0.000343s ]
SQL: SELECT * FROM `subcomment` WHERE ( cid = 38 )  [ RunTime:0.000231s ]
SQL: SHOW COLUMNS FROM `subcomment` [ RunTime:0.000354s ]
SQL: SELECT * FROM `subcomment` WHERE ( cid = 39 )  [ RunTime:0.000248s ]
SQL: SHOW COLUMNS FROM `subcomment` [ RunTime:0.000378s ]
SQL: SELECT * FROM `subcomment` WHERE ( cid = 40 )  [ RunTime:0.000262s ]
SQL: SHOW COLUMNS FROM `subcomment` [ RunTime:0.000460s ]
SQL: SELECT * FROM `subcomment` WHERE ( cid = 41 )  [ RunTime:0.000506s ]
SQL: SHOW COLUMNS FROM `subcomment` [ RunTime:0.000636s ]
SQL: SELECT * FROM `subcomment` WHERE ( cid = 42 )  [ RunTime:0.000271s ]
SQL: SHOW COLUMNS FROM `subcomment` [ RunTime:0.000327s ]
SQL: SELECT * FROM `subcomment` WHERE ( cid = 43 )  [ RunTime:0.000208s ]
SQL: SHOW COLUMNS FROM `subcomment` [ RunTime:0.000299s ]
SQL: SELECT * FROM `subcomment` WHERE ( cid = 44 )  [ RunTime:0.000170s ]
SQL: SHOW COLUMNS FROM `subcomment` [ RunTime:0.000351s ]
SQL: SELECT * FROM `subcomment` WHERE ( cid = 45 )  [ RunTime:0.000251s ]
SQL: SHOW COLUMNS FROM `subcomment` [ RunTime:0.000369s ]
SQL: SELECT * FROM `subcomment` WHERE ( cid = 46 )  [ RunTime:0.000196s ]
SQL: SHOW COLUMNS FROM `subcomment` [ RunTime:0.000341s ]
SQL: SELECT * FROM `subcomment` WHERE ( cid = 47 )  [ RunTime:0.000174s ]
SQL: SHOW COLUMNS FROM `subcomment` [ RunTime:0.000306s ]
SQL: SELECT * FROM `subcomment` WHERE ( cid = 48 )  [ RunTime:0.000182s ]
SQL: SHOW COLUMNS FROM `subcomment` [ RunTime:0.000270s ]
SQL: SELECT * FROM `subcomment` WHERE ( cid = 49 )  [ RunTime:0.000186s ]
INFO: [ app_end ] --START--
INFO: Run Behavior\ShowPageTraceBehavior [ RunTime:0.000673s ]
INFO: [ app_end ] --END-- [ RunTime:0.000757s ]

[ 2017-05-05T13:13:41+08:00 ] 10.1.88.50 /index.php/Home/index/uploadOrder
INFO: [ app_init ] --START--
INFO: Run Behavior\BuildLiteBehavior [ RunTime:0.000021s ]
INFO: [ app_init ] --END-- [ RunTime:0.000435s ]
INFO: [ app_begin ] --START--
INFO: Run Behavior\ReadHtmlCacheBehavior [ RunTime:0.000465s ]
INFO: [ app_begin ] --END-- [ RunTime:0.000525s ]
NOTIC: [8192] mysql_connect(): The mysql extension is deprecated and will be removed in the future: use mysqli or PDO instead /Users/liupengfei/Downloads/AppShopService-master/ThinkPHP/Library/Think/Db/Driver/Mysql.class.php 第 52 行.
SQL: SHOW COLUMNS FROM `user` [ RunTime:0.000542s ]
SQL: SELECT * FROM `user` WHERE ( id='35' ) LIMIT 1   [ RunTime:0.000294s ]
SQL: SHOW COLUMNS FROM `product` [ RunTime:0.000356s ]
SQL: SELECT * FROM `product` WHERE ( id =17 ) LIMIT 1   [ RunTime:0.000214s ]
SQL: SHOW COLUMNS FROM `product` [ RunTime:0.000318s ]
SQL: SELECT * FROM `product` WHERE ( id =17 ) LIMIT 1   [ RunTime:0.000174s ]
SQL: SHOW COLUMNS FROM `buy` [ RunTime:0.000385s ]
SQL: INSERT INTO `buy` (`pid`,`uid`,`sum`,`total`) VALUES (17,35,1,8888) [ RunTime:0.001310s ]

[ 2017-05-05T13:13:42+08:00 ] 10.1.88.50 /index.php/Home/index/getAllOrderData?uid=35
INFO: [ app_init ] --START--
INFO: Run Behavior\BuildLiteBehavior [ RunTime:0.000014s ]
INFO: [ app_init ] --END-- [ RunTime:0.000318s ]
INFO: [ app_begin ] --START--
INFO: Run Behavior\ReadHtmlCacheBehavior [ RunTime:0.000410s ]
INFO: [ app_begin ] --END-- [ RunTime:0.000463s ]
NOTIC: [8192] mysql_connect(): The mysql extension is deprecated and will be removed in the future: use mysqli or PDO instead /Users/liupengfei/Downloads/AppShopService-master/ThinkPHP/Library/Think/Db/Driver/Mysql.class.php 第 52 行.
SQL: SHOW COLUMNS FROM `user` [ RunTime:0.000637s ]
SQL: SELECT * FROM `user` RIGHT JOIN buy ON buy.uid = user.id  WHERE ( user.id = 35 )  [ RunTime:0.000928s ]
SQL: SHOW COLUMNS FROM `product` [ RunTime:0.000615s ]
SQL: SELECT * FROM `product` WHERE ( id = 17 ) LIMIT 1   [ RunTime:0.000311s ]
SQL: SHOW COLUMNS FROM `product` [ RunTime:0.000453s ]
SQL: SELECT * FROM `product` WHERE ( id = 17 ) LIMIT 1   [ RunTime:0.000259s ]
SQL: SHOW COLUMNS FROM `product` [ RunTime:0.000378s ]
SQL: SELECT * FROM `product` WHERE ( id = 20 ) LIMIT 1   [ RunTime:0.000234s ]
SQL: SHOW COLUMNS FROM `product` [ RunTime:0.000378s ]
SQL: SELECT * FROM `product` WHERE ( id = 17 ) LIMIT 1   [ RunTime:0.000250s ]
SQL: SHOW COLUMNS FROM `product` [ RunTime:0.000360s ]
SQL: SELECT * FROM `product` WHERE ( id = 38 ) LIMIT 1   [ RunTime:0.000243s ]
SQL: SHOW COLUMNS FROM `product` [ RunTime:0.000354s ]
SQL: SELECT * FROM `product` WHERE ( id = 20 ) LIMIT 1   [ RunTime:0.000224s ]
SQL: SHOW COLUMNS FROM `product` [ RunTime:0.000340s ]
SQL: SELECT * FROM `product` WHERE ( id = 37 ) LIMIT 1   [ RunTime:0.000279s ]
SQL: SHOW COLUMNS FROM `product` [ RunTime:0.000323s ]
SQL: SELECT * FROM `product` WHERE ( id = 27 ) LIMIT 1   [ RunTime:0.000218s ]
SQL: SHOW COLUMNS FROM `product` [ RunTime:0.000321s ]
SQL: SELECT * FROM `product` WHERE ( id = 19 ) LIMIT 1   [ RunTime:0.000303s ]
SQL: SHOW COLUMNS FROM `product` [ RunTime:0.000351s ]
SQL: SELECT * FROM `product` WHERE ( id = 20 ) LIMIT 1   [ RunTime:0.000204s ]
SQL: SHOW COLUMNS FROM `product` [ RunTime:0.000346s ]
SQL: SELECT * FROM `product` WHERE ( id = 20 ) LIMIT 1   [ RunTime:0.000222s ]
SQL: SHOW COLUMNS FROM `product` [ RunTime:0.000511s ]
SQL: SELECT * FROM `product` WHERE ( id = 20 ) LIMIT 1   [ RunTime:0.000210s ]
SQL: SHOW COLUMNS FROM `product` [ RunTime:0.000318s ]
SQL: SELECT * FROM `product` WHERE ( id = 17 ) LIMIT 1   [ RunTime:0.000220s ]
INFO: [ app_end ] --START--
INFO: Run Behavior\ShowPageTraceBehavior [ RunTime:0.000537s ]
INFO: [ app_end ] --END-- [ RunTime:0.000598s ]

[ 2017-05-05T13:13:56+08:00 ] 10.1.88.50 /index.php/Home/index/getCommentData
INFO: [ app_init ] --START--
INFO: Run Behavior\BuildLiteBehavior [ RunTime:0.000020s ]
INFO: [ app_init ] --END-- [ RunTime:0.000436s ]
INFO: [ app_begin ] --START--
INFO: Run Behavior\ReadHtmlCacheBehavior [ RunTime:0.000481s ]
INFO: [ app_begin ] --END-- [ RunTime:0.000555s ]
NOTIC: [8192] mysql_connect(): The mysql extension is deprecated and will be removed in the future: use mysqli or PDO instead /Users/liupengfei/Downloads/AppShopService-master/ThinkPHP/Library/Think/Db/Driver/Mysql.class.php 第 52 行.
SQL: SHOW COLUMNS FROM `comment` [ RunTime:0.000600s ]
SQL: SELECT * FROM `comment` LEFT JOIN product ON comment.pid = product.id LEFT JOIN user ON comment.uid = user.id   [ RunTime:0.000566s ]
SQL: SHOW COLUMNS FROM `comment` [ RunTime:0.000567s ]
SQL: SELECT `id` FROM `comment`  [ RunTime:0.000267s ]
SQL: SHOW COLUMNS FROM `subcomment` [ RunTime:0.000370s ]
SQL: SELECT * FROM `subcomment` WHERE ( cid = 36 )  [ RunTime:0.000281s ]
SQL: SHOW COLUMNS FROM `subcomment` [ RunTime:0.000307s ]
SQL: SELECT * FROM `subcomment` WHERE ( cid = 37 )  [ RunTime:0.000215s ]
SQL: SHOW COLUMNS FROM `subcomment` [ RunTime:0.000313s ]
SQL: SELECT * FROM `subcomment` WHERE ( cid = 38 )  [ RunTime:0.000260s ]
SQL: SHOW COLUMNS FROM `subcomment` [ RunTime:0.000319s ]
SQL: SELECT * FROM `subcomment` WHERE ( cid = 39 )  [ RunTime:0.000277s ]
SQL: SHOW COLUMNS FROM `subcomment` [ RunTime:0.000324s ]
SQL: SELECT * FROM `subcomment` WHERE ( cid = 40 )  [ RunTime:0.000263s ]
SQL: SHOW COLUMNS FROM `subcomment` [ RunTime:0.000294s ]
SQL: SELECT * FROM `subcomment` WHERE ( cid = 41 )  [ RunTime:0.000206s ]
SQL: SHOW COLUMNS FROM `subcomment` [ RunTime:0.000312s ]
SQL: SELECT * FROM `subcomment` WHERE ( cid = 42 )  [ RunTime:0.000202s ]
SQL: SHOW COLUMNS FROM `subcomment` [ RunTime:0.000303s ]
SQL: SELECT * FROM `subcomment` WHERE ( cid = 43 )  [ RunTime:0.000219s ]
SQL: SHOW COLUMNS FROM `subcomment` [ RunTime:0.000276s ]
SQL: SELECT * FROM `subcomment` WHERE ( cid = 44 )  [ RunTime:0.000177s ]
SQL: SHOW COLUMNS FROM `subcomment` [ RunTime:0.000268s ]
SQL: SELECT * FROM `subcomment` WHERE ( cid = 45 )  [ RunTime:0.000227s ]
SQL: SHOW COLUMNS FROM `subcomment` [ RunTime:0.000297s ]
SQL: SELECT * FROM `subcomment` WHERE ( cid = 46 )  [ RunTime:0.000183s ]
SQL: SHOW COLUMNS FROM `subcomment` [ RunTime:0.000299s ]
SQL: SELECT * FROM `subcomment` WHERE ( cid = 47 )  [ RunTime:0.000208s ]
SQL: SHOW COLUMNS FROM `subcomment` [ RunTime:0.000281s ]
SQL: SELECT * FROM `subcomment` WHERE ( cid = 48 )  [ RunTime:0.000199s ]
SQL: SHOW COLUMNS FROM `subcomment` [ RunTime:0.000319s ]
SQL: SELECT * FROM `subcomment` WHERE ( cid = 49 )  [ RunTime:0.000202s ]
INFO: [ app_end ] --START--
INFO: Run Behavior\ShowPageTraceBehavior [ RunTime:0.000527s ]
INFO: [ app_end ] --END-- [ RunTime:0.000588s ]

[ 2017-05-05T13:13:58+08:00 ] 10.1.88.50 /index.php/Home/index/getAllOrderData?uid=35
INFO: [ app_init ] --START--
INFO: Run Behavior\BuildLiteBehavior [ RunTime:0.000021s ]
INFO: [ app_init ] --END-- [ RunTime:0.000473s ]
INFO: [ app_begin ] --START--
INFO: Run Behavior\ReadHtmlCacheBehavior [ RunTime:0.000411s ]
INFO: [ app_begin ] --END-- [ RunTime:0.000467s ]
NOTIC: [8192] mysql_connect(): The mysql extension is deprecated and will be removed in the future: use mysqli or PDO instead /Users/liupengfei/Downloads/AppShopService-master/ThinkPHP/Library/Think/Db/Driver/Mysql.class.php 第 52 行.
SQL: SHOW COLUMNS FROM `user` [ RunTime:0.000515s ]
SQL: SELECT * FROM `user` RIGHT JOIN buy ON buy.uid = user.id  WHERE ( user.id = 35 )  [ RunTime:0.000492s ]
SQL: SHOW COLUMNS FROM `product` [ RunTime:0.000485s ]
SQL: SELECT * FROM `product` WHERE ( id = 17 ) LIMIT 1   [ RunTime:0.000296s ]
SQL: SHOW COLUMNS FROM `product` [ RunTime:0.000459s ]
SQL: SELECT * FROM `product` WHERE ( id = 17 ) LIMIT 1   [ RunTime:0.000283s ]
SQL: SHOW COLUMNS FROM `product` [ RunTime:0.000463s ]
SQL: SELECT * FROM `product` WHERE ( id = 20 ) LIMIT 1   [ RunTime:0.000226s ]
SQL: SHOW COLUMNS FROM `product` [ RunTime:0.000343s ]
SQL: SELECT * FROM `product` WHERE ( id = 17 ) LIMIT 1   [ RunTime:0.000208s ]
SQL: SHOW COLUMNS FROM `product` [ RunTime:0.000395s ]
SQL: SELECT * FROM `product` WHERE ( id = 38 ) LIMIT 1   [ RunTime:0.000356s ]
SQL: SHOW COLUMNS FROM `product` [ RunTime:0.000362s ]
SQL: SELECT * FROM `product` WHERE ( id = 20 ) LIMIT 1   [ RunTime:0.000315s ]
SQL: SHOW COLUMNS FROM `product` [ RunTime:0.000416s ]
SQL: SELECT * FROM `product` WHERE ( id = 37 ) LIMIT 1   [ RunTime:0.000225s ]
SQL: SHOW COLUMNS FROM `product` [ RunTime:0.000339s ]
SQL: SELECT * FROM `product` WHERE ( id = 27 ) LIMIT 1   [ RunTime:0.000214s ]
SQL: SHOW COLUMNS FROM `product` [ RunTime:0.000315s ]
SQL: SELECT * FROM `product` WHERE ( id = 19 ) LIMIT 1   [ RunTime:0.000259s ]
SQL: SHOW COLUMNS FROM `product` [ RunTime:0.000388s ]
SQL: SELECT * FROM `product` WHERE ( id = 20 ) LIMIT 1   [ RunTime:0.000239s ]
SQL: SHOW COLUMNS FROM `product` [ RunTime:0.000299s ]
SQL: SELECT * FROM `product` WHERE ( id = 20 ) LIMIT 1   [ RunTime:0.000183s ]
SQL: SHOW COLUMNS FROM `product` [ RunTime:0.000333s ]
SQL: SELECT * FROM `product` WHERE ( id = 20 ) LIMIT 1   [ RunTime:0.000206s ]
SQL: SHOW COLUMNS FROM `product` [ RunTime:0.000320s ]
SQL: SELECT * FROM `product` WHERE ( id = 17 ) LIMIT 1   [ RunTime:0.000221s ]
INFO: [ app_end ] --START--
INFO: Run Behavior\ShowPageTraceBehavior [ RunTime:0.000476s ]
INFO: [ app_end ] --END-- [ RunTime:0.000536s ]

[ 2017-05-05T13:13:58+08:00 ] 10.1.88.50 /index.php/Home/index/getAllOrderData?uid=35
INFO: [ app_init ] --START--
INFO: Run Behavior\BuildLiteBehavior [ RunTime:0.000018s ]
INFO: [ app_init ] --END-- [ RunTime:0.000597s ]
INFO: [ app_begin ] --START--
INFO: Run Behavior\ReadHtmlCacheBehavior [ RunTime:0.000878s ]
INFO: [ app_begin ] --END-- [ RunTime:0.001013s ]
NOTIC: [8192] mysql_connect(): The mysql extension is deprecated and will be removed in the future: use mysqli or PDO instead /Users/liupengfei/Downloads/AppShopService-master/ThinkPHP/Library/Think/Db/Driver/Mysql.class.php 第 52 行.
SQL: SHOW COLUMNS FROM `user` [ RunTime:0.000386s ]
SQL: SELECT * FROM `user` RIGHT JOIN buy ON buy.uid = user.id  WHERE ( user.id = 35 )  [ RunTime:0.000378s ]
SQL: SHOW COLUMNS FROM `product` [ RunTime:0.000323s ]
SQL: SELECT * FROM `product` WHERE ( id = 17 ) LIMIT 1   [ RunTime:0.000279s ]
SQL: SHOW COLUMNS FROM `product` [ RunTime:0.000627s ]
SQL: SELECT * FROM `product` WHERE ( id = 17 ) LIMIT 1   [ RunTime:0.000357s ]
SQL: SHOW COLUMNS FROM `product` [ RunTime:0.000465s ]
SQL: SELECT * FROM `product` WHERE ( id = 20 ) LIMIT 1   [ RunTime:0.000211s ]
SQL: SHOW COLUMNS FROM `product` [ RunTime:0.000321s ]
SQL: SELECT * FROM `product` WHERE ( id = 17 ) LIMIT 1   [ RunTime:0.000199s ]
SQL: SHOW COLUMNS FROM `product` [ RunTime:0.000307s ]
SQL: SELECT * FROM `product` WHERE ( id = 38 ) LIMIT 1   [ RunTime:0.000190s ]
SQL: SHOW COLUMNS FROM `product` [ RunTime:0.000374s ]
SQL: SELECT * FROM `product` WHERE ( id = 20 ) LIMIT 1   [ RunTime:0.000251s ]
SQL: SHOW COLUMNS FROM `product` [ RunTime:0.000347s ]
SQL: SELECT * FROM `product` WHERE ( id = 37 ) LIMIT 1   [ RunTime:0.000225s ]
SQL: SHOW COLUMNS FROM `product` [ RunTime:0.000365s ]
SQL: SELECT * FROM `product` WHERE ( id = 27 ) LIMIT 1   [ RunTime:0.000332s ]
SQL: SHOW COLUMNS FROM `product` [ RunTime:0.000325s ]
SQL: SELECT * FROM `product` WHERE ( id = 19 ) LIMIT 1   [ RunTime:0.000187s ]
SQL: SHOW COLUMNS FROM `product` [ RunTime:0.000304s ]
SQL: SELECT * FROM `product` WHERE ( id = 20 ) LIMIT 1   [ RunTime:0.000205s ]
SQL: SHOW COLUMNS FROM `product` [ RunTime:0.000297s ]
SQL: SELECT * FROM `product` WHERE ( id = 20 ) LIMIT 1   [ RunTime:0.000230s ]
SQL: SHOW COLUMNS FROM `product` [ RunTime:0.000343s ]
SQL: SELECT * FROM `product` WHERE ( id = 20 ) LIMIT 1   [ RunTime:0.000186s ]
SQL: SHOW COLUMNS FROM `product` [ RunTime:0.000318s ]
SQL: SELECT * FROM `product` WHERE ( id = 17 ) LIMIT 1   [ RunTime:0.000189s ]
INFO: [ app_end ] --START--
INFO: Run Behavior\ShowPageTraceBehavior [ RunTime:0.000656s ]
INFO: [ app_end ] --END-- [ RunTime:0.000725s ]

[ 2017-05-05T13:14:01+08:00 ] 10.1.88.50 /index.php/Home/index/getAllOrderData?uid=35
INFO: [ app_init ] --START--
INFO: Run Behavior\BuildLiteBehavior [ RunTime:0.000014s ]
INFO: [ app_init ] --END-- [ RunTime:0.000322s ]
INFO: [ app_begin ] --START--
INFO: Run Behavior\ReadHtmlCacheBehavior [ RunTime:0.000452s ]
INFO: [ app_begin ] --END-- [ RunTime:0.000531s ]
NOTIC: [8192] mysql_connect(): The mysql extension is deprecated and will be removed in the future: use mysqli or PDO instead /Users/liupengfei/Downloads/AppShopService-master/ThinkPHP/Library/Think/Db/Driver/Mysql.class.php 第 52 行.
SQL: SHOW COLUMNS FROM `user` [ RunTime:0.000467s ]
SQL: SELECT * FROM `user` RIGHT JOIN buy ON buy.uid = user.id  WHERE ( user.id = 35 )  [ RunTime:0.000506s ]
SQL: SHOW COLUMNS FROM `product` [ RunTime:0.000386s ]
SQL: SELECT * FROM `product` WHERE ( id = 17 ) LIMIT 1   [ RunTime:0.000226s ]
SQL: SHOW COLUMNS FROM `product` [ RunTime:0.000328s ]
SQL: SELECT * FROM `product` WHERE ( id = 17 ) LIMIT 1   [ RunTime:0.000227s ]
SQL: SHOW COLUMNS FROM `product` [ RunTime:0.000470s ]
SQL: SELECT * FROM `product` WHERE ( id = 20 ) LIMIT 1   [ RunTime:0.000299s ]
SQL: SHOW COLUMNS FROM `product` [ RunTime:0.000339s ]
SQL: SELECT * FROM `product` WHERE ( id = 17 ) LIMIT 1   [ RunTime:0.000226s ]
SQL: SHOW COLUMNS FROM `product` [ RunTime:0.000427s ]
SQL: SELECT * FROM `product` WHERE ( id = 38 ) LIMIT 1   [ RunTime:0.000408s ]
SQL: SHOW COLUMNS FROM `product` [ RunTime:0.000477s ]
SQL: SELECT * FROM `product` WHERE ( id = 20 ) LIMIT 1   [ RunTime:0.000300s ]
SQL: SHOW COLUMNS FROM `product` [ RunTime:0.001219s ]
SQL: SELECT * FROM `product` WHERE ( id = 37 ) LIMIT 1   [ RunTime:0.000466s ]
SQL: SHOW COLUMNS FROM `product` [ RunTime:0.000367s ]
SQL: SELECT * FROM `product` WHERE ( id = 27 ) LIMIT 1   [ RunTime:0.000244s ]
SQL: SHOW COLUMNS FROM `product` [ RunTime:0.000350s ]
SQL: SELECT * FROM `product` WHERE ( id = 19 ) LIMIT 1   [ RunTime:0.000203s ]
SQL: SHOW COLUMNS FROM `product` [ RunTime:0.000307s ]
SQL: SELECT * FROM `product` WHERE ( id = 20 ) LIMIT 1   [ RunTime:0.000228s ]
SQL: SHOW COLUMNS FROM `product` [ RunTime:0.000374s ]
SQL: SELECT * FROM `product` WHERE ( id = 20 ) LIMIT 1   [ RunTime:0.000267s ]
SQL: SHOW COLUMNS FROM `product` [ RunTime:0.000396s ]
SQL: SELECT * FROM `product` WHERE ( id = 20 ) LIMIT 1   [ RunTime:0.000274s ]
SQL: SHOW COLUMNS FROM `product` [ RunTime:0.000360s ]
SQL: SELECT * FROM `product` WHERE ( id = 17 ) LIMIT 1   [ RunTime:0.000274s ]
INFO: [ app_end ] --START--
INFO: Run Behavior\ShowPageTraceBehavior [ RunTime:0.000573s ]
INFO: [ app_end ] --END-- [ RunTime:0.000644s ]

[ 2017-05-05T13:14:08+08:00 ] 10.1.88.50 /index.php/Home/index/getAllOrderData?uid=35
INFO: [ app_init ] --START--
INFO: Run Behavior\BuildLiteBehavior [ RunTime:0.000014s ]
INFO: [ app_init ] --END-- [ RunTime:0.000333s ]
INFO: [ app_begin ] --START--
INFO: Run Behavior\ReadHtmlCacheBehavior [ RunTime:0.000434s ]
INFO: [ app_begin ] --END-- [ RunTime:0.000498s ]
NOTIC: [8192] mysql_connect(): The mysql extension is deprecated and will be removed in the future: use mysqli or PDO instead /Users/liupengfei/Downloads/AppShopService-master/ThinkPHP/Library/Think/Db/Driver/Mysql.class.php 第 52 行.
SQL: SHOW COLUMNS FROM `user` [ RunTime:0.000774s ]
SQL: SELECT * FROM `user` RIGHT JOIN buy ON buy.uid = user.id  WHERE ( user.id = 35 )  [ RunTime:0.000758s ]
SQL: SHOW COLUMNS FROM `product` [ RunTime:0.000794s ]
SQL: SELECT * FROM `product` WHERE ( id = 17 ) LIMIT 1   [ RunTime:0.000246s ]
SQL: SHOW COLUMNS FROM `product` [ RunTime:0.000387s ]
SQL: SELECT * FROM `product` WHERE ( id = 17 ) LIMIT 1   [ RunTime:0.000213s ]
SQL: SHOW COLUMNS FROM `product` [ RunTime:0.000357s ]
SQL: SELECT * FROM `product` WHERE ( id = 20 ) LIMIT 1   [ RunTime:0.000282s ]
SQL: SHOW COLUMNS FROM `product` [ RunTime:0.000338s ]
SQL: SELECT * FROM `product` WHERE ( id = 17 ) LIMIT 1   [ RunTime:0.000218s ]
SQL: SHOW COLUMNS FROM `product` [ RunTime:0.000450s ]
SQL: SELECT * FROM `product` WHERE ( id = 38 ) LIMIT 1   [ RunTime:0.000381s ]
SQL: SHOW COLUMNS FROM `product` [ RunTime:0.000346s ]
SQL: SELECT * FROM `product` WHERE ( id = 20 ) LIMIT 1   [ RunTime:0.000212s ]
SQL: SHOW COLUMNS FROM `product` [ RunTime:0.000312s ]
SQL: SELECT * FROM `product` WHERE ( id = 37 ) LIMIT 1   [ RunTime:0.000201s ]
SQL: SHOW COLUMNS FROM `product` [ RunTime:0.000345s ]
SQL: SELECT * FROM `product` WHERE ( id = 27 ) LIMIT 1   [ RunTime:0.000202s ]
SQL: SHOW COLUMNS FROM `product` [ RunTime:0.000341s ]
SQL: SELECT * FROM `product` WHERE ( id = 19 ) LIMIT 1   [ RunTime:0.000213s ]
SQL: SHOW COLUMNS FROM `product` [ RunTime:0.000328s ]
SQL: SELECT * FROM `product` WHERE ( id = 20 ) LIMIT 1   [ RunTime:0.000240s ]
SQL: SHOW COLUMNS FROM `product` [ RunTime:0.000437s ]
SQL: SELECT * FROM `product` WHERE ( id = 20 ) LIMIT 1   [ RunTime:0.000224s ]
SQL: SHOW COLUMNS FROM `product` [ RunTime:0.000394s ]
SQL: SELECT * FROM `product` WHERE ( id = 20 ) LIMIT 1   [ RunTime:0.000289s ]
SQL: SHOW COLUMNS FROM `product` [ RunTime:0.000659s ]
SQL: SELECT * FROM `product` WHERE ( id = 17 ) LIMIT 1   [ RunTime:0.000646s ]
INFO: [ app_end ] --START--
INFO: Run Behavior\ShowPageTraceBehavior [ RunTime:0.000533s ]
INFO: [ app_end ] --END-- [ RunTime:0.000603s ]

[ 2017-05-05T13:14:12+08:00 ] 10.1.88.50 /index.php/Home/index/getAllOrderData?uid=35
INFO: [ app_init ] --START--
INFO: Run Behavior\BuildLiteBehavior [ RunTime:0.000014s ]
INFO: [ app_init ] --END-- [ RunTime:0.000329s ]
INFO: [ app_begin ] --START--
INFO: Run Behavior\ReadHtmlCacheBehavior [ RunTime:0.000444s ]
INFO: [ app_begin ] --END-- [ RunTime:0.000505s ]
NOTIC: [8192] mysql_connect(): The mysql extension is deprecated and will be removed in the future: use mysqli or PDO instead /Users/liupengfei/Downloads/AppShopService-master/ThinkPHP/Library/Think/Db/Driver/Mysql.class.php 第 52 行.
SQL: SHOW COLUMNS FROM `user` [ RunTime:0.000524s ]
SQL: SELECT * FROM `user` RIGHT JOIN buy ON buy.uid = user.id  WHERE ( user.id = 35 )  [ RunTime:0.000431s ]
SQL: SHOW COLUMNS FROM `product` [ RunTime:0.000355s ]
SQL: SELECT * FROM `product` WHERE ( id = 17 ) LIMIT 1   [ RunTime:0.000422s ]
SQL: SHOW COLUMNS FROM `product` [ RunTime:0.000418s ]
SQL: SELECT * FROM `product` WHERE ( id = 17 ) LIMIT 1   [ RunTime:0.000235s ]
SQL: SHOW COLUMNS FROM `product` [ RunTime:0.000367s ]
SQL: SELECT * FROM `product` WHERE ( id = 20 ) LIMIT 1   [ RunTime:0.000200s ]
SQL: SHOW COLUMNS FROM `product` [ RunTime:0.000404s ]
SQL: SELECT * FROM `product` WHERE ( id = 17 ) LIMIT 1   [ RunTime:0.000275s ]
SQL: SHOW COLUMNS FROM `product` [ RunTime:0.000395s ]
SQL: SELECT * FROM `product` WHERE ( id = 38 ) LIMIT 1   [ RunTime:0.000388s ]
SQL: SHOW COLUMNS FROM `product` [ RunTime:0.000520s ]
SQL: SELECT * FROM `product` WHERE ( id = 20 ) LIMIT 1   [ RunTime:0.000206s ]
SQL: SHOW COLUMNS FROM `product` [ RunTime:0.000310s ]
SQL: SELECT * FROM `product` WHERE ( id = 37 ) LIMIT 1   [ RunTime:0.000198s ]
SQL: SHOW COLUMNS FROM `product` [ RunTime:0.000303s ]
SQL: SELECT * FROM `product` WHERE ( id = 27 ) LIMIT 1   [ RunTime:0.000199s ]
SQL: SHOW COLUMNS FROM `product` [ RunTime:0.000300s ]
SQL: SELECT * FROM `product` WHERE ( id = 19 ) LIMIT 1   [ RunTime:0.000220s ]
SQL: SHOW COLUMNS FROM `product` [ RunTime:0.000359s ]
SQL: SELECT * FROM `product` WHERE ( id = 20 ) LIMIT 1   [ RunTime:0.000227s ]
SQL: SHOW COLUMNS FROM `product` [ RunTime:0.000321s ]
SQL: SELECT * FROM `product` WHERE ( id = 20 ) LIMIT 1   [ RunTime:0.000185s ]
SQL: SHOW COLUMNS FROM `product` [ RunTime:0.000286s ]
SQL: SELECT * FROM `product` WHERE ( id = 20 ) LIMIT 1   [ RunTime:0.000287s ]
SQL: SHOW COLUMNS FROM `product` [ RunTime:0.000362s ]
SQL: SELECT * FROM `product` WHERE ( id = 17 ) LIMIT 1   [ RunTime:0.000203s ]
INFO: [ app_end ] --START--
INFO: Run Behavior\ShowPageTraceBehavior [ RunTime:0.000578s ]
INFO: [ app_end ] --END-- [ RunTime:0.000642s ]

[ 2017-05-05T13:14:12+08:00 ] 10.1.88.50 /index.php/Home/index/getAllOrderData?uid=35
INFO: [ app_init ] --START--
INFO: Run Behavior\BuildLiteBehavior [ RunTime:0.000019s ]
INFO: [ app_init ] --END-- [ RunTime:0.000563s ]
INFO: [ app_begin ] --START--
INFO: Run Behavior\ReadHtmlCacheBehavior [ RunTime:0.000453s ]
INFO: [ app_begin ] --END-- [ RunTime:0.000541s ]
NOTIC: [8192] mysql_connect(): The mysql extension is deprecated and will be removed in the future: use mysqli or PDO instead /Users/liupengfei/Downloads/AppShopService-master/ThinkPHP/Library/Think/Db/Driver/Mysql.class.php 第 52 行.
SQL: SHOW COLUMNS FROM `user` [ RunTime:0.000519s ]
SQL: SELECT * FROM `user` RIGHT JOIN buy ON buy.uid = user.id  WHERE ( user.id = 35 )  [ RunTime:0.000547s ]
SQL: SHOW COLUMNS FROM `product` [ RunTime:0.000604s ]
SQL: SELECT * FROM `product` WHERE ( id = 17 ) LIMIT 1   [ RunTime:0.000378s ]
SQL: SHOW COLUMNS FROM `product` [ RunTime:0.000668s ]
SQL: SELECT * FROM `product` WHERE ( id = 17 ) LIMIT 1   [ RunTime:0.000363s ]
SQL: SHOW COLUMNS FROM `product` [ RunTime:0.000522s ]
SQL: SELECT * FROM `product` WHERE ( id = 20 ) LIMIT 1   [ RunTime:0.000525s ]
SQL: SHOW COLUMNS FROM `product` [ RunTime:0.000506s ]
SQL: SELECT * FROM `product` WHERE ( id = 17 ) LIMIT 1   [ RunTime:0.000242s ]
SQL: SHOW COLUMNS FROM `product` [ RunTime:0.000389s ]
SQL: SELECT * FROM `product` WHERE ( id = 38 ) LIMIT 1   [ RunTime:0.000220s ]
SQL: SHOW COLUMNS FROM `product` [ RunTime:0.000338s ]
SQL: SELECT * FROM `product` WHERE ( id = 20 ) LIMIT 1   [ RunTime:0.000208s ]
SQL: SHOW COLUMNS FROM `product` [ RunTime:0.000338s ]
SQL: SELECT * FROM `product` WHERE ( id = 37 ) LIMIT 1   [ RunTime:0.000204s ]
SQL: SHOW COLUMNS FROM `product` [ RunTime:0.000367s ]
SQL: SELECT * FROM `product` WHERE ( id = 27 ) LIMIT 1   [ RunTime:0.000244s ]
SQL: SHOW COLUMNS FROM `product` [ RunTime:0.000383s ]
SQL: SELECT * FROM `product` WHERE ( id = 19 ) LIMIT 1   [ RunTime:0.000250s ]
SQL: SHOW COLUMNS FROM `product` [ RunTime:0.000383s ]
SQL: SELECT * FROM `product` WHERE ( id = 20 ) LIMIT 1   [ RunTime:0.000285s ]
SQL: SHOW COLUMNS FROM `product` [ RunTime:0.000734s ]
SQL: SELECT * FROM `product` WHERE ( id = 20 ) LIMIT 1   [ RunTime:0.000248s ]
SQL: SHOW COLUMNS FROM `product` [ RunTime:0.000370s ]
SQL: SELECT * FROM `product` WHERE ( id = 20 ) LIMIT 1   [ RunTime:0.000218s ]
SQL: SHOW COLUMNS FROM `product` [ RunTime:0.000396s ]
SQL: SELECT * FROM `product` WHERE ( id = 17 ) LIMIT 1   [ RunTime:0.000237s ]
INFO: [ app_end ] --START--
INFO: Run Behavior\ShowPageTraceBehavior [ RunTime:0.000520s ]
INFO: [ app_end ] --END-- [ RunTime:0.000580s ]

[ 2017-05-05T13:14:14+08:00 ] 10.1.88.50 /index.php/Home/index/getAllOrderData?uid=35
INFO: [ app_init ] --START--
INFO: Run Behavior\BuildLiteBehavior [ RunTime:0.000015s ]
INFO: [ app_init ] --END-- [ RunTime:0.000334s ]
INFO: [ app_begin ] --START--
INFO: Run Behavior\ReadHtmlCacheBehavior [ RunTime:0.000445s ]
INFO: [ app_begin ] --END-- [ RunTime:0.000505s ]
NOTIC: [8192] mysql_connect(): The mysql extension is deprecated and will be removed in the future: use mysqli or PDO instead /Users/liupengfei/Downloads/AppShopService-master/ThinkPHP/Library/Think/Db/Driver/Mysql.class.php 第 52 行.
SQL: SHOW COLUMNS FROM `user` [ RunTime:0.000544s ]
SQL: SELECT * FROM `user` RIGHT JOIN buy ON buy.uid = user.id  WHERE ( user.id = 35 )  [ RunTime:0.000374s ]
SQL: SHOW COLUMNS FROM `product` [ RunTime:0.000335s ]
SQL: SELECT * FROM `product` WHERE ( id = 17 ) LIMIT 1   [ RunTime:0.000218s ]
SQL: SHOW COLUMNS FROM `product` [ RunTime:0.000326s ]
SQL: SELECT * FROM `product` WHERE ( id = 17 ) LIMIT 1   [ RunTime:0.000179s ]
SQL: SHOW COLUMNS FROM `product` [ RunTime:0.000323s ]
SQL: SELECT * FROM `product` WHERE ( id = 20 ) LIMIT 1   [ RunTime:0.000203s ]
SQL: SHOW COLUMNS FROM `product` [ RunTime:0.000306s ]
SQL: SELECT * FROM `product` WHERE ( id = 17 ) LIMIT 1   [ RunTime:0.000175s ]
SQL: SHOW COLUMNS FROM `product` [ RunTime:0.000469s ]
SQL: SELECT * FROM `product` WHERE ( id = 38 ) LIMIT 1   [ RunTime:0.000271s ]
SQL: SHOW COLUMNS FROM `product` [ RunTime:0.000537s ]
SQL: SELECT * FROM `product` WHERE ( id = 20 ) LIMIT 1   [ RunTime:0.000217s ]
SQL: SHOW COLUMNS FROM `product` [ RunTime:0.000333s ]
SQL: SELECT * FROM `product` WHERE ( id = 37 ) LIMIT 1   [ RunTime:0.000188s ]
SQL: SHOW COLUMNS FROM `product` [ RunTime:0.000546s ]
SQL: SELECT * FROM `product` WHERE ( id = 27 ) LIMIT 1   [ RunTime:0.000372s ]
SQL: SHOW COLUMNS FROM `product` [ RunTime:0.000325s ]
SQL: SELECT * FROM `product` WHERE ( id = 19 ) LIMIT 1   [ RunTime:0.000189s ]
SQL: SHOW COLUMNS FROM `product` [ RunTime:0.000308s ]
SQL: SELECT * FROM `product` WHERE ( id = 20 ) LIMIT 1   [ RunTime:0.000163s ]
SQL: SHOW COLUMNS FROM `product` [ RunTime:0.000289s ]
SQL: SELECT * FROM `product` WHERE ( id = 20 ) LIMIT 1   [ RunTime:0.000175s ]
SQL: SHOW COLUMNS FROM `product` [ RunTime:0.000280s ]
SQL: SELECT * FROM `product` WHERE ( id = 20 ) LIMIT 1   [ RunTime:0.000170s ]
SQL: SHOW COLUMNS FROM `product` [ RunTime:0.000279s ]
SQL: SELECT * FROM `product` WHERE ( id = 17 ) LIMIT 1   [ RunTime:0.000193s ]
INFO: [ app_end ] --START--
INFO: Run Behavior\ShowPageTraceBehavior [ RunTime:0.000499s ]
INFO: [ app_end ] --END-- [ RunTime:0.000554s ]

[ 2017-05-05T13:14:25+08:00 ] 10.1.88.50 /index.php/Home/index/getAllOrderData?uid=35
INFO: [ app_init ] --START--
INFO: Run Behavior\BuildLiteBehavior [ RunTime:0.000021s ]
INFO: [ app_init ] --END-- [ RunTime:0.000424s ]
INFO: [ app_begin ] --START--
INFO: Run Behavior\ReadHtmlCacheBehavior [ RunTime:0.000505s ]
INFO: [ app_begin ] --END-- [ RunTime:0.000576s ]
NOTIC: [8192] mysql_connect(): The mysql extension is deprecated and will be removed in the future: use mysqli or PDO instead /Users/liupengfei/Downloads/AppShopService-master/ThinkPHP/Library/Think/Db/Driver/Mysql.class.php 第 52 行.
SQL: SHOW COLUMNS FROM `user` [ RunTime:0.000823s ]
SQL: SELECT * FROM `user` RIGHT JOIN buy ON buy.uid = user.id  WHERE ( user.id = 35 )  [ RunTime:0.000438s ]
SQL: SHOW COLUMNS FROM `product` [ RunTime:0.000384s ]
SQL: SELECT * FROM `product` WHERE ( id = 17 ) LIMIT 1   [ RunTime:0.000257s ]
SQL: SHOW COLUMNS FROM `product` [ RunTime:0.000369s ]
SQL: SELECT * FROM `product` WHERE ( id = 17 ) LIMIT 1   [ RunTime:0.000228s ]
SQL: SHOW COLUMNS FROM `product` [ RunTime:0.000379s ]
SQL: SELECT * FROM `product` WHERE ( id = 20 ) LIMIT 1   [ RunTime:0.000272s ]
SQL: SHOW COLUMNS FROM `product` [ RunTime:0.000392s ]
SQL: SELECT * FROM `product` WHERE ( id = 17 ) LIMIT 1   [ RunTime:0.000292s ]
SQL: SHOW COLUMNS FROM `product` [ RunTime:0.000349s ]
SQL: SELECT * FROM `product` WHERE ( id = 38 ) LIMIT 1   [ RunTime:0.000288s ]
SQL: SHOW COLUMNS FROM `product` [ RunTime:0.000363s ]
SQL: SELECT * FROM `product` WHERE ( id = 20 ) LIMIT 1   [ RunTime:0.000260s ]
SQL: SHOW COLUMNS FROM `product` [ RunTime:0.000485s ]
SQL: SELECT * FROM `product` WHERE ( id = 37 ) LIMIT 1   [ RunTime:0.000520s ]
SQL: SHOW COLUMNS FROM `product` [ RunTime:0.001389s ]
SQL: SELECT * FROM `product` WHERE ( id = 27 ) LIMIT 1   [ RunTime:0.000339s ]
SQL: SHOW COLUMNS FROM `product` [ RunTime:0.000401s ]
SQL: SELECT * FROM `product` WHERE ( id = 19 ) LIMIT 1   [ RunTime:0.000262s ]
SQL: SHOW COLUMNS FROM `product` [ RunTime:0.000475s ]
SQL: SELECT * FROM `product` WHERE ( id = 20 ) LIMIT 1   [ RunTime:0.000315s ]
SQL: SHOW COLUMNS FROM `product` [ RunTime:0.000390s ]
SQL: SELECT * FROM `product` WHERE ( id = 20 ) LIMIT 1   [ RunTime:0.000228s ]
SQL: SHOW COLUMNS FROM `product` [ RunTime:0.000462s ]
SQL: SELECT * FROM `product` WHERE ( id = 20 ) LIMIT 1   [ RunTime:0.000476s ]
SQL: SHOW COLUMNS FROM `product` [ RunTime:0.000488s ]
SQL: SELECT * FROM `product` WHERE ( id = 17 ) LIMIT 1   [ RunTime:0.000321s ]
INFO: [ app_end ] --START--
INFO: Run Behavior\ShowPageTraceBehavior [ RunTime:0.000774s ]
INFO: [ app_end ] --END-- [ RunTime:0.000844s ]

[ 2017-05-05T13:14:28+08:00 ] 10.1.88.50 /index.php/Home/index/getAllOrderData?uid=35
INFO: [ app_init ] --START--
INFO: Run Behavior\BuildLiteBehavior [ RunTime:0.000015s ]
INFO: [ app_init ] --END-- [ RunTime:0.000356s ]
INFO: [ app_begin ] --START--
INFO: Run Behavior\ReadHtmlCacheBehavior [ RunTime:0.000423s ]
INFO: [ app_begin ] --END-- [ RunTime:0.000480s ]
NOTIC: [8192] mysql_connect(): The mysql extension is deprecated and will be removed in the future: use mysqli or PDO instead /Users/liupengfei/Downloads/AppShopService-master/ThinkPHP/Library/Think/Db/Driver/Mysql.class.php 第 52 行.
SQL: SHOW COLUMNS FROM `user` [ RunTime:0.000449s ]
SQL: SELECT * FROM `user` RIGHT JOIN buy ON buy.uid = user.id  WHERE ( user.id = 35 )  [ RunTime:0.000445s ]
SQL: SHOW COLUMNS FROM `product` [ RunTime:0.000387s ]
SQL: SELECT * FROM `product` WHERE ( id = 17 ) LIMIT 1   [ RunTime:0.000250s ]
SQL: SHOW COLUMNS FROM `product` [ RunTime:0.000440s ]
SQL: SELECT * FROM `product` WHERE ( id = 17 ) LIMIT 1   [ RunTime:0.000217s ]
SQL: SHOW COLUMNS FROM `product` [ RunTime:0.000492s ]
SQL: SELECT * FROM `product` WHERE ( id = 20 ) LIMIT 1   [ RunTime:0.000288s ]
SQL: SHOW COLUMNS FROM `product` [ RunTime:0.000440s ]
SQL: SELECT * FROM `product` WHERE ( id = 17 ) LIMIT 1   [ RunTime:0.000423s ]
SQL: SHOW COLUMNS FROM `product` [ RunTime:0.000509s ]
SQL: SELECT * FROM `product` WHERE ( id = 38 ) LIMIT 1   [ RunTime:0.000311s ]
SQL: SHOW COLUMNS FROM `product` [ RunTime:0.000551s ]
SQL: SELECT * FROM `product` WHERE ( id = 20 ) LIMIT 1   [ RunTime:0.000234s ]
SQL: SHOW COLUMNS FROM `product` [ RunTime:0.000332s ]
SQL: SELECT * FROM `product` WHERE ( id = 37 ) LIMIT 1   [ RunTime:0.000227s ]
SQL: SHOW COLUMNS FROM `product` [ RunTime:0.000344s ]
SQL: SELECT * FROM `product` WHERE ( id = 27 ) LIMIT 1   [ RunTime:0.000220s ]
SQL: SHOW COLUMNS FROM `product` [ RunTime:0.000316s ]
SQL: SELECT * FROM `product` WHERE ( id = 19 ) LIMIT 1   [ RunTime:0.000185s ]
SQL: SHOW COLUMNS FROM `product` [ RunTime:0.000313s ]
SQL: SELECT * FROM `product` WHERE ( id = 20 ) LIMIT 1   [ RunTime:0.000204s ]
SQL: SHOW COLUMNS FROM `product` [ RunTime:0.000303s ]
SQL: SELECT * FROM `product` WHERE ( id = 20 ) LIMIT 1   [ RunTime:0.000180s ]
SQL: SHOW COLUMNS FROM `product` [ RunTime:0.000328s ]
SQL: SELECT * FROM `product` WHERE ( id = 20 ) LIMIT 1   [ RunTime:0.000181s ]
SQL: SHOW COLUMNS FROM `product` [ RunTime:0.000399s ]
SQL: SELECT * FROM `product` WHERE ( id = 17 ) LIMIT 1   [ RunTime:0.000189s ]
INFO: [ app_end ] --START--
INFO: Run Behavior\ShowPageTraceBehavior [ RunTime:0.000494s ]
INFO: [ app_end ] --END-- [ RunTime:0.000552s ]

