[ 2017-04-27T09:40:01+08:00 ] 172.18.21.9 /index.php/Home/index/getUpdateAppInfo
INFO: [ app_init ] --START--
INFO: Run Behavior\BuildLiteBehavior [ RunTime:0.000022s ]
INFO: [ app_init ] --END-- [ RunTime:0.000434s ]
INFO: [ app_begin ] --START--
INFO: Run Behavior\ReadHtmlCacheBehavior [ RunTime:0.000534s ]
INFO: [ app_begin ] --END-- [ RunTime:0.000603s ]
NOTIC: [8192] mysql_connect(): The mysql extension is deprecated and will be removed in the future: use mysqli or PDO instead /Users/liupengfei/Downloads/AppShopService-master/ThinkPHP/Library/Think/Db/Driver/Mysql.class.php 第 52 行.
SQL: SHOW COLUMNS FROM `updateapp` [ RunTime:0.000652s ]
SQL: SELECT * FROM `updateapp` ORDER BY updatetime desc  [ RunTime:0.000428s ]
INFO: [ app_end ] --START--
INFO: Run Behavior\ShowPageTraceBehavior [ RunTime:0.000723s ]
INFO: [ app_end ] --END-- [ RunTime:0.000818s ]

[ 2017-04-27T09:40:02+08:00 ] 172.18.21.9 /index.php/Home/index/getProducts
INFO: [ app_init ] --START--
INFO: Run Behavior\BuildLiteBehavior [ RunTime:0.000015s ]
INFO: [ app_init ] --END-- [ RunTime:0.000388s ]
INFO: [ app_begin ] --START--
INFO: Run Behavior\ReadHtmlCacheBehavior [ RunTime:0.000601s ]
INFO: [ app_begin ] --END-- [ RunTime:0.000684s ]
NOTIC: [8192] mysql_connect(): The mysql extension is deprecated and will be removed in the future: use mysqli or PDO instead /Users/liupengfei/Downloads/AppShopService-master/ThinkPHP/Library/Think/Db/Driver/Mysql.class.php 第 52 行.
SQL: SHOW COLUMNS FROM `product` [ RunTime:0.000616s ]
SQL: SELECT * FROM `product` ORDER BY type asc  [ RunTime:0.000424s ]
INFO: [ app_end ] --START--
INFO: Run Behavior\ShowPageTraceBehavior [ RunTime:0.000676s ]
INFO: [ app_end ] --END-- [ RunTime:0.000770s ]

[ 2017-04-27T09:40:02+08:00 ] 172.18.21.9 /index.php/Home/index/getBanners
INFO: [ app_init ] --START--
INFO: Run Behavior\BuildLiteBehavior [ RunTime:0.000023s ]
INFO: [ app_init ] --END-- [ RunTime:0.000459s ]
INFO: [ app_begin ] --START--
INFO: Run Behavior\ReadHtmlCacheBehavior [ RunTime:0.000829s ]
INFO: [ app_begin ] --END-- [ RunTime:0.000910s ]
NOTIC: [8192] mysql_connect(): The mysql extension is deprecated and will be removed in the future: use mysqli or PDO instead /Users/liupengfei/Downloads/AppShopService-master/ThinkPHP/Library/Think/Db/Driver/Mysql.class.php 第 52 行.
SQL: SHOW COLUMNS FROM `banner` [ RunTime:0.000558s ]
SQL: SELECT * FROM `banner`  [ RunTime:0.000282s ]
INFO: [ app_end ] --START--
INFO: Run Behavior\ShowPageTraceBehavior [ RunTime:0.000733s ]
INFO: [ app_end ] --END-- [ RunTime:0.000798s ]

[ 2017-04-27T09:40:49+08:00 ] 172.18.21.9 /index.php/Home/index/getCommentData
INFO: [ app_init ] --START--
INFO: Run Behavior\BuildLiteBehavior [ RunTime:0.000017s ]
INFO: [ app_init ] --END-- [ RunTime:0.000564s ]
INFO: [ app_begin ] --START--
INFO: Run Behavior\ReadHtmlCacheBehavior [ RunTime:0.001159s ]
INFO: [ app_begin ] --END-- [ RunTime:0.001266s ]
NOTIC: [8192] mysql_connect(): The mysql extension is deprecated and will be removed in the future: use mysqli or PDO instead /Users/liupengfei/Downloads/AppShopService-master/ThinkPHP/Library/Think/Db/Driver/Mysql.class.php 第 52 行.
SQL: SHOW COLUMNS FROM `comment` [ RunTime:0.000720s ]
SQL: SELECT * FROM `comment` LEFT JOIN product ON comment.pid = product.id LEFT JOIN user ON comment.uid = user.id   [ RunTime:0.001012s ]
SQL: SHOW COLUMNS FROM `comment` [ RunTime:0.000463s ]
SQL: SELECT `id` FROM `comment`  [ RunTime:0.000470s ]
SQL: SHOW COLUMNS FROM `subcomment` [ RunTime:0.000663s ]
SQL: SELECT * FROM `subcomment` WHERE ( cid = 36 )  [ RunTime:0.000488s ]
SQL: SHOW COLUMNS FROM `subcomment` [ RunTime:0.000331s ]
SQL: SELECT * FROM `subcomment` WHERE ( cid = 37 )  [ RunTime:0.000215s ]
SQL: SHOW COLUMNS FROM `subcomment` [ RunTime:0.000331s ]
SQL: SELECT * FROM `subcomment` WHERE ( cid = 38 )  [ RunTime:0.000215s ]
SQL: SHOW COLUMNS FROM `subcomment` [ RunTime:0.000467s ]
SQL: SELECT * FROM `subcomment` WHERE ( cid = 39 )  [ RunTime:0.000302s ]
SQL: SHOW COLUMNS FROM `subcomment` [ RunTime:0.000358s ]
SQL: SELECT * FROM `subcomment` WHERE ( cid = 40 )  [ RunTime:0.000209s ]
SQL: SHOW COLUMNS FROM `subcomment` [ RunTime:0.000344s ]
SQL: SELECT * FROM `subcomment` WHERE ( cid = 41 )  [ RunTime:0.000219s ]
SQL: SHOW COLUMNS FROM `subcomment` [ RunTime:0.000372s ]
SQL: SELECT * FROM `subcomment` WHERE ( cid = 42 )  [ RunTime:0.000473s ]
INFO: [ app_end ] --START--
INFO: Run Behavior\ShowPageTraceBehavior [ RunTime:0.001140s ]
INFO: [ app_end ] --END-- [ RunTime:0.001281s ]

[ 2017-04-27T09:40:49+08:00 ] 172.18.21.9 /index.php/Home/index/getCommentData
INFO: [ app_init ] --START--
INFO: Run Behavior\BuildLiteBehavior [ RunTime:0.000024s ]
INFO: [ app_init ] --END-- [ RunTime:0.000646s ]
INFO: [ app_begin ] --START--
INFO: Run Behavior\ReadHtmlCacheBehavior [ RunTime:0.001071s ]
INFO: [ app_begin ] --END-- [ RunTime:0.001197s ]
NOTIC: [8192] mysql_connect(): The mysql extension is deprecated and will be removed in the future: use mysqli or PDO instead /Users/liupengfei/Downloads/AppShopService-master/ThinkPHP/Library/Think/Db/Driver/Mysql.class.php 第 52 行.
SQL: SHOW COLUMNS FROM `comment` [ RunTime:0.000748s ]
SQL: SELECT * FROM `comment` LEFT JOIN product ON comment.pid = product.id LEFT JOIN user ON comment.uid = user.id   [ RunTime:0.000883s ]
SQL: SHOW COLUMNS FROM `comment` [ RunTime:0.000513s ]
SQL: SELECT `id` FROM `comment`  [ RunTime:0.000492s ]
SQL: SHOW COLUMNS FROM `subcomment` [ RunTime:0.000761s ]
SQL: SELECT * FROM `subcomment` WHERE ( cid = 36 )  [ RunTime:0.000395s ]
SQL: SHOW COLUMNS FROM `subcomment` [ RunTime:0.000309s ]
SQL: SELECT * FROM `subcomment` WHERE ( cid = 37 )  [ RunTime:0.000203s ]
SQL: SHOW COLUMNS FROM `subcomment` [ RunTime:0.000315s ]
SQL: SELECT * FROM `subcomment` WHERE ( cid = 38 )  [ RunTime:0.000199s ]
SQL: SHOW COLUMNS FROM `subcomment` [ RunTime:0.000431s ]
SQL: SELECT * FROM `subcomment` WHERE ( cid = 39 )  [ RunTime:0.000274s ]
SQL: SHOW COLUMNS FROM `subcomment` [ RunTime:0.000381s ]
SQL: SELECT * FROM `subcomment` WHERE ( cid = 40 )  [ RunTime:0.000225s ]
SQL: SHOW COLUMNS FROM `subcomment` [ RunTime:0.000342s ]
SQL: SELECT * FROM `subcomment` WHERE ( cid = 41 )  [ RunTime:0.000222s ]
SQL: SHOW COLUMNS FROM `subcomment` [ RunTime:0.000456s ]
SQL: SELECT * FROM `subcomment` WHERE ( cid = 42 )  [ RunTime:0.000330s ]
INFO: [ app_end ] --START--
INFO: Run Behavior\ShowPageTraceBehavior [ RunTime:0.000752s ]
INFO: [ app_end ] --END-- [ RunTime:0.000895s ]

[ 2017-04-27T09:41:05+08:00 ] 172.18.21.9 /index.php/Home/index/uploadOrder
INFO: [ app_init ] --START--
INFO: Run Behavior\BuildLiteBehavior [ RunTime:0.000017s ]
INFO: [ app_init ] --END-- [ RunTime:0.000534s ]
INFO: [ app_begin ] --START--
INFO: Run Behavior\ReadHtmlCacheBehavior [ RunTime:0.000650s ]
INFO: [ app_begin ] --END-- [ RunTime:0.000721s ]
NOTIC: [8192] mysql_connect(): The mysql extension is deprecated and will be removed in the future: use mysqli or PDO instead /Users/liupengfei/Downloads/AppShopService-master/ThinkPHP/Library/Think/Db/Driver/Mysql.class.php 第 52 行.
SQL: SHOW COLUMNS FROM `user` [ RunTime:0.000507s ]
SQL: SELECT * FROM `user` WHERE ( id='35' ) LIMIT 1   [ RunTime:0.000253s ]
SQL: SHOW COLUMNS FROM `product` [ RunTime:0.000312s ]
SQL: SELECT * FROM `product` WHERE ( id =20 ) LIMIT 1   [ RunTime:0.000327s ]
SQL: SHOW COLUMNS FROM `product` [ RunTime:0.000617s ]
SQL: SELECT * FROM `product` WHERE ( id =20 ) LIMIT 1   [ RunTime:0.000214s ]
SQL: SHOW COLUMNS FROM `buy` [ RunTime:0.000395s ]
SQL: INSERT INTO `buy` (`pid`,`uid`,`sum`,`total`) VALUES (20,35,5,5000) [ RunTime:0.000379s ]

[ 2017-04-27T09:41:05+08:00 ] 172.18.21.9 /index.php/Home/index/uploadOrder
INFO: [ app_init ] --START--
INFO: Run Behavior\BuildLiteBehavior [ RunTime:0.000025s ]
INFO: [ app_init ] --END-- [ RunTime:0.000578s ]
INFO: [ app_begin ] --START--
INFO: Run Behavior\ReadHtmlCacheBehavior [ RunTime:0.000542s ]
INFO: [ app_begin ] --END-- [ RunTime:0.000639s ]
NOTIC: [8192] mysql_connect(): The mysql extension is deprecated and will be removed in the future: use mysqli or PDO instead /Users/liupengfei/Downloads/AppShopService-master/ThinkPHP/Library/Think/Db/Driver/Mysql.class.php 第 52 行.
SQL: SHOW COLUMNS FROM `user` [ RunTime:0.000374s ]
SQL: SELECT * FROM `user` WHERE ( id='35' ) LIMIT 1   [ RunTime:0.000270s ]
SQL: SHOW COLUMNS FROM `product` [ RunTime:0.000395s ]
SQL: SELECT * FROM `product` WHERE ( id =37 ) LIMIT 1   [ RunTime:0.000278s ]
SQL: SHOW COLUMNS FROM `product` [ RunTime:0.000439s ]
SQL: SELECT * FROM `product` WHERE ( id =37 ) LIMIT 1   [ RunTime:0.000248s ]
SQL: SHOW COLUMNS FROM `buy` [ RunTime:0.000398s ]
SQL: INSERT INTO `buy` (`pid`,`uid`,`sum`,`total`) VALUES (37,35,1,150) [ RunTime:0.000321s ]

[ 2017-04-27T09:41:06+08:00 ] 172.18.21.9 /index.php/Home/index/getAllOrderData?uid=35
INFO: [ app_init ] --START--
INFO: Run Behavior\BuildLiteBehavior [ RunTime:0.000042s ]
INFO: [ app_init ] --END-- [ RunTime:0.000499s ]
INFO: [ app_begin ] --START--
INFO: Run Behavior\ReadHtmlCacheBehavior [ RunTime:0.000534s ]
INFO: [ app_begin ] --END-- [ RunTime:0.000627s ]
NOTIC: [8192] mysql_connect(): The mysql extension is deprecated and will be removed in the future: use mysqli or PDO instead /Users/liupengfei/Downloads/AppShopService-master/ThinkPHP/Library/Think/Db/Driver/Mysql.class.php 第 52 行.
SQL: SHOW COLUMNS FROM `user` [ RunTime:0.000485s ]
SQL: SELECT * FROM `user` RIGHT JOIN buy ON buy.uid = user.id  WHERE ( user.id = 35 )  [ RunTime:0.000403s ]
SQL: SHOW COLUMNS FROM `product` [ RunTime:0.000527s ]
SQL: SELECT * FROM `product` WHERE ( id = 17 ) LIMIT 1   [ RunTime:0.000380s ]
SQL: SHOW COLUMNS FROM `product` [ RunTime:0.000424s ]
SQL: SELECT * FROM `product` WHERE ( id = 17 ) LIMIT 1   [ RunTime:0.000544s ]
SQL: SHOW COLUMNS FROM `product` [ RunTime:0.000411s ]
SQL: SELECT * FROM `product` WHERE ( id = 20 ) LIMIT 1   [ RunTime:0.000423s ]
SQL: SHOW COLUMNS FROM `product` [ RunTime:0.000623s ]
SQL: SELECT * FROM `product` WHERE ( id = 17 ) LIMIT 1   [ RunTime:0.000372s ]
SQL: SHOW COLUMNS FROM `product` [ RunTime:0.000374s ]
SQL: SELECT * FROM `product` WHERE ( id = 38 ) LIMIT 1   [ RunTime:0.000218s ]
SQL: SHOW COLUMNS FROM `product` [ RunTime:0.000336s ]
SQL: SELECT * FROM `product` WHERE ( id = 20 ) LIMIT 1   [ RunTime:0.000212s ]
SQL: SHOW COLUMNS FROM `product` [ RunTime:0.000313s ]
SQL: SELECT * FROM `product` WHERE ( id = 37 ) LIMIT 1   [ RunTime:0.000207s ]
INFO: [ app_end ] --START--
INFO: Run Behavior\ShowPageTraceBehavior [ RunTime:0.000870s ]
INFO: [ app_end ] --END-- [ RunTime:0.000937s ]

[ 2017-04-27T09:41:10+08:00 ] 172.18.21.9 /index.php/Home/index/getAllOrderData?uid=35
INFO: [ app_init ] --START--
INFO: Run Behavior\BuildLiteBehavior [ RunTime:0.000015s ]
INFO: [ app_init ] --END-- [ RunTime:0.000320s ]
INFO: [ app_begin ] --START--
INFO: Run Behavior\ReadHtmlCacheBehavior [ RunTime:0.000449s ]
INFO: [ app_begin ] --END-- [ RunTime:0.000505s ]
NOTIC: [8192] mysql_connect(): The mysql extension is deprecated and will be removed in the future: use mysqli or PDO instead /Users/liupengfei/Downloads/AppShopService-master/ThinkPHP/Library/Think/Db/Driver/Mysql.class.php 第 52 行.
SQL: SHOW COLUMNS FROM `user` [ RunTime:0.000774s ]
SQL: SELECT * FROM `user` RIGHT JOIN buy ON buy.uid = user.id  WHERE ( user.id = 35 )  [ RunTime:0.000369s ]
SQL: SHOW COLUMNS FROM `product` [ RunTime:0.000341s ]
SQL: SELECT * FROM `product` WHERE ( id = 17 ) LIMIT 1   [ RunTime:0.000294s ]
SQL: SHOW COLUMNS FROM `product` [ RunTime:0.000337s ]
SQL: SELECT * FROM `product` WHERE ( id = 17 ) LIMIT 1   [ RunTime:0.000237s ]
SQL: SHOW COLUMNS FROM `product` [ RunTime:0.000366s ]
SQL: SELECT * FROM `product` WHERE ( id = 20 ) LIMIT 1   [ RunTime:0.000206s ]
SQL: SHOW COLUMNS FROM `product` [ RunTime:0.000331s ]
SQL: SELECT * FROM `product` WHERE ( id = 17 ) LIMIT 1   [ RunTime:0.000219s ]
SQL: SHOW COLUMNS FROM `product` [ RunTime:0.000442s ]
SQL: SELECT * FROM `product` WHERE ( id = 38 ) LIMIT 1   [ RunTime:0.000377s ]
SQL: SHOW COLUMNS FROM `product` [ RunTime:0.000335s ]
SQL: SELECT * FROM `product` WHERE ( id = 20 ) LIMIT 1   [ RunTime:0.000216s ]
SQL: SHOW COLUMNS FROM `product` [ RunTime:0.000407s ]
SQL: SELECT * FROM `product` WHERE ( id = 37 ) LIMIT 1   [ RunTime:0.000228s ]
INFO: [ app_end ] --START--
INFO: Run Behavior\ShowPageTraceBehavior [ RunTime:0.000512s ]
INFO: [ app_end ] --END-- [ RunTime:0.000567s ]

[ 2017-04-27T09:41:10+08:00 ] 172.18.21.9 /index.php/Home/index/getAllOrderData?uid=35
INFO: [ app_init ] --START--
INFO: Run Behavior\BuildLiteBehavior [ RunTime:0.000019s ]
INFO: [ app_init ] --END-- [ RunTime:0.000441s ]
INFO: [ app_begin ] --START--
INFO: Run Behavior\ReadHtmlCacheBehavior [ RunTime:0.000641s ]
INFO: [ app_begin ] --END-- [ RunTime:0.000731s ]
NOTIC: [8192] mysql_connect(): The mysql extension is deprecated and will be removed in the future: use mysqli or PDO instead /Users/liupengfei/Downloads/AppShopService-master/ThinkPHP/Library/Think/Db/Driver/Mysql.class.php 第 52 行.
SQL: SHOW COLUMNS FROM `user` [ RunTime:0.000361s ]
SQL: SELECT * FROM `user` RIGHT JOIN buy ON buy.uid = user.id  WHERE ( user.id = 35 )  [ RunTime:0.000312s ]
SQL: SHOW COLUMNS FROM `product` [ RunTime:0.000325s ]
SQL: SELECT * FROM `product` WHERE ( id = 17 ) LIMIT 1   [ RunTime:0.000230s ]
SQL: SHOW COLUMNS FROM `product` [ RunTime:0.000325s ]
SQL: SELECT * FROM `product` WHERE ( id = 17 ) LIMIT 1   [ RunTime:0.000224s ]
SQL: SHOW COLUMNS FROM `product` [ RunTime:0.000324s ]
SQL: SELECT * FROM `product` WHERE ( id = 20 ) LIMIT 1   [ RunTime:0.000182s ]
SQL: SHOW COLUMNS FROM `product` [ RunTime:0.000316s ]
SQL: SELECT * FROM `product` WHERE ( id = 17 ) LIMIT 1   [ RunTime:0.000210s ]
SQL: SHOW COLUMNS FROM `product` [ RunTime:0.000295s ]
SQL: SELECT * FROM `product` WHERE ( id = 38 ) LIMIT 1   [ RunTime:0.000202s ]
SQL: SHOW COLUMNS FROM `product` [ RunTime:0.000317s ]
SQL: SELECT * FROM `product` WHERE ( id = 20 ) LIMIT 1   [ RunTime:0.000209s ]
SQL: SHOW COLUMNS FROM `product` [ RunTime:0.000331s ]
SQL: SELECT * FROM `product` WHERE ( id = 37 ) LIMIT 1   [ RunTime:0.000210s ]
INFO: [ app_end ] --START--
INFO: Run Behavior\ShowPageTraceBehavior [ RunTime:0.000487s ]
INFO: [ app_end ] --END-- [ RunTime:0.000543s ]

[ 2017-04-27T09:41:42+08:00 ] 172.18.21.9 /index.php/Home/index/getAllOrderData?uid=35
INFO: [ app_init ] --START--
INFO: Run Behavior\BuildLiteBehavior [ RunTime:0.000016s ]
INFO: [ app_init ] --END-- [ RunTime:0.000342s ]
INFO: [ app_begin ] --START--
INFO: Run Behavior\ReadHtmlCacheBehavior [ RunTime:0.000416s ]
INFO: [ app_begin ] --END-- [ RunTime:0.000472s ]
NOTIC: [8192] mysql_connect(): The mysql extension is deprecated and will be removed in the future: use mysqli or PDO instead /Users/liupengfei/Downloads/AppShopService-master/ThinkPHP/Library/Think/Db/Driver/Mysql.class.php 第 52 行.
SQL: SHOW COLUMNS FROM `user` [ RunTime:0.000917s ]
SQL: SELECT * FROM `user` RIGHT JOIN buy ON buy.uid = user.id  WHERE ( user.id = 35 )  [ RunTime:0.000561s ]
SQL: SHOW COLUMNS FROM `product` [ RunTime:0.000525s ]
SQL: SELECT * FROM `product` WHERE ( id = 17 ) LIMIT 1   [ RunTime:0.000397s ]
SQL: SHOW COLUMNS FROM `product` [ RunTime:0.000569s ]
SQL: SELECT * FROM `product` WHERE ( id = 17 ) LIMIT 1   [ RunTime:0.000271s ]
SQL: SHOW COLUMNS FROM `product` [ RunTime:0.000330s ]
SQL: SELECT * FROM `product` WHERE ( id = 20 ) LIMIT 1   [ RunTime:0.000201s ]
SQL: SHOW COLUMNS FROM `product` [ RunTime:0.000332s ]
SQL: SELECT * FROM `product` WHERE ( id = 17 ) LIMIT 1   [ RunTime:0.000187s ]
SQL: SHOW COLUMNS FROM `product` [ RunTime:0.000378s ]
SQL: SELECT * FROM `product` WHERE ( id = 38 ) LIMIT 1   [ RunTime:0.000198s ]
SQL: SHOW COLUMNS FROM `product` [ RunTime:0.000317s ]
SQL: SELECT * FROM `product` WHERE ( id = 20 ) LIMIT 1   [ RunTime:0.000203s ]
SQL: SHOW COLUMNS FROM `product` [ RunTime:0.000310s ]
SQL: SELECT * FROM `product` WHERE ( id = 37 ) LIMIT 1   [ RunTime:0.000209s ]
INFO: [ app_end ] --START--
INFO: Run Behavior\ShowPageTraceBehavior [ RunTime:0.000551s ]
INFO: [ app_end ] --END-- [ RunTime:0.000610s ]

[ 2017-04-27T09:41:43+08:00 ] 172.18.21.9 /index.php/Home/index/getAllOrderData?uid=35
INFO: [ app_init ] --START--
INFO: Run Behavior\BuildLiteBehavior [ RunTime:0.000016s ]
INFO: [ app_init ] --END-- [ RunTime:0.000342s ]
INFO: [ app_begin ] --START--
INFO: Run Behavior\ReadHtmlCacheBehavior [ RunTime:0.000435s ]
INFO: [ app_begin ] --END-- [ RunTime:0.000493s ]
NOTIC: [8192] mysql_connect(): The mysql extension is deprecated and will be removed in the future: use mysqli or PDO instead /Users/liupengfei/Downloads/AppShopService-master/ThinkPHP/Library/Think/Db/Driver/Mysql.class.php 第 52 行.
SQL: SHOW COLUMNS FROM `user` [ RunTime:0.000429s ]
SQL: SELECT * FROM `user` RIGHT JOIN buy ON buy.uid = user.id  WHERE ( user.id = 35 )  [ RunTime:0.000576s ]
SQL: SHOW COLUMNS FROM `product` [ RunTime:0.000734s ]
SQL: SELECT * FROM `product` WHERE ( id = 17 ) LIMIT 1   [ RunTime:0.000562s ]
SQL: SHOW COLUMNS FROM `product` [ RunTime:0.000476s ]
SQL: SELECT * FROM `product` WHERE ( id = 17 ) LIMIT 1   [ RunTime:0.000276s ]
SQL: SHOW COLUMNS FROM `product` [ RunTime:0.000511s ]
SQL: SELECT * FROM `product` WHERE ( id = 20 ) LIMIT 1   [ RunTime:0.000240s ]
SQL: SHOW COLUMNS FROM `product` [ RunTime:0.000382s ]
SQL: SELECT * FROM `product` WHERE ( id = 17 ) LIMIT 1   [ RunTime:0.000210s ]
SQL: SHOW COLUMNS FROM `product` [ RunTime:0.000321s ]
SQL: SELECT * FROM `product` WHERE ( id = 38 ) LIMIT 1   [ RunTime:0.000210s ]
SQL: SHOW COLUMNS FROM `product` [ RunTime:0.000357s ]
SQL: SELECT * FROM `product` WHERE ( id = 20 ) LIMIT 1   [ RunTime:0.000291s ]
SQL: SHOW COLUMNS FROM `product` [ RunTime:0.000733s ]
SQL: SELECT * FROM `product` WHERE ( id = 37 ) LIMIT 1   [ RunTime:0.000353s ]
INFO: [ app_end ] --START--
INFO: Run Behavior\ShowPageTraceBehavior [ RunTime:0.000573s ]
INFO: [ app_end ] --END-- [ RunTime:0.000645s ]

[ 2017-04-27T09:42:05+08:00 ] 172.18.21.9 /index.php/Home/index/getAllOrderData?uid=35
INFO: [ app_init ] --START--
INFO: Run Behavior\BuildLiteBehavior [ RunTime:0.000015s ]
INFO: [ app_init ] --END-- [ RunTime:0.000336s ]
INFO: [ app_begin ] --START--
INFO: Run Behavior\ReadHtmlCacheBehavior [ RunTime:0.000480s ]
INFO: [ app_begin ] --END-- [ RunTime:0.000550s ]
NOTIC: [8192] mysql_connect(): The mysql extension is deprecated and will be removed in the future: use mysqli or PDO instead /Users/liupengfei/Downloads/AppShopService-master/ThinkPHP/Library/Think/Db/Driver/Mysql.class.php 第 52 行.
SQL: SHOW COLUMNS FROM `user` [ RunTime:0.000640s ]
SQL: SELECT * FROM `user` RIGHT JOIN buy ON buy.uid = user.id  WHERE ( user.id = 35 )  [ RunTime:0.000860s ]
SQL: SHOW COLUMNS FROM `product` [ RunTime:0.000390s ]
SQL: SELECT * FROM `product` WHERE ( id = 17 ) LIMIT 1   [ RunTime:0.000240s ]
SQL: SHOW COLUMNS FROM `product` [ RunTime:0.000345s ]
SQL: SELECT * FROM `product` WHERE ( id = 17 ) LIMIT 1   [ RunTime:0.000289s ]
SQL: SHOW COLUMNS FROM `product` [ RunTime:0.000569s ]
SQL: SELECT * FROM `product` WHERE ( id = 20 ) LIMIT 1   [ RunTime:0.000568s ]
SQL: SHOW COLUMNS FROM `product` [ RunTime:0.000692s ]
SQL: SELECT * FROM `product` WHERE ( id = 17 ) LIMIT 1   [ RunTime:0.000455s ]
SQL: SHOW COLUMNS FROM `product` [ RunTime:0.000367s ]
SQL: SELECT * FROM `product` WHERE ( id = 38 ) LIMIT 1   [ RunTime:0.000185s ]
SQL: SHOW COLUMNS FROM `product` [ RunTime:0.000322s ]
SQL: SELECT * FROM `product` WHERE ( id = 20 ) LIMIT 1   [ RunTime:0.000201s ]
SQL: SHOW COLUMNS FROM `product` [ RunTime:0.000412s ]
SQL: SELECT * FROM `product` WHERE ( id = 37 ) LIMIT 1   [ RunTime:0.000217s ]
INFO: [ app_end ] --START--
INFO: Run Behavior\ShowPageTraceBehavior [ RunTime:0.000507s ]
INFO: [ app_end ] --END-- [ RunTime:0.000566s ]

[ 2017-04-27T09:42:05+08:00 ] 172.18.21.9 /index.php/Home/index/getAllOrderData?uid=35
INFO: [ app_init ] --START--
INFO: Run Behavior\BuildLiteBehavior [ RunTime:0.000022s ]
INFO: [ app_init ] --END-- [ RunTime:0.000423s ]
INFO: [ app_begin ] --START--
INFO: Run Behavior\ReadHtmlCacheBehavior [ RunTime:0.000449s ]
INFO: [ app_begin ] --END-- [ RunTime:0.000506s ]
NOTIC: [8192] mysql_connect(): The mysql extension is deprecated and will be removed in the future: use mysqli or PDO instead /Users/liupengfei/Downloads/AppShopService-master/ThinkPHP/Library/Think/Db/Driver/Mysql.class.php 第 52 行.
SQL: SHOW COLUMNS FROM `user` [ RunTime:0.000451s ]
SQL: SELECT * FROM `user` RIGHT JOIN buy ON buy.uid = user.id  WHERE ( user.id = 35 )  [ RunTime:0.000378s ]
SQL: SHOW COLUMNS FROM `product` [ RunTime:0.000353s ]
SQL: SELECT * FROM `product` WHERE ( id = 17 ) LIMIT 1   [ RunTime:0.000248s ]
SQL: SHOW COLUMNS FROM `product` [ RunTime:0.000330s ]
SQL: SELECT * FROM `product` WHERE ( id = 17 ) LIMIT 1   [ RunTime:0.000194s ]
SQL: SHOW COLUMNS FROM `product` [ RunTime:0.000350s ]
SQL: SELECT * FROM `product` WHERE ( id = 20 ) LIMIT 1   [ RunTime:0.000206s ]
SQL: SHOW COLUMNS FROM `product` [ RunTime:0.000330s ]
SQL: SELECT * FROM `product` WHERE ( id = 17 ) LIMIT 1   [ RunTime:0.000270s ]
SQL: SHOW COLUMNS FROM `product` [ RunTime:0.000357s ]
SQL: SELECT * FROM `product` WHERE ( id = 38 ) LIMIT 1   [ RunTime:0.000222s ]
SQL: SHOW COLUMNS FROM `product` [ RunTime:0.000318s ]
SQL: SELECT * FROM `product` WHERE ( id = 20 ) LIMIT 1   [ RunTime:0.000213s ]
SQL: SHOW COLUMNS FROM `product` [ RunTime:0.000377s ]
SQL: SELECT * FROM `product` WHERE ( id = 37 ) LIMIT 1   [ RunTime:0.000274s ]
INFO: [ app_end ] --START--
INFO: Run Behavior\ShowPageTraceBehavior [ RunTime:0.000759s ]
INFO: [ app_end ] --END-- [ RunTime:0.000829s ]

[ 2017-04-27T09:42:08+08:00 ] 172.18.21.9 /index.php/Home/index/getAllOrderData?uid=35
INFO: [ app_init ] --START--
INFO: Run Behavior\BuildLiteBehavior [ RunTime:0.000016s ]
INFO: [ app_init ] --END-- [ RunTime:0.000377s ]
INFO: [ app_begin ] --START--
INFO: Run Behavior\ReadHtmlCacheBehavior [ RunTime:0.000528s ]
INFO: [ app_begin ] --END-- [ RunTime:0.000619s ]
NOTIC: [8192] mysql_connect(): The mysql extension is deprecated and will be removed in the future: use mysqli or PDO instead /Users/liupengfei/Downloads/AppShopService-master/ThinkPHP/Library/Think/Db/Driver/Mysql.class.php 第 52 行.
SQL: SHOW COLUMNS FROM `user` [ RunTime:0.000505s ]
SQL: SELECT * FROM `user` RIGHT JOIN buy ON buy.uid = user.id  WHERE ( user.id = 35 )  [ RunTime:0.000357s ]
SQL: SHOW COLUMNS FROM `product` [ RunTime:0.000346s ]
SQL: SELECT * FROM `product` WHERE ( id = 17 ) LIMIT 1   [ RunTime:0.000241s ]
SQL: SHOW COLUMNS FROM `product` [ RunTime:0.000343s ]
SQL: SELECT * FROM `product` WHERE ( id = 17 ) LIMIT 1   [ RunTime:0.000190s ]
SQL: SHOW COLUMNS FROM `product` [ RunTime:0.000345s ]
SQL: SELECT * FROM `product` WHERE ( id = 20 ) LIMIT 1   [ RunTime:0.000236s ]
SQL: SHOW COLUMNS FROM `product` [ RunTime:0.000338s ]
SQL: SELECT * FROM `product` WHERE ( id = 17 ) LIMIT 1   [ RunTime:0.000284s ]
SQL: SHOW COLUMNS FROM `product` [ RunTime:0.000681s ]
SQL: SELECT * FROM `product` WHERE ( id = 38 ) LIMIT 1   [ RunTime:0.000223s ]
SQL: SHOW COLUMNS FROM `product` [ RunTime:0.000349s ]
SQL: SELECT * FROM `product` WHERE ( id = 20 ) LIMIT 1   [ RunTime:0.000274s ]
SQL: SHOW COLUMNS FROM `product` [ RunTime:0.000357s ]
SQL: SELECT * FROM `product` WHERE ( id = 37 ) LIMIT 1   [ RunTime:0.000214s ]
INFO: [ app_end ] --START--
INFO: Run Behavior\ShowPageTraceBehavior [ RunTime:0.000573s ]
INFO: [ app_end ] --END-- [ RunTime:0.000634s ]

[ 2017-04-27T09:42:21+08:00 ] 172.18.21.9 /index.php/Home/index/publishCommentData
INFO: [ app_init ] --START--
INFO: Run Behavior\BuildLiteBehavior [ RunTime:0.000014s ]
INFO: [ app_init ] --END-- [ RunTime:0.000348s ]
INFO: [ app_begin ] --START--
INFO: Run Behavior\ReadHtmlCacheBehavior [ RunTime:0.000453s ]
INFO: [ app_begin ] --END-- [ RunTime:0.000515s ]
NOTIC: [8192] mysql_connect(): The mysql extension is deprecated and will be removed in the future: use mysqli or PDO instead /Users/liupengfei/Downloads/AppShopService-master/ThinkPHP/Library/Think/Db/Driver/Mysql.class.php 第 52 行.
SQL: SHOW COLUMNS FROM `comment` [ RunTime:0.000459s ]
SQL: INSERT INTO `comment` (`pid`,`uid`,`bid`,`commentcontent`,`describe`,`deliver`,`service`,`commenttime`,`subcount`) VALUES (20,35,171,'yyggg',3,3,3,1493257341,0) [ RunTime:0.000833s ]
SQL: SHOW COLUMNS FROM `buy` [ RunTime:0.000384s ]
SQL: UPDATE `buy` SET `isComment`=1 WHERE ( id = 171 and ( pid = 20 and uid = 35 ) ) [ RunTime:0.000422s ]
INFO: [ app_end ] --START--
INFO: Run Behavior\ShowPageTraceBehavior [ RunTime:0.000616s ]
INFO: [ app_end ] --END-- [ RunTime:0.000682s ]

[ 2017-04-27T09:42:21+08:00 ] 172.18.21.9 /index.php/Home/index/getAllOrderData?uid=35
INFO: [ app_init ] --START--
INFO: Run Behavior\BuildLiteBehavior [ RunTime:0.000016s ]
INFO: [ app_init ] --END-- [ RunTime:0.000349s ]
INFO: [ app_begin ] --START--
INFO: Run Behavior\ReadHtmlCacheBehavior [ RunTime:0.000569s ]
INFO: [ app_begin ] --END-- [ RunTime:0.000642s ]
NOTIC: [8192] mysql_connect(): The mysql extension is deprecated and will be removed in the future: use mysqli or PDO instead /Users/liupengfei/Downloads/AppShopService-master/ThinkPHP/Library/Think/Db/Driver/Mysql.class.php 第 52 行.
SQL: SHOW COLUMNS FROM `user` [ RunTime:0.000459s ]
SQL: SELECT * FROM `user` RIGHT JOIN buy ON buy.uid = user.id  WHERE ( user.id = 35 )  [ RunTime:0.000335s ]
SQL: SHOW COLUMNS FROM `product` [ RunTime:0.000332s ]
SQL: SELECT * FROM `product` WHERE ( id = 17 ) LIMIT 1   [ RunTime:0.000202s ]
SQL: SHOW COLUMNS FROM `product` [ RunTime:0.000322s ]
SQL: SELECT * FROM `product` WHERE ( id = 17 ) LIMIT 1   [ RunTime:0.000190s ]
SQL: SHOW COLUMNS FROM `product` [ RunTime:0.000320s ]
SQL: SELECT * FROM `product` WHERE ( id = 20 ) LIMIT 1   [ RunTime:0.000223s ]
SQL: SHOW COLUMNS FROM `product` [ RunTime:0.000322s ]
SQL: SELECT * FROM `product` WHERE ( id = 17 ) LIMIT 1   [ RunTime:0.000219s ]
SQL: SHOW COLUMNS FROM `product` [ RunTime:0.000359s ]
SQL: SELECT * FROM `product` WHERE ( id = 38 ) LIMIT 1   [ RunTime:0.000207s ]
SQL: SHOW COLUMNS FROM `product` [ RunTime:0.000310s ]
SQL: SELECT * FROM `product` WHERE ( id = 20 ) LIMIT 1   [ RunTime:0.000215s ]
SQL: SHOW COLUMNS FROM `product` [ RunTime:0.000304s ]
SQL: SELECT * FROM `product` WHERE ( id = 37 ) LIMIT 1   [ RunTime:0.000233s ]
INFO: [ app_end ] --START--
INFO: Run Behavior\ShowPageTraceBehavior [ RunTime:0.000595s ]
INFO: [ app_end ] --END-- [ RunTime:0.000668s ]

[ 2017-04-27T09:42:24+08:00 ] 172.18.21.9 /index.php/Home/index/getAllOrderData?uid=35
INFO: [ app_init ] --START--
INFO: Run Behavior\BuildLiteBehavior [ RunTime:0.000014s ]
INFO: [ app_init ] --END-- [ RunTime:0.000330s ]
INFO: [ app_begin ] --START--
INFO: Run Behavior\ReadHtmlCacheBehavior [ RunTime:0.000410s ]
INFO: [ app_begin ] --END-- [ RunTime:0.000464s ]
NOTIC: [8192] mysql_connect(): The mysql extension is deprecated and will be removed in the future: use mysqli or PDO instead /Users/liupengfei/Downloads/AppShopService-master/ThinkPHP/Library/Think/Db/Driver/Mysql.class.php 第 52 行.
SQL: SHOW COLUMNS FROM `user` [ RunTime:0.001075s ]
SQL: SELECT * FROM `user` RIGHT JOIN buy ON buy.uid = user.id  WHERE ( user.id = 35 )  [ RunTime:0.000625s ]
SQL: SHOW COLUMNS FROM `product` [ RunTime:0.000465s ]
SQL: SELECT * FROM `product` WHERE ( id = 17 ) LIMIT 1   [ RunTime:0.000455s ]
SQL: SHOW COLUMNS FROM `product` [ RunTime:0.000642s ]
SQL: SELECT * FROM `product` WHERE ( id = 17 ) LIMIT 1   [ RunTime:0.000370s ]
SQL: SHOW COLUMNS FROM `product` [ RunTime:0.000431s ]
SQL: SELECT * FROM `product` WHERE ( id = 20 ) LIMIT 1   [ RunTime:0.000244s ]
SQL: SHOW COLUMNS FROM `product` [ RunTime:0.000320s ]
SQL: SELECT * FROM `product` WHERE ( id = 17 ) LIMIT 1   [ RunTime:0.000291s ]
SQL: SHOW COLUMNS FROM `product` [ RunTime:0.000403s ]
SQL: SELECT * FROM `product` WHERE ( id = 38 ) LIMIT 1   [ RunTime:0.000389s ]
SQL: SHOW COLUMNS FROM `product` [ RunTime:0.000323s ]
SQL: SELECT * FROM `product` WHERE ( id = 20 ) LIMIT 1   [ RunTime:0.000201s ]
SQL: SHOW COLUMNS FROM `product` [ RunTime:0.000544s ]
SQL: SELECT * FROM `product` WHERE ( id = 37 ) LIMIT 1   [ RunTime:0.000318s ]
INFO: [ app_end ] --START--
INFO: Run Behavior\ShowPageTraceBehavior [ RunTime:0.000811s ]
INFO: [ app_end ] --END-- [ RunTime:0.000882s ]

[ 2017-04-27T09:42:29+08:00 ] 172.18.21.9 /index.php/Home/index/getProducts
INFO: [ app_init ] --START--
INFO: Run Behavior\BuildLiteBehavior [ RunTime:0.000020s ]
INFO: [ app_init ] --END-- [ RunTime:0.000458s ]
INFO: [ app_begin ] --START--
INFO: Run Behavior\ReadHtmlCacheBehavior [ RunTime:0.000691s ]
INFO: [ app_begin ] --END-- [ RunTime:0.000805s ]
NOTIC: [8192] mysql_connect(): The mysql extension is deprecated and will be removed in the future: use mysqli or PDO instead /Users/liupengfei/Downloads/AppShopService-master/ThinkPHP/Library/Think/Db/Driver/Mysql.class.php 第 52 行.
SQL: SHOW COLUMNS FROM `product` [ RunTime:0.000426s ]
SQL: SELECT * FROM `product` ORDER BY type asc  [ RunTime:0.000446s ]
INFO: [ app_end ] --START--
INFO: Run Behavior\ShowPageTraceBehavior [ RunTime:0.000613s ]
INFO: [ app_end ] --END-- [ RunTime:0.000685s ]

[ 2017-04-27T09:42:29+08:00 ] 172.18.21.9 /index.php/Home/index/getProducts
INFO: [ app_init ] --START--
INFO: Run Behavior\BuildLiteBehavior [ RunTime:0.000022s ]
INFO: [ app_init ] --END-- [ RunTime:0.000469s ]
INFO: [ app_begin ] --START--
INFO: Run Behavior\ReadHtmlCacheBehavior [ RunTime:0.000424s ]
INFO: [ app_begin ] --END-- [ RunTime:0.000483s ]
NOTIC: [8192] mysql_connect(): The mysql extension is deprecated and will be removed in the future: use mysqli or PDO instead /Users/liupengfei/Downloads/AppShopService-master/ThinkPHP/Library/Think/Db/Driver/Mysql.class.php 第 52 行.
SQL: SHOW COLUMNS FROM `product` [ RunTime:0.000571s ]
SQL: SELECT * FROM `product` ORDER BY type asc  [ RunTime:0.000561s ]
INFO: [ app_end ] --START--
INFO: Run Behavior\ShowPageTraceBehavior [ RunTime:0.000476s ]
INFO: [ app_end ] --END-- [ RunTime:0.000539s ]

[ 2017-04-27T09:42:29+08:00 ] 172.18.21.9 /index.php/Home/index/getBanners
INFO: [ app_init ] --START--
INFO: Run Behavior\BuildLiteBehavior [ RunTime:0.000016s ]
INFO: [ app_init ] --END-- [ RunTime:0.000449s ]
INFO: [ app_begin ] --START--
INFO: Run Behavior\ReadHtmlCacheBehavior [ RunTime:0.000622s ]
INFO: [ app_begin ] --END-- [ RunTime:0.000691s ]
NOTIC: [8192] mysql_connect(): The mysql extension is deprecated and will be removed in the future: use mysqli or PDO instead /Users/liupengfei/Downloads/AppShopService-master/ThinkPHP/Library/Think/Db/Driver/Mysql.class.php 第 52 行.
SQL: SHOW COLUMNS FROM `banner` [ RunTime:0.000383s ]
SQL: SELECT * FROM `banner`  [ RunTime:0.000217s ]
INFO: [ app_end ] --START--
INFO: Run Behavior\ShowPageTraceBehavior [ RunTime:0.000470s ]
INFO: [ app_end ] --END-- [ RunTime:0.000525s ]

[ 2017-04-27T09:42:33+08:00 ] 172.18.21.9 /index.php/Home/index/getCommentData
INFO: [ app_init ] --START--
INFO: Run Behavior\BuildLiteBehavior [ RunTime:0.000033s ]
INFO: [ app_init ] --END-- [ RunTime:0.000453s ]
INFO: [ app_begin ] --START--
INFO: Run Behavior\ReadHtmlCacheBehavior [ RunTime:0.000570s ]
INFO: [ app_begin ] --END-- [ RunTime:0.000645s ]
NOTIC: [8192] mysql_connect(): The mysql extension is deprecated and will be removed in the future: use mysqli or PDO instead /Users/liupengfei/Downloads/AppShopService-master/ThinkPHP/Library/Think/Db/Driver/Mysql.class.php 第 52 行.
SQL: SHOW COLUMNS FROM `comment` [ RunTime:0.000498s ]
SQL: SELECT * FROM `comment` LEFT JOIN product ON comment.pid = product.id LEFT JOIN user ON comment.uid = user.id   [ RunTime:0.000461s ]
SQL: SHOW COLUMNS FROM `comment` [ RunTime:0.000412s ]
SQL: SELECT `id` FROM `comment`  [ RunTime:0.000193s ]
SQL: SHOW COLUMNS FROM `subcomment` [ RunTime:0.000639s ]
SQL: SELECT * FROM `subcomment` WHERE ( cid = 36 )  [ RunTime:0.000510s ]
SQL: SHOW COLUMNS FROM `subcomment` [ RunTime:0.000463s ]
SQL: SELECT * FROM `subcomment` WHERE ( cid = 37 )  [ RunTime:0.000329s ]
SQL: SHOW COLUMNS FROM `subcomment` [ RunTime:0.000429s ]
SQL: SELECT * FROM `subcomment` WHERE ( cid = 38 )  [ RunTime:0.000479s ]
SQL: SHOW COLUMNS FROM `subcomment` [ RunTime:0.000846s ]
SQL: SELECT * FROM `subcomment` WHERE ( cid = 39 )  [ RunTime:0.000429s ]
SQL: SHOW COLUMNS FROM `subcomment` [ RunTime:0.000493s ]
SQL: SELECT * FROM `subcomment` WHERE ( cid = 40 )  [ RunTime:0.000211s ]
SQL: SHOW COLUMNS FROM `subcomment` [ RunTime:0.000504s ]
SQL: SELECT * FROM `subcomment` WHERE ( cid = 41 )  [ RunTime:0.000269s ]
SQL: SHOW COLUMNS FROM `subcomment` [ RunTime:0.000409s ]
SQL: SELECT * FROM `subcomment` WHERE ( cid = 42 )  [ RunTime:0.000227s ]
SQL: SHOW COLUMNS FROM `subcomment` [ RunTime:0.000340s ]
SQL: SELECT * FROM `subcomment` WHERE ( cid = 43 )  [ RunTime:0.000208s ]
INFO: [ app_end ] --START--
INFO: Run Behavior\ShowPageTraceBehavior [ RunTime:0.000641s ]
INFO: [ app_end ] --END-- [ RunTime:0.000722s ]

[ 2017-04-27T09:42:33+08:00 ] 172.18.21.9 /index.php/Home/index/getCommentData
INFO: [ app_init ] --START--
INFO: Run Behavior\BuildLiteBehavior [ RunTime:0.000013s ]
INFO: [ app_init ] --END-- [ RunTime:0.000312s ]
INFO: [ app_begin ] --START--
INFO: Run Behavior\ReadHtmlCacheBehavior [ RunTime:0.000431s ]
INFO: [ app_begin ] --END-- [ RunTime:0.000490s ]
NOTIC: [8192] mysql_connect(): The mysql extension is deprecated and will be removed in the future: use mysqli or PDO instead /Users/liupengfei/Downloads/AppShopService-master/ThinkPHP/Library/Think/Db/Driver/Mysql.class.php 第 52 行.
SQL: SHOW COLUMNS FROM `comment` [ RunTime:0.000731s ]
SQL: SELECT * FROM `comment` LEFT JOIN product ON comment.pid = product.id LEFT JOIN user ON comment.uid = user.id   [ RunTime:0.000534s ]
SQL: SHOW COLUMNS FROM `comment` [ RunTime:0.000645s ]
SQL: SELECT `id` FROM `comment`  [ RunTime:0.000244s ]
SQL: SHOW COLUMNS FROM `subcomment` [ RunTime:0.000325s ]
SQL: SELECT * FROM `subcomment` WHERE ( cid = 36 )  [ RunTime:0.000254s ]
SQL: SHOW COLUMNS FROM `subcomment` [ RunTime:0.000306s ]
SQL: SELECT * FROM `subcomment` WHERE ( cid = 37 )  [ RunTime:0.000211s ]
SQL: SHOW COLUMNS FROM `subcomment` [ RunTime:0.000410s ]
SQL: SELECT * FROM `subcomment` WHERE ( cid = 38 )  [ RunTime:0.000247s ]
SQL: SHOW COLUMNS FROM `subcomment` [ RunTime:0.000458s ]
SQL: SELECT * FROM `subcomment` WHERE ( cid = 39 )  [ RunTime:0.000239s ]
SQL: SHOW COLUMNS FROM `subcomment` [ RunTime:0.000527s ]
SQL: SELECT * FROM `subcomment` WHERE ( cid = 40 )  [ RunTime:0.000323s ]
SQL: SHOW COLUMNS FROM `subcomment` [ RunTime:0.000330s ]
SQL: SELECT * FROM `subcomment` WHERE ( cid = 41 )  [ RunTime:0.000206s ]
SQL: SHOW COLUMNS FROM `subcomment` [ RunTime:0.000345s ]
SQL: SELECT * FROM `subcomment` WHERE ( cid = 42 )  [ RunTime:0.000218s ]
SQL: SHOW COLUMNS FROM `subcomment` [ RunTime:0.000293s ]
SQL: SELECT * FROM `subcomment` WHERE ( cid = 43 )  [ RunTime:0.000240s ]
INFO: [ app_end ] --START--
INFO: Run Behavior\ShowPageTraceBehavior [ RunTime:0.000476s ]
INFO: [ app_end ] --END-- [ RunTime:0.000538s ]

[ 2017-04-27T09:43:24+08:00 ] 172.18.21.9 /index.php/Home/index/login?phone=15639285163&password=123
INFO: [ app_init ] --START--
INFO: Run Behavior\BuildLiteBehavior [ RunTime:0.000013s ]
INFO: [ app_init ] --END-- [ RunTime:0.000385s ]
INFO: [ app_begin ] --START--
INFO: Run Behavior\ReadHtmlCacheBehavior [ RunTime:0.000420s ]
INFO: [ app_begin ] --END-- [ RunTime:0.000502s ]
NOTIC: [8192] mysql_connect(): The mysql extension is deprecated and will be removed in the future: use mysqli or PDO instead /Users/liupengfei/Downloads/AppShopService-master/ThinkPHP/Library/Think/Db/Driver/Mysql.class.php 第 52 行.
SQL: SHOW COLUMNS FROM `user` [ RunTime:0.000438s ]
SQL: SELECT * FROM `user` WHERE ( phone='15639285163' ) LIMIT 1   [ RunTime:0.000223s ]
SQL: SHOW COLUMNS FROM `user` [ RunTime:0.000293s ]
SQL: SELECT * FROM `user` WHERE ( password = '202cb962ac59075b964b07152d234b70'&& phone='15639285163' ) LIMIT 1   [ RunTime:0.000234s ]
SQL: SHOW COLUMNS FROM `user` [ RunTime:0.000466s ]
SQL: SELECT * FROM `user` WHERE ( password = '202cb962ac59075b964b07152d234b70'&& phone='15639285163' ) LIMIT 1   [ RunTime:0.000226s ]

[ 2017-04-27T09:43:35+08:00 ] 172.18.21.9 /index.php/Home/index/getProducts
INFO: [ app_init ] --START--
INFO: Run Behavior\BuildLiteBehavior [ RunTime:0.000021s ]
INFO: [ app_init ] --END-- [ RunTime:0.000488s ]
INFO: [ app_begin ] --START--
INFO: Run Behavior\ReadHtmlCacheBehavior [ RunTime:0.000465s ]
INFO: [ app_begin ] --END-- [ RunTime:0.000541s ]
NOTIC: [8192] mysql_connect(): The mysql extension is deprecated and will be removed in the future: use mysqli or PDO instead /Users/liupengfei/Downloads/AppShopService-master/ThinkPHP/Library/Think/Db/Driver/Mysql.class.php 第 52 行.
SQL: SHOW COLUMNS FROM `product` [ RunTime:0.000580s ]
SQL: SELECT * FROM `product` ORDER BY type asc  [ RunTime:0.000438s ]
INFO: [ app_end ] --START--
INFO: Run Behavior\ShowPageTraceBehavior [ RunTime:0.001348s ]
INFO: [ app_end ] --END-- [ RunTime:0.001417s ]

[ 2017-04-27T09:43:35+08:00 ] 172.18.21.9 /index.php/Home/index/getProducts
INFO: [ app_init ] --START--
INFO: Run Behavior\BuildLiteBehavior [ RunTime:0.000019s ]
INFO: [ app_init ] --END-- [ RunTime:0.000410s ]
INFO: [ app_begin ] --START--
INFO: Run Behavior\ReadHtmlCacheBehavior [ RunTime:0.000569s ]
INFO: [ app_begin ] --END-- [ RunTime:0.000666s ]
NOTIC: [8192] mysql_connect(): The mysql extension is deprecated and will be removed in the future: use mysqli or PDO instead /Users/liupengfei/Downloads/AppShopService-master/ThinkPHP/Library/Think/Db/Driver/Mysql.class.php 第 52 行.
SQL: SHOW COLUMNS FROM `product` [ RunTime:0.000595s ]
SQL: SELECT * FROM `product` ORDER BY type asc  [ RunTime:0.000397s ]
INFO: [ app_end ] --START--
INFO: Run Behavior\ShowPageTraceBehavior [ RunTime:0.000468s ]
INFO: [ app_end ] --END-- [ RunTime:0.000531s ]

[ 2017-04-27T09:43:35+08:00 ] 172.18.21.9 /index.php/Home/index/getBanners
INFO: [ app_init ] --START--
INFO: Run Behavior\BuildLiteBehavior [ RunTime:0.000015s ]
INFO: [ app_init ] --END-- [ RunTime:0.000351s ]
INFO: [ app_begin ] --START--
INFO: Run Behavior\ReadHtmlCacheBehavior [ RunTime:0.000415s ]
INFO: [ app_begin ] --END-- [ RunTime:0.000469s ]
NOTIC: [8192] mysql_connect(): The mysql extension is deprecated and will be removed in the future: use mysqli or PDO instead /Users/liupengfei/Downloads/AppShopService-master/ThinkPHP/Library/Think/Db/Driver/Mysql.class.php 第 52 行.
SQL: SHOW COLUMNS FROM `banner` [ RunTime:0.000739s ]
SQL: SELECT * FROM `banner`  [ RunTime:0.000190s ]
INFO: [ app_end ] --START--
INFO: Run Behavior\ShowPageTraceBehavior [ RunTime:0.000468s ]
INFO: [ app_end ] --END-- [ RunTime:0.000522s ]

[ 2017-04-27T09:43:41+08:00 ] 172.18.21.9 /index.php/Home/index/getCommentData
INFO: [ app_init ] --START--
INFO: Run Behavior\BuildLiteBehavior [ RunTime:0.000017s ]
INFO: [ app_init ] --END-- [ RunTime:0.000344s ]
INFO: [ app_begin ] --START--
INFO: Run Behavior\ReadHtmlCacheBehavior [ RunTime:0.000694s ]
INFO: [ app_begin ] --END-- [ RunTime:0.000763s ]
NOTIC: [8192] mysql_connect(): The mysql extension is deprecated and will be removed in the future: use mysqli or PDO instead /Users/liupengfei/Downloads/AppShopService-master/ThinkPHP/Library/Think/Db/Driver/Mysql.class.php 第 52 行.
SQL: SHOW COLUMNS FROM `comment` [ RunTime:0.000425s ]
SQL: SELECT * FROM `comment` LEFT JOIN product ON comment.pid = product.id LEFT JOIN user ON comment.uid = user.id   [ RunTime:0.000502s ]
SQL: SHOW COLUMNS FROM `comment` [ RunTime:0.000328s ]
SQL: SELECT `id` FROM `comment`  [ RunTime:0.000181s ]
SQL: SHOW COLUMNS FROM `subcomment` [ RunTime:0.000455s ]
SQL: SELECT * FROM `subcomment` WHERE ( cid = 36 )  [ RunTime:0.000563s ]
SQL: SHOW COLUMNS FROM `subcomment` [ RunTime:0.000669s ]
SQL: SELECT * FROM `subcomment` WHERE ( cid = 37 )  [ RunTime:0.000368s ]
SQL: SHOW COLUMNS FROM `subcomment` [ RunTime:0.000365s ]
SQL: SELECT * FROM `subcomment` WHERE ( cid = 38 )  [ RunTime:0.000312s ]
SQL: SHOW COLUMNS FROM `subcomment` [ RunTime:0.000334s ]
SQL: SELECT * FROM `subcomment` WHERE ( cid = 39 )  [ RunTime:0.000247s ]
SQL: SHOW COLUMNS FROM `subcomment` [ RunTime:0.000326s ]
SQL: SELECT * FROM `subcomment` WHERE ( cid = 40 )  [ RunTime:0.000221s ]
SQL: SHOW COLUMNS FROM `subcomment` [ RunTime:0.000310s ]
SQL: SELECT * FROM `subcomment` WHERE ( cid = 41 )  [ RunTime:0.000236s ]
SQL: SHOW COLUMNS FROM `subcomment` [ RunTime:0.000383s ]
SQL: SELECT * FROM `subcomment` WHERE ( cid = 42 )  [ RunTime:0.000255s ]
SQL: SHOW COLUMNS FROM `subcomment` [ RunTime:0.000408s ]
SQL: SELECT * FROM `subcomment` WHERE ( cid = 43 )  [ RunTime:0.000312s ]
INFO: [ app_end ] --START--
INFO: Run Behavior\ShowPageTraceBehavior [ RunTime:0.000601s ]
INFO: [ app_end ] --END-- [ RunTime:0.000672s ]

[ 2017-04-27T09:43:41+08:00 ] 172.18.21.9 /index.php/Home/index/getCommentData
INFO: [ app_init ] --START--
INFO: Run Behavior\BuildLiteBehavior [ RunTime:0.000014s ]
INFO: [ app_init ] --END-- [ RunTime:0.000332s ]
INFO: [ app_begin ] --START--
INFO: Run Behavior\ReadHtmlCacheBehavior [ RunTime:0.000552s ]
INFO: [ app_begin ] --END-- [ RunTime:0.000625s ]
NOTIC: [8192] mysql_connect(): The mysql extension is deprecated and will be removed in the future: use mysqli or PDO instead /Users/liupengfei/Downloads/AppShopService-master/ThinkPHP/Library/Think/Db/Driver/Mysql.class.php 第 52 行.
SQL: SHOW COLUMNS FROM `comment` [ RunTime:0.000532s ]
SQL: SELECT * FROM `comment` LEFT JOIN product ON comment.pid = product.id LEFT JOIN user ON comment.uid = user.id   [ RunTime:0.000453s ]
SQL: SHOW COLUMNS FROM `comment` [ RunTime:0.000390s ]
SQL: SELECT `id` FROM `comment`  [ RunTime:0.000201s ]
SQL: SHOW COLUMNS FROM `subcomment` [ RunTime:0.000357s ]
SQL: SELECT * FROM `subcomment` WHERE ( cid = 36 )  [ RunTime:0.000739s ]
SQL: SHOW COLUMNS FROM `subcomment` [ RunTime:0.000619s ]
SQL: SELECT * FROM `subcomment` WHERE ( cid = 37 )  [ RunTime:0.000388s ]
SQL: SHOW COLUMNS FROM `subcomment` [ RunTime:0.000424s ]
SQL: SELECT * FROM `subcomment` WHERE ( cid = 38 )  [ RunTime:0.000241s ]
SQL: SHOW COLUMNS FROM `subcomment` [ RunTime:0.000368s ]
SQL: SELECT * FROM `subcomment` WHERE ( cid = 39 )  [ RunTime:0.000214s ]
SQL: SHOW COLUMNS FROM `subcomment` [ RunTime:0.000322s ]
SQL: SELECT * FROM `subcomment` WHERE ( cid = 40 )  [ RunTime:0.000223s ]
SQL: SHOW COLUMNS FROM `subcomment` [ RunTime:0.000322s ]
SQL: SELECT * FROM `subcomment` WHERE ( cid = 41 )  [ RunTime:0.000239s ]
SQL: SHOW COLUMNS FROM `subcomment` [ RunTime:0.000435s ]
SQL: SELECT * FROM `subcomment` WHERE ( cid = 42 )  [ RunTime:0.000249s ]
SQL: SHOW COLUMNS FROM `subcomment` [ RunTime:0.000506s ]
SQL: SELECT * FROM `subcomment` WHERE ( cid = 43 )  [ RunTime:0.000216s ]
INFO: [ app_end ] --START--
INFO: Run Behavior\ShowPageTraceBehavior [ RunTime:0.000603s ]
INFO: [ app_end ] --END-- [ RunTime:0.000682s ]

[ 2017-04-27T09:44:39+08:00 ] ::1 /
INFO: [ app_init ] --START--
INFO: Run Behavior\BuildLiteBehavior [ RunTime:0.000016s ]
INFO: [ app_init ] --END-- [ RunTime:0.000519s ]
INFO: [ app_begin ] --START--
INFO: Run Behavior\ReadHtmlCacheBehavior [ RunTime:0.000893s ]
INFO: [ app_begin ] --END-- [ RunTime:0.000985s ]
INFO: [ view_parse ] --START--
INFO: [ template_filter ] --START--
INFO: Run Behavior\ContentReplaceBehavior [ RunTime:0.000070s ]
INFO: [ template_filter ] --END-- [ RunTime:0.000140s ]
INFO: Run Behavior\ParseTemplateBehavior [ RunTime:0.010887s ]
INFO: [ view_parse ] --END-- [ RunTime:0.010955s ]
INFO: [ view_filter ] --START--
INFO: Run Behavior\WriteHtmlCacheBehavior [ RunTime:0.000391s ]
INFO: [ view_filter ] --END-- [ RunTime:0.000442s ]
INFO: [ app_end ] --START--
INFO: Run Behavior\ShowPageTraceBehavior [ RunTime:0.000774s ]
INFO: [ app_end ] --END-- [ RunTime:0.000835s ]

