[ 2017-05-07T16:27:23+08:00 ] 172.23.73.2 /index.php/Home/index/getUpdateAppInfo
INFO: [ app_init ] --START--
INFO: Run Behavior\BuildLiteBehavior [ RunTime:0.000021s ]
INFO: [ app_init ] --END-- [ RunTime:0.001406s ]
INFO: [ app_begin ] --START--
INFO: Run Behavior\ReadHtmlCacheBehavior [ RunTime:0.001070s ]
INFO: [ app_begin ] --END-- [ RunTime:0.001158s ]
NOTIC: [8192] mysql_connect(): The mysql extension is deprecated and will be removed in the future: use mysqli or PDO instead /Users/liupengfei/Downloads/AppShopService-master/ThinkPHP/Library/Think/Db/Driver/Mysql.class.php 第 52 行.
SQL: SHOW COLUMNS FROM `updateapp` [ RunTime:0.000950s ]
SQL: SELECT * FROM `updateapp` ORDER BY updatetime desc  [ RunTime:0.000415s ]
INFO: [ app_end ] --START--
INFO: Run Behavior\ShowPageTraceBehavior [ RunTime:0.000811s ]
INFO: [ app_end ] --END-- [ RunTime:0.000880s ]

[ 2017-05-07T16:27:24+08:00 ] 172.23.73.2 /index.php/Home/index/getProducts
INFO: [ app_init ] --START--
INFO: Run Behavior\BuildLiteBehavior [ RunTime:0.000015s ]
INFO: [ app_init ] --END-- [ RunTime:0.000336s ]
INFO: [ app_begin ] --START--
INFO: Run Behavior\ReadHtmlCacheBehavior [ RunTime:0.000440s ]
INFO: [ app_begin ] --END-- [ RunTime:0.000498s ]
NOTIC: [8192] mysql_connect(): The mysql extension is deprecated and will be removed in the future: use mysqli or PDO instead /Users/liupengfei/Downloads/AppShopService-master/ThinkPHP/Library/Think/Db/Driver/Mysql.class.php 第 52 行.
SQL: SHOW COLUMNS FROM `product` [ RunTime:0.001464s ]
SQL: SELECT * FROM `product` ORDER BY type asc  [ RunTime:0.000483s ]
INFO: [ app_end ] --START--
INFO: Run Behavior\ShowPageTraceBehavior [ RunTime:0.000538s ]
INFO: [ app_end ] --END-- [ RunTime:0.000614s ]

[ 2017-05-07T16:27:24+08:00 ] 172.23.73.2 /index.php/Home/index/getBanners
INFO: [ app_init ] --START--
INFO: Run Behavior\BuildLiteBehavior [ RunTime:0.000042s ]
INFO: [ app_init ] --END-- [ RunTime:0.000451s ]
INFO: [ app_begin ] --START--
INFO: Run Behavior\ReadHtmlCacheBehavior [ RunTime:0.000714s ]
INFO: [ app_begin ] --END-- [ RunTime:0.000790s ]
NOTIC: [8192] mysql_connect(): The mysql extension is deprecated and will be removed in the future: use mysqli or PDO instead /Users/liupengfei/Downloads/AppShopService-master/ThinkPHP/Library/Think/Db/Driver/Mysql.class.php 第 52 行.
SQL: SHOW COLUMNS FROM `banner` [ RunTime:0.000807s ]
SQL: SELECT * FROM `banner`  [ RunTime:0.000360s ]
INFO: [ app_end ] --START--
INFO: Run Behavior\ShowPageTraceBehavior [ RunTime:0.000943s ]
INFO: [ app_end ] --END-- [ RunTime:0.001078s ]

[ 2017-05-07T16:27:48+08:00 ] 172.23.73.2 /index.php/Home/index/login?phone=15639285163&password=123
INFO: [ app_init ] --START--
INFO: Run Behavior\BuildLiteBehavior [ RunTime:0.000020s ]
INFO: [ app_init ] --END-- [ RunTime:0.000469s ]
INFO: [ app_begin ] --START--
INFO: Run Behavior\ReadHtmlCacheBehavior [ RunTime:0.000523s ]
INFO: [ app_begin ] --END-- [ RunTime:0.000583s ]
NOTIC: [8192] mysql_connect(): The mysql extension is deprecated and will be removed in the future: use mysqli or PDO instead /Users/liupengfei/Downloads/AppShopService-master/ThinkPHP/Library/Think/Db/Driver/Mysql.class.php 第 52 行.
SQL: SHOW COLUMNS FROM `user` [ RunTime:0.000563s ]
SQL: SELECT * FROM `user` WHERE ( phone='15639285163' ) LIMIT 1   [ RunTime:0.000287s ]
SQL: SHOW COLUMNS FROM `user` [ RunTime:0.000333s ]
SQL: SELECT * FROM `user` WHERE ( password = '202cb962ac59075b964b07152d234b70'&& phone='15639285163' ) LIMIT 1   [ RunTime:0.001209s ]
SQL: SHOW COLUMNS FROM `user` [ RunTime:0.000356s ]
SQL: SELECT * FROM `user` WHERE ( password = '202cb962ac59075b964b07152d234b70'&& phone='15639285163' ) LIMIT 1   [ RunTime:0.000252s ]

[ 2017-05-07T16:28:26+08:00 ] 172.23.73.2 /index.php/Home/index/getCommentData
INFO: [ app_init ] --START--
INFO: Run Behavior\BuildLiteBehavior [ RunTime:0.000020s ]
INFO: [ app_init ] --END-- [ RunTime:0.000468s ]
INFO: [ app_begin ] --START--
INFO: Run Behavior\ReadHtmlCacheBehavior [ RunTime:0.000688s ]
INFO: [ app_begin ] --END-- [ RunTime:0.000787s ]
NOTIC: [8192] mysql_connect(): The mysql extension is deprecated and will be removed in the future: use mysqli or PDO instead /Users/liupengfei/Downloads/AppShopService-master/ThinkPHP/Library/Think/Db/Driver/Mysql.class.php 第 52 行.
SQL: SHOW COLUMNS FROM `comment` [ RunTime:0.000941s ]
SQL: SELECT * FROM `comment` LEFT JOIN product ON comment.pid = product.id LEFT JOIN user ON comment.uid = user.id   [ RunTime:0.001525s ]
SQL: SHOW COLUMNS FROM `comment` [ RunTime:0.000500s ]
SQL: SELECT `id` FROM `comment`  [ RunTime:0.000227s ]
SQL: SHOW COLUMNS FROM `subcomment` [ RunTime:0.000495s ]
SQL: SELECT * FROM `subcomment` WHERE ( cid = 36 )  [ RunTime:0.000569s ]
SQL: SHOW COLUMNS FROM `subcomment` [ RunTime:0.000385s ]
SQL: SELECT * FROM `subcomment` WHERE ( cid = 37 )  [ RunTime:0.000194s ]
SQL: SHOW COLUMNS FROM `subcomment` [ RunTime:0.000323s ]
SQL: SELECT * FROM `subcomment` WHERE ( cid = 38 )  [ RunTime:0.000222s ]
SQL: SHOW COLUMNS FROM `subcomment` [ RunTime:0.000298s ]
SQL: SELECT * FROM `subcomment` WHERE ( cid = 39 )  [ RunTime:0.000176s ]
SQL: SHOW COLUMNS FROM `subcomment` [ RunTime:0.000362s ]
SQL: SELECT * FROM `subcomment` WHERE ( cid = 40 )  [ RunTime:0.000290s ]
SQL: SHOW COLUMNS FROM `subcomment` [ RunTime:0.000316s ]
SQL: SELECT * FROM `subcomment` WHERE ( cid = 41 )  [ RunTime:0.000191s ]
SQL: SHOW COLUMNS FROM `subcomment` [ RunTime:0.000330s ]
SQL: SELECT * FROM `subcomment` WHERE ( cid = 42 )  [ RunTime:0.000198s ]
SQL: SHOW COLUMNS FROM `subcomment` [ RunTime:0.000309s ]
SQL: SELECT * FROM `subcomment` WHERE ( cid = 43 )  [ RunTime:0.000212s ]
SQL: SHOW COLUMNS FROM `subcomment` [ RunTime:0.000296s ]
SQL: SELECT * FROM `subcomment` WHERE ( cid = 44 )  [ RunTime:0.000240s ]
SQL: SHOW COLUMNS FROM `subcomment` [ RunTime:0.000561s ]
SQL: SELECT * FROM `subcomment` WHERE ( cid = 45 )  [ RunTime:0.000264s ]
SQL: SHOW COLUMNS FROM `subcomment` [ RunTime:0.000588s ]
SQL: SELECT * FROM `subcomment` WHERE ( cid = 46 )  [ RunTime:0.000265s ]
SQL: SHOW COLUMNS FROM `subcomment` [ RunTime:0.000448s ]
SQL: SELECT * FROM `subcomment` WHERE ( cid = 47 )  [ RunTime:0.000218s ]
SQL: SHOW COLUMNS FROM `subcomment` [ RunTime:0.000463s ]
SQL: SELECT * FROM `subcomment` WHERE ( cid = 48 )  [ RunTime:0.000237s ]
SQL: SHOW COLUMNS FROM `subcomment` [ RunTime:0.000367s ]
SQL: SELECT * FROM `subcomment` WHERE ( cid = 49 )  [ RunTime:0.000240s ]
INFO: [ app_end ] --START--
INFO: Run Behavior\ShowPageTraceBehavior [ RunTime:0.000511s ]
INFO: [ app_end ] --END-- [ RunTime:0.000571s ]

[ 2017-05-07T16:28:26+08:00 ] 172.23.73.2 /index.php/Home/index/getCommentData
INFO: [ app_init ] --START--
INFO: Run Behavior\BuildLiteBehavior [ RunTime:0.000019s ]
INFO: [ app_init ] --END-- [ RunTime:0.000474s ]
INFO: [ app_begin ] --START--
INFO: Run Behavior\ReadHtmlCacheBehavior [ RunTime:0.000673s ]
INFO: [ app_begin ] --END-- [ RunTime:0.000770s ]
NOTIC: [8192] mysql_connect(): The mysql extension is deprecated and will be removed in the future: use mysqli or PDO instead /Users/liupengfei/Downloads/AppShopService-master/ThinkPHP/Library/Think/Db/Driver/Mysql.class.php 第 52 行.
SQL: SHOW COLUMNS FROM `comment` [ RunTime:0.000944s ]
SQL: SELECT * FROM `comment` LEFT JOIN product ON comment.pid = product.id LEFT JOIN user ON comment.uid = user.id   [ RunTime:0.001559s ]
SQL: SHOW COLUMNS FROM `comment` [ RunTime:0.000478s ]
SQL: SELECT `id` FROM `comment`  [ RunTime:0.000224s ]
SQL: SHOW COLUMNS FROM `subcomment` [ RunTime:0.000484s ]
SQL: SELECT * FROM `subcomment` WHERE ( cid = 36 )  [ RunTime:0.000653s ]
SQL: SHOW COLUMNS FROM `subcomment` [ RunTime:0.000374s ]
SQL: SELECT * FROM `subcomment` WHERE ( cid = 37 )  [ RunTime:0.000228s ]
SQL: SHOW COLUMNS FROM `subcomment` [ RunTime:0.000290s ]
SQL: SELECT * FROM `subcomment` WHERE ( cid = 38 )  [ RunTime:0.000213s ]
SQL: SHOW COLUMNS FROM `subcomment` [ RunTime:0.000322s ]
SQL: SELECT * FROM `subcomment` WHERE ( cid = 39 )  [ RunTime:0.000195s ]
SQL: SHOW COLUMNS FROM `subcomment` [ RunTime:0.000324s ]
SQL: SELECT * FROM `subcomment` WHERE ( cid = 40 )  [ RunTime:0.000371s ]
SQL: SHOW COLUMNS FROM `subcomment` [ RunTime:0.000314s ]
SQL: SELECT * FROM `subcomment` WHERE ( cid = 41 )  [ RunTime:0.000234s ]
SQL: SHOW COLUMNS FROM `subcomment` [ RunTime:0.000321s ]
SQL: SELECT * FROM `subcomment` WHERE ( cid = 42 )  [ RunTime:0.000180s ]
SQL: SHOW COLUMNS FROM `subcomment` [ RunTime:0.000318s ]
SQL: SELECT * FROM `subcomment` WHERE ( cid = 43 )  [ RunTime:0.000204s ]
SQL: SHOW COLUMNS FROM `subcomment` [ RunTime:0.000309s ]
SQL: SELECT * FROM `subcomment` WHERE ( cid = 44 )  [ RunTime:0.000202s ]
SQL: SHOW COLUMNS FROM `subcomment` [ RunTime:0.000467s ]
SQL: SELECT * FROM `subcomment` WHERE ( cid = 45 )  [ RunTime:0.000286s ]
SQL: SHOW COLUMNS FROM `subcomment` [ RunTime:0.000578s ]
SQL: SELECT * FROM `subcomment` WHERE ( cid = 46 )  [ RunTime:0.000269s ]
SQL: SHOW COLUMNS FROM `subcomment` [ RunTime:0.000357s ]
SQL: SELECT * FROM `subcomment` WHERE ( cid = 47 )  [ RunTime:0.000205s ]
SQL: SHOW COLUMNS FROM `subcomment` [ RunTime:0.000594s ]
SQL: SELECT * FROM `subcomment` WHERE ( cid = 48 )  [ RunTime:0.000204s ]
SQL: SHOW COLUMNS FROM `subcomment` [ RunTime:0.000324s ]
SQL: SELECT * FROM `subcomment` WHERE ( cid = 49 )  [ RunTime:0.000260s ]
INFO: [ app_end ] --START--
INFO: Run Behavior\ShowPageTraceBehavior [ RunTime:0.000538s ]
INFO: [ app_end ] --END-- [ RunTime:0.000599s ]

[ 2017-05-07T16:28:33+08:00 ] 172.23.73.2 /index.php/Home/index/getUpdateAppInfo
INFO: [ app_init ] --START--
INFO: Run Behavior\BuildLiteBehavior [ RunTime:0.000020s ]
INFO: [ app_init ] --END-- [ RunTime:0.000423s ]
INFO: [ app_begin ] --START--
INFO: Run Behavior\ReadHtmlCacheBehavior [ RunTime:0.000512s ]
INFO: [ app_begin ] --END-- [ RunTime:0.000582s ]
NOTIC: [8192] mysql_connect(): The mysql extension is deprecated and will be removed in the future: use mysqli or PDO instead /Users/liupengfei/Downloads/AppShopService-master/ThinkPHP/Library/Think/Db/Driver/Mysql.class.php 第 52 行.
SQL: SHOW COLUMNS FROM `updateapp` [ RunTime:0.000495s ]
SQL: SELECT * FROM `updateapp` ORDER BY updatetime desc  [ RunTime:0.000283s ]
INFO: [ app_end ] --START--
INFO: Run Behavior\ShowPageTraceBehavior [ RunTime:0.000534s ]
INFO: [ app_end ] --END-- [ RunTime:0.000597s ]

[ 2017-05-07T16:28:39+08:00 ] 172.23.73.2 /index.php/Home/index/getUpdateAppInfo
INFO: [ app_init ] --START--
INFO: Run Behavior\BuildLiteBehavior [ RunTime:0.000020s ]
INFO: [ app_init ] --END-- [ RunTime:0.000469s ]
INFO: [ app_begin ] --START--
INFO: Run Behavior\ReadHtmlCacheBehavior [ RunTime:0.000530s ]
INFO: [ app_begin ] --END-- [ RunTime:0.000605s ]
NOTIC: [8192] mysql_connect(): The mysql extension is deprecated and will be removed in the future: use mysqli or PDO instead /Users/liupengfei/Downloads/AppShopService-master/ThinkPHP/Library/Think/Db/Driver/Mysql.class.php 第 52 行.
SQL: SHOW COLUMNS FROM `updateapp` [ RunTime:0.000516s ]
SQL: SELECT * FROM `updateapp` ORDER BY updatetime desc  [ RunTime:0.000346s ]
INFO: [ app_end ] --START--
INFO: Run Behavior\ShowPageTraceBehavior [ RunTime:0.000596s ]
INFO: [ app_end ] --END-- [ RunTime:0.000657s ]

[ 2017-05-07T16:28:40+08:00 ] 172.23.73.2 /index.php/Home/index/getProducts
INFO: [ app_init ] --START--
INFO: Run Behavior\BuildLiteBehavior [ RunTime:0.000014s ]
INFO: [ app_init ] --END-- [ RunTime:0.000313s ]
INFO: [ app_begin ] --START--
INFO: Run Behavior\ReadHtmlCacheBehavior [ RunTime:0.000478s ]
INFO: [ app_begin ] --END-- [ RunTime:0.000543s ]
NOTIC: [8192] mysql_connect(): The mysql extension is deprecated and will be removed in the future: use mysqli or PDO instead /Users/liupengfei/Downloads/AppShopService-master/ThinkPHP/Library/Think/Db/Driver/Mysql.class.php 第 52 行.
SQL: SHOW COLUMNS FROM `product` [ RunTime:0.000645s ]
SQL: SELECT * FROM `product` ORDER BY type asc  [ RunTime:0.000753s ]
INFO: [ app_end ] --START--
INFO: Run Behavior\ShowPageTraceBehavior [ RunTime:0.000615s ]
INFO: [ app_end ] --END-- [ RunTime:0.000698s ]

[ 2017-05-07T16:28:40+08:00 ] 172.23.73.2 /index.php/Home/index/getBanners
INFO: [ app_init ] --START--
INFO: Run Behavior\BuildLiteBehavior [ RunTime:0.000019s ]
INFO: [ app_init ] --END-- [ RunTime:0.000423s ]
INFO: [ app_begin ] --START--
INFO: Run Behavior\ReadHtmlCacheBehavior [ RunTime:0.000501s ]
INFO: [ app_begin ] --END-- [ RunTime:0.000565s ]
NOTIC: [8192] mysql_connect(): The mysql extension is deprecated and will be removed in the future: use mysqli or PDO instead /Users/liupengfei/Downloads/AppShopService-master/ThinkPHP/Library/Think/Db/Driver/Mysql.class.php 第 52 行.
SQL: SHOW COLUMNS FROM `banner` [ RunTime:0.000747s ]
SQL: SELECT * FROM `banner`  [ RunTime:0.000264s ]
INFO: [ app_end ] --START--
INFO: Run Behavior\ShowPageTraceBehavior [ RunTime:0.000572s ]
INFO: [ app_end ] --END-- [ RunTime:0.000635s ]

[ 2017-05-07T16:28:43+08:00 ] 172.23.73.2 /index.php/Home/index/getCommentData
INFO: [ app_init ] --START--
INFO: Run Behavior\BuildLiteBehavior [ RunTime:0.000019s ]
INFO: [ app_init ] --END-- [ RunTime:0.000354s ]
INFO: [ app_begin ] --START--
INFO: Run Behavior\ReadHtmlCacheBehavior [ RunTime:0.000709s ]
INFO: [ app_begin ] --END-- [ RunTime:0.000794s ]
NOTIC: [8192] mysql_connect(): The mysql extension is deprecated and will be removed in the future: use mysqli or PDO instead /Users/liupengfei/Downloads/AppShopService-master/ThinkPHP/Library/Think/Db/Driver/Mysql.class.php 第 52 行.
SQL: SHOW COLUMNS FROM `comment` [ RunTime:0.000470s ]
SQL: SELECT * FROM `comment` LEFT JOIN product ON comment.pid = product.id LEFT JOIN user ON comment.uid = user.id   [ RunTime:0.000498s ]
SQL: SHOW COLUMNS FROM `comment` [ RunTime:0.000381s ]
SQL: SELECT `id` FROM `comment`  [ RunTime:0.000219s ]
SQL: SHOW COLUMNS FROM `subcomment` [ RunTime:0.000348s ]
SQL: SELECT * FROM `subcomment` WHERE ( cid = 36 )  [ RunTime:0.000263s ]
SQL: SHOW COLUMNS FROM `subcomment` [ RunTime:0.000400s ]
SQL: SELECT * FROM `subcomment` WHERE ( cid = 37 )  [ RunTime:0.000315s ]
SQL: SHOW COLUMNS FROM `subcomment` [ RunTime:0.000440s ]
SQL: SELECT * FROM `subcomment` WHERE ( cid = 38 )  [ RunTime:0.000311s ]
SQL: SHOW COLUMNS FROM `subcomment` [ RunTime:0.000343s ]
SQL: SELECT * FROM `subcomment` WHERE ( cid = 39 )  [ RunTime:0.000232s ]
SQL: SHOW COLUMNS FROM `subcomment` [ RunTime:0.000380s ]
SQL: SELECT * FROM `subcomment` WHERE ( cid = 40 )  [ RunTime:0.000300s ]
SQL: SHOW COLUMNS FROM `subcomment` [ RunTime:0.000570s ]
SQL: SELECT * FROM `subcomment` WHERE ( cid = 41 )  [ RunTime:0.000292s ]
SQL: SHOW COLUMNS FROM `subcomment` [ RunTime:0.000395s ]
SQL: SELECT * FROM `subcomment` WHERE ( cid = 42 )  [ RunTime:0.000203s ]
SQL: SHOW COLUMNS FROM `subcomment` [ RunTime:0.000294s ]
SQL: SELECT * FROM `subcomment` WHERE ( cid = 43 )  [ RunTime:0.000238s ]
SQL: SHOW COLUMNS FROM `subcomment` [ RunTime:0.000401s ]
SQL: SELECT * FROM `subcomment` WHERE ( cid = 44 )  [ RunTime:0.000225s ]
SQL: SHOW COLUMNS FROM `subcomment` [ RunTime:0.000371s ]
SQL: SELECT * FROM `subcomment` WHERE ( cid = 45 )  [ RunTime:0.000276s ]
SQL: SHOW COLUMNS FROM `subcomment` [ RunTime:0.000331s ]
SQL: SELECT * FROM `subcomment` WHERE ( cid = 46 )  [ RunTime:0.000298s ]
SQL: SHOW COLUMNS FROM `subcomment` [ RunTime:0.000351s ]
SQL: SELECT * FROM `subcomment` WHERE ( cid = 47 )  [ RunTime:0.000191s ]
SQL: SHOW COLUMNS FROM `subcomment` [ RunTime:0.000581s ]
SQL: SELECT * FROM `subcomment` WHERE ( cid = 48 )  [ RunTime:0.000222s ]
SQL: SHOW COLUMNS FROM `subcomment` [ RunTime:0.000309s ]
SQL: SELECT * FROM `subcomment` WHERE ( cid = 49 )  [ RunTime:0.000221s ]
INFO: [ app_end ] --START--
INFO: Run Behavior\ShowPageTraceBehavior [ RunTime:0.000735s ]
INFO: [ app_end ] --END-- [ RunTime:0.000819s ]

[ 2017-05-07T16:28:43+08:00 ] 172.23.73.2 /index.php/Home/index/getCommentData
INFO: [ app_init ] --START--
INFO: Run Behavior\BuildLiteBehavior [ RunTime:0.000014s ]
INFO: [ app_init ] --END-- [ RunTime:0.000304s ]
INFO: [ app_begin ] --START--
INFO: Run Behavior\ReadHtmlCacheBehavior [ RunTime:0.000405s ]
INFO: [ app_begin ] --END-- [ RunTime:0.000460s ]
NOTIC: [8192] mysql_connect(): The mysql extension is deprecated and will be removed in the future: use mysqli or PDO instead /Users/liupengfei/Downloads/AppShopService-master/ThinkPHP/Library/Think/Db/Driver/Mysql.class.php 第 52 行.
SQL: SHOW COLUMNS FROM `comment` [ RunTime:0.000527s ]
SQL: SELECT * FROM `comment` LEFT JOIN product ON comment.pid = product.id LEFT JOIN user ON comment.uid = user.id   [ RunTime:0.000488s ]
SQL: SHOW COLUMNS FROM `comment` [ RunTime:0.000424s ]
SQL: SELECT `id` FROM `comment`  [ RunTime:0.000185s ]
SQL: SHOW COLUMNS FROM `subcomment` [ RunTime:0.000381s ]
SQL: SELECT * FROM `subcomment` WHERE ( cid = 36 )  [ RunTime:0.000326s ]
SQL: SHOW COLUMNS FROM `subcomment` [ RunTime:0.000375s ]
SQL: SELECT * FROM `subcomment` WHERE ( cid = 37 )  [ RunTime:0.000280s ]
SQL: SHOW COLUMNS FROM `subcomment` [ RunTime:0.000385s ]
SQL: SELECT * FROM `subcomment` WHERE ( cid = 38 )  [ RunTime:0.000253s ]
SQL: SHOW COLUMNS FROM `subcomment` [ RunTime:0.000540s ]
SQL: SELECT * FROM `subcomment` WHERE ( cid = 39 )  [ RunTime:0.000209s ]
SQL: SHOW COLUMNS FROM `subcomment` [ RunTime:0.000322s ]
SQL: SELECT * FROM `subcomment` WHERE ( cid = 40 )  [ RunTime:0.000250s ]
SQL: SHOW COLUMNS FROM `subcomment` [ RunTime:0.000433s ]
SQL: SELECT * FROM `subcomment` WHERE ( cid = 41 )  [ RunTime:0.000261s ]
SQL: SHOW COLUMNS FROM `subcomment` [ RunTime:0.000325s ]
SQL: SELECT * FROM `subcomment` WHERE ( cid = 42 )  [ RunTime:0.000190s ]
SQL: SHOW COLUMNS FROM `subcomment` [ RunTime:0.000360s ]
SQL: SELECT * FROM `subcomment` WHERE ( cid = 43 )  [ RunTime:0.000238s ]
SQL: SHOW COLUMNS FROM `subcomment` [ RunTime:0.000350s ]
SQL: SELECT * FROM `subcomment` WHERE ( cid = 44 )  [ RunTime:0.000261s ]
SQL: SHOW COLUMNS FROM `subcomment` [ RunTime:0.000422s ]
SQL: SELECT * FROM `subcomment` WHERE ( cid = 45 )  [ RunTime:0.000296s ]
SQL: SHOW COLUMNS FROM `subcomment` [ RunTime:0.000390s ]
SQL: SELECT * FROM `subcomment` WHERE ( cid = 46 )  [ RunTime:0.000242s ]
SQL: SHOW COLUMNS FROM `subcomment` [ RunTime:0.000396s ]
SQL: SELECT * FROM `subcomment` WHERE ( cid = 47 )  [ RunTime:0.000304s ]
SQL: SHOW COLUMNS FROM `subcomment` [ RunTime:0.000766s ]
SQL: SELECT * FROM `subcomment` WHERE ( cid = 48 )  [ RunTime:0.000294s ]
SQL: SHOW COLUMNS FROM `subcomment` [ RunTime:0.000587s ]
SQL: SELECT * FROM `subcomment` WHERE ( cid = 49 )  [ RunTime:0.000277s ]
INFO: [ app_end ] --START--
INFO: Run Behavior\ShowPageTraceBehavior [ RunTime:0.000805s ]
INFO: [ app_end ] --END-- [ RunTime:0.000902s ]

[ 2017-05-07T16:28:56+08:00 ] 172.23.73.2 /index.php/Home/index/uploadOrder
INFO: [ app_init ] --START--
INFO: Run Behavior\BuildLiteBehavior [ RunTime:0.000025s ]
INFO: [ app_init ] --END-- [ RunTime:0.000466s ]
INFO: [ app_begin ] --START--
INFO: Run Behavior\ReadHtmlCacheBehavior [ RunTime:0.000497s ]
INFO: [ app_begin ] --END-- [ RunTime:0.000558s ]
NOTIC: [8192] mysql_connect(): The mysql extension is deprecated and will be removed in the future: use mysqli or PDO instead /Users/liupengfei/Downloads/AppShopService-master/ThinkPHP/Library/Think/Db/Driver/Mysql.class.php 第 52 行.
SQL: SHOW COLUMNS FROM `user` [ RunTime:0.000434s ]
SQL: SELECT * FROM `user` WHERE ( id='35' ) LIMIT 1   [ RunTime:0.001071s ]
SQL: SHOW COLUMNS FROM `product` [ RunTime:0.000552s ]
SQL: SELECT * FROM `product` WHERE ( id =19 ) LIMIT 1   [ RunTime:0.000282s ]
SQL: SHOW COLUMNS FROM `product` [ RunTime:0.000373s ]
SQL: SELECT * FROM `product` WHERE ( id =19 ) LIMIT 1   [ RunTime:0.000244s ]
SQL: SHOW COLUMNS FROM `buy` [ RunTime:0.000397s ]
SQL: INSERT INTO `buy` (`pid`,`uid`,`sum`,`total`) VALUES (19,35,1,5555) [ RunTime:0.001955s ]

[ 2017-05-07T16:28:58+08:00 ] 172.23.73.2 /index.php/Home/index/getAllOrderData?uid=35
INFO: [ app_init ] --START--
INFO: Run Behavior\BuildLiteBehavior [ RunTime:0.000017s ]
INFO: [ app_init ] --END-- [ RunTime:0.000544s ]
INFO: [ app_begin ] --START--
INFO: Run Behavior\ReadHtmlCacheBehavior [ RunTime:0.000413s ]
INFO: [ app_begin ] --END-- [ RunTime:0.000469s ]
NOTIC: [8192] mysql_connect(): The mysql extension is deprecated and will be removed in the future: use mysqli or PDO instead /Users/liupengfei/Downloads/AppShopService-master/ThinkPHP/Library/Think/Db/Driver/Mysql.class.php 第 52 行.
SQL: SHOW COLUMNS FROM `user` [ RunTime:0.000406s ]
SQL: SELECT * FROM `user` RIGHT JOIN buy ON buy.uid = user.id  WHERE ( user.id = 35 )  [ RunTime:0.000438s ]
SQL: SHOW COLUMNS FROM `product` [ RunTime:0.000337s ]
SQL: SELECT * FROM `product` WHERE ( id = 17 ) LIMIT 1   [ RunTime:0.000218s ]
SQL: SHOW COLUMNS FROM `product` [ RunTime:0.000365s ]
SQL: SELECT * FROM `product` WHERE ( id = 17 ) LIMIT 1   [ RunTime:0.000251s ]
SQL: SHOW COLUMNS FROM `product` [ RunTime:0.000332s ]
SQL: SELECT * FROM `product` WHERE ( id = 20 ) LIMIT 1   [ RunTime:0.000243s ]
SQL: SHOW COLUMNS FROM `product` [ RunTime:0.000433s ]
SQL: SELECT * FROM `product` WHERE ( id = 17 ) LIMIT 1   [ RunTime:0.000539s ]
SQL: SHOW COLUMNS FROM `product` [ RunTime:0.000385s ]
SQL: SELECT * FROM `product` WHERE ( id = 38 ) LIMIT 1   [ RunTime:0.000221s ]
SQL: SHOW COLUMNS FROM `product` [ RunTime:0.000313s ]
SQL: SELECT * FROM `product` WHERE ( id = 20 ) LIMIT 1   [ RunTime:0.000251s ]
SQL: SHOW COLUMNS FROM `product` [ RunTime:0.000353s ]
SQL: SELECT * FROM `product` WHERE ( id = 37 ) LIMIT 1   [ RunTime:0.000193s ]
SQL: SHOW COLUMNS FROM `product` [ RunTime:0.000351s ]
SQL: SELECT * FROM `product` WHERE ( id = 27 ) LIMIT 1   [ RunTime:0.000181s ]
SQL: SHOW COLUMNS FROM `product` [ RunTime:0.000311s ]
SQL: SELECT * FROM `product` WHERE ( id = 19 ) LIMIT 1   [ RunTime:0.000190s ]
SQL: SHOW COLUMNS FROM `product` [ RunTime:0.000300s ]
SQL: SELECT * FROM `product` WHERE ( id = 20 ) LIMIT 1   [ RunTime:0.000223s ]
SQL: SHOW COLUMNS FROM `product` [ RunTime:0.000316s ]
SQL: SELECT * FROM `product` WHERE ( id = 20 ) LIMIT 1   [ RunTime:0.000177s ]
SQL: SHOW COLUMNS FROM `product` [ RunTime:0.000297s ]
SQL: SELECT * FROM `product` WHERE ( id = 20 ) LIMIT 1   [ RunTime:0.000169s ]
SQL: SHOW COLUMNS FROM `product` [ RunTime:0.000287s ]
SQL: SELECT * FROM `product` WHERE ( id = 17 ) LIMIT 1   [ RunTime:0.000173s ]
SQL: SHOW COLUMNS FROM `product` [ RunTime:0.000286s ]
SQL: SELECT * FROM `product` WHERE ( id = 19 ) LIMIT 1   [ RunTime:0.000173s ]
INFO: [ app_end ] --START--
INFO: Run Behavior\ShowPageTraceBehavior [ RunTime:0.000588s ]
INFO: [ app_end ] --END-- [ RunTime:0.000672s ]

[ 2017-05-07T16:29:07+08:00 ] 172.23.73.2 /index.php/Home/index/getCommentData
INFO: [ app_init ] --START--
INFO: Run Behavior\BuildLiteBehavior [ RunTime:0.000014s ]
INFO: [ app_init ] --END-- [ RunTime:0.000331s ]
INFO: [ app_begin ] --START--
INFO: Run Behavior\ReadHtmlCacheBehavior [ RunTime:0.000444s ]
INFO: [ app_begin ] --END-- [ RunTime:0.000504s ]
NOTIC: [8192] mysql_connect(): The mysql extension is deprecated and will be removed in the future: use mysqli or PDO instead /Users/liupengfei/Downloads/AppShopService-master/ThinkPHP/Library/Think/Db/Driver/Mysql.class.php 第 52 行.
SQL: SHOW COLUMNS FROM `comment` [ RunTime:0.000468s ]
SQL: SELECT * FROM `comment` LEFT JOIN product ON comment.pid = product.id LEFT JOIN user ON comment.uid = user.id   [ RunTime:0.000599s ]
SQL: SHOW COLUMNS FROM `comment` [ RunTime:0.000397s ]
SQL: SELECT `id` FROM `comment`  [ RunTime:0.000272s ]
SQL: SHOW COLUMNS FROM `subcomment` [ RunTime:0.000509s ]
SQL: SELECT * FROM `subcomment` WHERE ( cid = 36 )  [ RunTime:0.000323s ]
SQL: SHOW COLUMNS FROM `subcomment` [ RunTime:0.000339s ]
SQL: SELECT * FROM `subcomment` WHERE ( cid = 37 )  [ RunTime:0.000223s ]
SQL: SHOW COLUMNS FROM `subcomment` [ RunTime:0.000317s ]
SQL: SELECT * FROM `subcomment` WHERE ( cid = 38 )  [ RunTime:0.000220s ]
SQL: SHOW COLUMNS FROM `subcomment` [ RunTime:0.000303s ]
SQL: SELECT * FROM `subcomment` WHERE ( cid = 39 )  [ RunTime:0.000191s ]
SQL: SHOW COLUMNS FROM `subcomment` [ RunTime:0.000314s ]
SQL: SELECT * FROM `subcomment` WHERE ( cid = 40 )  [ RunTime:0.000236s ]
SQL: SHOW COLUMNS FROM `subcomment` [ RunTime:0.000381s ]
SQL: SELECT * FROM `subcomment` WHERE ( cid = 41 )  [ RunTime:0.000260s ]
SQL: SHOW COLUMNS FROM `subcomment` [ RunTime:0.000304s ]
SQL: SELECT * FROM `subcomment` WHERE ( cid = 42 )  [ RunTime:0.000202s ]
SQL: SHOW COLUMNS FROM `subcomment` [ RunTime:0.000426s ]
SQL: SELECT * FROM `subcomment` WHERE ( cid = 43 )  [ RunTime:0.000410s ]
SQL: SHOW COLUMNS FROM `subcomment` [ RunTime:0.000904s ]
SQL: SELECT * FROM `subcomment` WHERE ( cid = 44 )  [ RunTime:0.000319s ]
SQL: SHOW COLUMNS FROM `subcomment` [ RunTime:0.000354s ]
SQL: SELECT * FROM `subcomment` WHERE ( cid = 45 )  [ RunTime:0.000248s ]
SQL: SHOW COLUMNS FROM `subcomment` [ RunTime:0.000347s ]
SQL: SELECT * FROM `subcomment` WHERE ( cid = 46 )  [ RunTime:0.000215s ]
SQL: SHOW COLUMNS FROM `subcomment` [ RunTime:0.000309s ]
SQL: SELECT * FROM `subcomment` WHERE ( cid = 47 )  [ RunTime:0.000233s ]
SQL: SHOW COLUMNS FROM `subcomment` [ RunTime:0.000330s ]
SQL: SELECT * FROM `subcomment` WHERE ( cid = 48 )  [ RunTime:0.000321s ]
SQL: SHOW COLUMNS FROM `subcomment` [ RunTime:0.000511s ]
SQL: SELECT * FROM `subcomment` WHERE ( cid = 49 )  [ RunTime:0.000208s ]
INFO: [ app_end ] --START--
INFO: Run Behavior\ShowPageTraceBehavior [ RunTime:0.000557s ]
INFO: [ app_end ] --END-- [ RunTime:0.000616s ]

[ 2017-05-07T16:29:10+08:00 ] 172.23.73.2 /index.php/Home/index/getAllOrderData?uid=35
INFO: [ app_init ] --START--
INFO: Run Behavior\BuildLiteBehavior [ RunTime:0.000018s ]
INFO: [ app_init ] --END-- [ RunTime:0.000360s ]
INFO: [ app_begin ] --START--
INFO: Run Behavior\ReadHtmlCacheBehavior [ RunTime:0.000439s ]
INFO: [ app_begin ] --END-- [ RunTime:0.000497s ]
NOTIC: [8192] mysql_connect(): The mysql extension is deprecated and will be removed in the future: use mysqli or PDO instead /Users/liupengfei/Downloads/AppShopService-master/ThinkPHP/Library/Think/Db/Driver/Mysql.class.php 第 52 行.
SQL: SHOW COLUMNS FROM `user` [ RunTime:0.000454s ]
SQL: SELECT * FROM `user` RIGHT JOIN buy ON buy.uid = user.id  WHERE ( user.id = 35 )  [ RunTime:0.000361s ]
SQL: SHOW COLUMNS FROM `product` [ RunTime:0.000336s ]
SQL: SELECT * FROM `product` WHERE ( id = 17 ) LIMIT 1   [ RunTime:0.000227s ]
SQL: SHOW COLUMNS FROM `product` [ RunTime:0.000423s ]
SQL: SELECT * FROM `product` WHERE ( id = 17 ) LIMIT 1   [ RunTime:0.000237s ]
SQL: SHOW COLUMNS FROM `product` [ RunTime:0.000439s ]
SQL: SELECT * FROM `product` WHERE ( id = 20 ) LIMIT 1   [ RunTime:0.000238s ]
SQL: SHOW COLUMNS FROM `product` [ RunTime:0.000367s ]
SQL: SELECT * FROM `product` WHERE ( id = 17 ) LIMIT 1   [ RunTime:0.000277s ]
SQL: SHOW COLUMNS FROM `product` [ RunTime:0.000416s ]
SQL: SELECT * FROM `product` WHERE ( id = 38 ) LIMIT 1   [ RunTime:0.000309s ]
SQL: SHOW COLUMNS FROM `product` [ RunTime:0.000328s ]
SQL: SELECT * FROM `product` WHERE ( id = 20 ) LIMIT 1   [ RunTime:0.000219s ]
SQL: SHOW COLUMNS FROM `product` [ RunTime:0.000317s ]
SQL: SELECT * FROM `product` WHERE ( id = 37 ) LIMIT 1   [ RunTime:0.000216s ]
SQL: SHOW COLUMNS FROM `product` [ RunTime:0.000372s ]
SQL: SELECT * FROM `product` WHERE ( id = 27 ) LIMIT 1   [ RunTime:0.000285s ]
SQL: SHOW COLUMNS FROM `product` [ RunTime:0.000431s ]
SQL: SELECT * FROM `product` WHERE ( id = 19 ) LIMIT 1   [ RunTime:0.000202s ]
SQL: SHOW COLUMNS FROM `product` [ RunTime:0.000325s ]
SQL: SELECT * FROM `product` WHERE ( id = 20 ) LIMIT 1   [ RunTime:0.000196s ]
SQL: SHOW COLUMNS FROM `product` [ RunTime:0.000306s ]
SQL: SELECT * FROM `product` WHERE ( id = 20 ) LIMIT 1   [ RunTime:0.000181s ]
SQL: SHOW COLUMNS FROM `product` [ RunTime:0.000295s ]
SQL: SELECT * FROM `product` WHERE ( id = 20 ) LIMIT 1   [ RunTime:0.000206s ]
SQL: SHOW COLUMNS FROM `product` [ RunTime:0.000338s ]
SQL: SELECT * FROM `product` WHERE ( id = 17 ) LIMIT 1   [ RunTime:0.000208s ]
SQL: SHOW COLUMNS FROM `product` [ RunTime:0.000304s ]
SQL: SELECT * FROM `product` WHERE ( id = 19 ) LIMIT 1   [ RunTime:0.000196s ]
INFO: [ app_end ] --START--
INFO: Run Behavior\ShowPageTraceBehavior [ RunTime:0.000702s ]
INFO: [ app_end ] --END-- [ RunTime:0.000781s ]

[ 2017-05-07T16:29:10+08:00 ] 172.23.73.2 /index.php/Home/index/getAllOrderData?uid=35
INFO: [ app_init ] --START--
INFO: Run Behavior\BuildLiteBehavior [ RunTime:0.000013s ]
INFO: [ app_init ] --END-- [ RunTime:0.000326s ]
INFO: [ app_begin ] --START--
INFO: Run Behavior\ReadHtmlCacheBehavior [ RunTime:0.000589s ]
INFO: [ app_begin ] --END-- [ RunTime:0.000658s ]
NOTIC: [8192] mysql_connect(): The mysql extension is deprecated and will be removed in the future: use mysqli or PDO instead /Users/liupengfei/Downloads/AppShopService-master/ThinkPHP/Library/Think/Db/Driver/Mysql.class.php 第 52 行.
SQL: SHOW COLUMNS FROM `user` [ RunTime:0.000451s ]
SQL: SELECT * FROM `user` RIGHT JOIN buy ON buy.uid = user.id  WHERE ( user.id = 35 )  [ RunTime:0.000376s ]
SQL: SHOW COLUMNS FROM `product` [ RunTime:0.000513s ]
SQL: SELECT * FROM `product` WHERE ( id = 17 ) LIMIT 1   [ RunTime:0.000230s ]
SQL: SHOW COLUMNS FROM `product` [ RunTime:0.000331s ]
SQL: SELECT * FROM `product` WHERE ( id = 17 ) LIMIT 1   [ RunTime:0.000208s ]
SQL: SHOW COLUMNS FROM `product` [ RunTime:0.000376s ]
SQL: SELECT * FROM `product` WHERE ( id = 20 ) LIMIT 1   [ RunTime:0.000312s ]
SQL: SHOW COLUMNS FROM `product` [ RunTime:0.000516s ]
SQL: SELECT * FROM `product` WHERE ( id = 17 ) LIMIT 1   [ RunTime:0.000260s ]
SQL: SHOW COLUMNS FROM `product` [ RunTime:0.000364s ]
SQL: SELECT * FROM `product` WHERE ( id = 38 ) LIMIT 1   [ RunTime:0.000180s ]
SQL: SHOW COLUMNS FROM `product` [ RunTime:0.000332s ]
SQL: SELECT * FROM `product` WHERE ( id = 20 ) LIMIT 1   [ RunTime:0.000185s ]
SQL: SHOW COLUMNS FROM `product` [ RunTime:0.000296s ]
SQL: SELECT * FROM `product` WHERE ( id = 37 ) LIMIT 1   [ RunTime:0.000215s ]
SQL: SHOW COLUMNS FROM `product` [ RunTime:0.000313s ]
SQL: SELECT * FROM `product` WHERE ( id = 27 ) LIMIT 1   [ RunTime:0.000206s ]
SQL: SHOW COLUMNS FROM `product` [ RunTime:0.000322s ]
SQL: SELECT * FROM `product` WHERE ( id = 19 ) LIMIT 1   [ RunTime:0.000227s ]
SQL: SHOW COLUMNS FROM `product` [ RunTime:0.000355s ]
SQL: SELECT * FROM `product` WHERE ( id = 20 ) LIMIT 1   [ RunTime:0.000417s ]
SQL: SHOW COLUMNS FROM `product` [ RunTime:0.000464s ]
SQL: SELECT * FROM `product` WHERE ( id = 20 ) LIMIT 1   [ RunTime:0.000200s ]
SQL: SHOW COLUMNS FROM `product` [ RunTime:0.000321s ]
SQL: SELECT * FROM `product` WHERE ( id = 20 ) LIMIT 1   [ RunTime:0.000190s ]
SQL: SHOW COLUMNS FROM `product` [ RunTime:0.000385s ]
SQL: SELECT * FROM `product` WHERE ( id = 17 ) LIMIT 1   [ RunTime:0.000187s ]
SQL: SHOW COLUMNS FROM `product` [ RunTime:0.000319s ]
SQL: SELECT * FROM `product` WHERE ( id = 19 ) LIMIT 1   [ RunTime:0.000236s ]
INFO: [ app_end ] --START--
INFO: Run Behavior\ShowPageTraceBehavior [ RunTime:0.000518s ]
INFO: [ app_end ] --END-- [ RunTime:0.000578s ]

[ 2017-05-07T16:29:17+08:00 ] 172.23.73.2 /index.php/Home/index/getProducts
INFO: [ app_init ] --START--
INFO: Run Behavior\BuildLiteBehavior [ RunTime:0.000013s ]
INFO: [ app_init ] --END-- [ RunTime:0.000348s ]
INFO: [ app_begin ] --START--
INFO: Run Behavior\ReadHtmlCacheBehavior [ RunTime:0.000525s ]
INFO: [ app_begin ] --END-- [ RunTime:0.000602s ]
NOTIC: [8192] mysql_connect(): The mysql extension is deprecated and will be removed in the future: use mysqli or PDO instead /Users/liupengfei/Downloads/AppShopService-master/ThinkPHP/Library/Think/Db/Driver/Mysql.class.php 第 52 行.
SQL: SHOW COLUMNS FROM `product` [ RunTime:0.000494s ]
SQL: SELECT * FROM `product` ORDER BY type asc  [ RunTime:0.000378s ]
INFO: [ app_end ] --START--
INFO: Run Behavior\ShowPageTraceBehavior [ RunTime:0.000576s ]
INFO: [ app_end ] --END-- [ RunTime:0.000638s ]

[ 2017-05-07T16:29:17+08:00 ] 172.23.73.2 /index.php/Home/index/getBanners
INFO: [ app_init ] --START--
INFO: Run Behavior\BuildLiteBehavior [ RunTime:0.000015s ]
INFO: [ app_init ] --END-- [ RunTime:0.000332s ]
INFO: [ app_begin ] --START--
INFO: Run Behavior\ReadHtmlCacheBehavior [ RunTime:0.000552s ]
INFO: [ app_begin ] --END-- [ RunTime:0.000644s ]
NOTIC: [8192] mysql_connect(): The mysql extension is deprecated and will be removed in the future: use mysqli or PDO instead /Users/liupengfei/Downloads/AppShopService-master/ThinkPHP/Library/Think/Db/Driver/Mysql.class.php 第 52 行.
SQL: SHOW COLUMNS FROM `banner` [ RunTime:0.000521s ]
SQL: SELECT * FROM `banner`  [ RunTime:0.000220s ]
INFO: [ app_end ] --START--
INFO: Run Behavior\ShowPageTraceBehavior [ RunTime:0.000491s ]
INFO: [ app_end ] --END-- [ RunTime:0.000548s ]

[ 2017-05-07T16:29:17+08:00 ] 172.23.73.2 /index.php/Home/index/getAllOrderData?uid=35
INFO: [ app_init ] --START--
INFO: Run Behavior\BuildLiteBehavior [ RunTime:0.000014s ]
INFO: [ app_init ] --END-- [ RunTime:0.000308s ]
INFO: [ app_begin ] --START--
INFO: Run Behavior\ReadHtmlCacheBehavior [ RunTime:0.000520s ]
INFO: [ app_begin ] --END-- [ RunTime:0.000583s ]
NOTIC: [8192] mysql_connect(): The mysql extension is deprecated and will be removed in the future: use mysqli or PDO instead /Users/liupengfei/Downloads/AppShopService-master/ThinkPHP/Library/Think/Db/Driver/Mysql.class.php 第 52 行.
SQL: SHOW COLUMNS FROM `user` [ RunTime:0.000533s ]
SQL: SELECT * FROM `user` RIGHT JOIN buy ON buy.uid = user.id  WHERE ( user.id = 35 )  [ RunTime:0.000427s ]
SQL: SHOW COLUMNS FROM `product` [ RunTime:0.000464s ]
SQL: SELECT * FROM `product` WHERE ( id = 17 ) LIMIT 1   [ RunTime:0.000213s ]
SQL: SHOW COLUMNS FROM `product` [ RunTime:0.000369s ]
SQL: SELECT * FROM `product` WHERE ( id = 17 ) LIMIT 1   [ RunTime:0.000242s ]
SQL: SHOW COLUMNS FROM `product` [ RunTime:0.001122s ]
SQL: SELECT * FROM `product` WHERE ( id = 20 ) LIMIT 1   [ RunTime:0.000228s ]
SQL: SHOW COLUMNS FROM `product` [ RunTime:0.000417s ]
SQL: SELECT * FROM `product` WHERE ( id = 17 ) LIMIT 1   [ RunTime:0.000292s ]
SQL: SHOW COLUMNS FROM `product` [ RunTime:0.000425s ]
SQL: SELECT * FROM `product` WHERE ( id = 38 ) LIMIT 1   [ RunTime:0.000208s ]
SQL: SHOW COLUMNS FROM `product` [ RunTime:0.000347s ]
SQL: SELECT * FROM `product` WHERE ( id = 20 ) LIMIT 1   [ RunTime:0.000189s ]
SQL: SHOW COLUMNS FROM `product` [ RunTime:0.000340s ]
SQL: SELECT * FROM `product` WHERE ( id = 37 ) LIMIT 1   [ RunTime:0.000182s ]
SQL: SHOW COLUMNS FROM `product` [ RunTime:0.000352s ]
SQL: SELECT * FROM `product` WHERE ( id = 27 ) LIMIT 1   [ RunTime:0.000217s ]
SQL: SHOW COLUMNS FROM `product` [ RunTime:0.000322s ]
SQL: SELECT * FROM `product` WHERE ( id = 19 ) LIMIT 1   [ RunTime:0.000185s ]
SQL: SHOW COLUMNS FROM `product` [ RunTime:0.000300s ]
SQL: SELECT * FROM `product` WHERE ( id = 20 ) LIMIT 1   [ RunTime:0.000218s ]
SQL: SHOW COLUMNS FROM `product` [ RunTime:0.000319s ]
SQL: SELECT * FROM `product` WHERE ( id = 20 ) LIMIT 1   [ RunTime:0.000373s ]
SQL: SHOW COLUMNS FROM `product` [ RunTime:0.000334s ]
SQL: SELECT * FROM `product` WHERE ( id = 20 ) LIMIT 1   [ RunTime:0.000195s ]
SQL: SHOW COLUMNS FROM `product` [ RunTime:0.000301s ]
SQL: SELECT * FROM `product` WHERE ( id = 17 ) LIMIT 1   [ RunTime:0.000205s ]
SQL: SHOW COLUMNS FROM `product` [ RunTime:0.000355s ]
SQL: SELECT * FROM `product` WHERE ( id = 19 ) LIMIT 1   [ RunTime:0.000220s ]
INFO: [ app_end ] --START--
INFO: Run Behavior\ShowPageTraceBehavior [ RunTime:0.000657s ]
INFO: [ app_end ] --END-- [ RunTime:0.000719s ]

[ 2017-05-07T16:29:17+08:00 ] 172.23.73.2 /index.php/Home/index/getAllOrderData?uid=35
INFO: [ app_init ] --START--
INFO: Run Behavior\BuildLiteBehavior [ RunTime:0.000022s ]
INFO: [ app_init ] --END-- [ RunTime:0.000524s ]
INFO: [ app_begin ] --START--
INFO: Run Behavior\ReadHtmlCacheBehavior [ RunTime:0.000902s ]
INFO: [ app_begin ] --END-- [ RunTime:0.001078s ]
NOTIC: [8192] mysql_connect(): The mysql extension is deprecated and will be removed in the future: use mysqli or PDO instead /Users/liupengfei/Downloads/AppShopService-master/ThinkPHP/Library/Think/Db/Driver/Mysql.class.php 第 52 行.
SQL: SHOW COLUMNS FROM `user` [ RunTime:0.000439s ]
SQL: SELECT * FROM `user` RIGHT JOIN buy ON buy.uid = user.id  WHERE ( user.id = 35 )  [ RunTime:0.001362s ]
SQL: SHOW COLUMNS FROM `product` [ RunTime:0.000417s ]
SQL: SELECT * FROM `product` WHERE ( id = 17 ) LIMIT 1   [ RunTime:0.000248s ]
SQL: SHOW COLUMNS FROM `product` [ RunTime:0.000477s ]
SQL: SELECT * FROM `product` WHERE ( id = 17 ) LIMIT 1   [ RunTime:0.000225s ]
SQL: SHOW COLUMNS FROM `product` [ RunTime:0.000336s ]
SQL: SELECT * FROM `product` WHERE ( id = 20 ) LIMIT 1   [ RunTime:0.000234s ]
SQL: SHOW COLUMNS FROM `product` [ RunTime:0.000349s ]
SQL: SELECT * FROM `product` WHERE ( id = 17 ) LIMIT 1   [ RunTime:0.000207s ]
SQL: SHOW COLUMNS FROM `product` [ RunTime:0.000304s ]
SQL: SELECT * FROM `product` WHERE ( id = 38 ) LIMIT 1   [ RunTime:0.000203s ]
SQL: SHOW COLUMNS FROM `product` [ RunTime:0.000322s ]
SQL: SELECT * FROM `product` WHERE ( id = 20 ) LIMIT 1   [ RunTime:0.000201s ]
SQL: SHOW COLUMNS FROM `product` [ RunTime:0.000359s ]
SQL: SELECT * FROM `product` WHERE ( id = 37 ) LIMIT 1   [ RunTime:0.000193s ]
SQL: SHOW COLUMNS FROM `product` [ RunTime:0.000355s ]
SQL: SELECT * FROM `product` WHERE ( id = 27 ) LIMIT 1   [ RunTime:0.000323s ]
SQL: SHOW COLUMNS FROM `product` [ RunTime:0.000484s ]
SQL: SELECT * FROM `product` WHERE ( id = 19 ) LIMIT 1   [ RunTime:0.000196s ]
SQL: SHOW COLUMNS FROM `product` [ RunTime:0.000308s ]
SQL: SELECT * FROM `product` WHERE ( id = 20 ) LIMIT 1   [ RunTime:0.000193s ]
SQL: SHOW COLUMNS FROM `product` [ RunTime:0.000333s ]
SQL: SELECT * FROM `product` WHERE ( id = 20 ) LIMIT 1   [ RunTime:0.000240s ]
SQL: SHOW COLUMNS FROM `product` [ RunTime:0.000342s ]
SQL: SELECT * FROM `product` WHERE ( id = 20 ) LIMIT 1   [ RunTime:0.000338s ]
SQL: SHOW COLUMNS FROM `product` [ RunTime:0.000343s ]
SQL: SELECT * FROM `product` WHERE ( id = 17 ) LIMIT 1   [ RunTime:0.000212s ]
SQL: SHOW COLUMNS FROM `product` [ RunTime:0.000334s ]
SQL: SELECT * FROM `product` WHERE ( id = 19 ) LIMIT 1   [ RunTime:0.000272s ]
INFO: [ app_end ] --START--
INFO: Run Behavior\ShowPageTraceBehavior [ RunTime:0.000533s ]
INFO: [ app_end ] --END-- [ RunTime:0.000588s ]

[ 2017-05-07T16:29:25+08:00 ] 172.23.73.2 /index.php/Home/index/getAllOrderData?uid=35
INFO: [ app_init ] --START--
INFO: Run Behavior\BuildLiteBehavior [ RunTime:0.000014s ]
INFO: [ app_init ] --END-- [ RunTime:0.000334s ]
INFO: [ app_begin ] --START--
INFO: Run Behavior\ReadHtmlCacheBehavior [ RunTime:0.000437s ]
INFO: [ app_begin ] --END-- [ RunTime:0.000495s ]
NOTIC: [8192] mysql_connect(): The mysql extension is deprecated and will be removed in the future: use mysqli or PDO instead /Users/liupengfei/Downloads/AppShopService-master/ThinkPHP/Library/Think/Db/Driver/Mysql.class.php 第 52 行.
SQL: SHOW COLUMNS FROM `user` [ RunTime:0.000512s ]
SQL: SELECT * FROM `user` RIGHT JOIN buy ON buy.uid = user.id  WHERE ( user.id = 35 )  [ RunTime:0.000395s ]
SQL: SHOW COLUMNS FROM `product` [ RunTime:0.000544s ]
SQL: SELECT * FROM `product` WHERE ( id = 17 ) LIMIT 1   [ RunTime:0.000213s ]
SQL: SHOW COLUMNS FROM `product` [ RunTime:0.000336s ]
SQL: SELECT * FROM `product` WHERE ( id = 17 ) LIMIT 1   [ RunTime:0.000233s ]
SQL: SHOW COLUMNS FROM `product` [ RunTime:0.000326s ]
SQL: SELECT * FROM `product` WHERE ( id = 20 ) LIMIT 1   [ RunTime:0.000212s ]
SQL: SHOW COLUMNS FROM `product` [ RunTime:0.000501s ]
SQL: SELECT * FROM `product` WHERE ( id = 17 ) LIMIT 1   [ RunTime:0.000195s ]
SQL: SHOW COLUMNS FROM `product` [ RunTime:0.000339s ]
SQL: SELECT * FROM `product` WHERE ( id = 38 ) LIMIT 1   [ RunTime:0.000198s ]
SQL: SHOW COLUMNS FROM `product` [ RunTime:0.000329s ]
SQL: SELECT * FROM `product` WHERE ( id = 20 ) LIMIT 1   [ RunTime:0.000200s ]
SQL: SHOW COLUMNS FROM `product` [ RunTime:0.000277s ]
SQL: SELECT * FROM `product` WHERE ( id = 37 ) LIMIT 1   [ RunTime:0.000176s ]
SQL: SHOW COLUMNS FROM `product` [ RunTime:0.000288s ]
SQL: SELECT * FROM `product` WHERE ( id = 27 ) LIMIT 1   [ RunTime:0.000168s ]
SQL: SHOW COLUMNS FROM `product` [ RunTime:0.000278s ]
SQL: SELECT * FROM `product` WHERE ( id = 19 ) LIMIT 1   [ RunTime:0.000164s ]
SQL: SHOW COLUMNS FROM `product` [ RunTime:0.000321s ]
SQL: SELECT * FROM `product` WHERE ( id = 20 ) LIMIT 1   [ RunTime:0.000216s ]
SQL: SHOW COLUMNS FROM `product` [ RunTime:0.000323s ]
SQL: SELECT * FROM `product` WHERE ( id = 20 ) LIMIT 1   [ RunTime:0.000202s ]
SQL: SHOW COLUMNS FROM `product` [ RunTime:0.000299s ]
SQL: SELECT * FROM `product` WHERE ( id = 20 ) LIMIT 1   [ RunTime:0.000186s ]
SQL: SHOW COLUMNS FROM `product` [ RunTime:0.000297s ]
SQL: SELECT * FROM `product` WHERE ( id = 17 ) LIMIT 1   [ RunTime:0.000206s ]
SQL: SHOW COLUMNS FROM `product` [ RunTime:0.000322s ]
SQL: SELECT * FROM `product` WHERE ( id = 19 ) LIMIT 1   [ RunTime:0.000196s ]
INFO: [ app_end ] --START--
INFO: Run Behavior\ShowPageTraceBehavior [ RunTime:0.000510s ]
INFO: [ app_end ] --END-- [ RunTime:0.000569s ]

[ 2017-05-07T16:29:30+08:00 ] 172.23.73.2 /index.php/Home/index/getAllOrderData?uid=35
INFO: [ app_init ] --START--
INFO: Run Behavior\BuildLiteBehavior [ RunTime:0.000022s ]
INFO: [ app_init ] --END-- [ RunTime:0.000352s ]
INFO: [ app_begin ] --START--
INFO: Run Behavior\ReadHtmlCacheBehavior [ RunTime:0.000925s ]
INFO: [ app_begin ] --END-- [ RunTime:0.001050s ]
NOTIC: [8192] mysql_connect(): The mysql extension is deprecated and will be removed in the future: use mysqli or PDO instead /Users/liupengfei/Downloads/AppShopService-master/ThinkPHP/Library/Think/Db/Driver/Mysql.class.php 第 52 行.
SQL: SHOW COLUMNS FROM `user` [ RunTime:0.000668s ]
SQL: SELECT * FROM `user` RIGHT JOIN buy ON buy.uid = user.id  WHERE ( user.id = 35 )  [ RunTime:0.000370s ]
SQL: SHOW COLUMNS FROM `product` [ RunTime:0.000334s ]
SQL: SELECT * FROM `product` WHERE ( id = 17 ) LIMIT 1   [ RunTime:0.000221s ]
SQL: SHOW COLUMNS FROM `product` [ RunTime:0.000322s ]
SQL: SELECT * FROM `product` WHERE ( id = 17 ) LIMIT 1   [ RunTime:0.000225s ]
SQL: SHOW COLUMNS FROM `product` [ RunTime:0.000338s ]
SQL: SELECT * FROM `product` WHERE ( id = 20 ) LIMIT 1   [ RunTime:0.000226s ]
SQL: SHOW COLUMNS FROM `product` [ RunTime:0.000359s ]
SQL: SELECT * FROM `product` WHERE ( id = 17 ) LIMIT 1   [ RunTime:0.000309s ]
SQL: SHOW COLUMNS FROM `product` [ RunTime:0.000683s ]
SQL: SELECT * FROM `product` WHERE ( id = 38 ) LIMIT 1   [ RunTime:0.000247s ]
SQL: SHOW COLUMNS FROM `product` [ RunTime:0.000386s ]
SQL: SELECT * FROM `product` WHERE ( id = 20 ) LIMIT 1   [ RunTime:0.000236s ]
SQL: SHOW COLUMNS FROM `product` [ RunTime:0.000421s ]
SQL: SELECT * FROM `product` WHERE ( id = 37 ) LIMIT 1   [ RunTime:0.000470s ]
SQL: SHOW COLUMNS FROM `product` [ RunTime:0.000631s ]
SQL: SELECT * FROM `product` WHERE ( id = 27 ) LIMIT 1   [ RunTime:0.000208s ]
SQL: SHOW COLUMNS FROM `product` [ RunTime:0.000324s ]
SQL: SELECT * FROM `product` WHERE ( id = 19 ) LIMIT 1   [ RunTime:0.000201s ]
SQL: SHOW COLUMNS FROM `product` [ RunTime:0.000415s ]
SQL: SELECT * FROM `product` WHERE ( id = 20 ) LIMIT 1   [ RunTime:0.000275s ]
SQL: SHOW COLUMNS FROM `product` [ RunTime:0.000360s ]
SQL: SELECT * FROM `product` WHERE ( id = 20 ) LIMIT 1   [ RunTime:0.000410s ]
SQL: SHOW COLUMNS FROM `product` [ RunTime:0.000316s ]
SQL: SELECT * FROM `product` WHERE ( id = 20 ) LIMIT 1   [ RunTime:0.000199s ]
SQL: SHOW COLUMNS FROM `product` [ RunTime:0.000311s ]
SQL: SELECT * FROM `product` WHERE ( id = 17 ) LIMIT 1   [ RunTime:0.000249s ]
SQL: SHOW COLUMNS FROM `product` [ RunTime:0.000345s ]
SQL: SELECT * FROM `product` WHERE ( id = 19 ) LIMIT 1   [ RunTime:0.000255s ]
INFO: [ app_end ] --START--
INFO: Run Behavior\ShowPageTraceBehavior [ RunTime:0.000507s ]
INFO: [ app_end ] --END-- [ RunTime:0.000565s ]

[ 2017-05-07T16:29:41+08:00 ] 172.23.73.2 /index.php/Home/index/getAllOrderData?uid=35
INFO: [ app_init ] --START--
INFO: Run Behavior\BuildLiteBehavior [ RunTime:0.000013s ]
INFO: [ app_init ] --END-- [ RunTime:0.000303s ]
INFO: [ app_begin ] --START--
INFO: Run Behavior\ReadHtmlCacheBehavior [ RunTime:0.000477s ]
INFO: [ app_begin ] --END-- [ RunTime:0.000540s ]
NOTIC: [8192] mysql_connect(): The mysql extension is deprecated and will be removed in the future: use mysqli or PDO instead /Users/liupengfei/Downloads/AppShopService-master/ThinkPHP/Library/Think/Db/Driver/Mysql.class.php 第 52 行.
SQL: SHOW COLUMNS FROM `user` [ RunTime:0.000492s ]
SQL: SELECT * FROM `user` RIGHT JOIN buy ON buy.uid = user.id  WHERE ( user.id = 35 )  [ RunTime:0.000475s ]
SQL: SHOW COLUMNS FROM `product` [ RunTime:0.000375s ]
SQL: SELECT * FROM `product` WHERE ( id = 17 ) LIMIT 1   [ RunTime:0.000251s ]
SQL: SHOW COLUMNS FROM `product` [ RunTime:0.000329s ]
SQL: SELECT * FROM `product` WHERE ( id = 17 ) LIMIT 1   [ RunTime:0.000286s ]
SQL: SHOW COLUMNS FROM `product` [ RunTime:0.000440s ]
SQL: SELECT * FROM `product` WHERE ( id = 20 ) LIMIT 1   [ RunTime:0.000257s ]
SQL: SHOW COLUMNS FROM `product` [ RunTime:0.000394s ]
SQL: SELECT * FROM `product` WHERE ( id = 17 ) LIMIT 1   [ RunTime:0.000250s ]
SQL: SHOW COLUMNS FROM `product` [ RunTime:0.000333s ]
SQL: SELECT * FROM `product` WHERE ( id = 38 ) LIMIT 1   [ RunTime:0.000216s ]
SQL: SHOW COLUMNS FROM `product` [ RunTime:0.000345s ]
SQL: SELECT * FROM `product` WHERE ( id = 20 ) LIMIT 1   [ RunTime:0.000228s ]
SQL: SHOW COLUMNS FROM `product` [ RunTime:0.000332s ]
SQL: SELECT * FROM `product` WHERE ( id = 37 ) LIMIT 1   [ RunTime:0.000232s ]
SQL: SHOW COLUMNS FROM `product` [ RunTime:0.000357s ]
SQL: SELECT * FROM `product` WHERE ( id = 27 ) LIMIT 1   [ RunTime:0.000235s ]
SQL: SHOW COLUMNS FROM `product` [ RunTime:0.000368s ]
SQL: SELECT * FROM `product` WHERE ( id = 19 ) LIMIT 1   [ RunTime:0.000217s ]
SQL: SHOW COLUMNS FROM `product` [ RunTime:0.000366s ]
SQL: SELECT * FROM `product` WHERE ( id = 20 ) LIMIT 1   [ RunTime:0.000287s ]
SQL: SHOW COLUMNS FROM `product` [ RunTime:0.000404s ]
SQL: SELECT * FROM `product` WHERE ( id = 20 ) LIMIT 1   [ RunTime:0.000226s ]
SQL: SHOW COLUMNS FROM `product` [ RunTime:0.000356s ]
SQL: SELECT * FROM `product` WHERE ( id = 20 ) LIMIT 1   [ RunTime:0.000269s ]
SQL: SHOW COLUMNS FROM `product` [ RunTime:0.000341s ]
SQL: SELECT * FROM `product` WHERE ( id = 17 ) LIMIT 1   [ RunTime:0.000191s ]
SQL: SHOW COLUMNS FROM `product` [ RunTime:0.000346s ]
SQL: SELECT * FROM `product` WHERE ( id = 19 ) LIMIT 1   [ RunTime:0.000203s ]
INFO: [ app_end ] --START--
INFO: Run Behavior\ShowPageTraceBehavior [ RunTime:0.000502s ]
INFO: [ app_end ] --END-- [ RunTime:0.000565s ]

[ 2017-05-07T16:29:41+08:00 ] 172.23.73.2 /index.php/Home/index/getAllOrderData?uid=35
INFO: [ app_init ] --START--
INFO: Run Behavior\BuildLiteBehavior [ RunTime:0.000017s ]
INFO: [ app_init ] --END-- [ RunTime:0.000407s ]
INFO: [ app_begin ] --START--
INFO: Run Behavior\ReadHtmlCacheBehavior [ RunTime:0.000454s ]
INFO: [ app_begin ] --END-- [ RunTime:0.000511s ]
NOTIC: [8192] mysql_connect(): The mysql extension is deprecated and will be removed in the future: use mysqli or PDO instead /Users/liupengfei/Downloads/AppShopService-master/ThinkPHP/Library/Think/Db/Driver/Mysql.class.php 第 52 行.
SQL: SHOW COLUMNS FROM `user` [ RunTime:0.000521s ]
SQL: SELECT * FROM `user` RIGHT JOIN buy ON buy.uid = user.id  WHERE ( user.id = 35 )  [ RunTime:0.000415s ]
SQL: SHOW COLUMNS FROM `product` [ RunTime:0.000355s ]
SQL: SELECT * FROM `product` WHERE ( id = 17 ) LIMIT 1   [ RunTime:0.000211s ]
SQL: SHOW COLUMNS FROM `product` [ RunTime:0.000329s ]
SQL: SELECT * FROM `product` WHERE ( id = 17 ) LIMIT 1   [ RunTime:0.000268s ]
SQL: SHOW COLUMNS FROM `product` [ RunTime:0.000353s ]
SQL: SELECT * FROM `product` WHERE ( id = 20 ) LIMIT 1   [ RunTime:0.000278s ]
SQL: SHOW COLUMNS FROM `product` [ RunTime:0.000372s ]
SQL: SELECT * FROM `product` WHERE ( id = 17 ) LIMIT 1   [ RunTime:0.000203s ]
SQL: SHOW COLUMNS FROM `product` [ RunTime:0.000474s ]
SQL: SELECT * FROM `product` WHERE ( id = 38 ) LIMIT 1   [ RunTime:0.000234s ]
SQL: SHOW COLUMNS FROM `product` [ RunTime:0.000345s ]
SQL: SELECT * FROM `product` WHERE ( id = 20 ) LIMIT 1   [ RunTime:0.000193s ]
SQL: SHOW COLUMNS FROM `product` [ RunTime:0.000324s ]
SQL: SELECT * FROM `product` WHERE ( id = 37 ) LIMIT 1   [ RunTime:0.000234s ]
SQL: SHOW COLUMNS FROM `product` [ RunTime:0.000333s ]
SQL: SELECT * FROM `product` WHERE ( id = 27 ) LIMIT 1   [ RunTime:0.000215s ]
SQL: SHOW COLUMNS FROM `product` [ RunTime:0.000331s ]
SQL: SELECT * FROM `product` WHERE ( id = 19 ) LIMIT 1   [ RunTime:0.000242s ]
SQL: SHOW COLUMNS FROM `product` [ RunTime:0.000333s ]
SQL: SELECT * FROM `product` WHERE ( id = 20 ) LIMIT 1   [ RunTime:0.000228s ]
SQL: SHOW COLUMNS FROM `product` [ RunTime:0.000346s ]
SQL: SELECT * FROM `product` WHERE ( id = 20 ) LIMIT 1   [ RunTime:0.000189s ]
SQL: SHOW COLUMNS FROM `product` [ RunTime:0.000305s ]
SQL: SELECT * FROM `product` WHERE ( id = 20 ) LIMIT 1   [ RunTime:0.000223s ]
SQL: SHOW COLUMNS FROM `product` [ RunTime:0.000301s ]
SQL: SELECT * FROM `product` WHERE ( id = 17 ) LIMIT 1   [ RunTime:0.000181s ]
SQL: SHOW COLUMNS FROM `product` [ RunTime:0.000304s ]
SQL: SELECT * FROM `product` WHERE ( id = 19 ) LIMIT 1   [ RunTime:0.000232s ]
INFO: [ app_end ] --START--
INFO: Run Behavior\ShowPageTraceBehavior [ RunTime:0.000566s ]
INFO: [ app_end ] --END-- [ RunTime:0.000637s ]

[ 2017-05-07T16:29:44+08:00 ] 172.23.73.2 /index.php/Home/index/getAllOrderData?uid=35
INFO: [ app_init ] --START--
INFO: Run Behavior\BuildLiteBehavior [ RunTime:0.000014s ]
INFO: [ app_init ] --END-- [ RunTime:0.000307s ]
INFO: [ app_begin ] --START--
INFO: Run Behavior\ReadHtmlCacheBehavior [ RunTime:0.000401s ]
INFO: [ app_begin ] --END-- [ RunTime:0.000455s ]
NOTIC: [8192] mysql_connect(): The mysql extension is deprecated and will be removed in the future: use mysqli or PDO instead /Users/liupengfei/Downloads/AppShopService-master/ThinkPHP/Library/Think/Db/Driver/Mysql.class.php 第 52 行.
SQL: SHOW COLUMNS FROM `user` [ RunTime:0.000460s ]
SQL: SELECT * FROM `user` RIGHT JOIN buy ON buy.uid = user.id  WHERE ( user.id = 35 )  [ RunTime:0.000378s ]
SQL: SHOW COLUMNS FROM `product` [ RunTime:0.000349s ]
SQL: SELECT * FROM `product` WHERE ( id = 17 ) LIMIT 1   [ RunTime:0.000197s ]
SQL: SHOW COLUMNS FROM `product` [ RunTime:0.000359s ]
SQL: SELECT * FROM `product` WHERE ( id = 17 ) LIMIT 1   [ RunTime:0.000215s ]
SQL: SHOW COLUMNS FROM `product` [ RunTime:0.000369s ]
SQL: SELECT * FROM `product` WHERE ( id = 20 ) LIMIT 1   [ RunTime:0.000209s ]
SQL: SHOW COLUMNS FROM `product` [ RunTime:0.000317s ]
SQL: SELECT * FROM `product` WHERE ( id = 17 ) LIMIT 1   [ RunTime:0.000194s ]
SQL: SHOW COLUMNS FROM `product` [ RunTime:0.000317s ]
SQL: SELECT * FROM `product` WHERE ( id = 38 ) LIMIT 1   [ RunTime:0.000195s ]
SQL: SHOW COLUMNS FROM `product` [ RunTime:0.000320s ]
SQL: SELECT * FROM `product` WHERE ( id = 20 ) LIMIT 1   [ RunTime:0.000200s ]
SQL: SHOW COLUMNS FROM `product` [ RunTime:0.000334s ]
SQL: SELECT * FROM `product` WHERE ( id = 37 ) LIMIT 1   [ RunTime:0.000191s ]
SQL: SHOW COLUMNS FROM `product` [ RunTime:0.000307s ]
SQL: SELECT * FROM `product` WHERE ( id = 27 ) LIMIT 1   [ RunTime:0.000206s ]
SQL: SHOW COLUMNS FROM `product` [ RunTime:0.000382s ]
SQL: SELECT * FROM `product` WHERE ( id = 19 ) LIMIT 1   [ RunTime:0.000212s ]
SQL: SHOW COLUMNS FROM `product` [ RunTime:0.000330s ]
SQL: SELECT * FROM `product` WHERE ( id = 20 ) LIMIT 1   [ RunTime:0.000177s ]
SQL: SHOW COLUMNS FROM `product` [ RunTime:0.000288s ]
SQL: SELECT * FROM `product` WHERE ( id = 20 ) LIMIT 1   [ RunTime:0.000177s ]
SQL: SHOW COLUMNS FROM `product` [ RunTime:0.000322s ]
SQL: SELECT * FROM `product` WHERE ( id = 20 ) LIMIT 1   [ RunTime:0.000173s ]
SQL: SHOW COLUMNS FROM `product` [ RunTime:0.000388s ]
SQL: SELECT * FROM `product` WHERE ( id = 17 ) LIMIT 1   [ RunTime:0.000209s ]
SQL: SHOW COLUMNS FROM `product` [ RunTime:0.000325s ]
SQL: SELECT * FROM `product` WHERE ( id = 19 ) LIMIT 1   [ RunTime:0.000188s ]
INFO: [ app_end ] --START--
INFO: Run Behavior\ShowPageTraceBehavior [ RunTime:0.000605s ]
INFO: [ app_end ] --END-- [ RunTime:0.000669s ]

[ 2017-05-07T16:30:05+08:00 ] 172.23.73.2 /index.php/Home/index/publishCommentData
INFO: [ app_init ] --START--
INFO: Run Behavior\BuildLiteBehavior [ RunTime:0.000013s ]
INFO: [ app_init ] --END-- [ RunTime:0.000324s ]
INFO: [ app_begin ] --START--
INFO: Run Behavior\ReadHtmlCacheBehavior [ RunTime:0.000385s ]
INFO: [ app_begin ] --END-- [ RunTime:0.000436s ]
NOTIC: [8192] mysql_connect(): The mysql extension is deprecated and will be removed in the future: use mysqli or PDO instead /Users/liupengfei/Downloads/AppShopService-master/ThinkPHP/Library/Think/Db/Driver/Mysql.class.php 第 52 行.
SQL: SHOW COLUMNS FROM `comment` [ RunTime:0.000512s ]
SQL: INSERT INTO `comment` (`pid`,`uid`,`bid`,`commentcontent`,`describe`,`deliver`,`service`,`commenttime`,`subcount`) VALUES (19,35,184,'sdfdsfasdas',5,5,5,1494145805,0) [ RunTime:0.001002s ]
SQL: SHOW COLUMNS FROM `buy` [ RunTime:0.001640s ]
SQL: UPDATE `buy` SET `isComment`=1 WHERE ( id = 184 and ( pid = 19 and uid = 35 ) ) [ RunTime:0.000470s ]
INFO: [ app_end ] --START--
INFO: Run Behavior\ShowPageTraceBehavior [ RunTime:0.000559s ]
INFO: [ app_end ] --END-- [ RunTime:0.000614s ]

[ 2017-05-07T16:30:05+08:00 ] 172.23.73.2 /index.php/Home/index/getAllOrderData?uid=35
INFO: [ app_init ] --START--
INFO: Run Behavior\BuildLiteBehavior [ RunTime:0.000014s ]
INFO: [ app_init ] --END-- [ RunTime:0.000327s ]
INFO: [ app_begin ] --START--
INFO: Run Behavior\ReadHtmlCacheBehavior [ RunTime:0.000443s ]
INFO: [ app_begin ] --END-- [ RunTime:0.000496s ]
NOTIC: [8192] mysql_connect(): The mysql extension is deprecated and will be removed in the future: use mysqli or PDO instead /Users/liupengfei/Downloads/AppShopService-master/ThinkPHP/Library/Think/Db/Driver/Mysql.class.php 第 52 行.
SQL: SHOW COLUMNS FROM `user` [ RunTime:0.000414s ]
SQL: SELECT * FROM `user` RIGHT JOIN buy ON buy.uid = user.id  WHERE ( user.id = 35 )  [ RunTime:0.000347s ]
SQL: SHOW COLUMNS FROM `product` [ RunTime:0.000321s ]
SQL: SELECT * FROM `product` WHERE ( id = 17 ) LIMIT 1   [ RunTime:0.000838s ]
SQL: SHOW COLUMNS FROM `product` [ RunTime:0.000391s ]
SQL: SELECT * FROM `product` WHERE ( id = 17 ) LIMIT 1   [ RunTime:0.000219s ]
SQL: SHOW COLUMNS FROM `product` [ RunTime:0.000333s ]
SQL: SELECT * FROM `product` WHERE ( id = 20 ) LIMIT 1   [ RunTime:0.000189s ]
SQL: SHOW COLUMNS FROM `product` [ RunTime:0.000309s ]
SQL: SELECT * FROM `product` WHERE ( id = 17 ) LIMIT 1   [ RunTime:0.000190s ]
SQL: SHOW COLUMNS FROM `product` [ RunTime:0.000292s ]
SQL: SELECT * FROM `product` WHERE ( id = 38 ) LIMIT 1   [ RunTime:0.000168s ]
SQL: SHOW COLUMNS FROM `product` [ RunTime:0.000410s ]
SQL: SELECT * FROM `product` WHERE ( id = 20 ) LIMIT 1   [ RunTime:0.000200s ]
SQL: SHOW COLUMNS FROM `product` [ RunTime:0.000358s ]
SQL: SELECT * FROM `product` WHERE ( id = 37 ) LIMIT 1   [ RunTime:0.000203s ]
SQL: SHOW COLUMNS FROM `product` [ RunTime:0.000320s ]
SQL: SELECT * FROM `product` WHERE ( id = 27 ) LIMIT 1   [ RunTime:0.000233s ]
SQL: SHOW COLUMNS FROM `product` [ RunTime:0.000472s ]
SQL: SELECT * FROM `product` WHERE ( id = 19 ) LIMIT 1   [ RunTime:0.000220s ]
SQL: SHOW COLUMNS FROM `product` [ RunTime:0.000360s ]
SQL: SELECT * FROM `product` WHERE ( id = 20 ) LIMIT 1   [ RunTime:0.000195s ]
SQL: SHOW COLUMNS FROM `product` [ RunTime:0.000390s ]
SQL: SELECT * FROM `product` WHERE ( id = 20 ) LIMIT 1   [ RunTime:0.000255s ]
SQL: SHOW COLUMNS FROM `product` [ RunTime:0.000371s ]
SQL: SELECT * FROM `product` WHERE ( id = 20 ) LIMIT 1   [ RunTime:0.000174s ]
SQL: SHOW COLUMNS FROM `product` [ RunTime:0.000317s ]
SQL: SELECT * FROM `product` WHERE ( id = 17 ) LIMIT 1   [ RunTime:0.000180s ]
SQL: SHOW COLUMNS FROM `product` [ RunTime:0.000295s ]
SQL: SELECT * FROM `product` WHERE ( id = 19 ) LIMIT 1   [ RunTime:0.000208s ]
INFO: [ app_end ] --START--
INFO: Run Behavior\ShowPageTraceBehavior [ RunTime:0.000481s ]
INFO: [ app_end ] --END-- [ RunTime:0.000538s ]

[ 2017-05-07T16:31:23+08:00 ] 172.23.73.2 /index.php/Home/index/getAllOrderData?uid=35
INFO: [ app_init ] --START--
INFO: Run Behavior\BuildLiteBehavior [ RunTime:0.000029s ]
INFO: [ app_init ] --END-- [ RunTime:0.000636s ]
INFO: [ app_begin ] --START--
INFO: Run Behavior\ReadHtmlCacheBehavior [ RunTime:0.000482s ]
INFO: [ app_begin ] --END-- [ RunTime:0.000540s ]
NOTIC: [8192] mysql_connect(): The mysql extension is deprecated and will be removed in the future: use mysqli or PDO instead /Users/liupengfei/Downloads/AppShopService-master/ThinkPHP/Library/Think/Db/Driver/Mysql.class.php 第 52 行.
SQL: SHOW COLUMNS FROM `user` [ RunTime:0.000546s ]
SQL: SELECT * FROM `user` RIGHT JOIN buy ON buy.uid = user.id  WHERE ( user.id = 35 )  [ RunTime:0.000404s ]
SQL: SHOW COLUMNS FROM `product` [ RunTime:0.000401s ]
SQL: SELECT * FROM `product` WHERE ( id = 17 ) LIMIT 1   [ RunTime:0.000242s ]
SQL: SHOW COLUMNS FROM `product` [ RunTime:0.000568s ]
SQL: SELECT * FROM `product` WHERE ( id = 17 ) LIMIT 1   [ RunTime:0.000733s ]
SQL: SHOW COLUMNS FROM `product` [ RunTime:0.000364s ]
SQL: SELECT * FROM `product` WHERE ( id = 20 ) LIMIT 1   [ RunTime:0.000355s ]
SQL: SHOW COLUMNS FROM `product` [ RunTime:0.000380s ]
SQL: SELECT * FROM `product` WHERE ( id = 17 ) LIMIT 1   [ RunTime:0.000209s ]
SQL: SHOW COLUMNS FROM `product` [ RunTime:0.000360s ]
SQL: SELECT * FROM `product` WHERE ( id = 38 ) LIMIT 1   [ RunTime:0.000293s ]
SQL: SHOW COLUMNS FROM `product` [ RunTime:0.000406s ]
SQL: SELECT * FROM `product` WHERE ( id = 20 ) LIMIT 1   [ RunTime:0.000249s ]
SQL: SHOW COLUMNS FROM `product` [ RunTime:0.000366s ]
SQL: SELECT * FROM `product` WHERE ( id = 37 ) LIMIT 1   [ RunTime:0.000237s ]
SQL: SHOW COLUMNS FROM `product` [ RunTime:0.000504s ]
SQL: SELECT * FROM `product` WHERE ( id = 27 ) LIMIT 1   [ RunTime:0.000410s ]
SQL: SHOW COLUMNS FROM `product` [ RunTime:0.000615s ]
SQL: SELECT * FROM `product` WHERE ( id = 19 ) LIMIT 1   [ RunTime:0.000220s ]
SQL: SHOW COLUMNS FROM `product` [ RunTime:0.000341s ]
SQL: SELECT * FROM `product` WHERE ( id = 20 ) LIMIT 1   [ RunTime:0.000196s ]
SQL: SHOW COLUMNS FROM `product` [ RunTime:0.000444s ]
SQL: SELECT * FROM `product` WHERE ( id = 20 ) LIMIT 1   [ RunTime:0.000202s ]
SQL: SHOW COLUMNS FROM `product` [ RunTime:0.000388s ]
SQL: SELECT * FROM `product` WHERE ( id = 20 ) LIMIT 1   [ RunTime:0.000187s ]
SQL: SHOW COLUMNS FROM `product` [ RunTime:0.000322s ]
SQL: SELECT * FROM `product` WHERE ( id = 17 ) LIMIT 1   [ RunTime:0.000214s ]
SQL: SHOW COLUMNS FROM `product` [ RunTime:0.000326s ]
SQL: SELECT * FROM `product` WHERE ( id = 19 ) LIMIT 1   [ RunTime:0.000205s ]
INFO: [ app_end ] --START--
INFO: Run Behavior\ShowPageTraceBehavior [ RunTime:0.000635s ]
INFO: [ app_end ] --END-- [ RunTime:0.000761s ]

