[ 2017-05-02T17:56:07+08:00 ] ::1 /index.php
INFO: [ app_init ] --START--
INFO: Run Behavior\BuildLiteBehavior [ RunTime:0.000020s ]
INFO: [ app_init ] --END-- [ RunTime:0.000445s ]
INFO: [ app_begin ] --START--
INFO: Run Behavior\ReadHtmlCacheBehavior [ RunTime:0.000570s ]
INFO: [ app_begin ] --END-- [ RunTime:0.000644s ]
INFO: [ view_parse ] --START--
INFO: [ template_filter ] --START--
INFO: Run Behavior\ContentReplaceBehavior [ RunTime:0.000106s ]
INFO: [ template_filter ] --END-- [ RunTime:0.000194s ]
INFO: Run Behavior\ParseTemplateBehavior [ RunTime:0.011692s ]
INFO: [ view_parse ] --END-- [ RunTime:0.011767s ]
INFO: [ view_filter ] --START--
INFO: Run Behavior\WriteHtmlCacheBehavior [ RunTime:0.000144s ]
INFO: [ view_filter ] --END-- [ RunTime:0.000190s ]
INFO: [ app_end ] --START--
INFO: Run Behavior\ShowPageTraceBehavior [ RunTime:0.000597s ]
INFO: [ app_end ] --END-- [ RunTime:0.000681s ]

[ 2017-05-02T17:56:07+08:00 ] ::1 /index.php
INFO: [ app_init ] --START--
INFO: Run Behavior\BuildLiteBehavior [ RunTime:0.000022s ]
INFO: [ app_init ] --END-- [ RunTime:0.000575s ]
INFO: [ app_begin ] --START--
INFO: Run Behavior\ReadHtmlCacheBehavior [ RunTime:0.000778s ]
INFO: [ app_begin ] --END-- [ RunTime:0.000880s ]
INFO: [ view_parse ] --START--
INFO: [ template_filter ] --START--
INFO: Run Behavior\ContentReplaceBehavior [ RunTime:0.000145s ]
INFO: [ template_filter ] --END-- [ RunTime:0.000236s ]
INFO: Run Behavior\ParseTemplateBehavior [ RunTime:0.010102s ]
INFO: [ view_parse ] --END-- [ RunTime:0.010164s ]
INFO: [ view_filter ] --START--
INFO: Run Behavior\WriteHtmlCacheBehavior [ RunTime:0.000148s ]
INFO: [ view_filter ] --END-- [ RunTime:0.000193s ]
INFO: [ app_end ] --START--
INFO: Run Behavior\ShowPageTraceBehavior [ RunTime:0.000664s ]
INFO: [ app_end ] --END-- [ RunTime:0.000725s ]

[ 2017-05-02T18:22:18+08:00 ] 172.18.20.243 /index.php/Home/index/getUpdateAppInfo
INFO: [ app_init ] --START--
INFO: Run Behavior\BuildLiteBehavior [ RunTime:0.000023s ]
INFO: [ app_init ] --END-- [ RunTime:0.000661s ]
INFO: [ app_begin ] --START--
INFO: Run Behavior\ReadHtmlCacheBehavior [ RunTime:0.000914s ]
INFO: [ app_begin ] --END-- [ RunTime:0.001004s ]
NOTIC: [8192] mysql_connect(): The mysql extension is deprecated and will be removed in the future: use mysqli or PDO instead /Users/liupengfei/Downloads/AppShopService-master/ThinkPHP/Library/Think/Db/Driver/Mysql.class.php 第 52 行.
SQL: SHOW COLUMNS FROM `updateapp` [ RunTime:0.000571s ]
SQL: SELECT * FROM `updateapp` ORDER BY updatetime desc  [ RunTime:0.000325s ]
INFO: [ app_end ] --START--
INFO: Run Behavior\ShowPageTraceBehavior [ RunTime:0.000844s ]
INFO: [ app_end ] --END-- [ RunTime:0.000916s ]

[ 2017-05-02T18:22:19+08:00 ] 172.18.20.243 /index.php/Home/index/getProducts
INFO: [ app_init ] --START--
INFO: Run Behavior\BuildLiteBehavior [ RunTime:0.000016s ]
INFO: [ app_init ] --END-- [ RunTime:0.000332s ]
INFO: [ app_begin ] --START--
INFO: Run Behavior\ReadHtmlCacheBehavior [ RunTime:0.000427s ]
INFO: [ app_begin ] --END-- [ RunTime:0.000487s ]
NOTIC: [8192] mysql_connect(): The mysql extension is deprecated and will be removed in the future: use mysqli or PDO instead /Users/liupengfei/Downloads/AppShopService-master/ThinkPHP/Library/Think/Db/Driver/Mysql.class.php 第 52 行.
SQL: SHOW COLUMNS FROM `product` [ RunTime:0.001190s ]
SQL: SELECT * FROM `product` ORDER BY type asc  [ RunTime:0.000794s ]
INFO: [ app_end ] --START--
INFO: Run Behavior\ShowPageTraceBehavior [ RunTime:0.000571s ]
INFO: [ app_end ] --END-- [ RunTime:0.000656s ]

[ 2017-05-02T18:22:19+08:00 ] 172.18.20.243 /index.php/Home/index/getBanners
INFO: [ app_init ] --START--
INFO: Run Behavior\BuildLiteBehavior [ RunTime:0.000020s ]
INFO: [ app_init ] --END-- [ RunTime:0.000471s ]
INFO: [ app_begin ] --START--
INFO: Run Behavior\ReadHtmlCacheBehavior [ RunTime:0.000694s ]
INFO: [ app_begin ] --END-- [ RunTime:0.000798s ]
NOTIC: [8192] mysql_connect(): The mysql extension is deprecated and will be removed in the future: use mysqli or PDO instead /Users/liupengfei/Downloads/AppShopService-master/ThinkPHP/Library/Think/Db/Driver/Mysql.class.php 第 52 行.
SQL: SHOW COLUMNS FROM `banner` [ RunTime:0.000998s ]
SQL: SELECT * FROM `banner`  [ RunTime:0.000256s ]
INFO: [ app_end ] --START--
INFO: Run Behavior\ShowPageTraceBehavior [ RunTime:0.000488s ]
INFO: [ app_end ] --END-- [ RunTime:0.000543s ]

[ 2017-05-02T18:22:21+08:00 ] 172.18.20.243 /index.php/Home/index/getProducts
INFO: [ app_init ] --START--
INFO: Run Behavior\BuildLiteBehavior [ RunTime:0.000014s ]
INFO: [ app_init ] --END-- [ RunTime:0.000336s ]
INFO: [ app_begin ] --START--
INFO: Run Behavior\ReadHtmlCacheBehavior [ RunTime:0.000511s ]
INFO: [ app_begin ] --END-- [ RunTime:0.000592s ]
NOTIC: [8192] mysql_connect(): The mysql extension is deprecated and will be removed in the future: use mysqli or PDO instead /Users/liupengfei/Downloads/AppShopService-master/ThinkPHP/Library/Think/Db/Driver/Mysql.class.php 第 52 行.
SQL: SHOW COLUMNS FROM `product` [ RunTime:0.000470s ]
SQL: SELECT * FROM `product` ORDER BY type asc  [ RunTime:0.000380s ]
INFO: [ app_end ] --START--
INFO: Run Behavior\ShowPageTraceBehavior [ RunTime:0.000496s ]
INFO: [ app_end ] --END-- [ RunTime:0.000555s ]

[ 2017-05-02T18:22:36+08:00 ] 172.18.20.243 /index.php/Home/index/getUpdateAppInfo
INFO: [ app_init ] --START--
INFO: Run Behavior\BuildLiteBehavior [ RunTime:0.000026s ]
INFO: [ app_init ] --END-- [ RunTime:0.000678s ]
INFO: [ app_begin ] --START--
INFO: Run Behavior\ReadHtmlCacheBehavior [ RunTime:0.000675s ]
INFO: [ app_begin ] --END-- [ RunTime:0.000749s ]
NOTIC: [8192] mysql_connect(): The mysql extension is deprecated and will be removed in the future: use mysqli or PDO instead /Users/liupengfei/Downloads/AppShopService-master/ThinkPHP/Library/Think/Db/Driver/Mysql.class.php 第 52 行.
SQL: SHOW COLUMNS FROM `updateapp` [ RunTime:0.000708s ]
SQL: SELECT * FROM `updateapp` ORDER BY updatetime desc  [ RunTime:0.000328s ]
INFO: [ app_end ] --START--
INFO: Run Behavior\ShowPageTraceBehavior [ RunTime:0.000859s ]
INFO: [ app_end ] --END-- [ RunTime:0.000964s ]

[ 2017-05-02T18:22:38+08:00 ] 172.18.20.243 /index.php/Home/index/getProducts
INFO: [ app_init ] --START--
INFO: Run Behavior\BuildLiteBehavior [ RunTime:0.000020s ]
INFO: [ app_init ] --END-- [ RunTime:0.000437s ]
INFO: [ app_begin ] --START--
INFO: Run Behavior\ReadHtmlCacheBehavior [ RunTime:0.000536s ]
INFO: [ app_begin ] --END-- [ RunTime:0.000617s ]
NOTIC: [8192] mysql_connect(): The mysql extension is deprecated and will be removed in the future: use mysqli or PDO instead /Users/liupengfei/Downloads/AppShopService-master/ThinkPHP/Library/Think/Db/Driver/Mysql.class.php 第 52 行.
SQL: SHOW COLUMNS FROM `product` [ RunTime:0.000630s ]
SQL: SELECT * FROM `product` ORDER BY type asc  [ RunTime:0.001237s ]
INFO: [ app_end ] --START--
INFO: Run Behavior\ShowPageTraceBehavior [ RunTime:0.000557s ]
INFO: [ app_end ] --END-- [ RunTime:0.000663s ]

[ 2017-05-02T18:22:38+08:00 ] 172.18.20.243 /index.php/Home/index/getBanners
INFO: [ app_init ] --START--
INFO: Run Behavior\BuildLiteBehavior [ RunTime:0.000014s ]
INFO: [ app_init ] --END-- [ RunTime:0.000313s ]
INFO: [ app_begin ] --START--
INFO: Run Behavior\ReadHtmlCacheBehavior [ RunTime:0.000659s ]
INFO: [ app_begin ] --END-- [ RunTime:0.000759s ]
NOTIC: [8192] mysql_connect(): The mysql extension is deprecated and will be removed in the future: use mysqli or PDO instead /Users/liupengfei/Downloads/AppShopService-master/ThinkPHP/Library/Think/Db/Driver/Mysql.class.php 第 52 行.
SQL: SHOW COLUMNS FROM `banner` [ RunTime:0.000461s ]
SQL: SELECT * FROM `banner`  [ RunTime:0.000249s ]
INFO: [ app_end ] --START--
INFO: Run Behavior\ShowPageTraceBehavior [ RunTime:0.000475s ]
INFO: [ app_end ] --END-- [ RunTime:0.000527s ]

[ 2017-05-02T18:22:43+08:00 ] 172.18.20.243 /index.php/Home/index/getProducts
INFO: [ app_init ] --START--
INFO: Run Behavior\BuildLiteBehavior [ RunTime:0.000021s ]
INFO: [ app_init ] --END-- [ RunTime:0.000619s ]
INFO: [ app_begin ] --START--
INFO: Run Behavior\ReadHtmlCacheBehavior [ RunTime:0.001218s ]
INFO: [ app_begin ] --END-- [ RunTime:0.001407s ]
NOTIC: [8192] mysql_connect(): The mysql extension is deprecated and will be removed in the future: use mysqli or PDO instead /Users/liupengfei/Downloads/AppShopService-master/ThinkPHP/Library/Think/Db/Driver/Mysql.class.php 第 52 行.
SQL: SHOW COLUMNS FROM `product` [ RunTime:0.001081s ]
SQL: SELECT * FROM `product` ORDER BY type asc  [ RunTime:0.000771s ]
INFO: [ app_end ] --START--
INFO: Run Behavior\ShowPageTraceBehavior [ RunTime:0.000734s ]
INFO: [ app_end ] --END-- [ RunTime:0.000826s ]

[ 2017-05-02T18:22:45+08:00 ] 172.18.20.243 /index.php/Home/index/getProducts
INFO: [ app_init ] --START--
INFO: Run Behavior\BuildLiteBehavior [ RunTime:0.000016s ]
INFO: [ app_init ] --END-- [ RunTime:0.000407s ]
INFO: [ app_begin ] --START--
INFO: Run Behavior\ReadHtmlCacheBehavior [ RunTime:0.000467s ]
INFO: [ app_begin ] --END-- [ RunTime:0.000532s ]
NOTIC: [8192] mysql_connect(): The mysql extension is deprecated and will be removed in the future: use mysqli or PDO instead /Users/liupengfei/Downloads/AppShopService-master/ThinkPHP/Library/Think/Db/Driver/Mysql.class.php 第 52 行.
SQL: SHOW COLUMNS FROM `product` [ RunTime:0.000451s ]
SQL: SELECT * FROM `product` ORDER BY type asc  [ RunTime:0.000648s ]
INFO: [ app_end ] --START--
INFO: Run Behavior\ShowPageTraceBehavior [ RunTime:0.000955s ]
INFO: [ app_end ] --END-- [ RunTime:0.001117s ]

[ 2017-05-02T18:22:49+08:00 ] 172.18.20.243 /index.php/Home/index/getProducts
INFO: [ app_init ] --START--
INFO: Run Behavior\BuildLiteBehavior [ RunTime:0.000014s ]
INFO: [ app_init ] --END-- [ RunTime:0.000315s ]
INFO: [ app_begin ] --START--
INFO: Run Behavior\ReadHtmlCacheBehavior [ RunTime:0.000468s ]
INFO: [ app_begin ] --END-- [ RunTime:0.000538s ]
NOTIC: [8192] mysql_connect(): The mysql extension is deprecated and will be removed in the future: use mysqli or PDO instead /Users/liupengfei/Downloads/AppShopService-master/ThinkPHP/Library/Think/Db/Driver/Mysql.class.php 第 52 行.
SQL: SHOW COLUMNS FROM `product` [ RunTime:0.000572s ]
SQL: SELECT * FROM `product` ORDER BY type asc  [ RunTime:0.000779s ]
INFO: [ app_end ] --START--
INFO: Run Behavior\ShowPageTraceBehavior [ RunTime:0.000846s ]
INFO: [ app_end ] --END-- [ RunTime:0.000983s ]

[ 2017-05-02T18:22:50+08:00 ] 172.18.20.243 /index.php/Home/index/getProducts
INFO: [ app_init ] --START--
INFO: Run Behavior\BuildLiteBehavior [ RunTime:0.000015s ]
INFO: [ app_init ] --END-- [ RunTime:0.000344s ]
INFO: [ app_begin ] --START--
INFO: Run Behavior\ReadHtmlCacheBehavior [ RunTime:0.000479s ]
INFO: [ app_begin ] --END-- [ RunTime:0.000549s ]
NOTIC: [8192] mysql_connect(): The mysql extension is deprecated and will be removed in the future: use mysqli or PDO instead /Users/liupengfei/Downloads/AppShopService-master/ThinkPHP/Library/Think/Db/Driver/Mysql.class.php 第 52 行.
SQL: SHOW COLUMNS FROM `product` [ RunTime:0.000484s ]
SQL: SELECT * FROM `product` ORDER BY type asc  [ RunTime:0.000645s ]
INFO: [ app_end ] --START--
INFO: Run Behavior\ShowPageTraceBehavior [ RunTime:0.000531s ]
INFO: [ app_end ] --END-- [ RunTime:0.000602s ]

[ 2017-05-02T18:24:17+08:00 ] 172.18.20.243 /index.php/Home/index/getProducts
INFO: [ app_init ] --START--
INFO: Run Behavior\BuildLiteBehavior [ RunTime:0.000020s ]
INFO: [ app_init ] --END-- [ RunTime:0.000662s ]
INFO: [ app_begin ] --START--
INFO: Run Behavior\ReadHtmlCacheBehavior [ RunTime:0.000779s ]
INFO: [ app_begin ] --END-- [ RunTime:0.000853s ]
NOTIC: [8192] mysql_connect(): The mysql extension is deprecated and will be removed in the future: use mysqli or PDO instead /Users/liupengfei/Downloads/AppShopService-master/ThinkPHP/Library/Think/Db/Driver/Mysql.class.php 第 52 行.
SQL: SHOW COLUMNS FROM `product` [ RunTime:0.000729s ]
SQL: SELECT * FROM `product` ORDER BY type asc  [ RunTime:0.000513s ]
INFO: [ app_end ] --START--
INFO: Run Behavior\ShowPageTraceBehavior [ RunTime:0.000851s ]
INFO: [ app_end ] --END-- [ RunTime:0.000936s ]

[ 2017-05-02T18:24:17+08:00 ] 172.18.20.243 /index.php/Home/index/getBanners
INFO: [ app_init ] --START--
INFO: Run Behavior\BuildLiteBehavior [ RunTime:0.000013s ]
INFO: [ app_init ] --END-- [ RunTime:0.000422s ]
INFO: [ app_begin ] --START--
INFO: Run Behavior\ReadHtmlCacheBehavior [ RunTime:0.000604s ]
INFO: [ app_begin ] --END-- [ RunTime:0.000684s ]
NOTIC: [8192] mysql_connect(): The mysql extension is deprecated and will be removed in the future: use mysqli or PDO instead /Users/liupengfei/Downloads/AppShopService-master/ThinkPHP/Library/Think/Db/Driver/Mysql.class.php 第 52 行.
SQL: SHOW COLUMNS FROM `banner` [ RunTime:0.000455s ]
SQL: SELECT * FROM `banner`  [ RunTime:0.000286s ]
INFO: [ app_end ] --START--
INFO: Run Behavior\ShowPageTraceBehavior [ RunTime:0.000601s ]
INFO: [ app_end ] --END-- [ RunTime:0.000669s ]

[ 2017-05-02T18:24:17+08:00 ] 172.18.20.243 /index.php/Home/index/getProducts
INFO: [ app_init ] --START--
INFO: Run Behavior\BuildLiteBehavior [ RunTime:0.000018s ]
INFO: [ app_init ] --END-- [ RunTime:0.000502s ]
INFO: [ app_begin ] --START--
INFO: Run Behavior\ReadHtmlCacheBehavior [ RunTime:0.000526s ]
INFO: [ app_begin ] --END-- [ RunTime:0.000592s ]
NOTIC: [8192] mysql_connect(): The mysql extension is deprecated and will be removed in the future: use mysqli or PDO instead /Users/liupengfei/Downloads/AppShopService-master/ThinkPHP/Library/Think/Db/Driver/Mysql.class.php 第 52 行.
SQL: SHOW COLUMNS FROM `product` [ RunTime:0.000404s ]
SQL: SELECT * FROM `product` ORDER BY type asc  [ RunTime:0.000423s ]
INFO: [ app_end ] --START--
INFO: Run Behavior\ShowPageTraceBehavior [ RunTime:0.000645s ]
INFO: [ app_end ] --END-- [ RunTime:0.000727s ]

[ 2017-05-02T18:25:18+08:00 ] 172.18.20.243 /index.php/Home/index/login?phone=15639285163&password=123
INFO: [ app_init ] --START--
INFO: Run Behavior\BuildLiteBehavior [ RunTime:0.000018s ]
INFO: [ app_init ] --END-- [ RunTime:0.000697s ]
INFO: [ app_begin ] --START--
INFO: Run Behavior\ReadHtmlCacheBehavior [ RunTime:0.000852s ]
INFO: [ app_begin ] --END-- [ RunTime:0.000931s ]
NOTIC: [8192] mysql_connect(): The mysql extension is deprecated and will be removed in the future: use mysqli or PDO instead /Users/liupengfei/Downloads/AppShopService-master/ThinkPHP/Library/Think/Db/Driver/Mysql.class.php 第 52 行.
SQL: SHOW COLUMNS FROM `user` [ RunTime:0.000440s ]
SQL: SELECT * FROM `user` WHERE ( phone='15639285163' ) LIMIT 1   [ RunTime:0.000427s ]
SQL: SHOW COLUMNS FROM `user` [ RunTime:0.000349s ]
SQL: SELECT * FROM `user` WHERE ( password = '202cb962ac59075b964b07152d234b70'&& phone='15639285163' ) LIMIT 1   [ RunTime:0.000214s ]
SQL: SHOW COLUMNS FROM `user` [ RunTime:0.000343s ]
SQL: SELECT * FROM `user` WHERE ( password = '202cb962ac59075b964b07152d234b70'&& phone='15639285163' ) LIMIT 1   [ RunTime:0.000227s ]

[ 2017-05-02T18:25:36+08:00 ] 172.18.20.243 /index.php/Home/index/login?phone=15639285163&password=123
INFO: [ app_init ] --START--
INFO: Run Behavior\BuildLiteBehavior [ RunTime:0.000022s ]
INFO: [ app_init ] --END-- [ RunTime:0.000570s ]
INFO: [ app_begin ] --START--
INFO: Run Behavior\ReadHtmlCacheBehavior [ RunTime:0.000579s ]
INFO: [ app_begin ] --END-- [ RunTime:0.000653s ]
NOTIC: [8192] mysql_connect(): The mysql extension is deprecated and will be removed in the future: use mysqli or PDO instead /Users/liupengfei/Downloads/AppShopService-master/ThinkPHP/Library/Think/Db/Driver/Mysql.class.php 第 52 行.
SQL: SHOW COLUMNS FROM `user` [ RunTime:0.000545s ]
SQL: SELECT * FROM `user` WHERE ( phone='15639285163' ) LIMIT 1   [ RunTime:0.000545s ]
SQL: SHOW COLUMNS FROM `user` [ RunTime:0.000458s ]
SQL: SELECT * FROM `user` WHERE ( password = '202cb962ac59075b964b07152d234b70'&& phone='15639285163' ) LIMIT 1   [ RunTime:0.000223s ]
SQL: SHOW COLUMNS FROM `user` [ RunTime:0.000365s ]
SQL: SELECT * FROM `user` WHERE ( password = '202cb962ac59075b964b07152d234b70'&& phone='15639285163' ) LIMIT 1   [ RunTime:0.000212s ]

[ 2017-05-02T18:26:03+08:00 ] 172.18.20.243 /index.php/Home/index/getProducts
INFO: [ app_init ] --START--
INFO: Run Behavior\BuildLiteBehavior [ RunTime:0.000021s ]
INFO: [ app_init ] --END-- [ RunTime:0.000447s ]
INFO: [ app_begin ] --START--
INFO: Run Behavior\ReadHtmlCacheBehavior [ RunTime:0.000621s ]
INFO: [ app_begin ] --END-- [ RunTime:0.000691s ]
NOTIC: [8192] mysql_connect(): The mysql extension is deprecated and will be removed in the future: use mysqli or PDO instead /Users/liupengfei/Downloads/AppShopService-master/ThinkPHP/Library/Think/Db/Driver/Mysql.class.php 第 52 行.
SQL: SHOW COLUMNS FROM `product` [ RunTime:0.000655s ]
SQL: SELECT * FROM `product` ORDER BY type asc  [ RunTime:0.000623s ]
INFO: [ app_end ] --START--
INFO: Run Behavior\ShowPageTraceBehavior [ RunTime:0.000725s ]
INFO: [ app_end ] --END-- [ RunTime:0.000796s ]

[ 2017-05-02T18:26:03+08:00 ] 172.18.20.243 /index.php/Home/index/getBanners
INFO: [ app_init ] --START--
INFO: Run Behavior\BuildLiteBehavior [ RunTime:0.000015s ]
INFO: [ app_init ] --END-- [ RunTime:0.000456s ]
INFO: [ app_begin ] --START--
INFO: Run Behavior\ReadHtmlCacheBehavior [ RunTime:0.000507s ]
INFO: [ app_begin ] --END-- [ RunTime:0.000593s ]
NOTIC: [8192] mysql_connect(): The mysql extension is deprecated and will be removed in the future: use mysqli or PDO instead /Users/liupengfei/Downloads/AppShopService-master/ThinkPHP/Library/Think/Db/Driver/Mysql.class.php 第 52 行.
SQL: SHOW COLUMNS FROM `banner` [ RunTime:0.000415s ]
SQL: SELECT * FROM `banner`  [ RunTime:0.000611s ]
INFO: [ app_end ] --START--
INFO: Run Behavior\ShowPageTraceBehavior [ RunTime:0.000502s ]
INFO: [ app_end ] --END-- [ RunTime:0.000566s ]

[ 2017-05-02T18:26:03+08:00 ] 172.18.20.243 /index.php/Home/index/getProducts
INFO: [ app_init ] --START--
INFO: Run Behavior\BuildLiteBehavior [ RunTime:0.000022s ]
INFO: [ app_init ] --END-- [ RunTime:0.000585s ]
INFO: [ app_begin ] --START--
INFO: Run Behavior\ReadHtmlCacheBehavior [ RunTime:0.000720s ]
INFO: [ app_begin ] --END-- [ RunTime:0.000812s ]
NOTIC: [8192] mysql_connect(): The mysql extension is deprecated and will be removed in the future: use mysqli or PDO instead /Users/liupengfei/Downloads/AppShopService-master/ThinkPHP/Library/Think/Db/Driver/Mysql.class.php 第 52 行.
SQL: SHOW COLUMNS FROM `product` [ RunTime:0.000557s ]
SQL: SELECT * FROM `product` ORDER BY type asc  [ RunTime:0.000720s ]
INFO: [ app_end ] --START--
INFO: Run Behavior\ShowPageTraceBehavior [ RunTime:0.000623s ]
INFO: [ app_end ] --END-- [ RunTime:0.000699s ]

[ 2017-05-02T18:26:05+08:00 ] 172.18.20.243 /index.php/Home/index/getCommentData
INFO: [ app_init ] --START--
INFO: Run Behavior\BuildLiteBehavior [ RunTime:0.000014s ]
INFO: [ app_init ] --END-- [ RunTime:0.000383s ]
INFO: [ app_begin ] --START--
INFO: Run Behavior\ReadHtmlCacheBehavior [ RunTime:0.000532s ]
INFO: [ app_begin ] --END-- [ RunTime:0.000596s ]
NOTIC: [8192] mysql_connect(): The mysql extension is deprecated and will be removed in the future: use mysqli or PDO instead /Users/liupengfei/Downloads/AppShopService-master/ThinkPHP/Library/Think/Db/Driver/Mysql.class.php 第 52 行.
SQL: SHOW COLUMNS FROM `comment` [ RunTime:0.000623s ]
SQL: SELECT * FROM `comment` LEFT JOIN product ON comment.pid = product.id LEFT JOIN user ON comment.uid = user.id   [ RunTime:0.000554s ]
SQL: SHOW COLUMNS FROM `comment` [ RunTime:0.000531s ]
SQL: SELECT `id` FROM `comment`  [ RunTime:0.000207s ]
SQL: SHOW COLUMNS FROM `subcomment` [ RunTime:0.000352s ]
SQL: SELECT * FROM `subcomment` WHERE ( cid = 36 )  [ RunTime:0.000271s ]
SQL: SHOW COLUMNS FROM `subcomment` [ RunTime:0.000356s ]
SQL: SELECT * FROM `subcomment` WHERE ( cid = 37 )  [ RunTime:0.000230s ]
SQL: SHOW COLUMNS FROM `subcomment` [ RunTime:0.000428s ]
SQL: SELECT * FROM `subcomment` WHERE ( cid = 38 )  [ RunTime:0.000280s ]
SQL: SHOW COLUMNS FROM `subcomment` [ RunTime:0.000340s ]
SQL: SELECT * FROM `subcomment` WHERE ( cid = 39 )  [ RunTime:0.000221s ]
SQL: SHOW COLUMNS FROM `subcomment` [ RunTime:0.000304s ]
SQL: SELECT * FROM `subcomment` WHERE ( cid = 40 )  [ RunTime:0.000235s ]
SQL: SHOW COLUMNS FROM `subcomment` [ RunTime:0.000617s ]
SQL: SELECT * FROM `subcomment` WHERE ( cid = 41 )  [ RunTime:0.000281s ]
SQL: SHOW COLUMNS FROM `subcomment` [ RunTime:0.000572s ]
SQL: SELECT * FROM `subcomment` WHERE ( cid = 42 )  [ RunTime:0.000239s ]
SQL: SHOW COLUMNS FROM `subcomment` [ RunTime:0.000326s ]
SQL: SELECT * FROM `subcomment` WHERE ( cid = 43 )  [ RunTime:0.000282s ]
SQL: SHOW COLUMNS FROM `subcomment` [ RunTime:0.000682s ]
SQL: SELECT * FROM `subcomment` WHERE ( cid = 44 )  [ RunTime:0.000280s ]
SQL: SHOW COLUMNS FROM `subcomment` [ RunTime:0.000349s ]
SQL: SELECT * FROM `subcomment` WHERE ( cid = 45 )  [ RunTime:0.000212s ]
SQL: SHOW COLUMNS FROM `subcomment` [ RunTime:0.000313s ]
SQL: SELECT * FROM `subcomment` WHERE ( cid = 46 )  [ RunTime:0.000202s ]
SQL: SHOW COLUMNS FROM `subcomment` [ RunTime:0.000293s ]
SQL: SELECT * FROM `subcomment` WHERE ( cid = 47 )  [ RunTime:0.000188s ]
SQL: SHOW COLUMNS FROM `subcomment` [ RunTime:0.000303s ]
SQL: SELECT * FROM `subcomment` WHERE ( cid = 48 )  [ RunTime:0.000196s ]
SQL: SHOW COLUMNS FROM `subcomment` [ RunTime:0.000290s ]
SQL: SELECT * FROM `subcomment` WHERE ( cid = 49 )  [ RunTime:0.000216s ]
INFO: [ app_end ] --START--
INFO: Run Behavior\ShowPageTraceBehavior [ RunTime:0.000572s ]
INFO: [ app_end ] --END-- [ RunTime:0.000635s ]

[ 2017-05-02T18:26:05+08:00 ] 172.18.20.243 /index.php/Home/index/getCommentData
INFO: [ app_init ] --START--
INFO: Run Behavior\BuildLiteBehavior [ RunTime:0.000016s ]
INFO: [ app_init ] --END-- [ RunTime:0.000379s ]
INFO: [ app_begin ] --START--
INFO: Run Behavior\ReadHtmlCacheBehavior [ RunTime:0.000457s ]
INFO: [ app_begin ] --END-- [ RunTime:0.000513s ]
NOTIC: [8192] mysql_connect(): The mysql extension is deprecated and will be removed in the future: use mysqli or PDO instead /Users/liupengfei/Downloads/AppShopService-master/ThinkPHP/Library/Think/Db/Driver/Mysql.class.php 第 52 行.
SQL: SHOW COLUMNS FROM `comment` [ RunTime:0.000427s ]
SQL: SELECT * FROM `comment` LEFT JOIN product ON comment.pid = product.id LEFT JOIN user ON comment.uid = user.id   [ RunTime:0.000521s ]
SQL: SHOW COLUMNS FROM `comment` [ RunTime:0.000795s ]
SQL: SELECT `id` FROM `comment`  [ RunTime:0.000201s ]
SQL: SHOW COLUMNS FROM `subcomment` [ RunTime:0.000667s ]
SQL: SELECT * FROM `subcomment` WHERE ( cid = 36 )  [ RunTime:0.000340s ]
SQL: SHOW COLUMNS FROM `subcomment` [ RunTime:0.000359s ]
SQL: SELECT * FROM `subcomment` WHERE ( cid = 37 )  [ RunTime:0.000381s ]
SQL: SHOW COLUMNS FROM `subcomment` [ RunTime:0.000460s ]
SQL: SELECT * FROM `subcomment` WHERE ( cid = 38 )  [ RunTime:0.000241s ]
SQL: SHOW COLUMNS FROM `subcomment` [ RunTime:0.000307s ]
SQL: SELECT * FROM `subcomment` WHERE ( cid = 39 )  [ RunTime:0.000206s ]
SQL: SHOW COLUMNS FROM `subcomment` [ RunTime:0.000293s ]
SQL: SELECT * FROM `subcomment` WHERE ( cid = 40 )  [ RunTime:0.000209s ]
SQL: SHOW COLUMNS FROM `subcomment` [ RunTime:0.000327s ]
SQL: SELECT * FROM `subcomment` WHERE ( cid = 41 )  [ RunTime:0.000213s ]
SQL: SHOW COLUMNS FROM `subcomment` [ RunTime:0.000325s ]
SQL: SELECT * FROM `subcomment` WHERE ( cid = 42 )  [ RunTime:0.000198s ]
SQL: SHOW COLUMNS FROM `subcomment` [ RunTime:0.000354s ]
SQL: SELECT * FROM `subcomment` WHERE ( cid = 43 )  [ RunTime:0.000202s ]
SQL: SHOW COLUMNS FROM `subcomment` [ RunTime:0.000386s ]
SQL: SELECT * FROM `subcomment` WHERE ( cid = 44 )  [ RunTime:0.000198s ]
SQL: SHOW COLUMNS FROM `subcomment` [ RunTime:0.000411s ]
SQL: SELECT * FROM `subcomment` WHERE ( cid = 45 )  [ RunTime:0.000338s ]
SQL: SHOW COLUMNS FROM `subcomment` [ RunTime:0.000367s ]
SQL: SELECT * FROM `subcomment` WHERE ( cid = 46 )  [ RunTime:0.000206s ]
SQL: SHOW COLUMNS FROM `subcomment` [ RunTime:0.000298s ]
SQL: SELECT * FROM `subcomment` WHERE ( cid = 47 )  [ RunTime:0.000220s ]
SQL: SHOW COLUMNS FROM `subcomment` [ RunTime:0.000345s ]
SQL: SELECT * FROM `subcomment` WHERE ( cid = 48 )  [ RunTime:0.000223s ]
SQL: SHOW COLUMNS FROM `subcomment` [ RunTime:0.000417s ]
SQL: SELECT * FROM `subcomment` WHERE ( cid = 49 )  [ RunTime:0.000220s ]
INFO: [ app_end ] --START--
INFO: Run Behavior\ShowPageTraceBehavior [ RunTime:0.000722s ]
INFO: [ app_end ] --END-- [ RunTime:0.000801s ]

[ 2017-05-02T18:27:50+08:00 ] 172.18.20.243 /index.php/Home/index/getCommentData
INFO: [ app_init ] --START--
INFO: Run Behavior\BuildLiteBehavior [ RunTime:0.000022s ]
INFO: [ app_init ] --END-- [ RunTime:0.000440s ]
INFO: [ app_begin ] --START--
INFO: Run Behavior\ReadHtmlCacheBehavior [ RunTime:0.000556s ]
INFO: [ app_begin ] --END-- [ RunTime:0.000665s ]
NOTIC: [8192] mysql_connect(): The mysql extension is deprecated and will be removed in the future: use mysqli or PDO instead /Users/liupengfei/Downloads/AppShopService-master/ThinkPHP/Library/Think/Db/Driver/Mysql.class.php 第 52 行.
SQL: SHOW COLUMNS FROM `comment` [ RunTime:0.000548s ]
SQL: SELECT * FROM `comment` LEFT JOIN product ON comment.pid = product.id LEFT JOIN user ON comment.uid = user.id   [ RunTime:0.000636s ]
SQL: SHOW COLUMNS FROM `comment` [ RunTime:0.000582s ]
SQL: SELECT `id` FROM `comment`  [ RunTime:0.000247s ]
SQL: SHOW COLUMNS FROM `subcomment` [ RunTime:0.000398s ]
SQL: SELECT * FROM `subcomment` WHERE ( cid = 36 )  [ RunTime:0.000348s ]
SQL: SHOW COLUMNS FROM `subcomment` [ RunTime:0.000403s ]
SQL: SELECT * FROM `subcomment` WHERE ( cid = 37 )  [ RunTime:0.000263s ]
SQL: SHOW COLUMNS FROM `subcomment` [ RunTime:0.000736s ]
SQL: SELECT * FROM `subcomment` WHERE ( cid = 38 )  [ RunTime:0.000241s ]
SQL: SHOW COLUMNS FROM `subcomment` [ RunTime:0.000298s ]
SQL: SELECT * FROM `subcomment` WHERE ( cid = 39 )  [ RunTime:0.000207s ]
SQL: SHOW COLUMNS FROM `subcomment` [ RunTime:0.000312s ]
SQL: SELECT * FROM `subcomment` WHERE ( cid = 40 )  [ RunTime:0.000259s ]
SQL: SHOW COLUMNS FROM `subcomment` [ RunTime:0.000299s ]
SQL: SELECT * FROM `subcomment` WHERE ( cid = 41 )  [ RunTime:0.000212s ]
SQL: SHOW COLUMNS FROM `subcomment` [ RunTime:0.000300s ]
SQL: SELECT * FROM `subcomment` WHERE ( cid = 42 )  [ RunTime:0.000213s ]
SQL: SHOW COLUMNS FROM `subcomment` [ RunTime:0.000541s ]
SQL: SELECT * FROM `subcomment` WHERE ( cid = 43 )  [ RunTime:0.000207s ]
SQL: SHOW COLUMNS FROM `subcomment` [ RunTime:0.000296s ]
SQL: SELECT * FROM `subcomment` WHERE ( cid = 44 )  [ RunTime:0.000282s ]
SQL: SHOW COLUMNS FROM `subcomment` [ RunTime:0.000313s ]
SQL: SELECT * FROM `subcomment` WHERE ( cid = 45 )  [ RunTime:0.000222s ]
SQL: SHOW COLUMNS FROM `subcomment` [ RunTime:0.000576s ]
SQL: SELECT * FROM `subcomment` WHERE ( cid = 46 )  [ RunTime:0.000250s ]
SQL: SHOW COLUMNS FROM `subcomment` [ RunTime:0.000397s ]
SQL: SELECT * FROM `subcomment` WHERE ( cid = 47 )  [ RunTime:0.000332s ]
SQL: SHOW COLUMNS FROM `subcomment` [ RunTime:0.000649s ]
SQL: SELECT * FROM `subcomment` WHERE ( cid = 48 )  [ RunTime:0.000299s ]
SQL: SHOW COLUMNS FROM `subcomment` [ RunTime:0.000415s ]
SQL: SELECT * FROM `subcomment` WHERE ( cid = 49 )  [ RunTime:0.000221s ]
INFO: [ app_end ] --START--
INFO: Run Behavior\ShowPageTraceBehavior [ RunTime:0.001130s ]
INFO: [ app_end ] --END-- [ RunTime:0.001242s ]

[ 2017-05-02T18:27:50+08:00 ] 172.18.20.243 /index.php/Home/index/getCommentData
INFO: [ app_init ] --START--
INFO: Run Behavior\BuildLiteBehavior [ RunTime:0.000023s ]
INFO: [ app_init ] --END-- [ RunTime:0.000518s ]
INFO: [ app_begin ] --START--
INFO: Run Behavior\ReadHtmlCacheBehavior [ RunTime:0.000474s ]
INFO: [ app_begin ] --END-- [ RunTime:0.000541s ]
NOTIC: [8192] mysql_connect(): The mysql extension is deprecated and will be removed in the future: use mysqli or PDO instead /Users/liupengfei/Downloads/AppShopService-master/ThinkPHP/Library/Think/Db/Driver/Mysql.class.php 第 52 行.
SQL: SHOW COLUMNS FROM `comment` [ RunTime:0.001255s ]
SQL: SELECT * FROM `comment` LEFT JOIN product ON comment.pid = product.id LEFT JOIN user ON comment.uid = user.id   [ RunTime:0.000892s ]
SQL: SHOW COLUMNS FROM `comment` [ RunTime:0.000641s ]
SQL: SELECT `id` FROM `comment`  [ RunTime:0.000261s ]
SQL: SHOW COLUMNS FROM `subcomment` [ RunTime:0.001482s ]
SQL: SELECT * FROM `subcomment` WHERE ( cid = 36 )  [ RunTime:0.000277s ]
SQL: SHOW COLUMNS FROM `subcomment` [ RunTime:0.000783s ]
SQL: SELECT * FROM `subcomment` WHERE ( cid = 37 )  [ RunTime:0.000214s ]
SQL: SHOW COLUMNS FROM `subcomment` [ RunTime:0.000387s ]
SQL: SELECT * FROM `subcomment` WHERE ( cid = 38 )  [ RunTime:0.000205s ]
SQL: SHOW COLUMNS FROM `subcomment` [ RunTime:0.000304s ]
SQL: SELECT * FROM `subcomment` WHERE ( cid = 39 )  [ RunTime:0.000253s ]
SQL: SHOW COLUMNS FROM `subcomment` [ RunTime:0.000292s ]
SQL: SELECT * FROM `subcomment` WHERE ( cid = 40 )  [ RunTime:0.000217s ]
SQL: SHOW COLUMNS FROM `subcomment` [ RunTime:0.000290s ]
SQL: SELECT * FROM `subcomment` WHERE ( cid = 41 )  [ RunTime:0.000213s ]
SQL: SHOW COLUMNS FROM `subcomment` [ RunTime:0.000589s ]
SQL: SELECT * FROM `subcomment` WHERE ( cid = 42 )  [ RunTime:0.000233s ]
SQL: SHOW COLUMNS FROM `subcomment` [ RunTime:0.000305s ]
SQL: SELECT * FROM `subcomment` WHERE ( cid = 43 )  [ RunTime:0.000219s ]
SQL: SHOW COLUMNS FROM `subcomment` [ RunTime:0.000360s ]
SQL: SELECT * FROM `subcomment` WHERE ( cid = 44 )  [ RunTime:0.000208s ]
SQL: SHOW COLUMNS FROM `subcomment` [ RunTime:0.000525s ]
SQL: SELECT * FROM `subcomment` WHERE ( cid = 45 )  [ RunTime:0.000241s ]
SQL: SHOW COLUMNS FROM `subcomment` [ RunTime:0.000436s ]
SQL: SELECT * FROM `subcomment` WHERE ( cid = 46 )  [ RunTime:0.000328s ]
SQL: SHOW COLUMNS FROM `subcomment` [ RunTime:0.000601s ]
SQL: SELECT * FROM `subcomment` WHERE ( cid = 47 )  [ RunTime:0.000271s ]
SQL: SHOW COLUMNS FROM `subcomment` [ RunTime:0.000414s ]
SQL: SELECT * FROM `subcomment` WHERE ( cid = 48 )  [ RunTime:0.000271s ]
SQL: SHOW COLUMNS FROM `subcomment` [ RunTime:0.000699s ]
SQL: SELECT * FROM `subcomment` WHERE ( cid = 49 )  [ RunTime:0.000337s ]
INFO: [ app_end ] --START--
INFO: Run Behavior\ShowPageTraceBehavior [ RunTime:0.000699s ]
INFO: [ app_end ] --END-- [ RunTime:0.000797s ]

[ 2017-05-02T18:27:53+08:00 ] 172.18.20.243 /index.php/Home/index/getCommentData
INFO: [ app_init ] --START--
INFO: Run Behavior\BuildLiteBehavior [ RunTime:0.000020s ]
INFO: [ app_init ] --END-- [ RunTime:0.000437s ]
INFO: [ app_begin ] --START--
INFO: Run Behavior\ReadHtmlCacheBehavior [ RunTime:0.000442s ]
INFO: [ app_begin ] --END-- [ RunTime:0.000501s ]
NOTIC: [8192] mysql_connect(): The mysql extension is deprecated and will be removed in the future: use mysqli or PDO instead /Users/liupengfei/Downloads/AppShopService-master/ThinkPHP/Library/Think/Db/Driver/Mysql.class.php 第 52 行.
SQL: SHOW COLUMNS FROM `comment` [ RunTime:0.000485s ]
SQL: SELECT * FROM `comment` LEFT JOIN product ON comment.pid = product.id LEFT JOIN user ON comment.uid = user.id   [ RunTime:0.000515s ]
SQL: SHOW COLUMNS FROM `comment` [ RunTime:0.000418s ]
SQL: SELECT `id` FROM `comment`  [ RunTime:0.000274s ]
SQL: SHOW COLUMNS FROM `subcomment` [ RunTime:0.000375s ]
SQL: SELECT * FROM `subcomment` WHERE ( cid = 36 )  [ RunTime:0.000289s ]
SQL: SHOW COLUMNS FROM `subcomment` [ RunTime:0.000306s ]
SQL: SELECT * FROM `subcomment` WHERE ( cid = 37 )  [ RunTime:0.000204s ]
SQL: SHOW COLUMNS FROM `subcomment` [ RunTime:0.000294s ]
SQL: SELECT * FROM `subcomment` WHERE ( cid = 38 )  [ RunTime:0.000215s ]
SQL: SHOW COLUMNS FROM `subcomment` [ RunTime:0.000308s ]
SQL: SELECT * FROM `subcomment` WHERE ( cid = 39 )  [ RunTime:0.000236s ]
SQL: SHOW COLUMNS FROM `subcomment` [ RunTime:0.000370s ]
SQL: SELECT * FROM `subcomment` WHERE ( cid = 40 )  [ RunTime:0.000236s ]
SQL: SHOW COLUMNS FROM `subcomment` [ RunTime:0.000415s ]
SQL: SELECT * FROM `subcomment` WHERE ( cid = 41 )  [ RunTime:0.000546s ]
SQL: SHOW COLUMNS FROM `subcomment` [ RunTime:0.000600s ]
SQL: SELECT * FROM `subcomment` WHERE ( cid = 42 )  [ RunTime:0.000560s ]
SQL: SHOW COLUMNS FROM `subcomment` [ RunTime:0.000612s ]
SQL: SELECT * FROM `subcomment` WHERE ( cid = 43 )  [ RunTime:0.000384s ]
SQL: SHOW COLUMNS FROM `subcomment` [ RunTime:0.000463s ]
SQL: SELECT * FROM `subcomment` WHERE ( cid = 44 )  [ RunTime:0.000214s ]
SQL: SHOW COLUMNS FROM `subcomment` [ RunTime:0.000425s ]
SQL: SELECT * FROM `subcomment` WHERE ( cid = 45 )  [ RunTime:0.000214s ]
SQL: SHOW COLUMNS FROM `subcomment` [ RunTime:0.000527s ]
SQL: SELECT * FROM `subcomment` WHERE ( cid = 46 )  [ RunTime:0.000195s ]
SQL: SHOW COLUMNS FROM `subcomment` [ RunTime:0.000326s ]
SQL: SELECT * FROM `subcomment` WHERE ( cid = 47 )  [ RunTime:0.000190s ]
SQL: SHOW COLUMNS FROM `subcomment` [ RunTime:0.000347s ]
SQL: SELECT * FROM `subcomment` WHERE ( cid = 48 )  [ RunTime:0.000249s ]
SQL: SHOW COLUMNS FROM `subcomment` [ RunTime:0.000461s ]
SQL: SELECT * FROM `subcomment` WHERE ( cid = 49 )  [ RunTime:0.000289s ]
INFO: [ app_end ] --START--
INFO: Run Behavior\ShowPageTraceBehavior [ RunTime:0.000716s ]
INFO: [ app_end ] --END-- [ RunTime:0.000796s ]

[ 2017-05-02T18:27:53+08:00 ] 172.18.20.243 /index.php/Home/index/getCommentData
INFO: [ app_init ] --START--
INFO: Run Behavior\BuildLiteBehavior [ RunTime:0.000016s ]
INFO: [ app_init ] --END-- [ RunTime:0.000391s ]
INFO: [ app_begin ] --START--
INFO: Run Behavior\ReadHtmlCacheBehavior [ RunTime:0.000437s ]
INFO: [ app_begin ] --END-- [ RunTime:0.000495s ]
NOTIC: [8192] mysql_connect(): The mysql extension is deprecated and will be removed in the future: use mysqli or PDO instead /Users/liupengfei/Downloads/AppShopService-master/ThinkPHP/Library/Think/Db/Driver/Mysql.class.php 第 52 行.
SQL: SHOW COLUMNS FROM `comment` [ RunTime:0.000507s ]
SQL: SELECT * FROM `comment` LEFT JOIN product ON comment.pid = product.id LEFT JOIN user ON comment.uid = user.id   [ RunTime:0.000651s ]
SQL: SHOW COLUMNS FROM `comment` [ RunTime:0.000524s ]
SQL: SELECT `id` FROM `comment`  [ RunTime:0.000360s ]
SQL: SHOW COLUMNS FROM `subcomment` [ RunTime:0.000688s ]
SQL: SELECT * FROM `subcomment` WHERE ( cid = 36 )  [ RunTime:0.000840s ]
SQL: SHOW COLUMNS FROM `subcomment` [ RunTime:0.000420s ]
SQL: SELECT * FROM `subcomment` WHERE ( cid = 37 )  [ RunTime:0.000266s ]
SQL: SHOW COLUMNS FROM `subcomment` [ RunTime:0.000451s ]
SQL: SELECT * FROM `subcomment` WHERE ( cid = 38 )  [ RunTime:0.000246s ]
SQL: SHOW COLUMNS FROM `subcomment` [ RunTime:0.000450s ]
SQL: SELECT * FROM `subcomment` WHERE ( cid = 39 )  [ RunTime:0.000228s ]
SQL: SHOW COLUMNS FROM `subcomment` [ RunTime:0.000311s ]
SQL: SELECT * FROM `subcomment` WHERE ( cid = 40 )  [ RunTime:0.000206s ]
SQL: SHOW COLUMNS FROM `subcomment` [ RunTime:0.000374s ]
SQL: SELECT * FROM `subcomment` WHERE ( cid = 41 )  [ RunTime:0.000268s ]
SQL: SHOW COLUMNS FROM `subcomment` [ RunTime:0.000637s ]
SQL: SELECT * FROM `subcomment` WHERE ( cid = 42 )  [ RunTime:0.000247s ]
SQL: SHOW COLUMNS FROM `subcomment` [ RunTime:0.000462s ]
SQL: SELECT * FROM `subcomment` WHERE ( cid = 43 )  [ RunTime:0.000222s ]
SQL: SHOW COLUMNS FROM `subcomment` [ RunTime:0.000385s ]
SQL: SELECT * FROM `subcomment` WHERE ( cid = 44 )  [ RunTime:0.000200s ]
SQL: SHOW COLUMNS FROM `subcomment` [ RunTime:0.000336s ]
SQL: SELECT * FROM `subcomment` WHERE ( cid = 45 )  [ RunTime:0.000223s ]
SQL: SHOW COLUMNS FROM `subcomment` [ RunTime:0.000285s ]
SQL: SELECT * FROM `subcomment` WHERE ( cid = 46 )  [ RunTime:0.000207s ]
SQL: SHOW COLUMNS FROM `subcomment` [ RunTime:0.000292s ]
SQL: SELECT * FROM `subcomment` WHERE ( cid = 47 )  [ RunTime:0.000183s ]
SQL: SHOW COLUMNS FROM `subcomment` [ RunTime:0.000376s ]
SQL: SELECT * FROM `subcomment` WHERE ( cid = 48 )  [ RunTime:0.000238s ]
SQL: SHOW COLUMNS FROM `subcomment` [ RunTime:0.000588s ]
SQL: SELECT * FROM `subcomment` WHERE ( cid = 49 )  [ RunTime:0.000623s ]
INFO: [ app_end ] --START--
INFO: Run Behavior\ShowPageTraceBehavior [ RunTime:0.000565s ]
INFO: [ app_end ] --END-- [ RunTime:0.000654s ]

[ 2017-05-02T18:27:59+08:00 ] 172.18.20.243 /index.php/Home/index/getCommentData
INFO: [ app_init ] --START--
INFO: Run Behavior\BuildLiteBehavior [ RunTime:0.000012s ]
INFO: [ app_init ] --END-- [ RunTime:0.000308s ]
INFO: [ app_begin ] --START--
INFO: Run Behavior\ReadHtmlCacheBehavior [ RunTime:0.000442s ]
INFO: [ app_begin ] --END-- [ RunTime:0.000496s ]
NOTIC: [8192] mysql_connect(): The mysql extension is deprecated and will be removed in the future: use mysqli or PDO instead /Users/liupengfei/Downloads/AppShopService-master/ThinkPHP/Library/Think/Db/Driver/Mysql.class.php 第 52 行.
SQL: SHOW COLUMNS FROM `comment` [ RunTime:0.000521s ]
SQL: SELECT * FROM `comment` LEFT JOIN product ON comment.pid = product.id LEFT JOIN user ON comment.uid = user.id   [ RunTime:0.000462s ]
SQL: SHOW COLUMNS FROM `comment` [ RunTime:0.000405s ]
SQL: SELECT `id` FROM `comment`  [ RunTime:0.000211s ]
SQL: SHOW COLUMNS FROM `subcomment` [ RunTime:0.000566s ]
SQL: SELECT * FROM `subcomment` WHERE ( cid = 36 )  [ RunTime:0.000438s ]
SQL: SHOW COLUMNS FROM `subcomment` [ RunTime:0.000399s ]
SQL: SELECT * FROM `subcomment` WHERE ( cid = 37 )  [ RunTime:0.000195s ]
SQL: SHOW COLUMNS FROM `subcomment` [ RunTime:0.000321s ]
SQL: SELECT * FROM `subcomment` WHERE ( cid = 38 )  [ RunTime:0.000258s ]
SQL: SHOW COLUMNS FROM `subcomment` [ RunTime:0.000396s ]
SQL: SELECT * FROM `subcomment` WHERE ( cid = 39 )  [ RunTime:0.000338s ]
SQL: SHOW COLUMNS FROM `subcomment` [ RunTime:0.000986s ]
SQL: SELECT * FROM `subcomment` WHERE ( cid = 40 )  [ RunTime:0.000257s ]
SQL: SHOW COLUMNS FROM `subcomment` [ RunTime:0.000404s ]
SQL: SELECT * FROM `subcomment` WHERE ( cid = 41 )  [ RunTime:0.000365s ]
SQL: SHOW COLUMNS FROM `subcomment` [ RunTime:0.000371s ]
SQL: SELECT * FROM `subcomment` WHERE ( cid = 42 )  [ RunTime:0.000214s ]
SQL: SHOW COLUMNS FROM `subcomment` [ RunTime:0.000298s ]
SQL: SELECT * FROM `subcomment` WHERE ( cid = 43 )  [ RunTime:0.000252s ]
SQL: SHOW COLUMNS FROM `subcomment` [ RunTime:0.000405s ]
SQL: SELECT * FROM `subcomment` WHERE ( cid = 44 )  [ RunTime:0.000286s ]
SQL: SHOW COLUMNS FROM `subcomment` [ RunTime:0.000344s ]
SQL: SELECT * FROM `subcomment` WHERE ( cid = 45 )  [ RunTime:0.000242s ]
SQL: SHOW COLUMNS FROM `subcomment` [ RunTime:0.000569s ]
SQL: SELECT * FROM `subcomment` WHERE ( cid = 46 )  [ RunTime:0.000222s ]
SQL: SHOW COLUMNS FROM `subcomment` [ RunTime:0.000324s ]
SQL: SELECT * FROM `subcomment` WHERE ( cid = 47 )  [ RunTime:0.000226s ]
SQL: SHOW COLUMNS FROM `subcomment` [ RunTime:0.000311s ]
SQL: SELECT * FROM `subcomment` WHERE ( cid = 48 )  [ RunTime:0.000195s ]
SQL: SHOW COLUMNS FROM `subcomment` [ RunTime:0.000307s ]
SQL: SELECT * FROM `subcomment` WHERE ( cid = 49 )  [ RunTime:0.000372s ]
INFO: [ app_end ] --START--
INFO: Run Behavior\ShowPageTraceBehavior [ RunTime:0.001056s ]
INFO: [ app_end ] --END-- [ RunTime:0.001157s ]

[ 2017-05-02T18:27:59+08:00 ] 172.18.20.243 /index.php/Home/index/getCommentData
INFO: [ app_init ] --START--
INFO: Run Behavior\BuildLiteBehavior [ RunTime:0.000015s ]
INFO: [ app_init ] --END-- [ RunTime:0.000332s ]
INFO: [ app_begin ] --START--
INFO: Run Behavior\ReadHtmlCacheBehavior [ RunTime:0.000421s ]
INFO: [ app_begin ] --END-- [ RunTime:0.000476s ]
NOTIC: [8192] mysql_connect(): The mysql extension is deprecated and will be removed in the future: use mysqli or PDO instead /Users/liupengfei/Downloads/AppShopService-master/ThinkPHP/Library/Think/Db/Driver/Mysql.class.php 第 52 行.
SQL: SHOW COLUMNS FROM `comment` [ RunTime:0.000662s ]
SQL: SELECT * FROM `comment` LEFT JOIN product ON comment.pid = product.id LEFT JOIN user ON comment.uid = user.id   [ RunTime:0.000561s ]
SQL: SHOW COLUMNS FROM `comment` [ RunTime:0.000503s ]
SQL: SELECT `id` FROM `comment`  [ RunTime:0.000276s ]
SQL: SHOW COLUMNS FROM `subcomment` [ RunTime:0.000528s ]
SQL: SELECT * FROM `subcomment` WHERE ( cid = 36 )  [ RunTime:0.000353s ]
SQL: SHOW COLUMNS FROM `subcomment` [ RunTime:0.000410s ]
SQL: SELECT * FROM `subcomment` WHERE ( cid = 37 )  [ RunTime:0.000228s ]
SQL: SHOW COLUMNS FROM `subcomment` [ RunTime:0.000367s ]
SQL: SELECT * FROM `subcomment` WHERE ( cid = 38 )  [ RunTime:0.000274s ]
SQL: SHOW COLUMNS FROM `subcomment` [ RunTime:0.000516s ]
SQL: SELECT * FROM `subcomment` WHERE ( cid = 39 )  [ RunTime:0.000282s ]
SQL: SHOW COLUMNS FROM `subcomment` [ RunTime:0.000966s ]
SQL: SELECT * FROM `subcomment` WHERE ( cid = 40 )  [ RunTime:0.000223s ]
SQL: SHOW COLUMNS FROM `subcomment` [ RunTime:0.000481s ]
SQL: SELECT * FROM `subcomment` WHERE ( cid = 41 )  [ RunTime:0.000250s ]
SQL: SHOW COLUMNS FROM `subcomment` [ RunTime:0.000352s ]
SQL: SELECT * FROM `subcomment` WHERE ( cid = 42 )  [ RunTime:0.000233s ]
SQL: SHOW COLUMNS FROM `subcomment` [ RunTime:0.000376s ]
SQL: SELECT * FROM `subcomment` WHERE ( cid = 43 )  [ RunTime:0.000206s ]
SQL: SHOW COLUMNS FROM `subcomment` [ RunTime:0.000390s ]
SQL: SELECT * FROM `subcomment` WHERE ( cid = 44 )  [ RunTime:0.000219s ]
SQL: SHOW COLUMNS FROM `subcomment` [ RunTime:0.000463s ]
SQL: SELECT * FROM `subcomment` WHERE ( cid = 45 )  [ RunTime:0.000217s ]
SQL: SHOW COLUMNS FROM `subcomment` [ RunTime:0.000664s ]
SQL: SELECT * FROM `subcomment` WHERE ( cid = 46 )  [ RunTime:0.000190s ]
SQL: SHOW COLUMNS FROM `subcomment` [ RunTime:0.000373s ]
SQL: SELECT * FROM `subcomment` WHERE ( cid = 47 )  [ RunTime:0.000193s ]
SQL: SHOW COLUMNS FROM `subcomment` [ RunTime:0.000298s ]
SQL: SELECT * FROM `subcomment` WHERE ( cid = 48 )  [ RunTime:0.000223s ]
SQL: SHOW COLUMNS FROM `subcomment` [ RunTime:0.000360s ]
SQL: SELECT * FROM `subcomment` WHERE ( cid = 49 )  [ RunTime:0.000313s ]
INFO: [ app_end ] --START--
INFO: Run Behavior\ShowPageTraceBehavior [ RunTime:0.001100s ]
INFO: [ app_end ] --END-- [ RunTime:0.001226s ]

[ 2017-05-02T18:28:30+08:00 ] 172.18.20.243 /index.php/Home/index/uploadOrder
INFO: [ app_init ] --START--
INFO: Run Behavior\BuildLiteBehavior [ RunTime:0.000014s ]
INFO: [ app_init ] --END-- [ RunTime:0.000334s ]
INFO: [ app_begin ] --START--
INFO: Run Behavior\ReadHtmlCacheBehavior [ RunTime:0.000444s ]
INFO: [ app_begin ] --END-- [ RunTime:0.000509s ]
NOTIC: [8192] mysql_connect(): The mysql extension is deprecated and will be removed in the future: use mysqli or PDO instead /Users/liupengfei/Downloads/AppShopService-master/ThinkPHP/Library/Think/Db/Driver/Mysql.class.php 第 52 行.
SQL: SHOW COLUMNS FROM `user` [ RunTime:0.000926s ]
SQL: SELECT * FROM `user` WHERE ( id='35' ) LIMIT 1   [ RunTime:0.000408s ]
SQL: SHOW COLUMNS FROM `product` [ RunTime:0.000663s ]
SQL: SELECT * FROM `product` WHERE ( id =20 ) LIMIT 1   [ RunTime:0.000318s ]
SQL: SHOW COLUMNS FROM `product` [ RunTime:0.000501s ]
SQL: SELECT * FROM `product` WHERE ( id =20 ) LIMIT 1   [ RunTime:0.000362s ]
SQL: SHOW COLUMNS FROM `buy` [ RunTime:0.000718s ]
SQL: INSERT INTO `buy` (`pid`,`uid`,`sum`,`total`) VALUES (20,35,1,1000) [ RunTime:0.001315s ]

[ 2017-05-02T18:28:31+08:00 ] 172.18.20.243 /index.php/Home/index/getAllOrderData?uid=35
INFO: [ app_init ] --START--
INFO: Run Behavior\BuildLiteBehavior [ RunTime:0.000015s ]
INFO: [ app_init ] --END-- [ RunTime:0.000337s ]
INFO: [ app_begin ] --START--
INFO: Run Behavior\ReadHtmlCacheBehavior [ RunTime:0.000412s ]
INFO: [ app_begin ] --END-- [ RunTime:0.000465s ]
NOTIC: [8192] mysql_connect(): The mysql extension is deprecated and will be removed in the future: use mysqli or PDO instead /Users/liupengfei/Downloads/AppShopService-master/ThinkPHP/Library/Think/Db/Driver/Mysql.class.php 第 52 行.
SQL: SHOW COLUMNS FROM `user` [ RunTime:0.000430s ]
SQL: SELECT * FROM `user` RIGHT JOIN buy ON buy.uid = user.id  WHERE ( user.id = 35 )  [ RunTime:0.000368s ]
SQL: SHOW COLUMNS FROM `product` [ RunTime:0.000633s ]
SQL: SELECT * FROM `product` WHERE ( id = 17 ) LIMIT 1   [ RunTime:0.000433s ]
SQL: SHOW COLUMNS FROM `product` [ RunTime:0.000411s ]
SQL: SELECT * FROM `product` WHERE ( id = 17 ) LIMIT 1   [ RunTime:0.000227s ]
SQL: SHOW COLUMNS FROM `product` [ RunTime:0.000620s ]
SQL: SELECT * FROM `product` WHERE ( id = 20 ) LIMIT 1   [ RunTime:0.000230s ]
SQL: SHOW COLUMNS FROM `product` [ RunTime:0.000391s ]
SQL: SELECT * FROM `product` WHERE ( id = 17 ) LIMIT 1   [ RunTime:0.000216s ]
SQL: SHOW COLUMNS FROM `product` [ RunTime:0.000328s ]
SQL: SELECT * FROM `product` WHERE ( id = 38 ) LIMIT 1   [ RunTime:0.000210s ]
SQL: SHOW COLUMNS FROM `product` [ RunTime:0.000314s ]
SQL: SELECT * FROM `product` WHERE ( id = 20 ) LIMIT 1   [ RunTime:0.000208s ]
SQL: SHOW COLUMNS FROM `product` [ RunTime:0.000352s ]
SQL: SELECT * FROM `product` WHERE ( id = 37 ) LIMIT 1   [ RunTime:0.000209s ]
SQL: SHOW COLUMNS FROM `product` [ RunTime:0.000359s ]
SQL: SELECT * FROM `product` WHERE ( id = 27 ) LIMIT 1   [ RunTime:0.000214s ]
SQL: SHOW COLUMNS FROM `product` [ RunTime:0.000347s ]
SQL: SELECT * FROM `product` WHERE ( id = 19 ) LIMIT 1   [ RunTime:0.000210s ]
SQL: SHOW COLUMNS FROM `product` [ RunTime:0.000330s ]
SQL: SELECT * FROM `product` WHERE ( id = 20 ) LIMIT 1   [ RunTime:0.000211s ]
SQL: SHOW COLUMNS FROM `product` [ RunTime:0.000322s ]
SQL: SELECT * FROM `product` WHERE ( id = 20 ) LIMIT 1   [ RunTime:0.000293s ]
INFO: [ app_end ] --START--
INFO: Run Behavior\ShowPageTraceBehavior [ RunTime:0.000562s ]
INFO: [ app_end ] --END-- [ RunTime:0.000638s ]

[ 2017-05-02T18:29:11+08:00 ] 172.18.20.243 /index.php/Home/index/getCommentData
INFO: [ app_init ] --START--
INFO: Run Behavior\BuildLiteBehavior [ RunTime:0.000015s ]
INFO: [ app_init ] --END-- [ RunTime:0.000346s ]
INFO: [ app_begin ] --START--
INFO: Run Behavior\ReadHtmlCacheBehavior [ RunTime:0.000462s ]
INFO: [ app_begin ] --END-- [ RunTime:0.000523s ]
NOTIC: [8192] mysql_connect(): The mysql extension is deprecated and will be removed in the future: use mysqli or PDO instead /Users/liupengfei/Downloads/AppShopService-master/ThinkPHP/Library/Think/Db/Driver/Mysql.class.php 第 52 行.
SQL: SHOW COLUMNS FROM `comment` [ RunTime:0.000722s ]
SQL: SELECT * FROM `comment` LEFT JOIN product ON comment.pid = product.id LEFT JOIN user ON comment.uid = user.id   [ RunTime:0.000518s ]
SQL: SHOW COLUMNS FROM `comment` [ RunTime:0.000544s ]
SQL: SELECT `id` FROM `comment`  [ RunTime:0.000318s ]
SQL: SHOW COLUMNS FROM `subcomment` [ RunTime:0.000426s ]
SQL: SELECT * FROM `subcomment` WHERE ( cid = 36 )  [ RunTime:0.000267s ]
SQL: SHOW COLUMNS FROM `subcomment` [ RunTime:0.000365s ]
SQL: SELECT * FROM `subcomment` WHERE ( cid = 37 )  [ RunTime:0.000224s ]
SQL: SHOW COLUMNS FROM `subcomment` [ RunTime:0.000385s ]
SQL: SELECT * FROM `subcomment` WHERE ( cid = 38 )  [ RunTime:0.000341s ]
SQL: SHOW COLUMNS FROM `subcomment` [ RunTime:0.000602s ]
SQL: SELECT * FROM `subcomment` WHERE ( cid = 39 )  [ RunTime:0.000225s ]
SQL: SHOW COLUMNS FROM `subcomment` [ RunTime:0.000493s ]
SQL: SELECT * FROM `subcomment` WHERE ( cid = 40 )  [ RunTime:0.000240s ]
SQL: SHOW COLUMNS FROM `subcomment` [ RunTime:0.000395s ]
SQL: SELECT * FROM `subcomment` WHERE ( cid = 41 )  [ RunTime:0.000230s ]
SQL: SHOW COLUMNS FROM `subcomment` [ RunTime:0.000357s ]
SQL: SELECT * FROM `subcomment` WHERE ( cid = 42 )  [ RunTime:0.000335s ]
SQL: SHOW COLUMNS FROM `subcomment` [ RunTime:0.000862s ]
SQL: SELECT * FROM `subcomment` WHERE ( cid = 43 )  [ RunTime:0.000370s ]
SQL: SHOW COLUMNS FROM `subcomment` [ RunTime:0.000598s ]
SQL: SELECT * FROM `subcomment` WHERE ( cid = 44 )  [ RunTime:0.000264s ]
SQL: SHOW COLUMNS FROM `subcomment` [ RunTime:0.000379s ]
SQL: SELECT * FROM `subcomment` WHERE ( cid = 45 )  [ RunTime:0.000245s ]
SQL: SHOW COLUMNS FROM `subcomment` [ RunTime:0.000372s ]
SQL: SELECT * FROM `subcomment` WHERE ( cid = 46 )  [ RunTime:0.000231s ]
SQL: SHOW COLUMNS FROM `subcomment` [ RunTime:0.000359s ]
SQL: SELECT * FROM `subcomment` WHERE ( cid = 47 )  [ RunTime:0.000239s ]
SQL: SHOW COLUMNS FROM `subcomment` [ RunTime:0.000376s ]
SQL: SELECT * FROM `subcomment` WHERE ( cid = 48 )  [ RunTime:0.000206s ]
SQL: SHOW COLUMNS FROM `subcomment` [ RunTime:0.000363s ]
SQL: SELECT * FROM `subcomment` WHERE ( cid = 49 )  [ RunTime:0.000227s ]
INFO: [ app_end ] --START--
INFO: Run Behavior\ShowPageTraceBehavior [ RunTime:0.000675s ]
INFO: [ app_end ] --END-- [ RunTime:0.000749s ]

[ 2017-05-02T18:29:14+08:00 ] 172.18.20.243 /index.php/Home/index/getAllOrderData?uid=35
INFO: [ app_init ] --START--
INFO: Run Behavior\BuildLiteBehavior [ RunTime:0.000016s ]
INFO: [ app_init ] --END-- [ RunTime:0.000320s ]
INFO: [ app_begin ] --START--
INFO: Run Behavior\ReadHtmlCacheBehavior [ RunTime:0.000472s ]
INFO: [ app_begin ] --END-- [ RunTime:0.000529s ]
NOTIC: [8192] mysql_connect(): The mysql extension is deprecated and will be removed in the future: use mysqli or PDO instead /Users/liupengfei/Downloads/AppShopService-master/ThinkPHP/Library/Think/Db/Driver/Mysql.class.php 第 52 行.
SQL: SHOW COLUMNS FROM `user` [ RunTime:0.000550s ]
SQL: SELECT * FROM `user` RIGHT JOIN buy ON buy.uid = user.id  WHERE ( user.id = 35 )  [ RunTime:0.000621s ]
SQL: SHOW COLUMNS FROM `product` [ RunTime:0.000659s ]
SQL: SELECT * FROM `product` WHERE ( id = 17 ) LIMIT 1   [ RunTime:0.000236s ]
SQL: SHOW COLUMNS FROM `product` [ RunTime:0.000369s ]
SQL: SELECT * FROM `product` WHERE ( id = 17 ) LIMIT 1   [ RunTime:0.000251s ]
SQL: SHOW COLUMNS FROM `product` [ RunTime:0.000354s ]
SQL: SELECT * FROM `product` WHERE ( id = 20 ) LIMIT 1   [ RunTime:0.000233s ]
SQL: SHOW COLUMNS FROM `product` [ RunTime:0.000458s ]
SQL: SELECT * FROM `product` WHERE ( id = 17 ) LIMIT 1   [ RunTime:0.000166s ]
SQL: SHOW COLUMNS FROM `product` [ RunTime:0.000313s ]
SQL: SELECT * FROM `product` WHERE ( id = 38 ) LIMIT 1   [ RunTime:0.000215s ]
SQL: SHOW COLUMNS FROM `product` [ RunTime:0.000349s ]
SQL: SELECT * FROM `product` WHERE ( id = 20 ) LIMIT 1   [ RunTime:0.000205s ]
SQL: SHOW COLUMNS FROM `product` [ RunTime:0.000337s ]
SQL: SELECT * FROM `product` WHERE ( id = 37 ) LIMIT 1   [ RunTime:0.000195s ]
SQL: SHOW COLUMNS FROM `product` [ RunTime:0.000525s ]
SQL: SELECT * FROM `product` WHERE ( id = 27 ) LIMIT 1   [ RunTime:0.000232s ]
SQL: SHOW COLUMNS FROM `product` [ RunTime:0.000312s ]
SQL: SELECT * FROM `product` WHERE ( id = 19 ) LIMIT 1   [ RunTime:0.000191s ]
SQL: SHOW COLUMNS FROM `product` [ RunTime:0.000313s ]
SQL: SELECT * FROM `product` WHERE ( id = 20 ) LIMIT 1   [ RunTime:0.000200s ]
SQL: SHOW COLUMNS FROM `product` [ RunTime:0.000311s ]
SQL: SELECT * FROM `product` WHERE ( id = 20 ) LIMIT 1   [ RunTime:0.000215s ]
INFO: [ app_end ] --START--
INFO: Run Behavior\ShowPageTraceBehavior [ RunTime:0.000537s ]
INFO: [ app_end ] --END-- [ RunTime:0.000615s ]

[ 2017-05-02T18:29:14+08:00 ] 172.18.20.243 /index.php/Home/index/getAllOrderData?uid=35
INFO: [ app_init ] --START--
INFO: Run Behavior\BuildLiteBehavior [ RunTime:0.000013s ]
INFO: [ app_init ] --END-- [ RunTime:0.000312s ]
INFO: [ app_begin ] --START--
INFO: Run Behavior\ReadHtmlCacheBehavior [ RunTime:0.000416s ]
INFO: [ app_begin ] --END-- [ RunTime:0.000470s ]
NOTIC: [8192] mysql_connect(): The mysql extension is deprecated and will be removed in the future: use mysqli or PDO instead /Users/liupengfei/Downloads/AppShopService-master/ThinkPHP/Library/Think/Db/Driver/Mysql.class.php 第 52 行.
SQL: SHOW COLUMNS FROM `user` [ RunTime:0.000327s ]
SQL: SELECT * FROM `user` RIGHT JOIN buy ON buy.uid = user.id  WHERE ( user.id = 35 )  [ RunTime:0.000322s ]
SQL: SHOW COLUMNS FROM `product` [ RunTime:0.000362s ]
SQL: SELECT * FROM `product` WHERE ( id = 17 ) LIMIT 1   [ RunTime:0.000204s ]
SQL: SHOW COLUMNS FROM `product` [ RunTime:0.000371s ]
SQL: SELECT * FROM `product` WHERE ( id = 17 ) LIMIT 1   [ RunTime:0.000341s ]
SQL: SHOW COLUMNS FROM `product` [ RunTime:0.000492s ]
SQL: SELECT * FROM `product` WHERE ( id = 20 ) LIMIT 1   [ RunTime:0.000250s ]
SQL: SHOW COLUMNS FROM `product` [ RunTime:0.000298s ]
SQL: SELECT * FROM `product` WHERE ( id = 17 ) LIMIT 1   [ RunTime:0.000194s ]
SQL: SHOW COLUMNS FROM `product` [ RunTime:0.000321s ]
SQL: SELECT * FROM `product` WHERE ( id = 38 ) LIMIT 1   [ RunTime:0.000181s ]
SQL: SHOW COLUMNS FROM `product` [ RunTime:0.000347s ]
SQL: SELECT * FROM `product` WHERE ( id = 20 ) LIMIT 1   [ RunTime:0.000230s ]
SQL: SHOW COLUMNS FROM `product` [ RunTime:0.000363s ]
SQL: SELECT * FROM `product` WHERE ( id = 37 ) LIMIT 1   [ RunTime:0.000219s ]
SQL: SHOW COLUMNS FROM `product` [ RunTime:0.000369s ]
SQL: SELECT * FROM `product` WHERE ( id = 27 ) LIMIT 1   [ RunTime:0.000215s ]
SQL: SHOW COLUMNS FROM `product` [ RunTime:0.000459s ]
SQL: SELECT * FROM `product` WHERE ( id = 19 ) LIMIT 1   [ RunTime:0.000388s ]
SQL: SHOW COLUMNS FROM `product` [ RunTime:0.000620s ]
SQL: SELECT * FROM `product` WHERE ( id = 20 ) LIMIT 1   [ RunTime:0.000350s ]
SQL: SHOW COLUMNS FROM `product` [ RunTime:0.000339s ]
SQL: SELECT * FROM `product` WHERE ( id = 20 ) LIMIT 1   [ RunTime:0.000215s ]
INFO: [ app_end ] --START--
INFO: Run Behavior\ShowPageTraceBehavior [ RunTime:0.000591s ]
INFO: [ app_end ] --END-- [ RunTime:0.000660s ]

[ 2017-05-02T18:30:00+08:00 ] 172.18.20.243 /index.php/Home/index/getProducts
INFO: [ app_init ] --START--
INFO: Run Behavior\BuildLiteBehavior [ RunTime:0.000023s ]
INFO: [ app_init ] --END-- [ RunTime:0.000401s ]
INFO: [ app_begin ] --START--
INFO: Run Behavior\ReadHtmlCacheBehavior [ RunTime:0.000632s ]
INFO: [ app_begin ] --END-- [ RunTime:0.000712s ]
NOTIC: [8192] mysql_connect(): The mysql extension is deprecated and will be removed in the future: use mysqli or PDO instead /Users/liupengfei/Downloads/AppShopService-master/ThinkPHP/Library/Think/Db/Driver/Mysql.class.php 第 52 行.
SQL: SHOW COLUMNS FROM `product` [ RunTime:0.000443s ]
SQL: SELECT * FROM `product` ORDER BY type asc  [ RunTime:0.000536s ]
INFO: [ app_end ] --START--
INFO: Run Behavior\ShowPageTraceBehavior [ RunTime:0.000529s ]
INFO: [ app_end ] --END-- [ RunTime:0.000590s ]

[ 2017-05-02T18:30:00+08:00 ] 172.18.20.243 /index.php/Home/index/getProducts
INFO: [ app_init ] --START--
INFO: Run Behavior\BuildLiteBehavior [ RunTime:0.000018s ]
INFO: [ app_init ] --END-- [ RunTime:0.000350s ]
INFO: [ app_begin ] --START--
INFO: Run Behavior\ReadHtmlCacheBehavior [ RunTime:0.000518s ]
INFO: [ app_begin ] --END-- [ RunTime:0.000593s ]
NOTIC: [8192] mysql_connect(): The mysql extension is deprecated and will be removed in the future: use mysqli or PDO instead /Users/liupengfei/Downloads/AppShopService-master/ThinkPHP/Library/Think/Db/Driver/Mysql.class.php 第 52 行.
SQL: SHOW COLUMNS FROM `product` [ RunTime:0.000414s ]
SQL: SELECT * FROM `product` ORDER BY type asc  [ RunTime:0.000354s ]
INFO: [ app_end ] --START--
INFO: Run Behavior\ShowPageTraceBehavior [ RunTime:0.000480s ]
INFO: [ app_end ] --END-- [ RunTime:0.000537s ]

[ 2017-05-02T18:30:00+08:00 ] 172.18.20.243 /index.php/Home/index/getBanners
INFO: [ app_init ] --START--
INFO: Run Behavior\BuildLiteBehavior [ RunTime:0.000013s ]
INFO: [ app_init ] --END-- [ RunTime:0.000321s ]
INFO: [ app_begin ] --START--
INFO: Run Behavior\ReadHtmlCacheBehavior [ RunTime:0.000418s ]
INFO: [ app_begin ] --END-- [ RunTime:0.000474s ]
NOTIC: [8192] mysql_connect(): The mysql extension is deprecated and will be removed in the future: use mysqli or PDO instead /Users/liupengfei/Downloads/AppShopService-master/ThinkPHP/Library/Think/Db/Driver/Mysql.class.php 第 52 行.
SQL: SHOW COLUMNS FROM `banner` [ RunTime:0.000327s ]
SQL: SELECT * FROM `banner`  [ RunTime:0.000215s ]
INFO: [ app_end ] --START--
INFO: Run Behavior\ShowPageTraceBehavior [ RunTime:0.000456s ]
INFO: [ app_end ] --END-- [ RunTime:0.000509s ]

[ 2017-05-02T18:30:01+08:00 ] 172.18.20.243 /index.php/Home/index/getCommentData
INFO: [ app_init ] --START--
INFO: Run Behavior\BuildLiteBehavior [ RunTime:0.000018s ]
INFO: [ app_init ] --END-- [ RunTime:0.000631s ]
INFO: [ app_begin ] --START--
INFO: Run Behavior\ReadHtmlCacheBehavior [ RunTime:0.000443s ]
INFO: [ app_begin ] --END-- [ RunTime:0.000502s ]
NOTIC: [8192] mysql_connect(): The mysql extension is deprecated and will be removed in the future: use mysqli or PDO instead /Users/liupengfei/Downloads/AppShopService-master/ThinkPHP/Library/Think/Db/Driver/Mysql.class.php 第 52 行.
SQL: SHOW COLUMNS FROM `comment` [ RunTime:0.000446s ]
SQL: SELECT * FROM `comment` LEFT JOIN product ON comment.pid = product.id LEFT JOIN user ON comment.uid = user.id   [ RunTime:0.000479s ]
SQL: SHOW COLUMNS FROM `comment` [ RunTime:0.000348s ]
SQL: SELECT `id` FROM `comment`  [ RunTime:0.000221s ]
SQL: SHOW COLUMNS FROM `subcomment` [ RunTime:0.000446s ]
SQL: SELECT * FROM `subcomment` WHERE ( cid = 36 )  [ RunTime:0.000261s ]
SQL: SHOW COLUMNS FROM `subcomment` [ RunTime:0.000375s ]
SQL: SELECT * FROM `subcomment` WHERE ( cid = 37 )  [ RunTime:0.000260s ]
SQL: SHOW COLUMNS FROM `subcomment` [ RunTime:0.000389s ]
SQL: SELECT * FROM `subcomment` WHERE ( cid = 38 )  [ RunTime:0.000274s ]
SQL: SHOW COLUMNS FROM `subcomment` [ RunTime:0.000372s ]
SQL: SELECT * FROM `subcomment` WHERE ( cid = 39 )  [ RunTime:0.000219s ]
SQL: SHOW COLUMNS FROM `subcomment` [ RunTime:0.000479s ]
SQL: SELECT * FROM `subcomment` WHERE ( cid = 40 )  [ RunTime:0.000220s ]
SQL: SHOW COLUMNS FROM `subcomment` [ RunTime:0.000760s ]
SQL: SELECT * FROM `subcomment` WHERE ( cid = 41 )  [ RunTime:0.000324s ]
SQL: SHOW COLUMNS FROM `subcomment` [ RunTime:0.000440s ]
SQL: SELECT * FROM `subcomment` WHERE ( cid = 42 )  [ RunTime:0.000296s ]
SQL: SHOW COLUMNS FROM `subcomment` [ RunTime:0.000468s ]
SQL: SELECT * FROM `subcomment` WHERE ( cid = 43 )  [ RunTime:0.000319s ]
SQL: SHOW COLUMNS FROM `subcomment` [ RunTime:0.000911s ]
SQL: SELECT * FROM `subcomment` WHERE ( cid = 44 )  [ RunTime:0.000224s ]
SQL: SHOW COLUMNS FROM `subcomment` [ RunTime:0.000373s ]
SQL: SELECT * FROM `subcomment` WHERE ( cid = 45 )  [ RunTime:0.000225s ]
SQL: SHOW COLUMNS FROM `subcomment` [ RunTime:0.000418s ]
SQL: SELECT * FROM `subcomment` WHERE ( cid = 46 )  [ RunTime:0.000254s ]
SQL: SHOW COLUMNS FROM `subcomment` [ RunTime:0.000429s ]
SQL: SELECT * FROM `subcomment` WHERE ( cid = 47 )  [ RunTime:0.000222s ]
SQL: SHOW COLUMNS FROM `subcomment` [ RunTime:0.000371s ]
SQL: SELECT * FROM `subcomment` WHERE ( cid = 48 )  [ RunTime:0.000250s ]
SQL: SHOW COLUMNS FROM `subcomment` [ RunTime:0.000426s ]
SQL: SELECT * FROM `subcomment` WHERE ( cid = 49 )  [ RunTime:0.000300s ]
INFO: [ app_end ] --START--
INFO: Run Behavior\ShowPageTraceBehavior [ RunTime:0.000738s ]
INFO: [ app_end ] --END-- [ RunTime:0.000882s ]

[ 2017-05-02T18:30:01+08:00 ] 172.18.20.243 /index.php/Home/index/getCommentData
INFO: [ app_init ] --START--
INFO: Run Behavior\BuildLiteBehavior [ RunTime:0.000041s ]
INFO: [ app_init ] --END-- [ RunTime:0.000445s ]
INFO: [ app_begin ] --START--
INFO: Run Behavior\ReadHtmlCacheBehavior [ RunTime:0.000446s ]
INFO: [ app_begin ] --END-- [ RunTime:0.000503s ]
NOTIC: [8192] mysql_connect(): The mysql extension is deprecated and will be removed in the future: use mysqli or PDO instead /Users/liupengfei/Downloads/AppShopService-master/ThinkPHP/Library/Think/Db/Driver/Mysql.class.php 第 52 行.
SQL: SHOW COLUMNS FROM `comment` [ RunTime:0.000453s ]
SQL: SELECT * FROM `comment` LEFT JOIN product ON comment.pid = product.id LEFT JOIN user ON comment.uid = user.id   [ RunTime:0.000608s ]
SQL: SHOW COLUMNS FROM `comment` [ RunTime:0.000640s ]
SQL: SELECT `id` FROM `comment`  [ RunTime:0.000262s ]
SQL: SHOW COLUMNS FROM `subcomment` [ RunTime:0.000327s ]
SQL: SELECT * FROM `subcomment` WHERE ( cid = 36 )  [ RunTime:0.000447s ]
SQL: SHOW COLUMNS FROM `subcomment` [ RunTime:0.000474s ]
SQL: SELECT * FROM `subcomment` WHERE ( cid = 37 )  [ RunTime:0.000457s ]
SQL: SHOW COLUMNS FROM `subcomment` [ RunTime:0.000479s ]
SQL: SELECT * FROM `subcomment` WHERE ( cid = 38 )  [ RunTime:0.000233s ]
SQL: SHOW COLUMNS FROM `subcomment` [ RunTime:0.000398s ]
SQL: SELECT * FROM `subcomment` WHERE ( cid = 39 )  [ RunTime:0.000229s ]
SQL: SHOW COLUMNS FROM `subcomment` [ RunTime:0.000388s ]
SQL: SELECT * FROM `subcomment` WHERE ( cid = 40 )  [ RunTime:0.000272s ]
SQL: SHOW COLUMNS FROM `subcomment` [ RunTime:0.000472s ]
SQL: SELECT * FROM `subcomment` WHERE ( cid = 41 )  [ RunTime:0.000213s ]
SQL: SHOW COLUMNS FROM `subcomment` [ RunTime:0.000411s ]
SQL: SELECT * FROM `subcomment` WHERE ( cid = 42 )  [ RunTime:0.000258s ]
SQL: SHOW COLUMNS FROM `subcomment` [ RunTime:0.000533s ]
SQL: SELECT * FROM `subcomment` WHERE ( cid = 43 )  [ RunTime:0.000284s ]
SQL: SHOW COLUMNS FROM `subcomment` [ RunTime:0.000344s ]
SQL: SELECT * FROM `subcomment` WHERE ( cid = 44 )  [ RunTime:0.000220s ]
SQL: SHOW COLUMNS FROM `subcomment` [ RunTime:0.000462s ]
SQL: SELECT * FROM `subcomment` WHERE ( cid = 45 )  [ RunTime:0.000224s ]
SQL: SHOW COLUMNS FROM `subcomment` [ RunTime:0.000437s ]
SQL: SELECT * FROM `subcomment` WHERE ( cid = 46 )  [ RunTime:0.000193s ]
SQL: SHOW COLUMNS FROM `subcomment` [ RunTime:0.000309s ]
SQL: SELECT * FROM `subcomment` WHERE ( cid = 47 )  [ RunTime:0.000295s ]
SQL: SHOW COLUMNS FROM `subcomment` [ RunTime:0.000347s ]
SQL: SELECT * FROM `subcomment` WHERE ( cid = 48 )  [ RunTime:0.000204s ]
SQL: SHOW COLUMNS FROM `subcomment` [ RunTime:0.000379s ]
SQL: SELECT * FROM `subcomment` WHERE ( cid = 49 )  [ RunTime:0.000575s ]
INFO: [ app_end ] --START--
INFO: Run Behavior\ShowPageTraceBehavior [ RunTime:0.001063s ]
INFO: [ app_end ] --END-- [ RunTime:0.001243s ]

[ 2017-05-02T18:30:09+08:00 ] 172.18.20.243 /index.php/Home/index/getAllOrderData?uid=35
INFO: [ app_init ] --START--
INFO: Run Behavior\BuildLiteBehavior [ RunTime:0.000013s ]
INFO: [ app_init ] --END-- [ RunTime:0.000313s ]
INFO: [ app_begin ] --START--
INFO: Run Behavior\ReadHtmlCacheBehavior [ RunTime:0.000404s ]
INFO: [ app_begin ] --END-- [ RunTime:0.000458s ]
NOTIC: [8192] mysql_connect(): The mysql extension is deprecated and will be removed in the future: use mysqli or PDO instead /Users/liupengfei/Downloads/AppShopService-master/ThinkPHP/Library/Think/Db/Driver/Mysql.class.php 第 52 行.
SQL: SHOW COLUMNS FROM `user` [ RunTime:0.000561s ]
SQL: SELECT * FROM `user` RIGHT JOIN buy ON buy.uid = user.id  WHERE ( user.id = 35 )  [ RunTime:0.000387s ]
SQL: SHOW COLUMNS FROM `product` [ RunTime:0.000361s ]
SQL: SELECT * FROM `product` WHERE ( id = 17 ) LIMIT 1   [ RunTime:0.000201s ]
SQL: SHOW COLUMNS FROM `product` [ RunTime:0.000323s ]
SQL: SELECT * FROM `product` WHERE ( id = 17 ) LIMIT 1   [ RunTime:0.000208s ]
SQL: SHOW COLUMNS FROM `product` [ RunTime:0.000339s ]
SQL: SELECT * FROM `product` WHERE ( id = 20 ) LIMIT 1   [ RunTime:0.000203s ]
SQL: SHOW COLUMNS FROM `product` [ RunTime:0.000339s ]
SQL: SELECT * FROM `product` WHERE ( id = 17 ) LIMIT 1   [ RunTime:0.000204s ]
SQL: SHOW COLUMNS FROM `product` [ RunTime:0.000372s ]
SQL: SELECT * FROM `product` WHERE ( id = 38 ) LIMIT 1   [ RunTime:0.000190s ]
SQL: SHOW COLUMNS FROM `product` [ RunTime:0.000343s ]
SQL: SELECT * FROM `product` WHERE ( id = 20 ) LIMIT 1   [ RunTime:0.000204s ]
SQL: SHOW COLUMNS FROM `product` [ RunTime:0.000325s ]
SQL: SELECT * FROM `product` WHERE ( id = 37 ) LIMIT 1   [ RunTime:0.000194s ]
SQL: SHOW COLUMNS FROM `product` [ RunTime:0.000361s ]
SQL: SELECT * FROM `product` WHERE ( id = 27 ) LIMIT 1   [ RunTime:0.000224s ]
SQL: SHOW COLUMNS FROM `product` [ RunTime:0.000345s ]
SQL: SELECT * FROM `product` WHERE ( id = 19 ) LIMIT 1   [ RunTime:0.000188s ]
SQL: SHOW COLUMNS FROM `product` [ RunTime:0.000323s ]
SQL: SELECT * FROM `product` WHERE ( id = 20 ) LIMIT 1   [ RunTime:0.000194s ]
SQL: SHOW COLUMNS FROM `product` [ RunTime:0.000291s ]
SQL: SELECT * FROM `product` WHERE ( id = 20 ) LIMIT 1   [ RunTime:0.000180s ]
INFO: [ app_end ] --START--
INFO: Run Behavior\ShowPageTraceBehavior [ RunTime:0.000581s ]
INFO: [ app_end ] --END-- [ RunTime:0.000645s ]

[ 2017-05-02T18:30:09+08:00 ] 172.18.20.243 /index.php/Home/index/getAllOrderData?uid=35
INFO: [ app_init ] --START--
INFO: Run Behavior\BuildLiteBehavior [ RunTime:0.000013s ]
INFO: [ app_init ] --END-- [ RunTime:0.000316s ]
INFO: [ app_begin ] --START--
INFO: Run Behavior\ReadHtmlCacheBehavior [ RunTime:0.000446s ]
INFO: [ app_begin ] --END-- [ RunTime:0.000505s ]
NOTIC: [8192] mysql_connect(): The mysql extension is deprecated and will be removed in the future: use mysqli or PDO instead /Users/liupengfei/Downloads/AppShopService-master/ThinkPHP/Library/Think/Db/Driver/Mysql.class.php 第 52 行.
SQL: SHOW COLUMNS FROM `user` [ RunTime:0.000307s ]
SQL: SELECT * FROM `user` RIGHT JOIN buy ON buy.uid = user.id  WHERE ( user.id = 35 )  [ RunTime:0.000444s ]
SQL: SHOW COLUMNS FROM `product` [ RunTime:0.000387s ]
SQL: SELECT * FROM `product` WHERE ( id = 17 ) LIMIT 1   [ RunTime:0.000199s ]
SQL: SHOW COLUMNS FROM `product` [ RunTime:0.000313s ]
SQL: SELECT * FROM `product` WHERE ( id = 17 ) LIMIT 1   [ RunTime:0.000195s ]
SQL: SHOW COLUMNS FROM `product` [ RunTime:0.000336s ]
SQL: SELECT * FROM `product` WHERE ( id = 20 ) LIMIT 1   [ RunTime:0.000200s ]
SQL: SHOW COLUMNS FROM `product` [ RunTime:0.000345s ]
SQL: SELECT * FROM `product` WHERE ( id = 17 ) LIMIT 1   [ RunTime:0.000168s ]
SQL: SHOW COLUMNS FROM `product` [ RunTime:0.000286s ]
SQL: SELECT * FROM `product` WHERE ( id = 38 ) LIMIT 1   [ RunTime:0.000170s ]
SQL: SHOW COLUMNS FROM `product` [ RunTime:0.000287s ]
SQL: SELECT * FROM `product` WHERE ( id = 20 ) LIMIT 1   [ RunTime:0.000182s ]
SQL: SHOW COLUMNS FROM `product` [ RunTime:0.000322s ]
SQL: SELECT * FROM `product` WHERE ( id = 37 ) LIMIT 1   [ RunTime:0.000203s ]
SQL: SHOW COLUMNS FROM `product` [ RunTime:0.000721s ]
SQL: SELECT * FROM `product` WHERE ( id = 27 ) LIMIT 1   [ RunTime:0.000235s ]
SQL: SHOW COLUMNS FROM `product` [ RunTime:0.000330s ]
SQL: SELECT * FROM `product` WHERE ( id = 19 ) LIMIT 1   [ RunTime:0.000204s ]
SQL: SHOW COLUMNS FROM `product` [ RunTime:0.000327s ]
SQL: SELECT * FROM `product` WHERE ( id = 20 ) LIMIT 1   [ RunTime:0.000203s ]
SQL: SHOW COLUMNS FROM `product` [ RunTime:0.000327s ]
SQL: SELECT * FROM `product` WHERE ( id = 20 ) LIMIT 1   [ RunTime:0.000197s ]
INFO: [ app_end ] --START--
INFO: Run Behavior\ShowPageTraceBehavior [ RunTime:0.000547s ]
INFO: [ app_end ] --END-- [ RunTime:0.000616s ]

[ 2017-05-02T18:30:11+08:00 ] 172.18.20.243 /index.php/Home/index/getAllOrderData?uid=35
INFO: [ app_init ] --START--
INFO: Run Behavior\BuildLiteBehavior [ RunTime:0.000014s ]
INFO: [ app_init ] --END-- [ RunTime:0.000327s ]
INFO: [ app_begin ] --START--
INFO: Run Behavior\ReadHtmlCacheBehavior [ RunTime:0.000682s ]
INFO: [ app_begin ] --END-- [ RunTime:0.000797s ]
NOTIC: [8192] mysql_connect(): The mysql extension is deprecated and will be removed in the future: use mysqli or PDO instead /Users/liupengfei/Downloads/AppShopService-master/ThinkPHP/Library/Think/Db/Driver/Mysql.class.php 第 52 行.
SQL: SHOW COLUMNS FROM `user` [ RunTime:0.000430s ]
SQL: SELECT * FROM `user` RIGHT JOIN buy ON buy.uid = user.id  WHERE ( user.id = 35 )  [ RunTime:0.000362s ]
SQL: SHOW COLUMNS FROM `product` [ RunTime:0.000459s ]
SQL: SELECT * FROM `product` WHERE ( id = 17 ) LIMIT 1   [ RunTime:0.000216s ]
SQL: SHOW COLUMNS FROM `product` [ RunTime:0.000366s ]
SQL: SELECT * FROM `product` WHERE ( id = 17 ) LIMIT 1   [ RunTime:0.000239s ]
SQL: SHOW COLUMNS FROM `product` [ RunTime:0.000464s ]
SQL: SELECT * FROM `product` WHERE ( id = 20 ) LIMIT 1   [ RunTime:0.000561s ]
SQL: SHOW COLUMNS FROM `product` [ RunTime:0.000676s ]
SQL: SELECT * FROM `product` WHERE ( id = 17 ) LIMIT 1   [ RunTime:0.000469s ]
SQL: SHOW COLUMNS FROM `product` [ RunTime:0.000582s ]
SQL: SELECT * FROM `product` WHERE ( id = 38 ) LIMIT 1   [ RunTime:0.000219s ]
SQL: SHOW COLUMNS FROM `product` [ RunTime:0.000342s ]
SQL: SELECT * FROM `product` WHERE ( id = 20 ) LIMIT 1   [ RunTime:0.000200s ]
SQL: SHOW COLUMNS FROM `product` [ RunTime:0.000340s ]
SQL: SELECT * FROM `product` WHERE ( id = 37 ) LIMIT 1   [ RunTime:0.000199s ]
SQL: SHOW COLUMNS FROM `product` [ RunTime:0.000311s ]
SQL: SELECT * FROM `product` WHERE ( id = 27 ) LIMIT 1   [ RunTime:0.000197s ]
SQL: SHOW COLUMNS FROM `product` [ RunTime:0.000330s ]
SQL: SELECT * FROM `product` WHERE ( id = 19 ) LIMIT 1   [ RunTime:0.000242s ]
SQL: SHOW COLUMNS FROM `product` [ RunTime:0.000314s ]
SQL: SELECT * FROM `product` WHERE ( id = 20 ) LIMIT 1   [ RunTime:0.000205s ]
SQL: SHOW COLUMNS FROM `product` [ RunTime:0.000339s ]
SQL: SELECT * FROM `product` WHERE ( id = 20 ) LIMIT 1   [ RunTime:0.000206s ]
INFO: [ app_end ] --START--
INFO: Run Behavior\ShowPageTraceBehavior [ RunTime:0.000481s ]
INFO: [ app_end ] --END-- [ RunTime:0.000542s ]

[ 2017-05-02T18:30:14+08:00 ] 172.18.20.243 /index.php/Home/index/getAllOrderData?uid=35
INFO: [ app_init ] --START--
INFO: Run Behavior\BuildLiteBehavior [ RunTime:0.000015s ]
INFO: [ app_init ] --END-- [ RunTime:0.000325s ]
INFO: [ app_begin ] --START--
INFO: Run Behavior\ReadHtmlCacheBehavior [ RunTime:0.000474s ]
INFO: [ app_begin ] --END-- [ RunTime:0.000544s ]
NOTIC: [8192] mysql_connect(): The mysql extension is deprecated and will be removed in the future: use mysqli or PDO instead /Users/liupengfei/Downloads/AppShopService-master/ThinkPHP/Library/Think/Db/Driver/Mysql.class.php 第 52 行.
SQL: SHOW COLUMNS FROM `user` [ RunTime:0.000516s ]
SQL: SELECT * FROM `user` RIGHT JOIN buy ON buy.uid = user.id  WHERE ( user.id = 35 )  [ RunTime:0.000473s ]
SQL: SHOW COLUMNS FROM `product` [ RunTime:0.000799s ]
SQL: SELECT * FROM `product` WHERE ( id = 17 ) LIMIT 1   [ RunTime:0.000247s ]
SQL: SHOW COLUMNS FROM `product` [ RunTime:0.000388s ]
SQL: SELECT * FROM `product` WHERE ( id = 17 ) LIMIT 1   [ RunTime:0.000264s ]
SQL: SHOW COLUMNS FROM `product` [ RunTime:0.000445s ]
SQL: SELECT * FROM `product` WHERE ( id = 20 ) LIMIT 1   [ RunTime:0.000228s ]
SQL: SHOW COLUMNS FROM `product` [ RunTime:0.000469s ]
SQL: SELECT * FROM `product` WHERE ( id = 17 ) LIMIT 1   [ RunTime:0.000302s ]
SQL: SHOW COLUMNS FROM `product` [ RunTime:0.000702s ]
SQL: SELECT * FROM `product` WHERE ( id = 38 ) LIMIT 1   [ RunTime:0.000313s ]
SQL: SHOW COLUMNS FROM `product` [ RunTime:0.000406s ]
SQL: SELECT * FROM `product` WHERE ( id = 20 ) LIMIT 1   [ RunTime:0.000214s ]
SQL: SHOW COLUMNS FROM `product` [ RunTime:0.000413s ]
SQL: SELECT * FROM `product` WHERE ( id = 37 ) LIMIT 1   [ RunTime:0.000252s ]
SQL: SHOW COLUMNS FROM `product` [ RunTime:0.000964s ]
SQL: SELECT * FROM `product` WHERE ( id = 27 ) LIMIT 1   [ RunTime:0.000780s ]
SQL: SHOW COLUMNS FROM `product` [ RunTime:0.000606s ]
SQL: SELECT * FROM `product` WHERE ( id = 19 ) LIMIT 1   [ RunTime:0.000296s ]
SQL: SHOW COLUMNS FROM `product` [ RunTime:0.000467s ]
SQL: SELECT * FROM `product` WHERE ( id = 20 ) LIMIT 1   [ RunTime:0.000272s ]
SQL: SHOW COLUMNS FROM `product` [ RunTime:0.000453s ]
SQL: SELECT * FROM `product` WHERE ( id = 20 ) LIMIT 1   [ RunTime:0.000237s ]
INFO: [ app_end ] --START--
INFO: Run Behavior\ShowPageTraceBehavior [ RunTime:0.000558s ]
INFO: [ app_end ] --END-- [ RunTime:0.000640s ]

[ 2017-05-02T18:30:18+08:00 ] 172.18.20.243 /index.php/Home/index/getAllOrderData?uid=35
INFO: [ app_init ] --START--
INFO: Run Behavior\BuildLiteBehavior [ RunTime:0.000015s ]
INFO: [ app_init ] --END-- [ RunTime:0.000364s ]
INFO: [ app_begin ] --START--
INFO: Run Behavior\ReadHtmlCacheBehavior [ RunTime:0.000592s ]
INFO: [ app_begin ] --END-- [ RunTime:0.000683s ]
NOTIC: [8192] mysql_connect(): The mysql extension is deprecated and will be removed in the future: use mysqli or PDO instead /Users/liupengfei/Downloads/AppShopService-master/ThinkPHP/Library/Think/Db/Driver/Mysql.class.php 第 52 行.
SQL: SHOW COLUMNS FROM `user` [ RunTime:0.000417s ]
SQL: SELECT * FROM `user` RIGHT JOIN buy ON buy.uid = user.id  WHERE ( user.id = 35 )  [ RunTime:0.000367s ]
SQL: SHOW COLUMNS FROM `product` [ RunTime:0.000329s ]
SQL: SELECT * FROM `product` WHERE ( id = 17 ) LIMIT 1   [ RunTime:0.000205s ]
SQL: SHOW COLUMNS FROM `product` [ RunTime:0.000338s ]
SQL: SELECT * FROM `product` WHERE ( id = 17 ) LIMIT 1   [ RunTime:0.000208s ]
SQL: SHOW COLUMNS FROM `product` [ RunTime:0.000355s ]
SQL: SELECT * FROM `product` WHERE ( id = 20 ) LIMIT 1   [ RunTime:0.000190s ]
SQL: SHOW COLUMNS FROM `product` [ RunTime:0.000304s ]
SQL: SELECT * FROM `product` WHERE ( id = 17 ) LIMIT 1   [ RunTime:0.000182s ]
SQL: SHOW COLUMNS FROM `product` [ RunTime:0.000322s ]
SQL: SELECT * FROM `product` WHERE ( id = 38 ) LIMIT 1   [ RunTime:0.000209s ]
SQL: SHOW COLUMNS FROM `product` [ RunTime:0.000309s ]
SQL: SELECT * FROM `product` WHERE ( id = 20 ) LIMIT 1   [ RunTime:0.000182s ]
SQL: SHOW COLUMNS FROM `product` [ RunTime:0.000321s ]
SQL: SELECT * FROM `product` WHERE ( id = 37 ) LIMIT 1   [ RunTime:0.000219s ]
SQL: SHOW COLUMNS FROM `product` [ RunTime:0.000321s ]
SQL: SELECT * FROM `product` WHERE ( id = 27 ) LIMIT 1   [ RunTime:0.000225s ]
SQL: SHOW COLUMNS FROM `product` [ RunTime:0.000550s ]
SQL: SELECT * FROM `product` WHERE ( id = 19 ) LIMIT 1   [ RunTime:0.000214s ]
SQL: SHOW COLUMNS FROM `product` [ RunTime:0.000314s ]
SQL: SELECT * FROM `product` WHERE ( id = 20 ) LIMIT 1   [ RunTime:0.000254s ]
SQL: SHOW COLUMNS FROM `product` [ RunTime:0.000314s ]
SQL: SELECT * FROM `product` WHERE ( id = 20 ) LIMIT 1   [ RunTime:0.000187s ]
INFO: [ app_end ] --START--
INFO: Run Behavior\ShowPageTraceBehavior [ RunTime:0.000676s ]
INFO: [ app_end ] --END-- [ RunTime:0.000743s ]

[ 2017-05-02T18:30:18+08:00 ] 172.18.20.243 /index.php/Home/index/getAllOrderData?uid=35
INFO: [ app_init ] --START--
INFO: Run Behavior\BuildLiteBehavior [ RunTime:0.000029s ]
INFO: [ app_init ] --END-- [ RunTime:0.000475s ]
INFO: [ app_begin ] --START--
INFO: Run Behavior\ReadHtmlCacheBehavior [ RunTime:0.000482s ]
INFO: [ app_begin ] --END-- [ RunTime:0.000556s ]
NOTIC: [8192] mysql_connect(): The mysql extension is deprecated and will be removed in the future: use mysqli or PDO instead /Users/liupengfei/Downloads/AppShopService-master/ThinkPHP/Library/Think/Db/Driver/Mysql.class.php 第 52 行.
SQL: SHOW COLUMNS FROM `user` [ RunTime:0.000350s ]
SQL: SELECT * FROM `user` RIGHT JOIN buy ON buy.uid = user.id  WHERE ( user.id = 35 )  [ RunTime:0.000375s ]
SQL: SHOW COLUMNS FROM `product` [ RunTime:0.000353s ]
SQL: SELECT * FROM `product` WHERE ( id = 17 ) LIMIT 1   [ RunTime:0.000252s ]
SQL: SHOW COLUMNS FROM `product` [ RunTime:0.000324s ]
SQL: SELECT * FROM `product` WHERE ( id = 17 ) LIMIT 1   [ RunTime:0.000215s ]
SQL: SHOW COLUMNS FROM `product` [ RunTime:0.000298s ]
SQL: SELECT * FROM `product` WHERE ( id = 20 ) LIMIT 1   [ RunTime:0.000196s ]
SQL: SHOW COLUMNS FROM `product` [ RunTime:0.000364s ]
SQL: SELECT * FROM `product` WHERE ( id = 17 ) LIMIT 1   [ RunTime:0.000188s ]
SQL: SHOW COLUMNS FROM `product` [ RunTime:0.000344s ]
SQL: SELECT * FROM `product` WHERE ( id = 38 ) LIMIT 1   [ RunTime:0.000211s ]
SQL: SHOW COLUMNS FROM `product` [ RunTime:0.000335s ]
SQL: SELECT * FROM `product` WHERE ( id = 20 ) LIMIT 1   [ RunTime:0.000191s ]
SQL: SHOW COLUMNS FROM `product` [ RunTime:0.000319s ]
SQL: SELECT * FROM `product` WHERE ( id = 37 ) LIMIT 1   [ RunTime:0.000240s ]
SQL: SHOW COLUMNS FROM `product` [ RunTime:0.000317s ]
SQL: SELECT * FROM `product` WHERE ( id = 27 ) LIMIT 1   [ RunTime:0.000196s ]
SQL: SHOW COLUMNS FROM `product` [ RunTime:0.000314s ]
SQL: SELECT * FROM `product` WHERE ( id = 19 ) LIMIT 1   [ RunTime:0.000201s ]
SQL: SHOW COLUMNS FROM `product` [ RunTime:0.000526s ]
SQL: SELECT * FROM `product` WHERE ( id = 20 ) LIMIT 1   [ RunTime:0.000193s ]
SQL: SHOW COLUMNS FROM `product` [ RunTime:0.000315s ]
SQL: SELECT * FROM `product` WHERE ( id = 20 ) LIMIT 1   [ RunTime:0.000184s ]
INFO: [ app_end ] --START--
INFO: Run Behavior\ShowPageTraceBehavior [ RunTime:0.000475s ]
INFO: [ app_end ] --END-- [ RunTime:0.000532s ]

[ 2017-05-02T18:30:36+08:00 ] 172.18.20.243 /index.php/Home/index/getUpdateAppInfo
INFO: [ app_init ] --START--
INFO: Run Behavior\BuildLiteBehavior [ RunTime:0.000022s ]
INFO: [ app_init ] --END-- [ RunTime:0.000647s ]
INFO: [ app_begin ] --START--
INFO: Run Behavior\ReadHtmlCacheBehavior [ RunTime:0.000478s ]
INFO: [ app_begin ] --END-- [ RunTime:0.000545s ]
NOTIC: [8192] mysql_connect(): The mysql extension is deprecated and will be removed in the future: use mysqli or PDO instead /Users/liupengfei/Downloads/AppShopService-master/ThinkPHP/Library/Think/Db/Driver/Mysql.class.php 第 52 行.
SQL: SHOW COLUMNS FROM `updateapp` [ RunTime:0.000465s ]
SQL: SELECT * FROM `updateapp` ORDER BY updatetime desc  [ RunTime:0.000260s ]
INFO: [ app_end ] --START--
INFO: Run Behavior\ShowPageTraceBehavior [ RunTime:0.000769s ]
INFO: [ app_end ] --END-- [ RunTime:0.000854s ]

[ 2017-05-02T18:30:37+08:00 ] 172.18.20.243 /index.php/Home/index/getProducts
INFO: [ app_init ] --START--
INFO: Run Behavior\BuildLiteBehavior [ RunTime:0.000074s ]
INFO: [ app_init ] --END-- [ RunTime:0.000771s ]
INFO: [ app_begin ] --START--
INFO: Run Behavior\ReadHtmlCacheBehavior [ RunTime:0.000464s ]
INFO: [ app_begin ] --END-- [ RunTime:0.000529s ]
NOTIC: [8192] mysql_connect(): The mysql extension is deprecated and will be removed in the future: use mysqli or PDO instead /Users/liupengfei/Downloads/AppShopService-master/ThinkPHP/Library/Think/Db/Driver/Mysql.class.php 第 52 行.
SQL: SHOW COLUMNS FROM `product` [ RunTime:0.000627s ]
SQL: SELECT * FROM `product` ORDER BY type asc  [ RunTime:0.000556s ]
INFO: [ app_end ] --START--
INFO: Run Behavior\ShowPageTraceBehavior [ RunTime:0.000674s ]
INFO: [ app_end ] --END-- [ RunTime:0.000773s ]

[ 2017-05-02T18:30:37+08:00 ] 172.18.20.243 /index.php/Home/index/getBanners
INFO: [ app_init ] --START--
INFO: Run Behavior\BuildLiteBehavior [ RunTime:0.000014s ]
INFO: [ app_init ] --END-- [ RunTime:0.000396s ]
INFO: [ app_begin ] --START--
INFO: Run Behavior\ReadHtmlCacheBehavior [ RunTime:0.000422s ]
INFO: [ app_begin ] --END-- [ RunTime:0.000480s ]
NOTIC: [8192] mysql_connect(): The mysql extension is deprecated and will be removed in the future: use mysqli or PDO instead /Users/liupengfei/Downloads/AppShopService-master/ThinkPHP/Library/Think/Db/Driver/Mysql.class.php 第 52 行.
SQL: SHOW COLUMNS FROM `banner` [ RunTime:0.000593s ]
SQL: SELECT * FROM `banner`  [ RunTime:0.000243s ]
INFO: [ app_end ] --START--
INFO: Run Behavior\ShowPageTraceBehavior [ RunTime:0.000507s ]
INFO: [ app_end ] --END-- [ RunTime:0.000564s ]

[ 2017-05-02T18:31:00+08:00 ] 172.18.20.243 /index.php/Home/index/getAllOrderData?uid=35
INFO: [ app_init ] --START--
INFO: Run Behavior\BuildLiteBehavior [ RunTime:0.000016s ]
INFO: [ app_init ] --END-- [ RunTime:0.000333s ]
INFO: [ app_begin ] --START--
INFO: Run Behavior\ReadHtmlCacheBehavior [ RunTime:0.000462s ]
INFO: [ app_begin ] --END-- [ RunTime:0.000525s ]
NOTIC: [8192] mysql_connect(): The mysql extension is deprecated and will be removed in the future: use mysqli or PDO instead /Users/liupengfei/Downloads/AppShopService-master/ThinkPHP/Library/Think/Db/Driver/Mysql.class.php 第 52 行.
SQL: SHOW COLUMNS FROM `user` [ RunTime:0.000465s ]
SQL: SELECT * FROM `user` RIGHT JOIN buy ON buy.uid = user.id  WHERE ( user.id = 35 )  [ RunTime:0.000322s ]
SQL: SHOW COLUMNS FROM `product` [ RunTime:0.000348s ]
SQL: SELECT * FROM `product` WHERE ( id = 17 ) LIMIT 1   [ RunTime:0.000212s ]
SQL: SHOW COLUMNS FROM `product` [ RunTime:0.000327s ]
SQL: SELECT * FROM `product` WHERE ( id = 17 ) LIMIT 1   [ RunTime:0.000213s ]
SQL: SHOW COLUMNS FROM `product` [ RunTime:0.000462s ]
SQL: SELECT * FROM `product` WHERE ( id = 20 ) LIMIT 1   [ RunTime:0.000205s ]
SQL: SHOW COLUMNS FROM `product` [ RunTime:0.000318s ]
SQL: SELECT * FROM `product` WHERE ( id = 17 ) LIMIT 1   [ RunTime:0.000215s ]
SQL: SHOW COLUMNS FROM `product` [ RunTime:0.000479s ]
SQL: SELECT * FROM `product` WHERE ( id = 38 ) LIMIT 1   [ RunTime:0.000202s ]
SQL: SHOW COLUMNS FROM `product` [ RunTime:0.000327s ]
SQL: SELECT * FROM `product` WHERE ( id = 20 ) LIMIT 1   [ RunTime:0.000180s ]
SQL: SHOW COLUMNS FROM `product` [ RunTime:0.000312s ]
SQL: SELECT * FROM `product` WHERE ( id = 37 ) LIMIT 1   [ RunTime:0.000185s ]
SQL: SHOW COLUMNS FROM `product` [ RunTime:0.000310s ]
SQL: SELECT * FROM `product` WHERE ( id = 27 ) LIMIT 1   [ RunTime:0.000188s ]
SQL: SHOW COLUMNS FROM `product` [ RunTime:0.000318s ]
SQL: SELECT * FROM `product` WHERE ( id = 19 ) LIMIT 1   [ RunTime:0.000205s ]
SQL: SHOW COLUMNS FROM `product` [ RunTime:0.000305s ]
SQL: SELECT * FROM `product` WHERE ( id = 20 ) LIMIT 1   [ RunTime:0.000253s ]
SQL: SHOW COLUMNS FROM `product` [ RunTime:0.000398s ]
SQL: SELECT * FROM `product` WHERE ( id = 20 ) LIMIT 1   [ RunTime:0.000184s ]
INFO: [ app_end ] --START--
INFO: Run Behavior\ShowPageTraceBehavior [ RunTime:0.000551s ]
INFO: [ app_end ] --END-- [ RunTime:0.000628s ]

[ 2017-05-02T18:31:00+08:00 ] 172.18.20.243 /index.php/Home/index/getAllOrderData?uid=35
INFO: [ app_init ] --START--
INFO: Run Behavior\BuildLiteBehavior [ RunTime:0.000015s ]
INFO: [ app_init ] --END-- [ RunTime:0.000328s ]
INFO: [ app_begin ] --START--
INFO: Run Behavior\ReadHtmlCacheBehavior [ RunTime:0.000421s ]
INFO: [ app_begin ] --END-- [ RunTime:0.000478s ]
NOTIC: [8192] mysql_connect(): The mysql extension is deprecated and will be removed in the future: use mysqli or PDO instead /Users/liupengfei/Downloads/AppShopService-master/ThinkPHP/Library/Think/Db/Driver/Mysql.class.php 第 52 行.
SQL: SHOW COLUMNS FROM `user` [ RunTime:0.000394s ]
SQL: SELECT * FROM `user` RIGHT JOIN buy ON buy.uid = user.id  WHERE ( user.id = 35 )  [ RunTime:0.000345s ]
SQL: SHOW COLUMNS FROM `product` [ RunTime:0.000470s ]
SQL: SELECT * FROM `product` WHERE ( id = 17 ) LIMIT 1   [ RunTime:0.000198s ]
SQL: SHOW COLUMNS FROM `product` [ RunTime:0.000317s ]
SQL: SELECT * FROM `product` WHERE ( id = 17 ) LIMIT 1   [ RunTime:0.000196s ]
SQL: SHOW COLUMNS FROM `product` [ RunTime:0.000314s ]
SQL: SELECT * FROM `product` WHERE ( id = 20 ) LIMIT 1   [ RunTime:0.000200s ]
SQL: SHOW COLUMNS FROM `product` [ RunTime:0.000321s ]
SQL: SELECT * FROM `product` WHERE ( id = 17 ) LIMIT 1   [ RunTime:0.000203s ]
SQL: SHOW COLUMNS FROM `product` [ RunTime:0.000338s ]
SQL: SELECT * FROM `product` WHERE ( id = 38 ) LIMIT 1   [ RunTime:0.000242s ]
SQL: SHOW COLUMNS FROM `product` [ RunTime:0.000348s ]
SQL: SELECT * FROM `product` WHERE ( id = 20 ) LIMIT 1   [ RunTime:0.000234s ]
SQL: SHOW COLUMNS FROM `product` [ RunTime:0.000386s ]
SQL: SELECT * FROM `product` WHERE ( id = 37 ) LIMIT 1   [ RunTime:0.000208s ]
SQL: SHOW COLUMNS FROM `product` [ RunTime:0.000317s ]
SQL: SELECT * FROM `product` WHERE ( id = 27 ) LIMIT 1   [ RunTime:0.000310s ]
SQL: SHOW COLUMNS FROM `product` [ RunTime:0.000531s ]
SQL: SELECT * FROM `product` WHERE ( id = 19 ) LIMIT 1   [ RunTime:0.000267s ]
SQL: SHOW COLUMNS FROM `product` [ RunTime:0.000390s ]
SQL: SELECT * FROM `product` WHERE ( id = 20 ) LIMIT 1   [ RunTime:0.000222s ]
SQL: SHOW COLUMNS FROM `product` [ RunTime:0.000346s ]
SQL: SELECT * FROM `product` WHERE ( id = 20 ) LIMIT 1   [ RunTime:0.000198s ]
INFO: [ app_end ] --START--
INFO: Run Behavior\ShowPageTraceBehavior [ RunTime:0.000484s ]
INFO: [ app_end ] --END-- [ RunTime:0.000545s ]

[ 2017-05-02T18:31:03+08:00 ] 172.18.20.243 /index.php/Home/index/getAllOrderData?uid=35
INFO: [ app_init ] --START--
INFO: Run Behavior\BuildLiteBehavior [ RunTime:0.000015s ]
INFO: [ app_init ] --END-- [ RunTime:0.000333s ]
INFO: [ app_begin ] --START--
INFO: Run Behavior\ReadHtmlCacheBehavior [ RunTime:0.000483s ]
INFO: [ app_begin ] --END-- [ RunTime:0.000544s ]
NOTIC: [8192] mysql_connect(): The mysql extension is deprecated and will be removed in the future: use mysqli or PDO instead /Users/liupengfei/Downloads/AppShopService-master/ThinkPHP/Library/Think/Db/Driver/Mysql.class.php 第 52 行.
SQL: SHOW COLUMNS FROM `user` [ RunTime:0.000468s ]
SQL: SELECT * FROM `user` RIGHT JOIN buy ON buy.uid = user.id  WHERE ( user.id = 35 )  [ RunTime:0.000352s ]
SQL: SHOW COLUMNS FROM `product` [ RunTime:0.000329s ]
SQL: SELECT * FROM `product` WHERE ( id = 17 ) LIMIT 1   [ RunTime:0.000185s ]
SQL: SHOW COLUMNS FROM `product` [ RunTime:0.000322s ]
SQL: SELECT * FROM `product` WHERE ( id = 17 ) LIMIT 1   [ RunTime:0.000205s ]
SQL: SHOW COLUMNS FROM `product` [ RunTime:0.000353s ]
SQL: SELECT * FROM `product` WHERE ( id = 20 ) LIMIT 1   [ RunTime:0.000213s ]
SQL: SHOW COLUMNS FROM `product` [ RunTime:0.000352s ]
SQL: SELECT * FROM `product` WHERE ( id = 17 ) LIMIT 1   [ RunTime:0.000225s ]
SQL: SHOW COLUMNS FROM `product` [ RunTime:0.000565s ]
SQL: SELECT * FROM `product` WHERE ( id = 38 ) LIMIT 1   [ RunTime:0.000220s ]
SQL: SHOW COLUMNS FROM `product` [ RunTime:0.000350s ]
SQL: SELECT * FROM `product` WHERE ( id = 20 ) LIMIT 1   [ RunTime:0.000197s ]
SQL: SHOW COLUMNS FROM `product` [ RunTime:0.000293s ]
SQL: SELECT * FROM `product` WHERE ( id = 37 ) LIMIT 1   [ RunTime:0.000168s ]
SQL: SHOW COLUMNS FROM `product` [ RunTime:0.000274s ]
SQL: SELECT * FROM `product` WHERE ( id = 27 ) LIMIT 1   [ RunTime:0.000164s ]
SQL: SHOW COLUMNS FROM `product` [ RunTime:0.000290s ]
SQL: SELECT * FROM `product` WHERE ( id = 19 ) LIMIT 1   [ RunTime:0.000157s ]
SQL: SHOW COLUMNS FROM `product` [ RunTime:0.000308s ]
SQL: SELECT * FROM `product` WHERE ( id = 20 ) LIMIT 1   [ RunTime:0.000162s ]
SQL: SHOW COLUMNS FROM `product` [ RunTime:0.000287s ]
SQL: SELECT * FROM `product` WHERE ( id = 20 ) LIMIT 1   [ RunTime:0.000163s ]
INFO: [ app_end ] --START--
INFO: Run Behavior\ShowPageTraceBehavior [ RunTime:0.000471s ]
INFO: [ app_end ] --END-- [ RunTime:0.000527s ]

[ 2017-05-02T21:32:44+08:00 ] 192.168.1.3 /index.php/Home/index/getUpdateAppInfo
INFO: [ app_init ] --START--
INFO: Run Behavior\BuildLiteBehavior [ RunTime:0.000016s ]
INFO: [ app_init ] --END-- [ RunTime:0.000599s ]
INFO: [ app_begin ] --START--
INFO: Run Behavior\ReadHtmlCacheBehavior [ RunTime:0.000763s ]
INFO: [ app_begin ] --END-- [ RunTime:0.000869s ]
NOTIC: [8192] mysql_connect(): The mysql extension is deprecated and will be removed in the future: use mysqli or PDO instead /Users/liupengfei/Downloads/AppShopService-master/ThinkPHP/Library/Think/Db/Driver/Mysql.class.php 第 52 行.
SQL: SHOW COLUMNS FROM `updateapp` [ RunTime:0.000570s ]
SQL: SELECT * FROM `updateapp` ORDER BY updatetime desc  [ RunTime:0.000264s ]
INFO: [ app_end ] --START--
INFO: Run Behavior\ShowPageTraceBehavior [ RunTime:0.000836s ]
INFO: [ app_end ] --END-- [ RunTime:0.000903s ]

[ 2017-05-02T21:32:45+08:00 ] 192.168.1.3 /index.php/Home/index/getProducts
INFO: [ app_init ] --START--
INFO: Run Behavior\BuildLiteBehavior [ RunTime:0.000025s ]
INFO: [ app_init ] --END-- [ RunTime:0.000489s ]
INFO: [ app_begin ] --START--
INFO: Run Behavior\ReadHtmlCacheBehavior [ RunTime:0.000863s ]
INFO: [ app_begin ] --END-- [ RunTime:0.000932s ]
NOTIC: [8192] mysql_connect(): The mysql extension is deprecated and will be removed in the future: use mysqli or PDO instead /Users/liupengfei/Downloads/AppShopService-master/ThinkPHP/Library/Think/Db/Driver/Mysql.class.php 第 52 行.
SQL: SHOW COLUMNS FROM `product` [ RunTime:0.000536s ]
SQL: SELECT * FROM `product` ORDER BY type asc  [ RunTime:0.000455s ]
INFO: [ app_end ] --START--
INFO: Run Behavior\ShowPageTraceBehavior [ RunTime:0.000507s ]
INFO: [ app_end ] --END-- [ RunTime:0.000585s ]

[ 2017-05-02T21:32:45+08:00 ] 192.168.1.3 /index.php/Home/index/getBanners
INFO: [ app_init ] --START--
INFO: Run Behavior\BuildLiteBehavior [ RunTime:0.000013s ]
INFO: [ app_init ] --END-- [ RunTime:0.000307s ]
INFO: [ app_begin ] --START--
INFO: Run Behavior\ReadHtmlCacheBehavior [ RunTime:0.000406s ]
INFO: [ app_begin ] --END-- [ RunTime:0.000460s ]
NOTIC: [8192] mysql_connect(): The mysql extension is deprecated and will be removed in the future: use mysqli or PDO instead /Users/liupengfei/Downloads/AppShopService-master/ThinkPHP/Library/Think/Db/Driver/Mysql.class.php 第 52 行.
SQL: SHOW COLUMNS FROM `banner` [ RunTime:0.000734s ]
SQL: SELECT * FROM `banner`  [ RunTime:0.000264s ]
INFO: [ app_end ] --START--
INFO: Run Behavior\ShowPageTraceBehavior [ RunTime:0.000839s ]
INFO: [ app_end ] --END-- [ RunTime:0.000908s ]

[ 2017-05-02T21:33:15+08:00 ] 192.168.1.3 /index.php/Home/index/uploadOrder
INFO: [ app_init ] --START--
INFO: Run Behavior\BuildLiteBehavior [ RunTime:0.000018s ]
INFO: [ app_init ] --END-- [ RunTime:0.000520s ]
INFO: [ app_begin ] --START--
INFO: Run Behavior\ReadHtmlCacheBehavior [ RunTime:0.000631s ]
INFO: [ app_begin ] --END-- [ RunTime:0.000703s ]
NOTIC: [8192] mysql_connect(): The mysql extension is deprecated and will be removed in the future: use mysqli or PDO instead /Users/liupengfei/Downloads/AppShopService-master/ThinkPHP/Library/Think/Db/Driver/Mysql.class.php 第 52 行.
SQL: SHOW COLUMNS FROM `user` [ RunTime:0.000734s ]
SQL: SELECT * FROM `user` WHERE ( id='35' ) LIMIT 1   [ RunTime:0.000336s ]
SQL: SHOW COLUMNS FROM `product` [ RunTime:0.000471s ]
SQL: SELECT * FROM `product` WHERE ( id =20 ) LIMIT 1   [ RunTime:0.000273s ]
SQL: SHOW COLUMNS FROM `product` [ RunTime:0.000336s ]
SQL: SELECT * FROM `product` WHERE ( id =20 ) LIMIT 1   [ RunTime:0.000200s ]
SQL: SHOW COLUMNS FROM `buy` [ RunTime:0.000383s ]
SQL: INSERT INTO `buy` (`pid`,`uid`,`sum`,`total`) VALUES (20,35,1,1000) [ RunTime:0.001808s ]

[ 2017-05-02T21:33:16+08:00 ] 192.168.1.3 /index.php/Home/index/getAllOrderData?uid=35
INFO: [ app_init ] --START--
INFO: Run Behavior\BuildLiteBehavior [ RunTime:0.000016s ]
INFO: [ app_init ] --END-- [ RunTime:0.000354s ]
INFO: [ app_begin ] --START--
INFO: Run Behavior\ReadHtmlCacheBehavior [ RunTime:0.000441s ]
INFO: [ app_begin ] --END-- [ RunTime:0.000500s ]
NOTIC: [8192] mysql_connect(): The mysql extension is deprecated and will be removed in the future: use mysqli or PDO instead /Users/liupengfei/Downloads/AppShopService-master/ThinkPHP/Library/Think/Db/Driver/Mysql.class.php 第 52 行.
SQL: SHOW COLUMNS FROM `user` [ RunTime:0.000497s ]
SQL: SELECT * FROM `user` RIGHT JOIN buy ON buy.uid = user.id  WHERE ( user.id = 35 )  [ RunTime:0.000467s ]
SQL: SHOW COLUMNS FROM `product` [ RunTime:0.000394s ]
SQL: SELECT * FROM `product` WHERE ( id = 17 ) LIMIT 1   [ RunTime:0.000236s ]
SQL: SHOW COLUMNS FROM `product` [ RunTime:0.000343s ]
SQL: SELECT * FROM `product` WHERE ( id = 17 ) LIMIT 1   [ RunTime:0.000224s ]
SQL: SHOW COLUMNS FROM `product` [ RunTime:0.000576s ]
SQL: SELECT * FROM `product` WHERE ( id = 20 ) LIMIT 1   [ RunTime:0.000257s ]
SQL: SHOW COLUMNS FROM `product` [ RunTime:0.000334s ]
SQL: SELECT * FROM `product` WHERE ( id = 17 ) LIMIT 1   [ RunTime:0.000185s ]
SQL: SHOW COLUMNS FROM `product` [ RunTime:0.000341s ]
SQL: SELECT * FROM `product` WHERE ( id = 38 ) LIMIT 1   [ RunTime:0.000196s ]
SQL: SHOW COLUMNS FROM `product` [ RunTime:0.000345s ]
SQL: SELECT * FROM `product` WHERE ( id = 20 ) LIMIT 1   [ RunTime:0.000389s ]
SQL: SHOW COLUMNS FROM `product` [ RunTime:0.000448s ]
SQL: SELECT * FROM `product` WHERE ( id = 37 ) LIMIT 1   [ RunTime:0.000186s ]
SQL: SHOW COLUMNS FROM `product` [ RunTime:0.000396s ]
SQL: SELECT * FROM `product` WHERE ( id = 27 ) LIMIT 1   [ RunTime:0.000197s ]
SQL: SHOW COLUMNS FROM `product` [ RunTime:0.000309s ]
SQL: SELECT * FROM `product` WHERE ( id = 19 ) LIMIT 1   [ RunTime:0.000184s ]
SQL: SHOW COLUMNS FROM `product` [ RunTime:0.000289s ]
SQL: SELECT * FROM `product` WHERE ( id = 20 ) LIMIT 1   [ RunTime:0.000170s ]
SQL: SHOW COLUMNS FROM `product` [ RunTime:0.000285s ]
SQL: SELECT * FROM `product` WHERE ( id = 20 ) LIMIT 1   [ RunTime:0.000165s ]
SQL: SHOW COLUMNS FROM `product` [ RunTime:0.000456s ]
SQL: SELECT * FROM `product` WHERE ( id = 20 ) LIMIT 1   [ RunTime:0.000222s ]
INFO: [ app_end ] --START--
INFO: Run Behavior\ShowPageTraceBehavior [ RunTime:0.000512s ]
INFO: [ app_end ] --END-- [ RunTime:0.000576s ]

[ 2017-05-02T21:47:13+08:00 ] 192.168.1.3 /index.php/Home/index/getProducts
INFO: [ app_init ] --START--
INFO: Run Behavior\BuildLiteBehavior [ RunTime:0.000031s ]
INFO: [ app_init ] --END-- [ RunTime:0.000784s ]
INFO: [ app_begin ] --START--
INFO: Run Behavior\ReadHtmlCacheBehavior [ RunTime:0.000668s ]
INFO: [ app_begin ] --END-- [ RunTime:0.000737s ]
NOTIC: [8192] mysql_connect(): The mysql extension is deprecated and will be removed in the future: use mysqli or PDO instead /Users/liupengfei/Downloads/AppShopService-master/ThinkPHP/Library/Think/Db/Driver/Mysql.class.php 第 52 行.
SQL: SHOW COLUMNS FROM `product` [ RunTime:0.000616s ]
SQL: SELECT * FROM `product` ORDER BY type asc  [ RunTime:0.000674s ]
INFO: [ app_end ] --START--
INFO: Run Behavior\ShowPageTraceBehavior [ RunTime:0.000898s ]
INFO: [ app_end ] --END-- [ RunTime:0.001075s ]

[ 2017-05-02T21:47:13+08:00 ] 192.168.1.3 /index.php/Home/index/getProducts
INFO: [ app_init ] --START--
INFO: Run Behavior\BuildLiteBehavior [ RunTime:0.000017s ]
INFO: [ app_init ] --END-- [ RunTime:0.000396s ]
INFO: [ app_begin ] --START--
INFO: Run Behavior\ReadHtmlCacheBehavior [ RunTime:0.000632s ]
INFO: [ app_begin ] --END-- [ RunTime:0.000708s ]
NOTIC: [8192] mysql_connect(): The mysql extension is deprecated and will be removed in the future: use mysqli or PDO instead /Users/liupengfei/Downloads/AppShopService-master/ThinkPHP/Library/Think/Db/Driver/Mysql.class.php 第 52 行.
SQL: SHOW COLUMNS FROM `product` [ RunTime:0.000478s ]
SQL: SELECT * FROM `product` ORDER BY type asc  [ RunTime:0.000361s ]
INFO: [ app_end ] --START--
INFO: Run Behavior\ShowPageTraceBehavior [ RunTime:0.000519s ]
INFO: [ app_end ] --END-- [ RunTime:0.000579s ]

[ 2017-05-02T21:47:13+08:00 ] 192.168.1.3 /index.php/Home/index/getBanners
INFO: [ app_init ] --START--
INFO: Run Behavior\BuildLiteBehavior [ RunTime:0.000013s ]
INFO: [ app_init ] --END-- [ RunTime:0.000317s ]
INFO: [ app_begin ] --START--
INFO: Run Behavior\ReadHtmlCacheBehavior [ RunTime:0.000421s ]
INFO: [ app_begin ] --END-- [ RunTime:0.000477s ]
NOTIC: [8192] mysql_connect(): The mysql extension is deprecated and will be removed in the future: use mysqli or PDO instead /Users/liupengfei/Downloads/AppShopService-master/ThinkPHP/Library/Think/Db/Driver/Mysql.class.php 第 52 行.
SQL: SHOW COLUMNS FROM `banner` [ RunTime:0.000644s ]
SQL: SELECT * FROM `banner`  [ RunTime:0.000341s ]
INFO: [ app_end ] --START--
INFO: Run Behavior\ShowPageTraceBehavior [ RunTime:0.000883s ]
INFO: [ app_end ] --END-- [ RunTime:0.000992s ]

