[ 2017-04-29T09:16:56+08:00 ] ::1 /index.php/Admin
INFO: [ app_init ] --START--
INFO: Run Behavior\BuildLiteBehavior [ RunTime:0.000018s ]
INFO: [ app_init ] --END-- [ RunTime:0.000748s ]
INFO: [ app_begin ] --START--
INFO: Run Behavior\ReadHtmlCacheBehavior [ RunTime:0.000882s ]
INFO: [ app_begin ] --END-- [ RunTime:0.000955s ]
NOTIC: [8] Undefined index: username /Users/liupengfei/Downloads/AppShopService-master/Application/Admin/Controller/CommonController.class.php 第 8 行.
NOTIC: [8] Undefined index: remember /Users/liupengfei/Downloads/AppShopService-master/Application/Admin/Controller/CommonController.class.php 第 9 行.

[ 2017-04-29T09:16:56+08:00 ] ::1 /index.php/Admin/Login/index.html
INFO: [ app_init ] --START--
INFO: Run Behavior\BuildLiteBehavior [ RunTime:0.000012s ]
INFO: [ app_init ] --END-- [ RunTime:0.000302s ]
INFO: [ app_begin ] --START--
INFO: Run Behavior\ReadHtmlCacheBehavior [ RunTime:0.000403s ]
INFO: [ app_begin ] --END-- [ RunTime:0.000456s ]
INFO: [ view_parse ] --START--
INFO: [ template_filter ] --START--
INFO: Run Behavior\ContentReplaceBehavior [ RunTime:0.000046s ]
INFO: [ template_filter ] --END-- [ RunTime:0.000117s ]
INFO: Run Behavior\ParseTemplateBehavior [ RunTime:0.008509s ]
INFO: [ view_parse ] --END-- [ RunTime:0.008589s ]
INFO: [ view_filter ] --START--
INFO: Run Behavior\WriteHtmlCacheBehavior [ RunTime:0.000397s ]
INFO: [ view_filter ] --END-- [ RunTime:0.000446s ]
INFO: [ app_end ] --START--
INFO: Run Behavior\ShowPageTraceBehavior [ RunTime:0.000840s ]
INFO: [ app_end ] --END-- [ RunTime:0.000901s ]

[ 2017-04-29T09:17:07+08:00 ] ::1 /index.php/Admin/Login/dealData.html
INFO: [ app_init ] --START--
INFO: Run Behavior\BuildLiteBehavior [ RunTime:0.000021s ]
INFO: [ app_init ] --END-- [ RunTime:0.000441s ]
INFO: [ app_begin ] --START--
INFO: Run Behavior\ReadHtmlCacheBehavior [ RunTime:0.000446s ]
INFO: [ app_begin ] --END-- [ RunTime:0.000504s ]
NOTIC: [8192] mysql_connect(): The mysql extension is deprecated and will be removed in the future: use mysqli or PDO instead /Users/liupengfei/Downloads/AppShopService-master/ThinkPHP/Library/Think/Db/Driver/Mysql.class.php 第 52 行.
SQL: SHOW COLUMNS FROM `admin` [ RunTime:0.000682s ]
SQL: SELECT * FROM `admin` WHERE `username` = 'admin' LIMIT 1   [ RunTime:0.001158s ]
SQL: SHOW COLUMNS FROM `admin` [ RunTime:0.000330s ]
SQL: UPDATE `admin` SET `logintime`=1493428627 WHERE ( id=1 ) [ RunTime:0.000382s ]

[ 2017-04-29T09:17:07+08:00 ] ::1 /index.php/Admin/Index/index.html
INFO: [ app_init ] --START--
INFO: Run Behavior\BuildLiteBehavior [ RunTime:0.000012s ]
INFO: [ app_init ] --END-- [ RunTime:0.000286s ]
INFO: [ app_begin ] --START--
INFO: Run Behavior\ReadHtmlCacheBehavior [ RunTime:0.000392s ]
INFO: [ app_begin ] --END-- [ RunTime:0.000446s ]
NOTIC: [8192] mysql_connect(): The mysql extension is deprecated and will be removed in the future: use mysqli or PDO instead /Users/liupengfei/Downloads/AppShopService-master/ThinkPHP/Library/Think/Db/Driver/Mysql.class.php 第 52 行.
SQL: SHOW COLUMNS FROM `banner` [ RunTime:0.000415s ]
SQL: SELECT * FROM `banner`  [ RunTime:0.000225s ]
SQL: SHOW COLUMNS FROM `product` [ RunTime:0.000345s ]
SQL: SELECT * FROM `product` ORDER BY type asc  [ RunTime:0.000350s ]
SQL: SHOW COLUMNS FROM `user` [ RunTime:0.000384s ]
SQL: SELECT * FROM `user`  [ RunTime:0.000195s ]
SQL: SHOW COLUMNS FROM `buy` [ RunTime:0.000299s ]
SQL: SELECT * FROM `buy` INNER JOIN  user on buy.uid = user.id INNER JOIN product on buy.pid = product.id   [ RunTime:0.000333s ]
SQL: SHOW COLUMNS FROM `buy` [ RunTime:0.000394s ]
SQL: SELECT `id` FROM `buy`  [ RunTime:0.000201s ]
SQL: SHOW COLUMNS FROM `updateapp` [ RunTime:0.000401s ]
SQL: SELECT * FROM `updateapp` ORDER BY updatetime desc  [ RunTime:0.000254s ]
INFO: [ view_parse ] --START--
INFO: [ template_filter ] --START--
INFO: Run Behavior\ContentReplaceBehavior [ RunTime:0.000084s ]
INFO: [ template_filter ] --END-- [ RunTime:0.000162s ]
NOTIC: [8] Undefined variable: show /Users/liupengfei/Downloads/AppShopService-master/Application/Runtime/Cache/Admin/b595b808c2ebeeeb0478ffc30bb4e87a.php 第 154 行.
INFO: Run Behavior\ParseTemplateBehavior [ RunTime:0.039678s ]
INFO: [ view_parse ] --END-- [ RunTime:0.039758s ]
INFO: [ view_filter ] --START--
INFO: Run Behavior\WriteHtmlCacheBehavior [ RunTime:0.000162s ]
INFO: [ view_filter ] --END-- [ RunTime:0.000216s ]
INFO: [ app_end ] --START--
INFO: Run Behavior\ShowPageTraceBehavior [ RunTime:0.000628s ]
INFO: [ app_end ] --END-- [ RunTime:0.000689s ]

[ 2017-04-29T09:21:07+08:00 ] ::1 /index.php/Admin/Index/index/tab/6.html
INFO: [ app_init ] --START--
INFO: Run Behavior\BuildLiteBehavior [ RunTime:0.000023s ]
INFO: [ app_init ] --END-- [ RunTime:0.000540s ]
INFO: [ app_begin ] --START--
INFO: Run Behavior\ReadHtmlCacheBehavior [ RunTime:0.000639s ]
INFO: [ app_begin ] --END-- [ RunTime:0.000772s ]
NOTIC: [8192] mysql_connect(): The mysql extension is deprecated and will be removed in the future: use mysqli or PDO instead /Users/liupengfei/Downloads/AppShopService-master/ThinkPHP/Library/Think/Db/Driver/Mysql.class.php 第 52 行.
SQL: SHOW COLUMNS FROM `banner` [ RunTime:0.000468s ]
SQL: SELECT * FROM `banner`  [ RunTime:0.000254s ]
SQL: SHOW COLUMNS FROM `product` [ RunTime:0.000484s ]
SQL: SELECT * FROM `product` ORDER BY type asc  [ RunTime:0.000490s ]
SQL: SHOW COLUMNS FROM `user` [ RunTime:0.000431s ]
SQL: SELECT * FROM `user`  [ RunTime:0.000201s ]
SQL: SHOW COLUMNS FROM `buy` [ RunTime:0.000321s ]
SQL: SELECT * FROM `buy` INNER JOIN  user on buy.uid = user.id INNER JOIN product on buy.pid = product.id   [ RunTime:0.000391s ]
SQL: SHOW COLUMNS FROM `buy` [ RunTime:0.000344s ]
SQL: SELECT `id` FROM `buy`  [ RunTime:0.000200s ]
SQL: SHOW COLUMNS FROM `updateapp` [ RunTime:0.000315s ]
SQL: SELECT * FROM `updateapp` ORDER BY updatetime desc  [ RunTime:0.000190s ]
INFO: [ view_parse ] --START--
INFO: [ template_filter ] --START--
INFO: Run Behavior\ContentReplaceBehavior [ RunTime:0.000089s ]
INFO: [ template_filter ] --END-- [ RunTime:0.000166s ]
NOTIC: [8] Undefined variable: show /Users/liupengfei/Downloads/AppShopService-master/Application/Runtime/Cache/Admin/b595b808c2ebeeeb0478ffc30bb4e87a.php 第 154 行.
INFO: Run Behavior\ParseTemplateBehavior [ RunTime:0.037033s ]
INFO: [ view_parse ] --END-- [ RunTime:0.037124s ]
INFO: [ view_filter ] --START--
INFO: Run Behavior\WriteHtmlCacheBehavior [ RunTime:0.000418s ]
INFO: [ view_filter ] --END-- [ RunTime:0.000474s ]
INFO: [ app_end ] --START--
INFO: Run Behavior\ShowPageTraceBehavior [ RunTime:0.000588s ]
INFO: [ app_end ] --END-- [ RunTime:0.000649s ]

[ 2017-04-29T09:21:11+08:00 ] ::1 /index.php/Admin/Index/changePayState/id/178/state/0/tab/6.html
INFO: [ app_init ] --START--
INFO: Run Behavior\BuildLiteBehavior [ RunTime:0.000013s ]
INFO: [ app_init ] --END-- [ RunTime:0.000318s ]
INFO: [ app_begin ] --START--
INFO: Run Behavior\ReadHtmlCacheBehavior [ RunTime:0.000388s ]
INFO: [ app_begin ] --END-- [ RunTime:0.000439s ]
NOTIC: [8192] mysql_connect(): The mysql extension is deprecated and will be removed in the future: use mysqli or PDO instead /Users/liupengfei/Downloads/AppShopService-master/ThinkPHP/Library/Think/Db/Driver/Mysql.class.php 第 52 行.
SQL: SHOW COLUMNS FROM `buy` [ RunTime:0.000467s ]
SQL: UPDATE `buy` SET `isPay`=1 WHERE ( id=178 ) [ RunTime:0.000436s ]

[ 2017-04-29T09:21:11+08:00 ] ::1 /index.php/Admin/Index/index/tab/6.html
INFO: [ app_init ] --START--
INFO: Run Behavior\BuildLiteBehavior [ RunTime:0.000015s ]
INFO: [ app_init ] --END-- [ RunTime:0.000335s ]
INFO: [ app_begin ] --START--
INFO: Run Behavior\ReadHtmlCacheBehavior [ RunTime:0.000432s ]
INFO: [ app_begin ] --END-- [ RunTime:0.000496s ]
NOTIC: [8192] mysql_connect(): The mysql extension is deprecated and will be removed in the future: use mysqli or PDO instead /Users/liupengfei/Downloads/AppShopService-master/ThinkPHP/Library/Think/Db/Driver/Mysql.class.php 第 52 行.
SQL: SHOW COLUMNS FROM `banner` [ RunTime:0.000451s ]
SQL: SELECT * FROM `banner`  [ RunTime:0.000249s ]
SQL: SHOW COLUMNS FROM `product` [ RunTime:0.000352s ]
SQL: SELECT * FROM `product` ORDER BY type asc  [ RunTime:0.000358s ]
SQL: SHOW COLUMNS FROM `user` [ RunTime:0.000394s ]
SQL: SELECT * FROM `user`  [ RunTime:0.000225s ]
SQL: SHOW COLUMNS FROM `buy` [ RunTime:0.000316s ]
SQL: SELECT * FROM `buy` INNER JOIN  user on buy.uid = user.id INNER JOIN product on buy.pid = product.id   [ RunTime:0.000352s ]
SQL: SHOW COLUMNS FROM `buy` [ RunTime:0.000315s ]
SQL: SELECT `id` FROM `buy`  [ RunTime:0.000215s ]
SQL: SHOW COLUMNS FROM `updateapp` [ RunTime:0.000369s ]
SQL: SELECT * FROM `updateapp` ORDER BY updatetime desc  [ RunTime:0.000210s ]
INFO: [ view_parse ] --START--
INFO: [ template_filter ] --START--
INFO: Run Behavior\ContentReplaceBehavior [ RunTime:0.000063s ]
INFO: [ template_filter ] --END-- [ RunTime:0.000132s ]
NOTIC: [8] Undefined variable: show /Users/liupengfei/Downloads/AppShopService-master/Application/Runtime/Cache/Admin/b595b808c2ebeeeb0478ffc30bb4e87a.php 第 154 行.
INFO: Run Behavior\ParseTemplateBehavior [ RunTime:0.033759s ]
INFO: [ view_parse ] --END-- [ RunTime:0.033825s ]
INFO: [ view_filter ] --START--
INFO: Run Behavior\WriteHtmlCacheBehavior [ RunTime:0.000151s ]
INFO: [ view_filter ] --END-- [ RunTime:0.000201s ]
INFO: [ app_end ] --START--
INFO: Run Behavior\ShowPageTraceBehavior [ RunTime:0.000609s ]
INFO: [ app_end ] --END-- [ RunTime:0.000666s ]

[ 2017-04-29T09:21:32+08:00 ] ::1 /index.php/Admin/Index/changeDeliverState/id/178/state/0/tab/6.html
INFO: [ app_init ] --START--
INFO: Run Behavior\BuildLiteBehavior [ RunTime:0.000014s ]
INFO: [ app_init ] --END-- [ RunTime:0.000396s ]
INFO: [ app_begin ] --START--
INFO: Run Behavior\ReadHtmlCacheBehavior [ RunTime:0.000611s ]
INFO: [ app_begin ] --END-- [ RunTime:0.000689s ]
NOTIC: [8192] mysql_connect(): The mysql extension is deprecated and will be removed in the future: use mysqli or PDO instead /Users/liupengfei/Downloads/AppShopService-master/ThinkPHP/Library/Think/Db/Driver/Mysql.class.php 第 52 行.
SQL: SHOW COLUMNS FROM `buy` [ RunTime:0.000460s ]
SQL: UPDATE `buy` SET `isDeliver`=1 WHERE ( id=178 ) [ RunTime:0.001008s ]

[ 2017-04-29T09:21:32+08:00 ] ::1 /index.php/Admin/Index/index/tab/6.html
INFO: [ app_init ] --START--
INFO: Run Behavior\BuildLiteBehavior [ RunTime:0.000014s ]
INFO: [ app_init ] --END-- [ RunTime:0.000322s ]
INFO: [ app_begin ] --START--
INFO: Run Behavior\ReadHtmlCacheBehavior [ RunTime:0.000391s ]
INFO: [ app_begin ] --END-- [ RunTime:0.000444s ]
NOTIC: [8192] mysql_connect(): The mysql extension is deprecated and will be removed in the future: use mysqli or PDO instead /Users/liupengfei/Downloads/AppShopService-master/ThinkPHP/Library/Think/Db/Driver/Mysql.class.php 第 52 行.
SQL: SHOW COLUMNS FROM `banner` [ RunTime:0.000416s ]
SQL: SELECT * FROM `banner`  [ RunTime:0.000268s ]
SQL: SHOW COLUMNS FROM `product` [ RunTime:0.000367s ]
SQL: SELECT * FROM `product` ORDER BY type asc  [ RunTime:0.000425s ]
SQL: SHOW COLUMNS FROM `user` [ RunTime:0.000382s ]
SQL: SELECT * FROM `user`  [ RunTime:0.000239s ]
SQL: SHOW COLUMNS FROM `buy` [ RunTime:0.000341s ]
SQL: SELECT * FROM `buy` INNER JOIN  user on buy.uid = user.id INNER JOIN product on buy.pid = product.id   [ RunTime:0.000381s ]
SQL: SHOW COLUMNS FROM `buy` [ RunTime:0.000460s ]
SQL: SELECT `id` FROM `buy`  [ RunTime:0.000185s ]
SQL: SHOW COLUMNS FROM `updateapp` [ RunTime:0.000340s ]
SQL: SELECT * FROM `updateapp` ORDER BY updatetime desc  [ RunTime:0.000245s ]
INFO: [ view_parse ] --START--
INFO: [ template_filter ] --START--
INFO: Run Behavior\ContentReplaceBehavior [ RunTime:0.000088s ]
INFO: [ template_filter ] --END-- [ RunTime:0.000166s ]
NOTIC: [8] Undefined variable: show /Users/liupengfei/Downloads/AppShopService-master/Application/Runtime/Cache/Admin/b595b808c2ebeeeb0478ffc30bb4e87a.php 第 154 行.
INFO: Run Behavior\ParseTemplateBehavior [ RunTime:0.032363s ]
INFO: [ view_parse ] --END-- [ RunTime:0.032448s ]
INFO: [ view_filter ] --START--
INFO: Run Behavior\WriteHtmlCacheBehavior [ RunTime:0.000165s ]
INFO: [ view_filter ] --END-- [ RunTime:0.000212s ]
INFO: [ app_end ] --START--
INFO: Run Behavior\ShowPageTraceBehavior [ RunTime:0.000680s ]
INFO: [ app_end ] --END-- [ RunTime:0.000740s ]

[ 2017-04-29T09:42:22+08:00 ] ::1 /index.php/Admin/Index/index/tab/6.html
INFO: [ app_init ] --START--
INFO: Run Behavior\BuildLiteBehavior [ RunTime:0.000015s ]
INFO: [ app_init ] --END-- [ RunTime:0.000344s ]
INFO: [ app_begin ] --START--
INFO: Run Behavior\ReadHtmlCacheBehavior [ RunTime:0.000607s ]
INFO: [ app_begin ] --END-- [ RunTime:0.000693s ]
NOTIC: [8192] mysql_connect(): The mysql extension is deprecated and will be removed in the future: use mysqli or PDO instead /Users/liupengfei/Downloads/AppShopService-master/ThinkPHP/Library/Think/Db/Driver/Mysql.class.php 第 52 行.
SQL: SHOW COLUMNS FROM `banner` [ RunTime:0.000444s ]
SQL: SELECT * FROM `banner`  [ RunTime:0.000296s ]
SQL: SHOW COLUMNS FROM `product` [ RunTime:0.000348s ]
SQL: SELECT * FROM `product` ORDER BY type asc  [ RunTime:0.000364s ]
SQL: SHOW COLUMNS FROM `user` [ RunTime:0.000368s ]
SQL: SELECT * FROM `user`  [ RunTime:0.000235s ]
SQL: SHOW COLUMNS FROM `buy` [ RunTime:0.000335s ]
SQL: SELECT * FROM `buy` INNER JOIN  user on buy.uid = user.id INNER JOIN product on buy.pid = product.id   [ RunTime:0.000370s ]
SQL: SHOW COLUMNS FROM `buy` [ RunTime:0.000643s ]
SQL: SELECT `id` FROM `buy`  [ RunTime:0.000198s ]
SQL: SHOW COLUMNS FROM `updateapp` [ RunTime:0.000382s ]
SQL: SELECT * FROM `updateapp` ORDER BY updatetime desc  [ RunTime:0.000247s ]
INFO: [ view_parse ] --START--
INFO: [ template_filter ] --START--
INFO: Run Behavior\ContentReplaceBehavior [ RunTime:0.000079s ]
INFO: [ template_filter ] --END-- [ RunTime:0.000150s ]
NOTIC: [8] Undefined variable: show /Users/liupengfei/Downloads/AppShopService-master/Application/Runtime/Cache/Admin/b595b808c2ebeeeb0478ffc30bb4e87a.php 第 154 行.
INFO: Run Behavior\ParseTemplateBehavior [ RunTime:0.035225s ]
INFO: [ view_parse ] --END-- [ RunTime:0.035295s ]
INFO: [ view_filter ] --START--
INFO: Run Behavior\WriteHtmlCacheBehavior [ RunTime:0.000482s ]
INFO: [ view_filter ] --END-- [ RunTime:0.000565s ]
INFO: [ app_end ] --START--
INFO: Run Behavior\ShowPageTraceBehavior [ RunTime:0.000643s ]
INFO: [ app_end ] --END-- [ RunTime:0.000711s ]

[ 2017-04-29T09:42:29+08:00 ] ::1 /index.php/Admin/Index/changePayState/id/179/state/0/tab/6.html
INFO: [ app_init ] --START--
INFO: Run Behavior\BuildLiteBehavior [ RunTime:0.000016s ]
INFO: [ app_init ] --END-- [ RunTime:0.000385s ]
INFO: [ app_begin ] --START--
INFO: Run Behavior\ReadHtmlCacheBehavior [ RunTime:0.000515s ]
INFO: [ app_begin ] --END-- [ RunTime:0.000582s ]
NOTIC: [8192] mysql_connect(): The mysql extension is deprecated and will be removed in the future: use mysqli or PDO instead /Users/liupengfei/Downloads/AppShopService-master/ThinkPHP/Library/Think/Db/Driver/Mysql.class.php 第 52 行.
SQL: SHOW COLUMNS FROM `buy` [ RunTime:0.000502s ]
SQL: UPDATE `buy` SET `isPay`=1 WHERE ( id=179 ) [ RunTime:0.001499s ]

[ 2017-04-29T09:42:30+08:00 ] ::1 /index.php/Admin/Index/index/tab/6.html
INFO: [ app_init ] --START--
INFO: Run Behavior\BuildLiteBehavior [ RunTime:0.000017s ]
INFO: [ app_init ] --END-- [ RunTime:0.000371s ]
INFO: [ app_begin ] --START--
INFO: Run Behavior\ReadHtmlCacheBehavior [ RunTime:0.000423s ]
INFO: [ app_begin ] --END-- [ RunTime:0.000485s ]
NOTIC: [8192] mysql_connect(): The mysql extension is deprecated and will be removed in the future: use mysqli or PDO instead /Users/liupengfei/Downloads/AppShopService-master/ThinkPHP/Library/Think/Db/Driver/Mysql.class.php 第 52 行.
SQL: SHOW COLUMNS FROM `banner` [ RunTime:0.000431s ]
SQL: SELECT * FROM `banner`  [ RunTime:0.000252s ]
SQL: SHOW COLUMNS FROM `product` [ RunTime:0.000342s ]
SQL: SELECT * FROM `product` ORDER BY type asc  [ RunTime:0.000352s ]
SQL: SHOW COLUMNS FROM `user` [ RunTime:0.000332s ]
SQL: SELECT * FROM `user`  [ RunTime:0.000247s ]
SQL: SHOW COLUMNS FROM `buy` [ RunTime:0.000332s ]
SQL: SELECT * FROM `buy` INNER JOIN  user on buy.uid = user.id INNER JOIN product on buy.pid = product.id   [ RunTime:0.000344s ]
SQL: SHOW COLUMNS FROM `buy` [ RunTime:0.000369s ]
SQL: SELECT `id` FROM `buy`  [ RunTime:0.000217s ]
SQL: SHOW COLUMNS FROM `updateapp` [ RunTime:0.000321s ]
SQL: SELECT * FROM `updateapp` ORDER BY updatetime desc  [ RunTime:0.000236s ]
INFO: [ view_parse ] --START--
INFO: [ template_filter ] --START--
INFO: Run Behavior\ContentReplaceBehavior [ RunTime:0.000076s ]
INFO: [ template_filter ] --END-- [ RunTime:0.000140s ]
NOTIC: [8] Undefined variable: show /Users/liupengfei/Downloads/AppShopService-master/Application/Runtime/Cache/Admin/b595b808c2ebeeeb0478ffc30bb4e87a.php 第 154 行.
INFO: Run Behavior\ParseTemplateBehavior [ RunTime:0.031246s ]
INFO: [ view_parse ] --END-- [ RunTime:0.031307s ]
INFO: [ view_filter ] --START--
INFO: Run Behavior\WriteHtmlCacheBehavior [ RunTime:0.000125s ]
INFO: [ view_filter ] --END-- [ RunTime:0.000167s ]
INFO: [ app_end ] --START--
INFO: Run Behavior\ShowPageTraceBehavior [ RunTime:0.000613s ]
INFO: [ app_end ] --END-- [ RunTime:0.000673s ]

[ 2017-04-29T09:42:40+08:00 ] ::1 /index.php/Admin/Index/changeDeliverState/id/179/state/0/tab/6.html
INFO: [ app_init ] --START--
INFO: Run Behavior\BuildLiteBehavior [ RunTime:0.000013s ]
INFO: [ app_init ] --END-- [ RunTime:0.000294s ]
INFO: [ app_begin ] --START--
INFO: Run Behavior\ReadHtmlCacheBehavior [ RunTime:0.000388s ]
INFO: [ app_begin ] --END-- [ RunTime:0.000439s ]
NOTIC: [8192] mysql_connect(): The mysql extension is deprecated and will be removed in the future: use mysqli or PDO instead /Users/liupengfei/Downloads/AppShopService-master/ThinkPHP/Library/Think/Db/Driver/Mysql.class.php 第 52 行.
SQL: SHOW COLUMNS FROM `buy` [ RunTime:0.000439s ]
SQL: UPDATE `buy` SET `isDeliver`=1 WHERE ( id=179 ) [ RunTime:0.000581s ]

[ 2017-04-29T09:42:40+08:00 ] ::1 /index.php/Admin/Index/index/tab/6.html
INFO: [ app_init ] --START--
INFO: Run Behavior\BuildLiteBehavior [ RunTime:0.000013s ]
INFO: [ app_init ] --END-- [ RunTime:0.000320s ]
INFO: [ app_begin ] --START--
INFO: Run Behavior\ReadHtmlCacheBehavior [ RunTime:0.000431s ]
INFO: [ app_begin ] --END-- [ RunTime:0.000484s ]
NOTIC: [8192] mysql_connect(): The mysql extension is deprecated and will be removed in the future: use mysqli or PDO instead /Users/liupengfei/Downloads/AppShopService-master/ThinkPHP/Library/Think/Db/Driver/Mysql.class.php 第 52 行.
SQL: SHOW COLUMNS FROM `banner` [ RunTime:0.000465s ]
SQL: SELECT * FROM `banner`  [ RunTime:0.000271s ]
SQL: SHOW COLUMNS FROM `product` [ RunTime:0.000407s ]
SQL: SELECT * FROM `product` ORDER BY type asc  [ RunTime:0.000400s ]
SQL: SHOW COLUMNS FROM `user` [ RunTime:0.000383s ]
SQL: SELECT * FROM `user`  [ RunTime:0.000336s ]
SQL: SHOW COLUMNS FROM `buy` [ RunTime:0.000330s ]
SQL: SELECT * FROM `buy` INNER JOIN  user on buy.uid = user.id INNER JOIN product on buy.pid = product.id   [ RunTime:0.000342s ]
SQL: SHOW COLUMNS FROM `buy` [ RunTime:0.000317s ]
SQL: SELECT `id` FROM `buy`  [ RunTime:0.000206s ]
SQL: SHOW COLUMNS FROM `updateapp` [ RunTime:0.000362s ]
SQL: SELECT * FROM `updateapp` ORDER BY updatetime desc  [ RunTime:0.000263s ]
INFO: [ view_parse ] --START--
INFO: [ template_filter ] --START--
INFO: Run Behavior\ContentReplaceBehavior [ RunTime:0.000079s ]
INFO: [ template_filter ] --END-- [ RunTime:0.000148s ]
NOTIC: [8] Undefined variable: show /Users/liupengfei/Downloads/AppShopService-master/Application/Runtime/Cache/Admin/b595b808c2ebeeeb0478ffc30bb4e87a.php 第 154 行.
INFO: Run Behavior\ParseTemplateBehavior [ RunTime:0.031608s ]
INFO: [ view_parse ] --END-- [ RunTime:0.031677s ]
INFO: [ view_filter ] --START--
INFO: Run Behavior\WriteHtmlCacheBehavior [ RunTime:0.000145s ]
INFO: [ view_filter ] --END-- [ RunTime:0.000194s ]
INFO: [ app_end ] --START--
INFO: Run Behavior\ShowPageTraceBehavior [ RunTime:0.000608s ]
INFO: [ app_end ] --END-- [ RunTime:0.000670s ]

