[ 2017-05-12T12:25:24+08:00 ] ::1 /index.php/Admin
INFO: [ app_init ] --START--
INFO: Run Behavior\BuildLiteBehavior [ RunTime:0.000018s ]
INFO: [ app_init ] --END-- [ RunTime:0.000400s ]
INFO: [ app_begin ] --START--
INFO: Run Behavior\ReadHtmlCacheBehavior [ RunTime:0.000479s ]
INFO: [ app_begin ] --END-- [ RunTime:0.000546s ]
NOTIC: [8] Undefined index: username /Users/liupengfei/Downloads/AppShopService-master/Application/Admin/Controller/CommonController.class.php 第 8 行.

[ 2017-05-12T12:25:24+08:00 ] ::1 /index.php/Admin/index/index.html
INFO: [ app_init ] --START--
INFO: Run Behavior\BuildLiteBehavior [ RunTime:0.000014s ]
INFO: [ app_init ] --END-- [ RunTime:0.000307s ]
INFO: [ app_begin ] --START--
INFO: Run Behavior\ReadHtmlCacheBehavior [ RunTime:0.000411s ]
INFO: [ app_begin ] --END-- [ RunTime:0.000464s ]
NOTIC: [8192] mysql_connect(): The mysql extension is deprecated and will be removed in the future: use mysqli or PDO instead /Users/liupengfei/Downloads/AppShopService-master/ThinkPHP/Library/Think/Db/Driver/Mysql.class.php 第 52 行.
SQL: SHOW COLUMNS FROM `banner` [ RunTime:0.000472s ]
SQL: SELECT * FROM `banner`  [ RunTime:0.000255s ]
SQL: SHOW COLUMNS FROM `product` [ RunTime:0.000367s ]
SQL: SELECT * FROM `product` ORDER BY type asc  [ RunTime:0.000391s ]
SQL: SHOW COLUMNS FROM `user` [ RunTime:0.000423s ]
SQL: SELECT * FROM `user`  [ RunTime:0.000231s ]
SQL: SHOW COLUMNS FROM `buy` [ RunTime:0.000368s ]
SQL: SELECT * FROM `buy` INNER JOIN  user on buy.uid = user.id INNER JOIN product on buy.pid = product.id   [ RunTime:0.000407s ]
SQL: SHOW COLUMNS FROM `buy` [ RunTime:0.000339s ]
SQL: SELECT `id` FROM `buy`  [ RunTime:0.000184s ]
SQL: SHOW COLUMNS FROM `updateapp` [ RunTime:0.000366s ]
SQL: SELECT * FROM `updateapp` ORDER BY updatetime desc  [ RunTime:0.000215s ]
INFO: [ view_parse ] --START--
INFO: [ template_filter ] --START--
INFO: Run Behavior\ContentReplaceBehavior [ RunTime:0.000154s ]
INFO: [ template_filter ] --END-- [ RunTime:0.000241s ]
NOTIC: [8] Undefined variable: show /Users/liupengfei/Downloads/AppShopService-master/Application/Runtime/Cache/Admin/b595b808c2ebeeeb0478ffc30bb4e87a.php 第 154 行.
INFO: Run Behavior\ParseTemplateBehavior [ RunTime:0.036340s ]
INFO: [ view_parse ] --END-- [ RunTime:0.036404s ]
INFO: [ view_filter ] --START--
INFO: Run Behavior\WriteHtmlCacheBehavior [ RunTime:0.000514s ]
INFO: [ view_filter ] --END-- [ RunTime:0.000582s ]
INFO: [ app_end ] --START--
INFO: Run Behavior\ShowPageTraceBehavior [ RunTime:0.000680s ]
INFO: [ app_end ] --END-- [ RunTime:0.000742s ]

[ 2017-05-12T12:25:26+08:00 ] ::1 /index.php/Admin/index/index.html
INFO: [ app_init ] --START--
INFO: Run Behavior\BuildLiteBehavior [ RunTime:0.000014s ]
INFO: [ app_init ] --END-- [ RunTime:0.000337s ]
INFO: [ app_begin ] --START--
INFO: Run Behavior\ReadHtmlCacheBehavior [ RunTime:0.000558s ]
INFO: [ app_begin ] --END-- [ RunTime:0.000629s ]
NOTIC: [8192] mysql_connect(): The mysql extension is deprecated and will be removed in the future: use mysqli or PDO instead /Users/liupengfei/Downloads/AppShopService-master/ThinkPHP/Library/Think/Db/Driver/Mysql.class.php 第 52 行.
SQL: SHOW COLUMNS FROM `banner` [ RunTime:0.000491s ]
SQL: SELECT * FROM `banner`  [ RunTime:0.000228s ]
SQL: SHOW COLUMNS FROM `product` [ RunTime:0.000387s ]
SQL: SELECT * FROM `product` ORDER BY type asc  [ RunTime:0.000350s ]
SQL: SHOW COLUMNS FROM `user` [ RunTime:0.000431s ]
SQL: SELECT * FROM `user`  [ RunTime:0.000263s ]
SQL: SHOW COLUMNS FROM `buy` [ RunTime:0.000398s ]
SQL: SELECT * FROM `buy` INNER JOIN  user on buy.uid = user.id INNER JOIN product on buy.pid = product.id   [ RunTime:0.000435s ]
SQL: SHOW COLUMNS FROM `buy` [ RunTime:0.000342s ]
SQL: SELECT `id` FROM `buy`  [ RunTime:0.000204s ]
SQL: SHOW COLUMNS FROM `updateapp` [ RunTime:0.000321s ]
SQL: SELECT * FROM `updateapp` ORDER BY updatetime desc  [ RunTime:0.000245s ]
INFO: [ view_parse ] --START--
INFO: [ template_filter ] --START--
INFO: Run Behavior\ContentReplaceBehavior [ RunTime:0.000059s ]
INFO: [ template_filter ] --END-- [ RunTime:0.000125s ]
NOTIC: [8] Undefined variable: show /Users/liupengfei/Downloads/AppShopService-master/Application/Runtime/Cache/Admin/b595b808c2ebeeeb0478ffc30bb4e87a.php 第 154 行.
INFO: Run Behavior\ParseTemplateBehavior [ RunTime:0.030417s ]
INFO: [ view_parse ] --END-- [ RunTime:0.030470s ]
INFO: [ view_filter ] --START--
INFO: Run Behavior\WriteHtmlCacheBehavior [ RunTime:0.000120s ]
INFO: [ view_filter ] --END-- [ RunTime:0.000163s ]
INFO: [ app_end ] --START--
INFO: Run Behavior\ShowPageTraceBehavior [ RunTime:0.000628s ]
INFO: [ app_end ] --END-- [ RunTime:0.000726s ]

[ 2017-05-12T12:25:27+08:00 ] ::1 /index.php/Admin/index/index.html
INFO: [ app_init ] --START--
INFO: Run Behavior\BuildLiteBehavior [ RunTime:0.000014s ]
INFO: [ app_init ] --END-- [ RunTime:0.000319s ]
INFO: [ app_begin ] --START--
INFO: Run Behavior\ReadHtmlCacheBehavior [ RunTime:0.000395s ]
INFO: [ app_begin ] --END-- [ RunTime:0.000446s ]
NOTIC: [8192] mysql_connect(): The mysql extension is deprecated and will be removed in the future: use mysqli or PDO instead /Users/liupengfei/Downloads/AppShopService-master/ThinkPHP/Library/Think/Db/Driver/Mysql.class.php 第 52 行.
SQL: SHOW COLUMNS FROM `banner` [ RunTime:0.000481s ]
SQL: SELECT * FROM `banner`  [ RunTime:0.000249s ]
SQL: SHOW COLUMNS FROM `product` [ RunTime:0.000385s ]
SQL: SELECT * FROM `product` ORDER BY type asc  [ RunTime:0.000374s ]
SQL: SHOW COLUMNS FROM `user` [ RunTime:0.000354s ]
SQL: SELECT * FROM `user`  [ RunTime:0.000312s ]
SQL: SHOW COLUMNS FROM `buy` [ RunTime:0.000356s ]
SQL: SELECT * FROM `buy` INNER JOIN  user on buy.uid = user.id INNER JOIN product on buy.pid = product.id   [ RunTime:0.000453s ]
SQL: SHOW COLUMNS FROM `buy` [ RunTime:0.000325s ]
SQL: SELECT `id` FROM `buy`  [ RunTime:0.000189s ]
SQL: SHOW COLUMNS FROM `updateapp` [ RunTime:0.000352s ]
SQL: SELECT * FROM `updateapp` ORDER BY updatetime desc  [ RunTime:0.000258s ]
INFO: [ view_parse ] --START--
INFO: [ template_filter ] --START--
INFO: Run Behavior\ContentReplaceBehavior [ RunTime:0.000062s ]
INFO: [ template_filter ] --END-- [ RunTime:0.000133s ]
NOTIC: [8] Undefined variable: show /Users/liupengfei/Downloads/AppShopService-master/Application/Runtime/Cache/Admin/b595b808c2ebeeeb0478ffc30bb4e87a.php 第 154 行.
INFO: Run Behavior\ParseTemplateBehavior [ RunTime:0.033324s ]
INFO: [ view_parse ] --END-- [ RunTime:0.033392s ]
INFO: [ view_filter ] --START--
INFO: Run Behavior\WriteHtmlCacheBehavior [ RunTime:0.000196s ]
INFO: [ view_filter ] --END-- [ RunTime:0.000245s ]
INFO: [ app_end ] --START--
INFO: Run Behavior\ShowPageTraceBehavior [ RunTime:0.000584s ]
INFO: [ app_end ] --END-- [ RunTime:0.000647s ]

[ 2017-05-12T12:25:28+08:00 ] ::1 /index.php/Admin/Index/index/tab/2.html
INFO: [ app_init ] --START--
INFO: Run Behavior\BuildLiteBehavior [ RunTime:0.000013s ]
INFO: [ app_init ] --END-- [ RunTime:0.000304s ]
INFO: [ app_begin ] --START--
INFO: Run Behavior\ReadHtmlCacheBehavior [ RunTime:0.000396s ]
INFO: [ app_begin ] --END-- [ RunTime:0.000447s ]
NOTIC: [8192] mysql_connect(): The mysql extension is deprecated and will be removed in the future: use mysqli or PDO instead /Users/liupengfei/Downloads/AppShopService-master/ThinkPHP/Library/Think/Db/Driver/Mysql.class.php 第 52 行.
SQL: SHOW COLUMNS FROM `banner` [ RunTime:0.000473s ]
SQL: SELECT * FROM `banner`  [ RunTime:0.000308s ]
SQL: SHOW COLUMNS FROM `product` [ RunTime:0.001742s ]
SQL: SELECT * FROM `product` ORDER BY type asc  [ RunTime:0.001102s ]
SQL: SHOW COLUMNS FROM `user` [ RunTime:0.000462s ]
SQL: SELECT * FROM `user`  [ RunTime:0.000284s ]
SQL: SHOW COLUMNS FROM `buy` [ RunTime:0.000426s ]
SQL: SELECT * FROM `buy` INNER JOIN  user on buy.uid = user.id INNER JOIN product on buy.pid = product.id   [ RunTime:0.000466s ]
SQL: SHOW COLUMNS FROM `buy` [ RunTime:0.000314s ]
SQL: SELECT `id` FROM `buy`  [ RunTime:0.000159s ]
SQL: SHOW COLUMNS FROM `updateapp` [ RunTime:0.000313s ]
SQL: SELECT * FROM `updateapp` ORDER BY updatetime desc  [ RunTime:0.000241s ]
INFO: [ view_parse ] --START--
INFO: [ template_filter ] --START--
INFO: Run Behavior\ContentReplaceBehavior [ RunTime:0.000078s ]
INFO: [ template_filter ] --END-- [ RunTime:0.000158s ]
NOTIC: [8] Undefined variable: show /Users/liupengfei/Downloads/AppShopService-master/Application/Runtime/Cache/Admin/b595b808c2ebeeeb0478ffc30bb4e87a.php 第 154 行.
INFO: Run Behavior\ParseTemplateBehavior [ RunTime:0.034478s ]
INFO: [ view_parse ] --END-- [ RunTime:0.034549s ]
INFO: [ view_filter ] --START--
INFO: Run Behavior\WriteHtmlCacheBehavior [ RunTime:0.000227s ]
INFO: [ view_filter ] --END-- [ RunTime:0.000279s ]
INFO: [ app_end ] --START--
INFO: Run Behavior\ShowPageTraceBehavior [ RunTime:0.000672s ]
INFO: [ app_end ] --END-- [ RunTime:0.000734s ]

[ 2017-05-12T12:25:29+08:00 ] ::1 /index.php/Admin/Index/index/tab/3.html
INFO: [ app_init ] --START--
INFO: Run Behavior\BuildLiteBehavior [ RunTime:0.000016s ]
INFO: [ app_init ] --END-- [ RunTime:0.000364s ]
INFO: [ app_begin ] --START--
INFO: Run Behavior\ReadHtmlCacheBehavior [ RunTime:0.000471s ]
INFO: [ app_begin ] --END-- [ RunTime:0.000529s ]
NOTIC: [8192] mysql_connect(): The mysql extension is deprecated and will be removed in the future: use mysqli or PDO instead /Users/liupengfei/Downloads/AppShopService-master/ThinkPHP/Library/Think/Db/Driver/Mysql.class.php 第 52 行.
SQL: SHOW COLUMNS FROM `banner` [ RunTime:0.000407s ]
SQL: SELECT * FROM `banner`  [ RunTime:0.000211s ]
SQL: SHOW COLUMNS FROM `product` [ RunTime:0.000482s ]
SQL: SELECT * FROM `product` ORDER BY type asc  [ RunTime:0.000437s ]
SQL: SHOW COLUMNS FROM `user` [ RunTime:0.000401s ]
SQL: SELECT * FROM `user`  [ RunTime:0.000215s ]
SQL: SHOW COLUMNS FROM `buy` [ RunTime:0.000328s ]
SQL: SELECT * FROM `buy` INNER JOIN  user on buy.uid = user.id INNER JOIN product on buy.pid = product.id   [ RunTime:0.000425s ]
SQL: SHOW COLUMNS FROM `buy` [ RunTime:0.000335s ]
SQL: SELECT `id` FROM `buy`  [ RunTime:0.000169s ]
SQL: SHOW COLUMNS FROM `updateapp` [ RunTime:0.000295s ]
SQL: SELECT * FROM `updateapp` ORDER BY updatetime desc  [ RunTime:0.000192s ]
INFO: [ view_parse ] --START--
INFO: [ template_filter ] --START--
INFO: Run Behavior\ContentReplaceBehavior [ RunTime:0.000067s ]
INFO: [ template_filter ] --END-- [ RunTime:0.000145s ]
NOTIC: [8] Undefined variable: show /Users/liupengfei/Downloads/AppShopService-master/Application/Runtime/Cache/Admin/b595b808c2ebeeeb0478ffc30bb4e87a.php 第 154 行.
INFO: Run Behavior\ParseTemplateBehavior [ RunTime:0.032288s ]
INFO: [ view_parse ] --END-- [ RunTime:0.032373s ]
INFO: [ view_filter ] --START--
INFO: Run Behavior\WriteHtmlCacheBehavior [ RunTime:0.000224s ]
INFO: [ view_filter ] --END-- [ RunTime:0.000289s ]
INFO: [ app_end ] --START--
INFO: Run Behavior\ShowPageTraceBehavior [ RunTime:0.000769s ]
INFO: [ app_end ] --END-- [ RunTime:0.000852s ]

[ 2017-05-12T12:25:30+08:00 ] ::1 /index.php/Admin/Index/index/tab/4.html
INFO: [ app_init ] --START--
INFO: Run Behavior\BuildLiteBehavior [ RunTime:0.000014s ]
INFO: [ app_init ] --END-- [ RunTime:0.000332s ]
INFO: [ app_begin ] --START--
INFO: Run Behavior\ReadHtmlCacheBehavior [ RunTime:0.000393s ]
INFO: [ app_begin ] --END-- [ RunTime:0.000443s ]
NOTIC: [8192] mysql_connect(): The mysql extension is deprecated and will be removed in the future: use mysqli or PDO instead /Users/liupengfei/Downloads/AppShopService-master/ThinkPHP/Library/Think/Db/Driver/Mysql.class.php 第 52 行.
SQL: SHOW COLUMNS FROM `banner` [ RunTime:0.000450s ]
SQL: SELECT * FROM `banner`  [ RunTime:0.000245s ]
SQL: SHOW COLUMNS FROM `product` [ RunTime:0.000388s ]
SQL: SELECT * FROM `product` ORDER BY type asc  [ RunTime:0.000470s ]
SQL: SHOW COLUMNS FROM `user` [ RunTime:0.000401s ]
SQL: SELECT * FROM `user`  [ RunTime:0.000224s ]
SQL: SHOW COLUMNS FROM `buy` [ RunTime:0.000353s ]
SQL: SELECT * FROM `buy` INNER JOIN  user on buy.uid = user.id INNER JOIN product on buy.pid = product.id   [ RunTime:0.000444s ]
SQL: SHOW COLUMNS FROM `buy` [ RunTime:0.000340s ]
SQL: SELECT `id` FROM `buy`  [ RunTime:0.000207s ]
SQL: SHOW COLUMNS FROM `updateapp` [ RunTime:0.000360s ]
SQL: SELECT * FROM `updateapp` ORDER BY updatetime desc  [ RunTime:0.000239s ]
INFO: [ view_parse ] --START--
INFO: [ template_filter ] --START--
INFO: Run Behavior\ContentReplaceBehavior [ RunTime:0.000059s ]
INFO: [ template_filter ] --END-- [ RunTime:0.000124s ]
NOTIC: [8] Undefined variable: show /Users/liupengfei/Downloads/AppShopService-master/Application/Runtime/Cache/Admin/b595b808c2ebeeeb0478ffc30bb4e87a.php 第 154 行.
INFO: Run Behavior\ParseTemplateBehavior [ RunTime:0.035053s ]
INFO: [ view_parse ] --END-- [ RunTime:0.035131s ]
INFO: [ view_filter ] --START--
INFO: Run Behavior\WriteHtmlCacheBehavior [ RunTime:0.000185s ]
INFO: [ view_filter ] --END-- [ RunTime:0.000246s ]
INFO: [ app_end ] --START--
INFO: Run Behavior\ShowPageTraceBehavior [ RunTime:0.000713s ]
INFO: [ app_end ] --END-- [ RunTime:0.000844s ]

[ 2017-05-12T12:25:31+08:00 ] ::1 /index.php/Admin/Index/index/tab/3.html
INFO: [ app_init ] --START--
INFO: Run Behavior\BuildLiteBehavior [ RunTime:0.000019s ]
INFO: [ app_init ] --END-- [ RunTime:0.000449s ]
INFO: [ app_begin ] --START--
INFO: Run Behavior\ReadHtmlCacheBehavior [ RunTime:0.000597s ]
INFO: [ app_begin ] --END-- [ RunTime:0.000669s ]
NOTIC: [8192] mysql_connect(): The mysql extension is deprecated and will be removed in the future: use mysqli or PDO instead /Users/liupengfei/Downloads/AppShopService-master/ThinkPHP/Library/Think/Db/Driver/Mysql.class.php 第 52 行.
SQL: SHOW COLUMNS FROM `banner` [ RunTime:0.000625s ]
SQL: SELECT * FROM `banner`  [ RunTime:0.000286s ]
SQL: SHOW COLUMNS FROM `product` [ RunTime:0.000367s ]
SQL: SELECT * FROM `product` ORDER BY type asc  [ RunTime:0.000362s ]
SQL: SHOW COLUMNS FROM `user` [ RunTime:0.000436s ]
SQL: SELECT * FROM `user`  [ RunTime:0.000259s ]
SQL: SHOW COLUMNS FROM `buy` [ RunTime:0.000381s ]
SQL: SELECT * FROM `buy` INNER JOIN  user on buy.uid = user.id INNER JOIN product on buy.pid = product.id   [ RunTime:0.000444s ]
SQL: SHOW COLUMNS FROM `buy` [ RunTime:0.000365s ]
SQL: SELECT `id` FROM `buy`  [ RunTime:0.000232s ]
SQL: SHOW COLUMNS FROM `updateapp` [ RunTime:0.000299s ]
SQL: SELECT * FROM `updateapp` ORDER BY updatetime desc  [ RunTime:0.000186s ]
INFO: [ view_parse ] --START--
INFO: [ template_filter ] --START--
INFO: Run Behavior\ContentReplaceBehavior [ RunTime:0.000102s ]
INFO: [ template_filter ] --END-- [ RunTime:0.000267s ]
NOTIC: [8] Undefined variable: show /Users/liupengfei/Downloads/AppShopService-master/Application/Runtime/Cache/Admin/b595b808c2ebeeeb0478ffc30bb4e87a.php 第 154 行.
INFO: Run Behavior\ParseTemplateBehavior [ RunTime:0.033379s ]
INFO: [ view_parse ] --END-- [ RunTime:0.033449s ]
INFO: [ view_filter ] --START--
INFO: Run Behavior\WriteHtmlCacheBehavior [ RunTime:0.000160s ]
INFO: [ view_filter ] --END-- [ RunTime:0.000213s ]
INFO: [ app_end ] --START--
INFO: Run Behavior\ShowPageTraceBehavior [ RunTime:0.000568s ]
INFO: [ app_end ] --END-- [ RunTime:0.000628s ]

[ 2017-05-12T12:25:32+08:00 ] ::1 /index.php/Admin/Index/index/tab/6.html
INFO: [ app_init ] --START--
INFO: Run Behavior\BuildLiteBehavior [ RunTime:0.000018s ]
INFO: [ app_init ] --END-- [ RunTime:0.000437s ]
INFO: [ app_begin ] --START--
INFO: Run Behavior\ReadHtmlCacheBehavior [ RunTime:0.000573s ]
INFO: [ app_begin ] --END-- [ RunTime:0.000644s ]
NOTIC: [8192] mysql_connect(): The mysql extension is deprecated and will be removed in the future: use mysqli or PDO instead /Users/liupengfei/Downloads/AppShopService-master/ThinkPHP/Library/Think/Db/Driver/Mysql.class.php 第 52 行.
SQL: SHOW COLUMNS FROM `banner` [ RunTime:0.000469s ]
SQL: SELECT * FROM `banner`  [ RunTime:0.000245s ]
SQL: SHOW COLUMNS FROM `product` [ RunTime:0.000331s ]
SQL: SELECT * FROM `product` ORDER BY type asc  [ RunTime:0.000347s ]
SQL: SHOW COLUMNS FROM `user` [ RunTime:0.000381s ]
SQL: SELECT * FROM `user`  [ RunTime:0.000209s ]
SQL: SHOW COLUMNS FROM `buy` [ RunTime:0.000316s ]
SQL: SELECT * FROM `buy` INNER JOIN  user on buy.uid = user.id INNER JOIN product on buy.pid = product.id   [ RunTime:0.000390s ]
SQL: SHOW COLUMNS FROM `buy` [ RunTime:0.000303s ]
SQL: SELECT `id` FROM `buy`  [ RunTime:0.000170s ]
SQL: SHOW COLUMNS FROM `updateapp` [ RunTime:0.000308s ]
SQL: SELECT * FROM `updateapp` ORDER BY updatetime desc  [ RunTime:0.000203s ]
INFO: [ view_parse ] --START--
INFO: [ template_filter ] --START--
INFO: Run Behavior\ContentReplaceBehavior [ RunTime:0.000066s ]
INFO: [ template_filter ] --END-- [ RunTime:0.000139s ]
NOTIC: [8] Undefined variable: show /Users/liupengfei/Downloads/AppShopService-master/Application/Runtime/Cache/Admin/b595b808c2ebeeeb0478ffc30bb4e87a.php 第 154 行.
INFO: Run Behavior\ParseTemplateBehavior [ RunTime:0.033411s ]
INFO: [ view_parse ] --END-- [ RunTime:0.033478s ]
INFO: [ view_filter ] --START--
INFO: Run Behavior\WriteHtmlCacheBehavior [ RunTime:0.000137s ]
INFO: [ view_filter ] --END-- [ RunTime:0.000183s ]
INFO: [ app_end ] --START--
INFO: Run Behavior\ShowPageTraceBehavior [ RunTime:0.000538s ]
INFO: [ app_end ] --END-- [ RunTime:0.000594s ]

[ 2017-05-12T12:25:35+08:00 ] ::1 /index.php/Admin/Index/index/tab/4.html
INFO: [ app_init ] --START--
INFO: Run Behavior\BuildLiteBehavior [ RunTime:0.000013s ]
INFO: [ app_init ] --END-- [ RunTime:0.000297s ]
INFO: [ app_begin ] --START--
INFO: Run Behavior\ReadHtmlCacheBehavior [ RunTime:0.000425s ]
INFO: [ app_begin ] --END-- [ RunTime:0.000491s ]
NOTIC: [8192] mysql_connect(): The mysql extension is deprecated and will be removed in the future: use mysqli or PDO instead /Users/liupengfei/Downloads/AppShopService-master/ThinkPHP/Library/Think/Db/Driver/Mysql.class.php 第 52 行.
SQL: SHOW COLUMNS FROM `banner` [ RunTime:0.000418s ]
SQL: SELECT * FROM `banner`  [ RunTime:0.000211s ]
SQL: SHOW COLUMNS FROM `product` [ RunTime:0.000352s ]
SQL: SELECT * FROM `product` ORDER BY type asc  [ RunTime:0.000360s ]
SQL: SHOW COLUMNS FROM `user` [ RunTime:0.000323s ]
SQL: SELECT * FROM `user`  [ RunTime:0.000249s ]
SQL: SHOW COLUMNS FROM `buy` [ RunTime:0.000316s ]
SQL: SELECT * FROM `buy` INNER JOIN  user on buy.uid = user.id INNER JOIN product on buy.pid = product.id   [ RunTime:0.000431s ]
SQL: SHOW COLUMNS FROM `buy` [ RunTime:0.000619s ]
SQL: SELECT `id` FROM `buy`  [ RunTime:0.000219s ]
SQL: SHOW COLUMNS FROM `updateapp` [ RunTime:0.000377s ]
SQL: SELECT * FROM `updateapp` ORDER BY updatetime desc  [ RunTime:0.000229s ]
INFO: [ view_parse ] --START--
INFO: [ template_filter ] --START--
INFO: Run Behavior\ContentReplaceBehavior [ RunTime:0.000065s ]
INFO: [ template_filter ] --END-- [ RunTime:0.000140s ]
NOTIC: [8] Undefined variable: show /Users/liupengfei/Downloads/AppShopService-master/Application/Runtime/Cache/Admin/b595b808c2ebeeeb0478ffc30bb4e87a.php 第 154 行.
INFO: Run Behavior\ParseTemplateBehavior [ RunTime:0.031956s ]
INFO: [ view_parse ] --END-- [ RunTime:0.032018s ]
INFO: [ view_filter ] --START--
INFO: Run Behavior\WriteHtmlCacheBehavior [ RunTime:0.000161s ]
INFO: [ view_filter ] --END-- [ RunTime:0.000227s ]
INFO: [ app_end ] --START--
INFO: Run Behavior\ShowPageTraceBehavior [ RunTime:0.000601s ]
INFO: [ app_end ] --END-- [ RunTime:0.000665s ]

[ 2017-05-12T12:25:36+08:00 ] ::1 /index.php/Admin/Index/index/tab/5.html
INFO: [ app_init ] --START--
INFO: Run Behavior\BuildLiteBehavior [ RunTime:0.000013s ]
INFO: [ app_init ] --END-- [ RunTime:0.000314s ]
INFO: [ app_begin ] --START--
INFO: Run Behavior\ReadHtmlCacheBehavior [ RunTime:0.000417s ]
INFO: [ app_begin ] --END-- [ RunTime:0.000470s ]
NOTIC: [8192] mysql_connect(): The mysql extension is deprecated and will be removed in the future: use mysqli or PDO instead /Users/liupengfei/Downloads/AppShopService-master/ThinkPHP/Library/Think/Db/Driver/Mysql.class.php 第 52 行.
SQL: SHOW COLUMNS FROM `banner` [ RunTime:0.000459s ]
SQL: SELECT * FROM `banner`  [ RunTime:0.000222s ]
SQL: SHOW COLUMNS FROM `product` [ RunTime:0.000356s ]
SQL: SELECT * FROM `product` ORDER BY type asc  [ RunTime:0.000431s ]
SQL: SHOW COLUMNS FROM `user` [ RunTime:0.000389s ]
SQL: SELECT * FROM `user`  [ RunTime:0.000864s ]
SQL: SHOW COLUMNS FROM `buy` [ RunTime:0.000348s ]
SQL: SELECT * FROM `buy` INNER JOIN  user on buy.uid = user.id INNER JOIN product on buy.pid = product.id   [ RunTime:0.000443s ]
SQL: SHOW COLUMNS FROM `buy` [ RunTime:0.000384s ]
SQL: SELECT `id` FROM `buy`  [ RunTime:0.000240s ]
SQL: SHOW COLUMNS FROM `updateapp` [ RunTime:0.000405s ]
SQL: SELECT * FROM `updateapp` ORDER BY updatetime desc  [ RunTime:0.000295s ]
INFO: [ view_parse ] --START--
INFO: [ template_filter ] --START--
INFO: Run Behavior\ContentReplaceBehavior [ RunTime:0.000066s ]
INFO: [ template_filter ] --END-- [ RunTime:0.000139s ]
NOTIC: [8] Undefined variable: show /Users/liupengfei/Downloads/AppShopService-master/Application/Runtime/Cache/Admin/b595b808c2ebeeeb0478ffc30bb4e87a.php 第 154 行.
INFO: Run Behavior\ParseTemplateBehavior [ RunTime:0.033083s ]
INFO: [ view_parse ] --END-- [ RunTime:0.033158s ]
INFO: [ view_filter ] --START--
INFO: Run Behavior\WriteHtmlCacheBehavior [ RunTime:0.000198s ]
INFO: [ view_filter ] --END-- [ RunTime:0.000259s ]
INFO: [ app_end ] --START--
INFO: Run Behavior\ShowPageTraceBehavior [ RunTime:0.000741s ]
INFO: [ app_end ] --END-- [ RunTime:0.000807s ]

[ 2017-05-12T12:25:36+08:00 ] ::1 /index.php/Admin/Index/index/tab/3.html
INFO: [ app_init ] --START--
INFO: Run Behavior\BuildLiteBehavior [ RunTime:0.000019s ]
INFO: [ app_init ] --END-- [ RunTime:0.000359s ]
INFO: [ app_begin ] --START--
INFO: Run Behavior\ReadHtmlCacheBehavior [ RunTime:0.000438s ]
INFO: [ app_begin ] --END-- [ RunTime:0.000492s ]
NOTIC: [8192] mysql_connect(): The mysql extension is deprecated and will be removed in the future: use mysqli or PDO instead /Users/liupengfei/Downloads/AppShopService-master/ThinkPHP/Library/Think/Db/Driver/Mysql.class.php 第 52 行.
SQL: SHOW COLUMNS FROM `banner` [ RunTime:0.000529s ]
SQL: SELECT * FROM `banner`  [ RunTime:0.000247s ]
SQL: SHOW COLUMNS FROM `product` [ RunTime:0.000356s ]
SQL: SELECT * FROM `product` ORDER BY type asc  [ RunTime:0.002098s ]
SQL: SHOW COLUMNS FROM `user` [ RunTime:0.000381s ]
SQL: SELECT * FROM `user`  [ RunTime:0.000279s ]
SQL: SHOW COLUMNS FROM `buy` [ RunTime:0.000369s ]
SQL: SELECT * FROM `buy` INNER JOIN  user on buy.uid = user.id INNER JOIN product on buy.pid = product.id   [ RunTime:0.000412s ]
SQL: SHOW COLUMNS FROM `buy` [ RunTime:0.000327s ]
SQL: SELECT `id` FROM `buy`  [ RunTime:0.000199s ]
SQL: SHOW COLUMNS FROM `updateapp` [ RunTime:0.000357s ]
SQL: SELECT * FROM `updateapp` ORDER BY updatetime desc  [ RunTime:0.000182s ]
INFO: [ view_parse ] --START--
INFO: [ template_filter ] --START--
INFO: Run Behavior\ContentReplaceBehavior [ RunTime:0.000078s ]
INFO: [ template_filter ] --END-- [ RunTime:0.000154s ]
NOTIC: [8] Undefined variable: show /Users/liupengfei/Downloads/AppShopService-master/Application/Runtime/Cache/Admin/b595b808c2ebeeeb0478ffc30bb4e87a.php 第 154 行.
INFO: Run Behavior\ParseTemplateBehavior [ RunTime:0.034126s ]
INFO: [ view_parse ] --END-- [ RunTime:0.034194s ]
INFO: [ view_filter ] --START--
INFO: Run Behavior\WriteHtmlCacheBehavior [ RunTime:0.000159s ]
INFO: [ view_filter ] --END-- [ RunTime:0.000210s ]
INFO: [ app_end ] --START--
INFO: Run Behavior\ShowPageTraceBehavior [ RunTime:0.000597s ]
INFO: [ app_end ] --END-- [ RunTime:0.000661s ]

[ 2017-05-12T12:25:37+08:00 ] ::1 /index.php/Admin/Index/index/tab/4.html
INFO: [ app_init ] --START--
INFO: Run Behavior\BuildLiteBehavior [ RunTime:0.000018s ]
INFO: [ app_init ] --END-- [ RunTime:0.000477s ]
INFO: [ app_begin ] --START--
INFO: Run Behavior\ReadHtmlCacheBehavior [ RunTime:0.000653s ]
INFO: [ app_begin ] --END-- [ RunTime:0.000730s ]
NOTIC: [8192] mysql_connect(): The mysql extension is deprecated and will be removed in the future: use mysqli or PDO instead /Users/liupengfei/Downloads/AppShopService-master/ThinkPHP/Library/Think/Db/Driver/Mysql.class.php 第 52 行.
SQL: SHOW COLUMNS FROM `banner` [ RunTime:0.000441s ]
SQL: SELECT * FROM `banner`  [ RunTime:0.000251s ]
SQL: SHOW COLUMNS FROM `product` [ RunTime:0.000341s ]
SQL: SELECT * FROM `product` ORDER BY type asc  [ RunTime:0.000359s ]
SQL: SHOW COLUMNS FROM `user` [ RunTime:0.000382s ]
SQL: SELECT * FROM `user`  [ RunTime:0.000213s ]
SQL: SHOW COLUMNS FROM `buy` [ RunTime:0.000339s ]
SQL: SELECT * FROM `buy` INNER JOIN  user on buy.uid = user.id INNER JOIN product on buy.pid = product.id   [ RunTime:0.000466s ]
SQL: SHOW COLUMNS FROM `buy` [ RunTime:0.000292s ]
SQL: SELECT `id` FROM `buy`  [ RunTime:0.000168s ]
SQL: SHOW COLUMNS FROM `updateapp` [ RunTime:0.000297s ]
SQL: SELECT * FROM `updateapp` ORDER BY updatetime desc  [ RunTime:0.000224s ]
INFO: [ view_parse ] --START--
INFO: [ template_filter ] --START--
INFO: Run Behavior\ContentReplaceBehavior [ RunTime:0.000093s ]
INFO: [ template_filter ] --END-- [ RunTime:0.000199s ]
NOTIC: [8] Undefined variable: show /Users/liupengfei/Downloads/AppShopService-master/Application/Runtime/Cache/Admin/b595b808c2ebeeeb0478ffc30bb4e87a.php 第 154 行.
INFO: Run Behavior\ParseTemplateBehavior [ RunTime:0.037040s ]
INFO: [ view_parse ] --END-- [ RunTime:0.037110s ]
INFO: [ view_filter ] --START--
INFO: Run Behavior\WriteHtmlCacheBehavior [ RunTime:0.000226s ]
INFO: [ view_filter ] --END-- [ RunTime:0.000284s ]
INFO: [ app_end ] --START--
INFO: Run Behavior\ShowPageTraceBehavior [ RunTime:0.000777s ]
INFO: [ app_end ] --END-- [ RunTime:0.000852s ]

[ 2017-05-12T12:25:38+08:00 ] ::1 /index.php/Admin/Index/index/tab/5.html
INFO: [ app_init ] --START--
INFO: Run Behavior\BuildLiteBehavior [ RunTime:0.000016s ]
INFO: [ app_init ] --END-- [ RunTime:0.000389s ]
INFO: [ app_begin ] --START--
INFO: Run Behavior\ReadHtmlCacheBehavior [ RunTime:0.000531s ]
INFO: [ app_begin ] --END-- [ RunTime:0.000598s ]
NOTIC: [8192] mysql_connect(): The mysql extension is deprecated and will be removed in the future: use mysqli or PDO instead /Users/liupengfei/Downloads/AppShopService-master/ThinkPHP/Library/Think/Db/Driver/Mysql.class.php 第 52 行.
SQL: SHOW COLUMNS FROM `banner` [ RunTime:0.000439s ]
SQL: SELECT * FROM `banner`  [ RunTime:0.000241s ]
SQL: SHOW COLUMNS FROM `product` [ RunTime:0.000354s ]
SQL: SELECT * FROM `product` ORDER BY type asc  [ RunTime:0.000367s ]
SQL: SHOW COLUMNS FROM `user` [ RunTime:0.000408s ]
SQL: SELECT * FROM `user`  [ RunTime:0.000249s ]
SQL: SHOW COLUMNS FROM `buy` [ RunTime:0.000372s ]
SQL: SELECT * FROM `buy` INNER JOIN  user on buy.uid = user.id INNER JOIN product on buy.pid = product.id   [ RunTime:0.000435s ]
SQL: SHOW COLUMNS FROM `buy` [ RunTime:0.000481s ]
SQL: SELECT `id` FROM `buy`  [ RunTime:0.000233s ]
SQL: SHOW COLUMNS FROM `updateapp` [ RunTime:0.000383s ]
SQL: SELECT * FROM `updateapp` ORDER BY updatetime desc  [ RunTime:0.000190s ]
INFO: [ view_parse ] --START--
INFO: [ template_filter ] --START--
INFO: Run Behavior\ContentReplaceBehavior [ RunTime:0.000078s ]
INFO: [ template_filter ] --END-- [ RunTime:0.000176s ]
NOTIC: [8] Undefined variable: show /Users/liupengfei/Downloads/AppShopService-master/Application/Runtime/Cache/Admin/b595b808c2ebeeeb0478ffc30bb4e87a.php 第 154 行.
INFO: Run Behavior\ParseTemplateBehavior [ RunTime:0.033390s ]
INFO: [ view_parse ] --END-- [ RunTime:0.033458s ]
INFO: [ view_filter ] --START--
INFO: Run Behavior\WriteHtmlCacheBehavior [ RunTime:0.000174s ]
INFO: [ view_filter ] --END-- [ RunTime:0.000222s ]
INFO: [ app_end ] --START--
INFO: Run Behavior\ShowPageTraceBehavior [ RunTime:0.000542s ]
INFO: [ app_end ] --END-- [ RunTime:0.000604s ]

[ 2017-05-12T12:25:41+08:00 ] ::1 /index.php/Admin/Index/index/tab/4.html
INFO: [ app_init ] --START--
INFO: Run Behavior\BuildLiteBehavior [ RunTime:0.000013s ]
INFO: [ app_init ] --END-- [ RunTime:0.000313s ]
INFO: [ app_begin ] --START--
INFO: Run Behavior\ReadHtmlCacheBehavior [ RunTime:0.000493s ]
INFO: [ app_begin ] --END-- [ RunTime:0.000549s ]
NOTIC: [8192] mysql_connect(): The mysql extension is deprecated and will be removed in the future: use mysqli or PDO instead /Users/liupengfei/Downloads/AppShopService-master/ThinkPHP/Library/Think/Db/Driver/Mysql.class.php 第 52 行.
SQL: SHOW COLUMNS FROM `banner` [ RunTime:0.000438s ]
SQL: SELECT * FROM `banner`  [ RunTime:0.000212s ]
SQL: SHOW COLUMNS FROM `product` [ RunTime:0.000324s ]
SQL: SELECT * FROM `product` ORDER BY type asc  [ RunTime:0.000345s ]
SQL: SHOW COLUMNS FROM `user` [ RunTime:0.000437s ]
SQL: SELECT * FROM `user`  [ RunTime:0.000230s ]
SQL: SHOW COLUMNS FROM `buy` [ RunTime:0.000469s ]
SQL: SELECT * FROM `buy` INNER JOIN  user on buy.uid = user.id INNER JOIN product on buy.pid = product.id   [ RunTime:0.000432s ]
SQL: SHOW COLUMNS FROM `buy` [ RunTime:0.000348s ]
SQL: SELECT `id` FROM `buy`  [ RunTime:0.000184s ]
SQL: SHOW COLUMNS FROM `updateapp` [ RunTime:0.000361s ]
SQL: SELECT * FROM `updateapp` ORDER BY updatetime desc  [ RunTime:0.000223s ]
INFO: [ view_parse ] --START--
INFO: [ template_filter ] --START--
INFO: Run Behavior\ContentReplaceBehavior [ RunTime:0.000066s ]
INFO: [ template_filter ] --END-- [ RunTime:0.000144s ]
NOTIC: [8] Undefined variable: show /Users/liupengfei/Downloads/AppShopService-master/Application/Runtime/Cache/Admin/b595b808c2ebeeeb0478ffc30bb4e87a.php 第 154 行.
INFO: Run Behavior\ParseTemplateBehavior [ RunTime:0.033215s ]
INFO: [ view_parse ] --END-- [ RunTime:0.033283s ]
INFO: [ view_filter ] --START--
INFO: Run Behavior\WriteHtmlCacheBehavior [ RunTime:0.000164s ]
INFO: [ view_filter ] --END-- [ RunTime:0.000213s ]
INFO: [ app_end ] --START--
INFO: Run Behavior\ShowPageTraceBehavior [ RunTime:0.000523s ]
INFO: [ app_end ] --END-- [ RunTime:0.000578s ]

[ 2017-05-12T12:25:41+08:00 ] ::1 /index.php/Admin/Index/index/tab/3.html
INFO: [ app_init ] --START--
INFO: Run Behavior\BuildLiteBehavior [ RunTime:0.000014s ]
INFO: [ app_init ] --END-- [ RunTime:0.000307s ]
INFO: [ app_begin ] --START--
INFO: Run Behavior\ReadHtmlCacheBehavior [ RunTime:0.000416s ]
INFO: [ app_begin ] --END-- [ RunTime:0.000468s ]
NOTIC: [8192] mysql_connect(): The mysql extension is deprecated and will be removed in the future: use mysqli or PDO instead /Users/liupengfei/Downloads/AppShopService-master/ThinkPHP/Library/Think/Db/Driver/Mysql.class.php 第 52 行.
SQL: SHOW COLUMNS FROM `banner` [ RunTime:0.000748s ]
SQL: SELECT * FROM `banner`  [ RunTime:0.000322s ]
SQL: SHOW COLUMNS FROM `product` [ RunTime:0.000383s ]
SQL: SELECT * FROM `product` ORDER BY type asc  [ RunTime:0.000386s ]
SQL: SHOW COLUMNS FROM `user` [ RunTime:0.000389s ]
SQL: SELECT * FROM `user`  [ RunTime:0.000211s ]
SQL: SHOW COLUMNS FROM `buy` [ RunTime:0.000325s ]
SQL: SELECT * FROM `buy` INNER JOIN  user on buy.uid = user.id INNER JOIN product on buy.pid = product.id   [ RunTime:0.000379s ]
SQL: SHOW COLUMNS FROM `buy` [ RunTime:0.000297s ]
SQL: SELECT `id` FROM `buy`  [ RunTime:0.000169s ]
SQL: SHOW COLUMNS FROM `updateapp` [ RunTime:0.000307s ]
SQL: SELECT * FROM `updateapp` ORDER BY updatetime desc  [ RunTime:0.000187s ]
INFO: [ view_parse ] --START--
INFO: [ template_filter ] --START--
INFO: Run Behavior\ContentReplaceBehavior [ RunTime:0.000062s ]
INFO: [ template_filter ] --END-- [ RunTime:0.000134s ]
NOTIC: [8] Undefined variable: show /Users/liupengfei/Downloads/AppShopService-master/Application/Runtime/Cache/Admin/b595b808c2ebeeeb0478ffc30bb4e87a.php 第 154 行.
INFO: Run Behavior\ParseTemplateBehavior [ RunTime:0.035184s ]
INFO: [ view_parse ] --END-- [ RunTime:0.035256s ]
INFO: [ view_filter ] --START--
INFO: Run Behavior\WriteHtmlCacheBehavior [ RunTime:0.000177s ]
INFO: [ view_filter ] --END-- [ RunTime:0.000231s ]
INFO: [ app_end ] --START--
INFO: Run Behavior\ShowPageTraceBehavior [ RunTime:0.000622s ]
INFO: [ app_end ] --END-- [ RunTime:0.000688s ]

[ 2017-05-12T12:25:42+08:00 ] ::1 /index.php/Admin/Index/index/tab/2.html
INFO: [ app_init ] --START--
INFO: Run Behavior\BuildLiteBehavior [ RunTime:0.000013s ]
INFO: [ app_init ] --END-- [ RunTime:0.000300s ]
INFO: [ app_begin ] --START--
INFO: Run Behavior\ReadHtmlCacheBehavior [ RunTime:0.000395s ]
INFO: [ app_begin ] --END-- [ RunTime:0.000447s ]
NOTIC: [8192] mysql_connect(): The mysql extension is deprecated and will be removed in the future: use mysqli or PDO instead /Users/liupengfei/Downloads/AppShopService-master/ThinkPHP/Library/Think/Db/Driver/Mysql.class.php 第 52 行.
SQL: SHOW COLUMNS FROM `banner` [ RunTime:0.000513s ]
SQL: SELECT * FROM `banner`  [ RunTime:0.000258s ]
SQL: SHOW COLUMNS FROM `product` [ RunTime:0.000393s ]
SQL: SELECT * FROM `product` ORDER BY type asc  [ RunTime:0.000412s ]
SQL: SHOW COLUMNS FROM `user` [ RunTime:0.000377s ]
SQL: SELECT * FROM `user`  [ RunTime:0.000258s ]
SQL: SHOW COLUMNS FROM `buy` [ RunTime:0.000417s ]
SQL: SELECT * FROM `buy` INNER JOIN  user on buy.uid = user.id INNER JOIN product on buy.pid = product.id   [ RunTime:0.000484s ]
SQL: SHOW COLUMNS FROM `buy` [ RunTime:0.000316s ]
SQL: SELECT `id` FROM `buy`  [ RunTime:0.000167s ]
SQL: SHOW COLUMNS FROM `updateapp` [ RunTime:0.000330s ]
SQL: SELECT * FROM `updateapp` ORDER BY updatetime desc  [ RunTime:0.000189s ]
INFO: [ view_parse ] --START--
INFO: [ template_filter ] --START--
INFO: Run Behavior\ContentReplaceBehavior [ RunTime:0.000068s ]
INFO: [ template_filter ] --END-- [ RunTime:0.000146s ]
NOTIC: [8] Undefined variable: show /Users/liupengfei/Downloads/AppShopService-master/Application/Runtime/Cache/Admin/b595b808c2ebeeeb0478ffc30bb4e87a.php 第 154 行.
INFO: Run Behavior\ParseTemplateBehavior [ RunTime:0.035576s ]
INFO: [ view_parse ] --END-- [ RunTime:0.035665s ]
INFO: [ view_filter ] --START--
INFO: Run Behavior\WriteHtmlCacheBehavior [ RunTime:0.000236s ]
INFO: [ view_filter ] --END-- [ RunTime:0.000322s ]
INFO: [ app_end ] --START--
INFO: Run Behavior\ShowPageTraceBehavior [ RunTime:0.000916s ]
INFO: [ app_end ] --END-- [ RunTime:0.000993s ]

[ 2017-05-12T12:25:42+08:00 ] ::1 /index.php/Admin/Index/index/tab/1.html
INFO: [ app_init ] --START--
INFO: Run Behavior\BuildLiteBehavior [ RunTime:0.000016s ]
INFO: [ app_init ] --END-- [ RunTime:0.000363s ]
INFO: [ app_begin ] --START--
INFO: Run Behavior\ReadHtmlCacheBehavior [ RunTime:0.000408s ]
INFO: [ app_begin ] --END-- [ RunTime:0.000460s ]
NOTIC: [8192] mysql_connect(): The mysql extension is deprecated and will be removed in the future: use mysqli or PDO instead /Users/liupengfei/Downloads/AppShopService-master/ThinkPHP/Library/Think/Db/Driver/Mysql.class.php 第 52 行.
SQL: SHOW COLUMNS FROM `banner` [ RunTime:0.000432s ]
SQL: SELECT * FROM `banner`  [ RunTime:0.000235s ]
SQL: SHOW COLUMNS FROM `product` [ RunTime:0.000379s ]
SQL: SELECT * FROM `product` ORDER BY type asc  [ RunTime:0.000382s ]
SQL: SHOW COLUMNS FROM `user` [ RunTime:0.000372s ]
SQL: SELECT * FROM `user`  [ RunTime:0.000214s ]
SQL: SHOW COLUMNS FROM `buy` [ RunTime:0.000320s ]
SQL: SELECT * FROM `buy` INNER JOIN  user on buy.uid = user.id INNER JOIN product on buy.pid = product.id   [ RunTime:0.000414s ]
SQL: SHOW COLUMNS FROM `buy` [ RunTime:0.000357s ]
SQL: SELECT `id` FROM `buy`  [ RunTime:0.000251s ]
SQL: SHOW COLUMNS FROM `updateapp` [ RunTime:0.000352s ]
SQL: SELECT * FROM `updateapp` ORDER BY updatetime desc  [ RunTime:0.000212s ]
INFO: [ view_parse ] --START--
INFO: [ template_filter ] --START--
INFO: Run Behavior\ContentReplaceBehavior [ RunTime:0.000065s ]
INFO: [ template_filter ] --END-- [ RunTime:0.000143s ]
NOTIC: [8] Undefined variable: show /Users/liupengfei/Downloads/AppShopService-master/Application/Runtime/Cache/Admin/b595b808c2ebeeeb0478ffc30bb4e87a.php 第 154 行.
INFO: Run Behavior\ParseTemplateBehavior [ RunTime:0.034281s ]
INFO: [ view_parse ] --END-- [ RunTime:0.034361s ]
INFO: [ view_filter ] --START--
INFO: Run Behavior\WriteHtmlCacheBehavior [ RunTime:0.000211s ]
INFO: [ view_filter ] --END-- [ RunTime:0.000269s ]
INFO: [ app_end ] --START--
INFO: Run Behavior\ShowPageTraceBehavior [ RunTime:0.000535s ]
INFO: [ app_end ] --END-- [ RunTime:0.000592s ]

[ 2017-05-12T18:52:56+08:00 ] ::1 /index.php/Admin/Index/index/tab/2.html
INFO: [ app_init ] --START--
INFO: Run Behavior\BuildLiteBehavior [ RunTime:0.000013s ]
INFO: [ app_init ] --END-- [ RunTime:0.000322s ]
INFO: [ app_begin ] --START--
INFO: Run Behavior\ReadHtmlCacheBehavior [ RunTime:0.000431s ]
INFO: [ app_begin ] --END-- [ RunTime:0.000487s ]
NOTIC: [8] Undefined index: username /Users/liupengfei/Downloads/AppShopService-master/Application/Admin/Controller/CommonController.class.php 第 8 行.

[ 2017-05-12T18:52:56+08:00 ] ::1 /index.php/Admin/index/index.html
INFO: [ app_init ] --START--
INFO: Run Behavior\BuildLiteBehavior [ RunTime:0.000013s ]
INFO: [ app_init ] --END-- [ RunTime:0.000341s ]
INFO: [ app_begin ] --START--
INFO: Run Behavior\ReadHtmlCacheBehavior [ RunTime:0.000421s ]
INFO: [ app_begin ] --END-- [ RunTime:0.000476s ]
NOTIC: [8192] mysql_connect(): The mysql extension is deprecated and will be removed in the future: use mysqli or PDO instead /Users/liupengfei/Downloads/AppShopService-master/ThinkPHP/Library/Think/Db/Driver/Mysql.class.php 第 52 行.
SQL: SHOW COLUMNS FROM `banner` [ RunTime:0.000567s ]
SQL: SELECT * FROM `banner`  [ RunTime:0.001313s ]
SQL: SHOW COLUMNS FROM `product` [ RunTime:0.000377s ]
SQL: SELECT * FROM `product` ORDER BY type asc  [ RunTime:0.000353s ]
SQL: SHOW COLUMNS FROM `user` [ RunTime:0.000419s ]
SQL: SELECT * FROM `user`  [ RunTime:0.000248s ]
SQL: SHOW COLUMNS FROM `buy` [ RunTime:0.000404s ]
SQL: SELECT * FROM `buy` INNER JOIN  user on buy.uid = user.id INNER JOIN product on buy.pid = product.id   [ RunTime:0.000434s ]
SQL: SHOW COLUMNS FROM `buy` [ RunTime:0.000342s ]
SQL: SELECT `id` FROM `buy`  [ RunTime:0.000149s ]
SQL: SHOW COLUMNS FROM `updateapp` [ RunTime:0.000297s ]
SQL: SELECT * FROM `updateapp` ORDER BY updatetime desc  [ RunTime:0.000186s ]
INFO: [ view_parse ] --START--
INFO: [ template_filter ] --START--
INFO: Run Behavior\ContentReplaceBehavior [ RunTime:0.000064s ]
INFO: [ template_filter ] --END-- [ RunTime:0.000136s ]
NOTIC: [8] Undefined variable: show /Users/liupengfei/Downloads/AppShopService-master/Application/Runtime/Cache/Admin/b595b808c2ebeeeb0478ffc30bb4e87a.php 第 154 行.
INFO: Run Behavior\ParseTemplateBehavior [ RunTime:0.034663s ]
INFO: [ view_parse ] --END-- [ RunTime:0.034729s ]
INFO: [ view_filter ] --START--
INFO: Run Behavior\WriteHtmlCacheBehavior [ RunTime:0.000461s ]
INFO: [ view_filter ] --END-- [ RunTime:0.000516s ]
INFO: [ app_end ] --START--
INFO: Run Behavior\ShowPageTraceBehavior [ RunTime:0.000589s ]
INFO: [ app_end ] --END-- [ RunTime:0.000647s ]

[ 2017-05-12T18:52:59+08:00 ] ::1 /index.php/Admin/Index/index/tab/2.html
INFO: [ app_init ] --START--
INFO: Run Behavior\BuildLiteBehavior [ RunTime:0.000019s ]
INFO: [ app_init ] --END-- [ RunTime:0.000360s ]
INFO: [ app_begin ] --START--
INFO: Run Behavior\ReadHtmlCacheBehavior [ RunTime:0.000475s ]
INFO: [ app_begin ] --END-- [ RunTime:0.000547s ]
NOTIC: [8192] mysql_connect(): The mysql extension is deprecated and will be removed in the future: use mysqli or PDO instead /Users/liupengfei/Downloads/AppShopService-master/ThinkPHP/Library/Think/Db/Driver/Mysql.class.php 第 52 行.
SQL: SHOW COLUMNS FROM `banner` [ RunTime:0.000467s ]
SQL: SELECT * FROM `banner`  [ RunTime:0.000351s ]
SQL: SHOW COLUMNS FROM `product` [ RunTime:0.000578s ]
SQL: SELECT * FROM `product` ORDER BY type asc  [ RunTime:0.000395s ]
SQL: SHOW COLUMNS FROM `user` [ RunTime:0.000400s ]
SQL: SELECT * FROM `user`  [ RunTime:0.000245s ]
SQL: SHOW COLUMNS FROM `buy` [ RunTime:0.000338s ]
SQL: SELECT * FROM `buy` INNER JOIN  user on buy.uid = user.id INNER JOIN product on buy.pid = product.id   [ RunTime:0.000437s ]
SQL: SHOW COLUMNS FROM `buy` [ RunTime:0.000358s ]
SQL: SELECT `id` FROM `buy`  [ RunTime:0.000192s ]
SQL: SHOW COLUMNS FROM `updateapp` [ RunTime:0.000316s ]
SQL: SELECT * FROM `updateapp` ORDER BY updatetime desc  [ RunTime:0.000220s ]
INFO: [ view_parse ] --START--
INFO: [ template_filter ] --START--
INFO: Run Behavior\ContentReplaceBehavior [ RunTime:0.000074s ]
INFO: [ template_filter ] --END-- [ RunTime:0.000157s ]
NOTIC: [8] Undefined variable: show /Users/liupengfei/Downloads/AppShopService-master/Application/Runtime/Cache/Admin/b595b808c2ebeeeb0478ffc30bb4e87a.php 第 154 行.
INFO: Run Behavior\ParseTemplateBehavior [ RunTime:0.032974s ]
INFO: [ view_parse ] --END-- [ RunTime:0.033045s ]
INFO: [ view_filter ] --START--
INFO: Run Behavior\WriteHtmlCacheBehavior [ RunTime:0.000156s ]
INFO: [ view_filter ] --END-- [ RunTime:0.000223s ]
INFO: [ app_end ] --START--
INFO: Run Behavior\ShowPageTraceBehavior [ RunTime:0.000597s ]
INFO: [ app_end ] --END-- [ RunTime:0.000652s ]

[ 2017-05-12T18:53:19+08:00 ] ::1 /index.php/Admin/Index/dealData.html
INFO: [ app_init ] --START--
INFO: Run Behavior\BuildLiteBehavior [ RunTime:0.000021s ]
INFO: [ app_init ] --END-- [ RunTime:0.000414s ]
INFO: [ app_begin ] --START--
INFO: Run Behavior\ReadHtmlCacheBehavior [ RunTime:0.000482s ]
INFO: [ app_begin ] --END-- [ RunTime:0.000547s ]
NOTIC: [8192] mysql_connect(): The mysql extension is deprecated and will be removed in the future: use mysqli or PDO instead /Users/liupengfei/Downloads/AppShopService-master/ThinkPHP/Library/Think/Db/Driver/Mysql.class.php 第 52 行.
SQL: SHOW COLUMNS FROM `banner` [ RunTime:0.000488s ]
SQL: SELECT * FROM `banner` WHERE `name` = '测试' LIMIT 1   [ RunTime:0.000360s ]
NOTIC: [2] call_user_func() expects parameter 1 to be a valid callback, no array or string given /Users/liupengfei/Downloads/AppShopService-master/ThinkPHP/Library/Think/Upload.class.php 第 170 行.
SQL: SHOW COLUMNS FROM `banner` [ RunTime:0.000505s ]
SQL: INSERT INTO `banner` (`name`,`number`,`introduce`,`img`) VALUES ('测试','123','1','/Uploads/img/5915941f9c894.jpeg') [ RunTime:0.001483s ]

[ 2017-05-12T18:53:21+08:00 ] ::1 /index.php/Admin/Index/index.html
INFO: [ app_init ] --START--
INFO: Run Behavior\BuildLiteBehavior [ RunTime:0.000033s ]
INFO: [ app_init ] --END-- [ RunTime:0.000425s ]
INFO: [ app_begin ] --START--
INFO: Run Behavior\ReadHtmlCacheBehavior [ RunTime:0.000799s ]
INFO: [ app_begin ] --END-- [ RunTime:0.000928s ]
NOTIC: [8192] mysql_connect(): The mysql extension is deprecated and will be removed in the future: use mysqli or PDO instead /Users/liupengfei/Downloads/AppShopService-master/ThinkPHP/Library/Think/Db/Driver/Mysql.class.php 第 52 行.
SQL: SHOW COLUMNS FROM `banner` [ RunTime:0.000459s ]
SQL: SELECT * FROM `banner`  [ RunTime:0.000237s ]
SQL: SHOW COLUMNS FROM `product` [ RunTime:0.000438s ]
SQL: SELECT * FROM `product` ORDER BY type asc  [ RunTime:0.000442s ]
SQL: SHOW COLUMNS FROM `user` [ RunTime:0.000386s ]
SQL: SELECT * FROM `user`  [ RunTime:0.000374s ]
SQL: SHOW COLUMNS FROM `buy` [ RunTime:0.000437s ]
SQL: SELECT * FROM `buy` INNER JOIN  user on buy.uid = user.id INNER JOIN product on buy.pid = product.id   [ RunTime:0.000803s ]
SQL: SHOW COLUMNS FROM `buy` [ RunTime:0.000899s ]
SQL: SELECT `id` FROM `buy`  [ RunTime:0.000465s ]
SQL: SHOW COLUMNS FROM `updateapp` [ RunTime:0.000499s ]
SQL: SELECT * FROM `updateapp` ORDER BY updatetime desc  [ RunTime:0.000358s ]
INFO: [ view_parse ] --START--
INFO: [ template_filter ] --START--
INFO: Run Behavior\ContentReplaceBehavior [ RunTime:0.000088s ]
INFO: [ template_filter ] --END-- [ RunTime:0.000163s ]
NOTIC: [8] Undefined variable: show /Users/liupengfei/Downloads/AppShopService-master/Application/Runtime/Cache/Admin/b595b808c2ebeeeb0478ffc30bb4e87a.php 第 154 行.
INFO: Run Behavior\ParseTemplateBehavior [ RunTime:0.036390s ]
INFO: [ view_parse ] --END-- [ RunTime:0.036462s ]
INFO: [ view_filter ] --START--
INFO: Run Behavior\WriteHtmlCacheBehavior [ RunTime:0.000154s ]
INFO: [ view_filter ] --END-- [ RunTime:0.000200s ]
INFO: [ app_end ] --START--
INFO: Run Behavior\ShowPageTraceBehavior [ RunTime:0.000602s ]
INFO: [ app_end ] --END-- [ RunTime:0.000665s ]

