[ 2017-05-08T10:25:54+08:00 ] ::1 /index.php/Admin
INFO: [ app_init ] --START--
INFO: Run Behavior\BuildLiteBehavior [ RunTime:0.000026s ]
INFO: [ app_init ] --END-- [ RunTime:0.000778s ]
INFO: [ app_begin ] --START--
INFO: Run Behavior\ReadHtmlCacheBehavior [ RunTime:0.001013s ]
INFO: [ app_begin ] --END-- [ RunTime:0.001112s ]
NOTIC: [8] Undefined index: username /Users/liupengfei/Downloads/AppShopService-master/Application/Admin/Controller/CommonController.class.php 第 8 行.

[ 2017-05-08T10:25:55+08:00 ] ::1 /index.php/Admin/index/index.html
INFO: [ app_init ] --START--
INFO: Run Behavior\BuildLiteBehavior [ RunTime:0.000021s ]
INFO: [ app_init ] --END-- [ RunTime:0.000509s ]
INFO: [ app_begin ] --START--
INFO: Run Behavior\ReadHtmlCacheBehavior [ RunTime:0.000567s ]
INFO: [ app_begin ] --END-- [ RunTime:0.000640s ]
NOTIC: [8192] mysql_connect(): The mysql extension is deprecated and will be removed in the future: use mysqli or PDO instead /Users/liupengfei/Downloads/AppShopService-master/ThinkPHP/Library/Think/Db/Driver/Mysql.class.php 第 52 行.
SQL: SHOW COLUMNS FROM `banner` [ RunTime:0.000461s ]
SQL: SELECT * FROM `banner`  [ RunTime:0.000219s ]
SQL: SHOW COLUMNS FROM `product` [ RunTime:0.000341s ]
SQL: SELECT * FROM `product` ORDER BY type asc  [ RunTime:0.000357s ]
SQL: SHOW COLUMNS FROM `user` [ RunTime:0.000327s ]
SQL: SELECT * FROM `user`  [ RunTime:0.000366s ]
SQL: SHOW COLUMNS FROM `buy` [ RunTime:0.000337s ]
SQL: SELECT * FROM `buy` INNER JOIN  user on buy.uid = user.id INNER JOIN product on buy.pid = product.id   [ RunTime:0.000418s ]
SQL: SHOW COLUMNS FROM `buy` [ RunTime:0.000444s ]
SQL: SELECT `id` FROM `buy`  [ RunTime:0.000225s ]
SQL: SHOW COLUMNS FROM `updateapp` [ RunTime:0.000457s ]
SQL: SELECT * FROM `updateapp` ORDER BY updatetime desc  [ RunTime:0.000270s ]
INFO: [ view_parse ] --START--
INFO: [ template_filter ] --START--
INFO: Run Behavior\ContentReplaceBehavior [ RunTime:0.000082s ]
INFO: [ template_filter ] --END-- [ RunTime:0.000159s ]
NOTIC: [8] Undefined variable: show /Users/liupengfei/Downloads/AppShopService-master/Application/Runtime/Cache/Admin/b595b808c2ebeeeb0478ffc30bb4e87a.php 第 154 行.
INFO: Run Behavior\ParseTemplateBehavior [ RunTime:0.057505s ]
INFO: [ view_parse ] --END-- [ RunTime:0.057599s ]
INFO: [ view_filter ] --START--
INFO: Run Behavior\WriteHtmlCacheBehavior [ RunTime:0.000598s ]
INFO: [ view_filter ] --END-- [ RunTime:0.000661s ]
INFO: [ app_end ] --START--
INFO: Run Behavior\ShowPageTraceBehavior [ RunTime:0.002224s ]
INFO: [ app_end ] --END-- [ RunTime:0.002414s ]

[ 2017-05-08T10:31:10+08:00 ] ::1 /index.php/Admin/Index/index/tab/2.html
INFO: [ app_init ] --START--
INFO: Run Behavior\BuildLiteBehavior [ RunTime:0.000022s ]
INFO: [ app_init ] --END-- [ RunTime:0.000712s ]
INFO: [ app_begin ] --START--
INFO: Run Behavior\ReadHtmlCacheBehavior [ RunTime:0.000728s ]
INFO: [ app_begin ] --END-- [ RunTime:0.000792s ]
NOTIC: [8192] mysql_connect(): The mysql extension is deprecated and will be removed in the future: use mysqli or PDO instead /Users/liupengfei/Downloads/AppShopService-master/ThinkPHP/Library/Think/Db/Driver/Mysql.class.php 第 52 行.
SQL: SHOW COLUMNS FROM `banner` [ RunTime:0.000439s ]
SQL: SELECT * FROM `banner`  [ RunTime:0.000259s ]
SQL: SHOW COLUMNS FROM `product` [ RunTime:0.000354s ]
SQL: SELECT * FROM `product` ORDER BY type asc  [ RunTime:0.001036s ]
SQL: SHOW COLUMNS FROM `user` [ RunTime:0.000346s ]
SQL: SELECT * FROM `user`  [ RunTime:0.000210s ]
SQL: SHOW COLUMNS FROM `buy` [ RunTime:0.000317s ]
SQL: SELECT * FROM `buy` INNER JOIN  user on buy.uid = user.id INNER JOIN product on buy.pid = product.id   [ RunTime:0.000382s ]
SQL: SHOW COLUMNS FROM `buy` [ RunTime:0.000331s ]
SQL: SELECT `id` FROM `buy`  [ RunTime:0.000232s ]
SQL: SHOW COLUMNS FROM `updateapp` [ RunTime:0.000333s ]
SQL: SELECT * FROM `updateapp` ORDER BY updatetime desc  [ RunTime:0.000216s ]
INFO: [ view_parse ] --START--
INFO: [ template_filter ] --START--
INFO: Run Behavior\ContentReplaceBehavior [ RunTime:0.000088s ]
INFO: [ template_filter ] --END-- [ RunTime:0.000156s ]
NOTIC: [8] Undefined variable: show /Users/liupengfei/Downloads/AppShopService-master/Application/Runtime/Cache/Admin/b595b808c2ebeeeb0478ffc30bb4e87a.php 第 154 行.
INFO: Run Behavior\ParseTemplateBehavior [ RunTime:0.043274s ]
INFO: [ view_parse ] --END-- [ RunTime:0.043348s ]
INFO: [ view_filter ] --START--
INFO: Run Behavior\WriteHtmlCacheBehavior [ RunTime:0.000498s ]
INFO: [ view_filter ] --END-- [ RunTime:0.000579s ]
INFO: [ app_end ] --START--
INFO: Run Behavior\ShowPageTraceBehavior [ RunTime:0.000816s ]
INFO: [ app_end ] --END-- [ RunTime:0.000884s ]

[ 2017-05-08T10:31:10+08:00 ] ::1 /index.php/Admin/Index/index/tab/3.html
INFO: [ app_init ] --START--
INFO: Run Behavior\BuildLiteBehavior [ RunTime:0.000014s ]
INFO: [ app_init ] --END-- [ RunTime:0.000308s ]
INFO: [ app_begin ] --START--
INFO: Run Behavior\ReadHtmlCacheBehavior [ RunTime:0.000390s ]
INFO: [ app_begin ] --END-- [ RunTime:0.000443s ]
NOTIC: [8192] mysql_connect(): The mysql extension is deprecated and will be removed in the future: use mysqli or PDO instead /Users/liupengfei/Downloads/AppShopService-master/ThinkPHP/Library/Think/Db/Driver/Mysql.class.php 第 52 行.
SQL: SHOW COLUMNS FROM `banner` [ RunTime:0.000404s ]
SQL: SELECT * FROM `banner`  [ RunTime:0.000298s ]
SQL: SHOW COLUMNS FROM `product` [ RunTime:0.000391s ]
SQL: SELECT * FROM `product` ORDER BY type asc  [ RunTime:0.000398s ]
SQL: SHOW COLUMNS FROM `user` [ RunTime:0.000348s ]
SQL: SELECT * FROM `user`  [ RunTime:0.000187s ]
SQL: SHOW COLUMNS FROM `buy` [ RunTime:0.000286s ]
SQL: SELECT * FROM `buy` INNER JOIN  user on buy.uid = user.id INNER JOIN product on buy.pid = product.id   [ RunTime:0.000430s ]
SQL: SHOW COLUMNS FROM `buy` [ RunTime:0.000348s ]
SQL: SELECT `id` FROM `buy`  [ RunTime:0.000174s ]
SQL: SHOW COLUMNS FROM `updateapp` [ RunTime:0.000320s ]
SQL: SELECT * FROM `updateapp` ORDER BY updatetime desc  [ RunTime:0.000228s ]
INFO: [ view_parse ] --START--
INFO: [ template_filter ] --START--
INFO: Run Behavior\ContentReplaceBehavior [ RunTime:0.000062s ]
INFO: [ template_filter ] --END-- [ RunTime:0.000132s ]
NOTIC: [8] Undefined variable: show /Users/liupengfei/Downloads/AppShopService-master/Application/Runtime/Cache/Admin/b595b808c2ebeeeb0478ffc30bb4e87a.php 第 154 行.
INFO: Run Behavior\ParseTemplateBehavior [ RunTime:0.035260s ]
INFO: [ view_parse ] --END-- [ RunTime:0.035346s ]
INFO: [ view_filter ] --START--
INFO: Run Behavior\WriteHtmlCacheBehavior [ RunTime:0.000227s ]
INFO: [ view_filter ] --END-- [ RunTime:0.000297s ]
INFO: [ app_end ] --START--
INFO: Run Behavior\ShowPageTraceBehavior [ RunTime:0.000675s ]
INFO: [ app_end ] --END-- [ RunTime:0.000750s ]

[ 2017-05-08T10:31:11+08:00 ] ::1 /index.php/Admin/Index/index/tab/4.html
INFO: [ app_init ] --START--
INFO: Run Behavior\BuildLiteBehavior [ RunTime:0.000023s ]
INFO: [ app_init ] --END-- [ RunTime:0.000561s ]
INFO: [ app_begin ] --START--
INFO: Run Behavior\ReadHtmlCacheBehavior [ RunTime:0.000641s ]
INFO: [ app_begin ] --END-- [ RunTime:0.000727s ]
NOTIC: [8192] mysql_connect(): The mysql extension is deprecated and will be removed in the future: use mysqli or PDO instead /Users/liupengfei/Downloads/AppShopService-master/ThinkPHP/Library/Think/Db/Driver/Mysql.class.php 第 52 行.
SQL: SHOW COLUMNS FROM `banner` [ RunTime:0.000429s ]
SQL: SELECT * FROM `banner`  [ RunTime:0.000201s ]
SQL: SHOW COLUMNS FROM `product` [ RunTime:0.000374s ]
SQL: SELECT * FROM `product` ORDER BY type asc  [ RunTime:0.001031s ]
SQL: SHOW COLUMNS FROM `user` [ RunTime:0.000344s ]
SQL: SELECT * FROM `user`  [ RunTime:0.000213s ]
SQL: SHOW COLUMNS FROM `buy` [ RunTime:0.000315s ]
SQL: SELECT * FROM `buy` INNER JOIN  user on buy.uid = user.id INNER JOIN product on buy.pid = product.id   [ RunTime:0.000409s ]
SQL: SHOW COLUMNS FROM `buy` [ RunTime:0.000324s ]
SQL: SELECT `id` FROM `buy`  [ RunTime:0.000182s ]
SQL: SHOW COLUMNS FROM `updateapp` [ RunTime:0.000309s ]
SQL: SELECT * FROM `updateapp` ORDER BY updatetime desc  [ RunTime:0.000189s ]
INFO: [ view_parse ] --START--
INFO: [ template_filter ] --START--
INFO: Run Behavior\ContentReplaceBehavior [ RunTime:0.000061s ]
INFO: [ template_filter ] --END-- [ RunTime:0.000131s ]
NOTIC: [8] Undefined variable: show /Users/liupengfei/Downloads/AppShopService-master/Application/Runtime/Cache/Admin/b595b808c2ebeeeb0478ffc30bb4e87a.php 第 154 行.
INFO: Run Behavior\ParseTemplateBehavior [ RunTime:0.032140s ]
INFO: [ view_parse ] --END-- [ RunTime:0.032201s ]
INFO: [ view_filter ] --START--
INFO: Run Behavior\WriteHtmlCacheBehavior [ RunTime:0.000145s ]
INFO: [ view_filter ] --END-- [ RunTime:0.000189s ]
INFO: [ app_end ] --START--
INFO: Run Behavior\ShowPageTraceBehavior [ RunTime:0.000609s ]
INFO: [ app_end ] --END-- [ RunTime:0.000683s ]

[ 2017-05-08T10:31:12+08:00 ] ::1 /index.php/Admin/Index/index/tab/5.html
INFO: [ app_init ] --START--
INFO: Run Behavior\BuildLiteBehavior [ RunTime:0.000013s ]
INFO: [ app_init ] --END-- [ RunTime:0.000297s ]
INFO: [ app_begin ] --START--
INFO: Run Behavior\ReadHtmlCacheBehavior [ RunTime:0.000413s ]
INFO: [ app_begin ] --END-- [ RunTime:0.000465s ]
NOTIC: [8192] mysql_connect(): The mysql extension is deprecated and will be removed in the future: use mysqli or PDO instead /Users/liupengfei/Downloads/AppShopService-master/ThinkPHP/Library/Think/Db/Driver/Mysql.class.php 第 52 行.
SQL: SHOW COLUMNS FROM `banner` [ RunTime:0.000429s ]
SQL: SELECT * FROM `banner`  [ RunTime:0.000246s ]
SQL: SHOW COLUMNS FROM `product` [ RunTime:0.000371s ]
SQL: SELECT * FROM `product` ORDER BY type asc  [ RunTime:0.000391s ]
SQL: SHOW COLUMNS FROM `user` [ RunTime:0.000312s ]
SQL: SELECT * FROM `user`  [ RunTime:0.000212s ]
SQL: SHOW COLUMNS FROM `buy` [ RunTime:0.000298s ]
SQL: SELECT * FROM `buy` INNER JOIN  user on buy.uid = user.id INNER JOIN product on buy.pid = product.id   [ RunTime:0.000358s ]
SQL: SHOW COLUMNS FROM `buy` [ RunTime:0.000352s ]
SQL: SELECT `id` FROM `buy`  [ RunTime:0.000208s ]
SQL: SHOW COLUMNS FROM `updateapp` [ RunTime:0.000325s ]
SQL: SELECT * FROM `updateapp` ORDER BY updatetime desc  [ RunTime:0.000226s ]
INFO: [ view_parse ] --START--
INFO: [ template_filter ] --START--
INFO: Run Behavior\ContentReplaceBehavior [ RunTime:0.000061s ]
INFO: [ template_filter ] --END-- [ RunTime:0.000131s ]
NOTIC: [8] Undefined variable: show /Users/liupengfei/Downloads/AppShopService-master/Application/Runtime/Cache/Admin/b595b808c2ebeeeb0478ffc30bb4e87a.php 第 154 行.
INFO: Run Behavior\ParseTemplateBehavior [ RunTime:0.034338s ]
INFO: [ view_parse ] --END-- [ RunTime:0.034394s ]
INFO: [ view_filter ] --START--
INFO: Run Behavior\WriteHtmlCacheBehavior [ RunTime:0.000127s ]
INFO: [ view_filter ] --END-- [ RunTime:0.000171s ]
INFO: [ app_end ] --START--
INFO: Run Behavior\ShowPageTraceBehavior [ RunTime:0.000644s ]
INFO: [ app_end ] --END-- [ RunTime:0.000710s ]

[ 2017-05-08T10:59:52+08:00 ] ::1 /index.php/Admin/Index/index/tab/1.html
INFO: [ app_init ] --START--
INFO: Run Behavior\BuildLiteBehavior [ RunTime:0.000021s ]
INFO: [ app_init ] --END-- [ RunTime:0.000439s ]
INFO: [ app_begin ] --START--
INFO: Run Behavior\ReadHtmlCacheBehavior [ RunTime:0.000479s ]
INFO: [ app_begin ] --END-- [ RunTime:0.000550s ]
NOTIC: [8192] mysql_connect(): The mysql extension is deprecated and will be removed in the future: use mysqli or PDO instead /Users/liupengfei/Downloads/AppShopService-master/ThinkPHP/Library/Think/Db/Driver/Mysql.class.php 第 52 行.
SQL: SHOW COLUMNS FROM `banner` [ RunTime:0.000443s ]
SQL: SELECT * FROM `banner`  [ RunTime:0.000258s ]
SQL: SHOW COLUMNS FROM `product` [ RunTime:0.000396s ]
SQL: SELECT * FROM `product` ORDER BY type asc  [ RunTime:0.000621s ]
SQL: SHOW COLUMNS FROM `user` [ RunTime:0.000392s ]
SQL: SELECT * FROM `user`  [ RunTime:0.000816s ]
SQL: SHOW COLUMNS FROM `buy` [ RunTime:0.000325s ]
SQL: SELECT * FROM `buy` INNER JOIN  user on buy.uid = user.id INNER JOIN product on buy.pid = product.id   [ RunTime:0.000481s ]
SQL: SHOW COLUMNS FROM `buy` [ RunTime:0.000336s ]
SQL: SELECT `id` FROM `buy`  [ RunTime:0.000209s ]
SQL: SHOW COLUMNS FROM `updateapp` [ RunTime:0.000522s ]
SQL: SELECT * FROM `updateapp` ORDER BY updatetime desc  [ RunTime:0.000307s ]
INFO: [ view_parse ] --START--
INFO: [ template_filter ] --START--
INFO: Run Behavior\ContentReplaceBehavior [ RunTime:0.000085s ]
INFO: [ template_filter ] --END-- [ RunTime:0.000163s ]
NOTIC: [8] Undefined variable: show /Users/liupengfei/Downloads/AppShopService-master/Application/Runtime/Cache/Admin/b595b808c2ebeeeb0478ffc30bb4e87a.php 第 154 行.
INFO: Run Behavior\ParseTemplateBehavior [ RunTime:0.037600s ]
INFO: [ view_parse ] --END-- [ RunTime:0.037685s ]
INFO: [ view_filter ] --START--
INFO: Run Behavior\WriteHtmlCacheBehavior [ RunTime:0.000570s ]
INFO: [ view_filter ] --END-- [ RunTime:0.000668s ]
INFO: [ app_end ] --START--
INFO: Run Behavior\ShowPageTraceBehavior [ RunTime:0.000748s ]
INFO: [ app_end ] --END-- [ RunTime:0.000867s ]

[ 2017-05-08T11:02:49+08:00 ] ::1 /index.php/Admin/Index/index/tab/6.html
INFO: [ app_init ] --START--
INFO: Run Behavior\BuildLiteBehavior [ RunTime:0.000013s ]
INFO: [ app_init ] --END-- [ RunTime:0.000297s ]
INFO: [ app_begin ] --START--
INFO: Run Behavior\ReadHtmlCacheBehavior [ RunTime:0.000389s ]
INFO: [ app_begin ] --END-- [ RunTime:0.000439s ]
NOTIC: [8192] mysql_connect(): The mysql extension is deprecated and will be removed in the future: use mysqli or PDO instead /Users/liupengfei/Downloads/AppShopService-master/ThinkPHP/Library/Think/Db/Driver/Mysql.class.php 第 52 行.
SQL: SHOW COLUMNS FROM `banner` [ RunTime:0.000456s ]
SQL: SELECT * FROM `banner`  [ RunTime:0.000212s ]
SQL: SHOW COLUMNS FROM `product` [ RunTime:0.000358s ]
SQL: SELECT * FROM `product` ORDER BY type asc  [ RunTime:0.000394s ]
SQL: SHOW COLUMNS FROM `user` [ RunTime:0.000315s ]
SQL: SELECT * FROM `user`  [ RunTime:0.000204s ]
SQL: SHOW COLUMNS FROM `buy` [ RunTime:0.000343s ]
SQL: SELECT * FROM `buy` INNER JOIN  user on buy.uid = user.id INNER JOIN product on buy.pid = product.id   [ RunTime:0.000399s ]
SQL: SHOW COLUMNS FROM `buy` [ RunTime:0.000337s ]
SQL: SELECT `id` FROM `buy`  [ RunTime:0.000219s ]
SQL: SHOW COLUMNS FROM `updateapp` [ RunTime:0.000326s ]
SQL: SELECT * FROM `updateapp` ORDER BY updatetime desc  [ RunTime:0.000229s ]
INFO: [ view_parse ] --START--
INFO: [ template_filter ] --START--
INFO: Run Behavior\ContentReplaceBehavior [ RunTime:0.000137s ]
INFO: [ template_filter ] --END-- [ RunTime:0.000254s ]
NOTIC: [8] Undefined variable: show /Users/liupengfei/Downloads/AppShopService-master/Application/Runtime/Cache/Admin/b595b808c2ebeeeb0478ffc30bb4e87a.php 第 154 行.
INFO: Run Behavior\ParseTemplateBehavior [ RunTime:0.037375s ]
INFO: [ view_parse ] --END-- [ RunTime:0.037433s ]
INFO: [ view_filter ] --START--
INFO: Run Behavior\WriteHtmlCacheBehavior [ RunTime:0.000131s ]
INFO: [ view_filter ] --END-- [ RunTime:0.000175s ]
INFO: [ app_end ] --START--
INFO: Run Behavior\ShowPageTraceBehavior [ RunTime:0.000644s ]
INFO: [ app_end ] --END-- [ RunTime:0.000716s ]

[ 2017-05-08T11:02:55+08:00 ] ::1 /index.php/Admin/Index/changePayState/id/185/state/0/tab/6.html
INFO: [ app_init ] --START--
INFO: Run Behavior\BuildLiteBehavior [ RunTime:0.000014s ]
INFO: [ app_init ] --END-- [ RunTime:0.000330s ]
INFO: [ app_begin ] --START--
INFO: Run Behavior\ReadHtmlCacheBehavior [ RunTime:0.000422s ]
INFO: [ app_begin ] --END-- [ RunTime:0.000478s ]
NOTIC: [8192] mysql_connect(): The mysql extension is deprecated and will be removed in the future: use mysqli or PDO instead /Users/liupengfei/Downloads/AppShopService-master/ThinkPHP/Library/Think/Db/Driver/Mysql.class.php 第 52 行.
SQL: SHOW COLUMNS FROM `buy` [ RunTime:0.000529s ]
SQL: UPDATE `buy` SET `isPay`=1 WHERE ( id=185 ) [ RunTime:0.000980s ]

[ 2017-05-08T11:02:55+08:00 ] ::1 /index.php/Admin/Index/index/tab/6.html
INFO: [ app_init ] --START--
INFO: Run Behavior\BuildLiteBehavior [ RunTime:0.000014s ]
INFO: [ app_init ] --END-- [ RunTime:0.000331s ]
INFO: [ app_begin ] --START--
INFO: Run Behavior\ReadHtmlCacheBehavior [ RunTime:0.000455s ]
INFO: [ app_begin ] --END-- [ RunTime:0.000515s ]
NOTIC: [8192] mysql_connect(): The mysql extension is deprecated and will be removed in the future: use mysqli or PDO instead /Users/liupengfei/Downloads/AppShopService-master/ThinkPHP/Library/Think/Db/Driver/Mysql.class.php 第 52 行.
SQL: SHOW COLUMNS FROM `banner` [ RunTime:0.000424s ]
SQL: SELECT * FROM `banner`  [ RunTime:0.000216s ]
SQL: SHOW COLUMNS FROM `product` [ RunTime:0.000415s ]
SQL: SELECT * FROM `product` ORDER BY type asc  [ RunTime:0.000428s ]
SQL: SHOW COLUMNS FROM `user` [ RunTime:0.000426s ]
SQL: SELECT * FROM `user`  [ RunTime:0.000221s ]
SQL: SHOW COLUMNS FROM `buy` [ RunTime:0.000360s ]
SQL: SELECT * FROM `buy` INNER JOIN  user on buy.uid = user.id INNER JOIN product on buy.pid = product.id   [ RunTime:0.000417s ]
SQL: SHOW COLUMNS FROM `buy` [ RunTime:0.000358s ]
SQL: SELECT `id` FROM `buy`  [ RunTime:0.000201s ]
SQL: SHOW COLUMNS FROM `updateapp` [ RunTime:0.000347s ]
SQL: SELECT * FROM `updateapp` ORDER BY updatetime desc  [ RunTime:0.000227s ]
INFO: [ view_parse ] --START--
INFO: [ template_filter ] --START--
INFO: Run Behavior\ContentReplaceBehavior [ RunTime:0.000154s ]
INFO: [ template_filter ] --END-- [ RunTime:0.000255s ]
NOTIC: [8] Undefined variable: show /Users/liupengfei/Downloads/AppShopService-master/Application/Runtime/Cache/Admin/b595b808c2ebeeeb0478ffc30bb4e87a.php 第 154 行.
INFO: Run Behavior\ParseTemplateBehavior [ RunTime:0.034778s ]
INFO: [ view_parse ] --END-- [ RunTime:0.034851s ]
INFO: [ view_filter ] --START--
INFO: Run Behavior\WriteHtmlCacheBehavior [ RunTime:0.000191s ]
INFO: [ view_filter ] --END-- [ RunTime:0.000240s ]
INFO: [ app_end ] --START--
INFO: Run Behavior\ShowPageTraceBehavior [ RunTime:0.000566s ]
INFO: [ app_end ] --END-- [ RunTime:0.000639s ]

[ 2017-05-08T11:03:07+08:00 ] ::1 /index.php/Admin/Index/changeDeliverState/id/185/state/0/tab/6.html
INFO: [ app_init ] --START--
INFO: Run Behavior\BuildLiteBehavior [ RunTime:0.000037s ]
INFO: [ app_init ] --END-- [ RunTime:0.000660s ]
INFO: [ app_begin ] --START--
INFO: Run Behavior\ReadHtmlCacheBehavior [ RunTime:0.000482s ]
INFO: [ app_begin ] --END-- [ RunTime:0.000549s ]
NOTIC: [8192] mysql_connect(): The mysql extension is deprecated and will be removed in the future: use mysqli or PDO instead /Users/liupengfei/Downloads/AppShopService-master/ThinkPHP/Library/Think/Db/Driver/Mysql.class.php 第 52 行.
SQL: SHOW COLUMNS FROM `buy` [ RunTime:0.000500s ]
SQL: UPDATE `buy` SET `isDeliver`=1 WHERE ( id=185 ) [ RunTime:0.000485s ]

[ 2017-05-08T11:03:07+08:00 ] ::1 /index.php/Admin/Index/index/tab/6.html
INFO: [ app_init ] --START--
INFO: Run Behavior\BuildLiteBehavior [ RunTime:0.000013s ]
INFO: [ app_init ] --END-- [ RunTime:0.000300s ]
INFO: [ app_begin ] --START--
INFO: Run Behavior\ReadHtmlCacheBehavior [ RunTime:0.000400s ]
INFO: [ app_begin ] --END-- [ RunTime:0.000452s ]
NOTIC: [8192] mysql_connect(): The mysql extension is deprecated and will be removed in the future: use mysqli or PDO instead /Users/liupengfei/Downloads/AppShopService-master/ThinkPHP/Library/Think/Db/Driver/Mysql.class.php 第 52 行.
SQL: SHOW COLUMNS FROM `banner` [ RunTime:0.000434s ]
SQL: SELECT * FROM `banner`  [ RunTime:0.000268s ]
SQL: SHOW COLUMNS FROM `product` [ RunTime:0.000417s ]
SQL: SELECT * FROM `product` ORDER BY type asc  [ RunTime:0.000431s ]
SQL: SHOW COLUMNS FROM `user` [ RunTime:0.000338s ]
SQL: SELECT * FROM `user`  [ RunTime:0.000223s ]
SQL: SHOW COLUMNS FROM `buy` [ RunTime:0.000322s ]
SQL: SELECT * FROM `buy` INNER JOIN  user on buy.uid = user.id INNER JOIN product on buy.pid = product.id   [ RunTime:0.000423s ]
SQL: SHOW COLUMNS FROM `buy` [ RunTime:0.000357s ]
SQL: SELECT `id` FROM `buy`  [ RunTime:0.000219s ]
SQL: SHOW COLUMNS FROM `updateapp` [ RunTime:0.000324s ]
SQL: SELECT * FROM `updateapp` ORDER BY updatetime desc  [ RunTime:0.000210s ]
INFO: [ view_parse ] --START--
INFO: [ template_filter ] --START--
INFO: Run Behavior\ContentReplaceBehavior [ RunTime:0.000139s ]
INFO: [ template_filter ] --END-- [ RunTime:0.000215s ]
NOTIC: [8] Undefined variable: show /Users/liupengfei/Downloads/AppShopService-master/Application/Runtime/Cache/Admin/b595b808c2ebeeeb0478ffc30bb4e87a.php 第 154 行.
INFO: Run Behavior\ParseTemplateBehavior [ RunTime:0.034573s ]
INFO: [ view_parse ] --END-- [ RunTime:0.034649s ]
INFO: [ view_filter ] --START--
INFO: Run Behavior\WriteHtmlCacheBehavior [ RunTime:0.000186s ]
INFO: [ view_filter ] --END-- [ RunTime:0.000241s ]
INFO: [ app_end ] --START--
INFO: Run Behavior\ShowPageTraceBehavior [ RunTime:0.000930s ]
INFO: [ app_end ] --END-- [ RunTime:0.001045s ]

[ 2017-05-08T11:03:24+08:00 ] ::1 /index.php/Admin/Index/index/tab/1.html
INFO: [ app_init ] --START--
INFO: Run Behavior\BuildLiteBehavior [ RunTime:0.000017s ]
INFO: [ app_init ] --END-- [ RunTime:0.000398s ]
INFO: [ app_begin ] --START--
INFO: Run Behavior\ReadHtmlCacheBehavior [ RunTime:0.000515s ]
INFO: [ app_begin ] --END-- [ RunTime:0.000582s ]
NOTIC: [8192] mysql_connect(): The mysql extension is deprecated and will be removed in the future: use mysqli or PDO instead /Users/liupengfei/Downloads/AppShopService-master/ThinkPHP/Library/Think/Db/Driver/Mysql.class.php 第 52 行.
SQL: SHOW COLUMNS FROM `banner` [ RunTime:0.000438s ]
SQL: SELECT * FROM `banner`  [ RunTime:0.000206s ]
SQL: SHOW COLUMNS FROM `product` [ RunTime:0.000356s ]
SQL: SELECT * FROM `product` ORDER BY type asc  [ RunTime:0.001052s ]
SQL: SHOW COLUMNS FROM `user` [ RunTime:0.000331s ]
SQL: SELECT * FROM `user`  [ RunTime:0.000200s ]
SQL: SHOW COLUMNS FROM `buy` [ RunTime:0.000299s ]
SQL: SELECT * FROM `buy` INNER JOIN  user on buy.uid = user.id INNER JOIN product on buy.pid = product.id   [ RunTime:0.000366s ]
SQL: SHOW COLUMNS FROM `buy` [ RunTime:0.000355s ]
SQL: SELECT `id` FROM `buy`  [ RunTime:0.000215s ]
SQL: SHOW COLUMNS FROM `updateapp` [ RunTime:0.000326s ]
SQL: SELECT * FROM `updateapp` ORDER BY updatetime desc  [ RunTime:0.000188s ]
INFO: [ view_parse ] --START--
INFO: [ template_filter ] --START--
INFO: Run Behavior\ContentReplaceBehavior [ RunTime:0.000094s ]
INFO: [ template_filter ] --END-- [ RunTime:0.000170s ]
NOTIC: [8] Undefined variable: show /Users/liupengfei/Downloads/AppShopService-master/Application/Runtime/Cache/Admin/b595b808c2ebeeeb0478ffc30bb4e87a.php 第 154 行.
INFO: Run Behavior\ParseTemplateBehavior [ RunTime:0.033421s ]
INFO: [ view_parse ] --END-- [ RunTime:0.033494s ]
INFO: [ view_filter ] --START--
INFO: Run Behavior\WriteHtmlCacheBehavior [ RunTime:0.000161s ]
INFO: [ view_filter ] --END-- [ RunTime:0.000214s ]
INFO: [ app_end ] --START--
INFO: Run Behavior\ShowPageTraceBehavior [ RunTime:0.000652s ]
INFO: [ app_end ] --END-- [ RunTime:0.000715s ]

[ 2017-05-08T11:03:26+08:00 ] ::1 /index.php/Admin/Index/index/tab/2.html
INFO: [ app_init ] --START--
INFO: Run Behavior\BuildLiteBehavior [ RunTime:0.000015s ]
INFO: [ app_init ] --END-- [ RunTime:0.000351s ]
INFO: [ app_begin ] --START--
INFO: Run Behavior\ReadHtmlCacheBehavior [ RunTime:0.000524s ]
INFO: [ app_begin ] --END-- [ RunTime:0.000588s ]
NOTIC: [8192] mysql_connect(): The mysql extension is deprecated and will be removed in the future: use mysqli or PDO instead /Users/liupengfei/Downloads/AppShopService-master/ThinkPHP/Library/Think/Db/Driver/Mysql.class.php 第 52 行.
SQL: SHOW COLUMNS FROM `banner` [ RunTime:0.000419s ]
SQL: SELECT * FROM `banner`  [ RunTime:0.000213s ]
SQL: SHOW COLUMNS FROM `product` [ RunTime:0.000343s ]
SQL: SELECT * FROM `product` ORDER BY type asc  [ RunTime:0.000379s ]
SQL: SHOW COLUMNS FROM `user` [ RunTime:0.000367s ]
SQL: SELECT * FROM `user`  [ RunTime:0.000269s ]
SQL: SHOW COLUMNS FROM `buy` [ RunTime:0.000343s ]
SQL: SELECT * FROM `buy` INNER JOIN  user on buy.uid = user.id INNER JOIN product on buy.pid = product.id   [ RunTime:0.000438s ]
SQL: SHOW COLUMNS FROM `buy` [ RunTime:0.000339s ]
SQL: SELECT `id` FROM `buy`  [ RunTime:0.000220s ]
SQL: SHOW COLUMNS FROM `updateapp` [ RunTime:0.000344s ]
SQL: SELECT * FROM `updateapp` ORDER BY updatetime desc  [ RunTime:0.000251s ]
INFO: [ view_parse ] --START--
INFO: [ template_filter ] --START--
INFO: Run Behavior\ContentReplaceBehavior [ RunTime:0.000068s ]
INFO: [ template_filter ] --END-- [ RunTime:0.000143s ]
NOTIC: [8] Undefined variable: show /Users/liupengfei/Downloads/AppShopService-master/Application/Runtime/Cache/Admin/b595b808c2ebeeeb0478ffc30bb4e87a.php 第 154 行.
INFO: Run Behavior\ParseTemplateBehavior [ RunTime:0.032480s ]
INFO: [ view_parse ] --END-- [ RunTime:0.032542s ]
INFO: [ view_filter ] --START--
INFO: Run Behavior\WriteHtmlCacheBehavior [ RunTime:0.000135s ]
INFO: [ view_filter ] --END-- [ RunTime:0.000181s ]
INFO: [ app_end ] --START--
INFO: Run Behavior\ShowPageTraceBehavior [ RunTime:0.000529s ]
INFO: [ app_end ] --END-- [ RunTime:0.000586s ]

[ 2017-05-08T11:03:27+08:00 ] ::1 /index.php/Admin/Index/index/tab/3.html
INFO: [ app_init ] --START--
INFO: Run Behavior\BuildLiteBehavior [ RunTime:0.000014s ]
INFO: [ app_init ] --END-- [ RunTime:0.000307s ]
INFO: [ app_begin ] --START--
INFO: Run Behavior\ReadHtmlCacheBehavior [ RunTime:0.000407s ]
INFO: [ app_begin ] --END-- [ RunTime:0.000460s ]
NOTIC: [8192] mysql_connect(): The mysql extension is deprecated and will be removed in the future: use mysqli or PDO instead /Users/liupengfei/Downloads/AppShopService-master/ThinkPHP/Library/Think/Db/Driver/Mysql.class.php 第 52 行.
SQL: SHOW COLUMNS FROM `banner` [ RunTime:0.000433s ]
SQL: SELECT * FROM `banner`  [ RunTime:0.000231s ]
SQL: SHOW COLUMNS FROM `product` [ RunTime:0.000358s ]
SQL: SELECT * FROM `product` ORDER BY type asc  [ RunTime:0.000374s ]
SQL: SHOW COLUMNS FROM `user` [ RunTime:0.000352s ]
SQL: SELECT * FROM `user`  [ RunTime:0.000227s ]
SQL: SHOW COLUMNS FROM `buy` [ RunTime:0.000421s ]
SQL: SELECT * FROM `buy` INNER JOIN  user on buy.uid = user.id INNER JOIN product on buy.pid = product.id   [ RunTime:0.000520s ]
SQL: SHOW COLUMNS FROM `buy` [ RunTime:0.000409s ]
SQL: SELECT `id` FROM `buy`  [ RunTime:0.000180s ]
SQL: SHOW COLUMNS FROM `updateapp` [ RunTime:0.000321s ]
SQL: SELECT * FROM `updateapp` ORDER BY updatetime desc  [ RunTime:0.000200s ]
INFO: [ view_parse ] --START--
INFO: [ template_filter ] --START--
INFO: Run Behavior\ContentReplaceBehavior [ RunTime:0.000066s ]
INFO: [ template_filter ] --END-- [ RunTime:0.000149s ]
NOTIC: [8] Undefined variable: show /Users/liupengfei/Downloads/AppShopService-master/Application/Runtime/Cache/Admin/b595b808c2ebeeeb0478ffc30bb4e87a.php 第 154 行.
INFO: Run Behavior\ParseTemplateBehavior [ RunTime:0.033954s ]
INFO: [ view_parse ] --END-- [ RunTime:0.034017s ]
INFO: [ view_filter ] --START--
INFO: Run Behavior\WriteHtmlCacheBehavior [ RunTime:0.000145s ]
INFO: [ view_filter ] --END-- [ RunTime:0.000192s ]
INFO: [ app_end ] --START--
INFO: Run Behavior\ShowPageTraceBehavior [ RunTime:0.000553s ]
INFO: [ app_end ] --END-- [ RunTime:0.000613s ]

[ 2017-05-08T11:03:27+08:00 ] ::1 /index.php/Admin/Index/index/tab/4.html
INFO: [ app_init ] --START--
INFO: Run Behavior\BuildLiteBehavior [ RunTime:0.000015s ]
INFO: [ app_init ] --END-- [ RunTime:0.000324s ]
INFO: [ app_begin ] --START--
INFO: Run Behavior\ReadHtmlCacheBehavior [ RunTime:0.000397s ]
INFO: [ app_begin ] --END-- [ RunTime:0.000449s ]
NOTIC: [8192] mysql_connect(): The mysql extension is deprecated and will be removed in the future: use mysqli or PDO instead /Users/liupengfei/Downloads/AppShopService-master/ThinkPHP/Library/Think/Db/Driver/Mysql.class.php 第 52 行.
SQL: SHOW COLUMNS FROM `banner` [ RunTime:0.000446s ]
SQL: SELECT * FROM `banner`  [ RunTime:0.000236s ]
SQL: SHOW COLUMNS FROM `product` [ RunTime:0.000334s ]
SQL: SELECT * FROM `product` ORDER BY type asc  [ RunTime:0.000358s ]
SQL: SHOW COLUMNS FROM `user` [ RunTime:0.000338s ]
SQL: SELECT * FROM `user`  [ RunTime:0.000215s ]
SQL: SHOW COLUMNS FROM `buy` [ RunTime:0.000326s ]
SQL: SELECT * FROM `buy` INNER JOIN  user on buy.uid = user.id INNER JOIN product on buy.pid = product.id   [ RunTime:0.000414s ]
SQL: SHOW COLUMNS FROM `buy` [ RunTime:0.000326s ]
SQL: SELECT `id` FROM `buy`  [ RunTime:0.000211s ]
SQL: SHOW COLUMNS FROM `updateapp` [ RunTime:0.000348s ]
SQL: SELECT * FROM `updateapp` ORDER BY updatetime desc  [ RunTime:0.000246s ]
INFO: [ view_parse ] --START--
INFO: [ template_filter ] --START--
INFO: Run Behavior\ContentReplaceBehavior [ RunTime:0.000094s ]
INFO: [ template_filter ] --END-- [ RunTime:0.000212s ]
NOTIC: [8] Undefined variable: show /Users/liupengfei/Downloads/AppShopService-master/Application/Runtime/Cache/Admin/b595b808c2ebeeeb0478ffc30bb4e87a.php 第 154 行.
INFO: Run Behavior\ParseTemplateBehavior [ RunTime:0.034862s ]
INFO: [ view_parse ] --END-- [ RunTime:0.034924s ]
INFO: [ view_filter ] --START--
INFO: Run Behavior\WriteHtmlCacheBehavior [ RunTime:0.000151s ]
INFO: [ view_filter ] --END-- [ RunTime:0.000198s ]
INFO: [ app_end ] --START--
INFO: Run Behavior\ShowPageTraceBehavior [ RunTime:0.000481s ]
INFO: [ app_end ] --END-- [ RunTime:0.000533s ]

[ 2017-05-08T11:03:28+08:00 ] ::1 /index.php/Admin/Index/index/tab/3.html
INFO: [ app_init ] --START--
INFO: Run Behavior\BuildLiteBehavior [ RunTime:0.000015s ]
INFO: [ app_init ] --END-- [ RunTime:0.000359s ]
INFO: [ app_begin ] --START--
INFO: Run Behavior\ReadHtmlCacheBehavior [ RunTime:0.000399s ]
INFO: [ app_begin ] --END-- [ RunTime:0.000449s ]
NOTIC: [8192] mysql_connect(): The mysql extension is deprecated and will be removed in the future: use mysqli or PDO instead /Users/liupengfei/Downloads/AppShopService-master/ThinkPHP/Library/Think/Db/Driver/Mysql.class.php 第 52 行.
SQL: SHOW COLUMNS FROM `banner` [ RunTime:0.000544s ]
SQL: SELECT * FROM `banner`  [ RunTime:0.000327s ]
SQL: SHOW COLUMNS FROM `product` [ RunTime:0.000406s ]
SQL: SELECT * FROM `product` ORDER BY type asc  [ RunTime:0.000450s ]
SQL: SHOW COLUMNS FROM `user` [ RunTime:0.000450s ]
SQL: SELECT * FROM `user`  [ RunTime:0.000269s ]
SQL: SHOW COLUMNS FROM `buy` [ RunTime:0.000403s ]
SQL: SELECT * FROM `buy` INNER JOIN  user on buy.uid = user.id INNER JOIN product on buy.pid = product.id   [ RunTime:0.000464s ]
SQL: SHOW COLUMNS FROM `buy` [ RunTime:0.000362s ]
SQL: SELECT `id` FROM `buy`  [ RunTime:0.000199s ]
SQL: SHOW COLUMNS FROM `updateapp` [ RunTime:0.000334s ]
SQL: SELECT * FROM `updateapp` ORDER BY updatetime desc  [ RunTime:0.000219s ]
INFO: [ view_parse ] --START--
INFO: [ template_filter ] --START--
INFO: Run Behavior\ContentReplaceBehavior [ RunTime:0.000087s ]
INFO: [ template_filter ] --END-- [ RunTime:0.000186s ]
NOTIC: [8] Undefined variable: show /Users/liupengfei/Downloads/AppShopService-master/Application/Runtime/Cache/Admin/b595b808c2ebeeeb0478ffc30bb4e87a.php 第 154 行.
INFO: Run Behavior\ParseTemplateBehavior [ RunTime:0.035865s ]
INFO: [ view_parse ] --END-- [ RunTime:0.035927s ]
INFO: [ view_filter ] --START--
INFO: Run Behavior\WriteHtmlCacheBehavior [ RunTime:0.000138s ]
INFO: [ view_filter ] --END-- [ RunTime:0.000185s ]
INFO: [ app_end ] --START--
INFO: Run Behavior\ShowPageTraceBehavior [ RunTime:0.000698s ]
INFO: [ app_end ] --END-- [ RunTime:0.000855s ]

[ 2017-05-08T11:03:29+08:00 ] ::1 /index.php/Admin/Index/index/tab/4.html
INFO: [ app_init ] --START--
INFO: Run Behavior\BuildLiteBehavior [ RunTime:0.000014s ]
INFO: [ app_init ] --END-- [ RunTime:0.000328s ]
INFO: [ app_begin ] --START--
INFO: Run Behavior\ReadHtmlCacheBehavior [ RunTime:0.000430s ]
INFO: [ app_begin ] --END-- [ RunTime:0.000494s ]
NOTIC: [8192] mysql_connect(): The mysql extension is deprecated and will be removed in the future: use mysqli or PDO instead /Users/liupengfei/Downloads/AppShopService-master/ThinkPHP/Library/Think/Db/Driver/Mysql.class.php 第 52 行.
SQL: SHOW COLUMNS FROM `banner` [ RunTime:0.000503s ]
SQL: SELECT * FROM `banner`  [ RunTime:0.001455s ]
SQL: SHOW COLUMNS FROM `product` [ RunTime:0.000465s ]
SQL: SELECT * FROM `product` ORDER BY type asc  [ RunTime:0.000390s ]
SQL: SHOW COLUMNS FROM `user` [ RunTime:0.000329s ]
SQL: SELECT * FROM `user`  [ RunTime:0.000210s ]
SQL: SHOW COLUMNS FROM `buy` [ RunTime:0.000324s ]
SQL: SELECT * FROM `buy` INNER JOIN  user on buy.uid = user.id INNER JOIN product on buy.pid = product.id   [ RunTime:0.000393s ]
SQL: SHOW COLUMNS FROM `buy` [ RunTime:0.000352s ]
SQL: SELECT `id` FROM `buy`  [ RunTime:0.000179s ]
SQL: SHOW COLUMNS FROM `updateapp` [ RunTime:0.000344s ]
SQL: SELECT * FROM `updateapp` ORDER BY updatetime desc  [ RunTime:0.000242s ]
INFO: [ view_parse ] --START--
INFO: [ template_filter ] --START--
INFO: Run Behavior\ContentReplaceBehavior [ RunTime:0.000067s ]
INFO: [ template_filter ] --END-- [ RunTime:0.000144s ]
NOTIC: [8] Undefined variable: show /Users/liupengfei/Downloads/AppShopService-master/Application/Runtime/Cache/Admin/b595b808c2ebeeeb0478ffc30bb4e87a.php 第 154 行.
INFO: Run Behavior\ParseTemplateBehavior [ RunTime:0.032740s ]
INFO: [ view_parse ] --END-- [ RunTime:0.032837s ]
INFO: [ view_filter ] --START--
INFO: Run Behavior\WriteHtmlCacheBehavior [ RunTime:0.000196s ]
INFO: [ view_filter ] --END-- [ RunTime:0.000282s ]
INFO: [ app_end ] --START--
INFO: Run Behavior\ShowPageTraceBehavior [ RunTime:0.000648s ]
INFO: [ app_end ] --END-- [ RunTime:0.000720s ]

[ 2017-05-08T11:03:51+08:00 ] ::1 /index.php/Admin/Index/index/tab/3.html
INFO: [ app_init ] --START--
INFO: Run Behavior\BuildLiteBehavior [ RunTime:0.000026s ]
INFO: [ app_init ] --END-- [ RunTime:0.000349s ]
INFO: [ app_begin ] --START--
INFO: Run Behavior\ReadHtmlCacheBehavior [ RunTime:0.000453s ]
INFO: [ app_begin ] --END-- [ RunTime:0.000511s ]
NOTIC: [8192] mysql_connect(): The mysql extension is deprecated and will be removed in the future: use mysqli or PDO instead /Users/liupengfei/Downloads/AppShopService-master/ThinkPHP/Library/Think/Db/Driver/Mysql.class.php 第 52 行.
SQL: SHOW COLUMNS FROM `banner` [ RunTime:0.000523s ]
SQL: SELECT * FROM `banner`  [ RunTime:0.000255s ]
SQL: SHOW COLUMNS FROM `product` [ RunTime:0.000463s ]
SQL: SELECT * FROM `product` ORDER BY type asc  [ RunTime:0.000374s ]
SQL: SHOW COLUMNS FROM `user` [ RunTime:0.000345s ]
SQL: SELECT * FROM `user`  [ RunTime:0.000204s ]
SQL: SHOW COLUMNS FROM `buy` [ RunTime:0.000318s ]
SQL: SELECT * FROM `buy` INNER JOIN  user on buy.uid = user.id INNER JOIN product on buy.pid = product.id   [ RunTime:0.000404s ]
SQL: SHOW COLUMNS FROM `buy` [ RunTime:0.000305s ]
SQL: SELECT `id` FROM `buy`  [ RunTime:0.000177s ]
SQL: SHOW COLUMNS FROM `updateapp` [ RunTime:0.000317s ]
SQL: SELECT * FROM `updateapp` ORDER BY updatetime desc  [ RunTime:0.000179s ]
INFO: [ view_parse ] --START--
INFO: [ template_filter ] --START--
INFO: Run Behavior\ContentReplaceBehavior [ RunTime:0.000066s ]
INFO: [ template_filter ] --END-- [ RunTime:0.000138s ]
NOTIC: [8] Undefined variable: show /Users/liupengfei/Downloads/AppShopService-master/Application/Runtime/Cache/Admin/b595b808c2ebeeeb0478ffc30bb4e87a.php 第 154 行.
INFO: Run Behavior\ParseTemplateBehavior [ RunTime:0.033564s ]
INFO: [ view_parse ] --END-- [ RunTime:0.033634s ]
INFO: [ view_filter ] --START--
INFO: Run Behavior\WriteHtmlCacheBehavior [ RunTime:0.000160s ]
INFO: [ view_filter ] --END-- [ RunTime:0.000206s ]
INFO: [ app_end ] --START--
INFO: Run Behavior\ShowPageTraceBehavior [ RunTime:0.000528s ]
INFO: [ app_end ] --END-- [ RunTime:0.000585s ]

[ 2017-05-08T11:03:55+08:00 ] ::1 /index.php/Admin/Index/index/tab/6.html
INFO: [ app_init ] --START--
INFO: Run Behavior\BuildLiteBehavior [ RunTime:0.000014s ]
INFO: [ app_init ] --END-- [ RunTime:0.000295s ]
INFO: [ app_begin ] --START--
INFO: Run Behavior\ReadHtmlCacheBehavior [ RunTime:0.000395s ]
INFO: [ app_begin ] --END-- [ RunTime:0.000445s ]
NOTIC: [8192] mysql_connect(): The mysql extension is deprecated and will be removed in the future: use mysqli or PDO instead /Users/liupengfei/Downloads/AppShopService-master/ThinkPHP/Library/Think/Db/Driver/Mysql.class.php 第 52 行.
SQL: SHOW COLUMNS FROM `banner` [ RunTime:0.001160s ]
SQL: SELECT * FROM `banner`  [ RunTime:0.000271s ]
SQL: SHOW COLUMNS FROM `product` [ RunTime:0.000400s ]
SQL: SELECT * FROM `product` ORDER BY type asc  [ RunTime:0.000399s ]
SQL: SHOW COLUMNS FROM `user` [ RunTime:0.000340s ]
SQL: SELECT * FROM `user`  [ RunTime:0.000211s ]
SQL: SHOW COLUMNS FROM `buy` [ RunTime:0.000318s ]
SQL: SELECT * FROM `buy` INNER JOIN  user on buy.uid = user.id INNER JOIN product on buy.pid = product.id   [ RunTime:0.000405s ]
SQL: SHOW COLUMNS FROM `buy` [ RunTime:0.000355s ]
SQL: SELECT `id` FROM `buy`  [ RunTime:0.000215s ]
SQL: SHOW COLUMNS FROM `updateapp` [ RunTime:0.000293s ]
SQL: SELECT * FROM `updateapp` ORDER BY updatetime desc  [ RunTime:0.000226s ]
INFO: [ view_parse ] --START--
INFO: [ template_filter ] --START--
INFO: Run Behavior\ContentReplaceBehavior [ RunTime:0.000068s ]
INFO: [ template_filter ] --END-- [ RunTime:0.000141s ]
NOTIC: [8] Undefined variable: show /Users/liupengfei/Downloads/AppShopService-master/Application/Runtime/Cache/Admin/b595b808c2ebeeeb0478ffc30bb4e87a.php 第 154 行.
INFO: Run Behavior\ParseTemplateBehavior [ RunTime:0.037193s ]
INFO: [ view_parse ] --END-- [ RunTime:0.037260s ]
INFO: [ view_filter ] --START--
INFO: Run Behavior\WriteHtmlCacheBehavior [ RunTime:0.000204s ]
INFO: [ view_filter ] --END-- [ RunTime:0.000269s ]
INFO: [ app_end ] --START--
INFO: Run Behavior\ShowPageTraceBehavior [ RunTime:0.000599s ]
INFO: [ app_end ] --END-- [ RunTime:0.000664s ]

[ 2017-05-08T11:03:57+08:00 ] ::1 /index.php/Admin/Index/index/tab/5.html
INFO: [ app_init ] --START--
INFO: Run Behavior\BuildLiteBehavior [ RunTime:0.000018s ]
INFO: [ app_init ] --END-- [ RunTime:0.000436s ]
INFO: [ app_begin ] --START--
INFO: Run Behavior\ReadHtmlCacheBehavior [ RunTime:0.000567s ]
INFO: [ app_begin ] --END-- [ RunTime:0.000643s ]
NOTIC: [8192] mysql_connect(): The mysql extension is deprecated and will be removed in the future: use mysqli or PDO instead /Users/liupengfei/Downloads/AppShopService-master/ThinkPHP/Library/Think/Db/Driver/Mysql.class.php 第 52 行.
SQL: SHOW COLUMNS FROM `banner` [ RunTime:0.000416s ]
SQL: SELECT * FROM `banner`  [ RunTime:0.000272s ]
SQL: SHOW COLUMNS FROM `product` [ RunTime:0.000368s ]
SQL: SELECT * FROM `product` ORDER BY type asc  [ RunTime:0.000370s ]
SQL: SHOW COLUMNS FROM `user` [ RunTime:0.000372s ]
SQL: SELECT * FROM `user`  [ RunTime:0.000251s ]
SQL: SHOW COLUMNS FROM `buy` [ RunTime:0.000400s ]
SQL: SELECT * FROM `buy` INNER JOIN  user on buy.uid = user.id INNER JOIN product on buy.pid = product.id   [ RunTime:0.000586s ]
SQL: SHOW COLUMNS FROM `buy` [ RunTime:0.000367s ]
SQL: SELECT `id` FROM `buy`  [ RunTime:0.000168s ]
SQL: SHOW COLUMNS FROM `updateapp` [ RunTime:0.000314s ]
SQL: SELECT * FROM `updateapp` ORDER BY updatetime desc  [ RunTime:0.000199s ]
INFO: [ view_parse ] --START--
INFO: [ template_filter ] --START--
INFO: Run Behavior\ContentReplaceBehavior [ RunTime:0.000063s ]
INFO: [ template_filter ] --END-- [ RunTime:0.000143s ]
NOTIC: [8] Undefined variable: show /Users/liupengfei/Downloads/AppShopService-master/Application/Runtime/Cache/Admin/b595b808c2ebeeeb0478ffc30bb4e87a.php 第 154 行.
INFO: Run Behavior\ParseTemplateBehavior [ RunTime:0.032995s ]
INFO: [ view_parse ] --END-- [ RunTime:0.033053s ]
INFO: [ view_filter ] --START--
INFO: Run Behavior\WriteHtmlCacheBehavior [ RunTime:0.000148s ]
INFO: [ view_filter ] --END-- [ RunTime:0.000194s ]
INFO: [ app_end ] --START--
INFO: Run Behavior\ShowPageTraceBehavior [ RunTime:0.000632s ]
INFO: [ app_end ] --END-- [ RunTime:0.000697s ]

[ 2017-05-08T11:04:55+08:00 ] ::1 /index.php/Admin/Index/index/tab/5.html
INFO: [ app_init ] --START--
INFO: Run Behavior\BuildLiteBehavior [ RunTime:0.000014s ]
INFO: [ app_init ] --END-- [ RunTime:0.000309s ]
INFO: [ app_begin ] --START--
INFO: Run Behavior\ReadHtmlCacheBehavior [ RunTime:0.000410s ]
INFO: [ app_begin ] --END-- [ RunTime:0.000464s ]
NOTIC: [8192] mysql_connect(): The mysql extension is deprecated and will be removed in the future: use mysqli or PDO instead /Users/liupengfei/Downloads/AppShopService-master/ThinkPHP/Library/Think/Db/Driver/Mysql.class.php 第 52 行.
SQL: SHOW COLUMNS FROM `banner` [ RunTime:0.000429s ]
SQL: SELECT * FROM `banner`  [ RunTime:0.000242s ]
SQL: SHOW COLUMNS FROM `product` [ RunTime:0.000319s ]
SQL: SELECT * FROM `product` ORDER BY type asc  [ RunTime:0.000367s ]
SQL: SHOW COLUMNS FROM `user` [ RunTime:0.000366s ]
SQL: SELECT * FROM `user`  [ RunTime:0.000234s ]
SQL: SHOW COLUMNS FROM `buy` [ RunTime:0.000325s ]
SQL: SELECT * FROM `buy` INNER JOIN  user on buy.uid = user.id INNER JOIN product on buy.pid = product.id   [ RunTime:0.000412s ]
SQL: SHOW COLUMNS FROM `buy` [ RunTime:0.000307s ]
SQL: SELECT `id` FROM `buy`  [ RunTime:0.000163s ]
SQL: SHOW COLUMNS FROM `updateapp` [ RunTime:0.000301s ]
SQL: SELECT * FROM `updateapp` ORDER BY updatetime desc  [ RunTime:0.000216s ]
INFO: [ view_parse ] --START--
INFO: [ template_filter ] --START--
INFO: Run Behavior\ContentReplaceBehavior [ RunTime:0.000067s ]
INFO: [ template_filter ] --END-- [ RunTime:0.000146s ]
NOTIC: [8] Undefined variable: show /Users/liupengfei/Downloads/AppShopService-master/Application/Runtime/Cache/Admin/b595b808c2ebeeeb0478ffc30bb4e87a.php 第 154 行.
INFO: Run Behavior\ParseTemplateBehavior [ RunTime:0.031631s ]
INFO: [ view_parse ] --END-- [ RunTime:0.031692s ]
INFO: [ view_filter ] --START--
INFO: Run Behavior\WriteHtmlCacheBehavior [ RunTime:0.000130s ]
INFO: [ view_filter ] --END-- [ RunTime:0.000176s ]
INFO: [ app_end ] --START--
INFO: Run Behavior\ShowPageTraceBehavior [ RunTime:0.000599s ]
INFO: [ app_end ] --END-- [ RunTime:0.000660s ]

[ 2017-05-08T11:09:03+08:00 ] ::1 /index.php/Admin/Index/index/tab/4.html
INFO: [ app_init ] --START--
INFO: Run Behavior\BuildLiteBehavior [ RunTime:0.000014s ]
INFO: [ app_init ] --END-- [ RunTime:0.000313s ]
INFO: [ app_begin ] --START--
INFO: Run Behavior\ReadHtmlCacheBehavior [ RunTime:0.000397s ]
INFO: [ app_begin ] --END-- [ RunTime:0.000449s ]
NOTIC: [8192] mysql_connect(): The mysql extension is deprecated and will be removed in the future: use mysqli or PDO instead /Users/liupengfei/Downloads/AppShopService-master/ThinkPHP/Library/Think/Db/Driver/Mysql.class.php 第 52 行.
SQL: SHOW COLUMNS FROM `banner` [ RunTime:0.000385s ]
SQL: SELECT * FROM `banner`  [ RunTime:0.000246s ]
SQL: SHOW COLUMNS FROM `product` [ RunTime:0.000354s ]
SQL: SELECT * FROM `product` ORDER BY type asc  [ RunTime:0.001621s ]
SQL: SHOW COLUMNS FROM `user` [ RunTime:0.000370s ]
SQL: SELECT * FROM `user`  [ RunTime:0.000231s ]
SQL: SHOW COLUMNS FROM `buy` [ RunTime:0.000410s ]
SQL: SELECT * FROM `buy` INNER JOIN  user on buy.uid = user.id INNER JOIN product on buy.pid = product.id   [ RunTime:0.001675s ]
SQL: SHOW COLUMNS FROM `buy` [ RunTime:0.000411s ]
SQL: SELECT `id` FROM `buy`  [ RunTime:0.000184s ]
SQL: SHOW COLUMNS FROM `updateapp` [ RunTime:0.000314s ]
SQL: SELECT * FROM `updateapp` ORDER BY updatetime desc  [ RunTime:0.000223s ]
INFO: [ view_parse ] --START--
INFO: [ template_filter ] --START--
INFO: Run Behavior\ContentReplaceBehavior [ RunTime:0.000089s ]
INFO: [ template_filter ] --END-- [ RunTime:0.000189s ]
NOTIC: [8] Undefined variable: show /Users/liupengfei/Downloads/AppShopService-master/Application/Runtime/Cache/Admin/b595b808c2ebeeeb0478ffc30bb4e87a.php 第 154 行.
INFO: Run Behavior\ParseTemplateBehavior [ RunTime:0.036679s ]
INFO: [ view_parse ] --END-- [ RunTime:0.036738s ]
INFO: [ view_filter ] --START--
INFO: Run Behavior\WriteHtmlCacheBehavior [ RunTime:0.000148s ]
INFO: [ view_filter ] --END-- [ RunTime:0.000191s ]
INFO: [ app_end ] --START--
INFO: Run Behavior\ShowPageTraceBehavior [ RunTime:0.000643s ]
INFO: [ app_end ] --END-- [ RunTime:0.000751s ]

[ 2017-05-08T11:09:03+08:00 ] ::1 /index.php/Admin/Index/index/tab/3.html
INFO: [ app_init ] --START--
INFO: Run Behavior\BuildLiteBehavior [ RunTime:0.000015s ]
INFO: [ app_init ] --END-- [ RunTime:0.000332s ]
INFO: [ app_begin ] --START--
INFO: Run Behavior\ReadHtmlCacheBehavior [ RunTime:0.000413s ]
INFO: [ app_begin ] --END-- [ RunTime:0.000465s ]
NOTIC: [8192] mysql_connect(): The mysql extension is deprecated and will be removed in the future: use mysqli or PDO instead /Users/liupengfei/Downloads/AppShopService-master/ThinkPHP/Library/Think/Db/Driver/Mysql.class.php 第 52 行.
SQL: SHOW COLUMNS FROM `banner` [ RunTime:0.000454s ]
SQL: SELECT * FROM `banner`  [ RunTime:0.000244s ]
SQL: SHOW COLUMNS FROM `product` [ RunTime:0.000350s ]
SQL: SELECT * FROM `product` ORDER BY type asc  [ RunTime:0.000365s ]
SQL: SHOW COLUMNS FROM `user` [ RunTime:0.000365s ]
SQL: SELECT * FROM `user`  [ RunTime:0.000242s ]
SQL: SHOW COLUMNS FROM `buy` [ RunTime:0.001215s ]
SQL: SELECT * FROM `buy` INNER JOIN  user on buy.uid = user.id INNER JOIN product on buy.pid = product.id   [ RunTime:0.000406s ]
SQL: SHOW COLUMNS FROM `buy` [ RunTime:0.000352s ]
SQL: SELECT `id` FROM `buy`  [ RunTime:0.000145s ]
SQL: SHOW COLUMNS FROM `updateapp` [ RunTime:0.000303s ]
SQL: SELECT * FROM `updateapp` ORDER BY updatetime desc  [ RunTime:0.000231s ]
INFO: [ view_parse ] --START--
INFO: [ template_filter ] --START--
INFO: Run Behavior\ContentReplaceBehavior [ RunTime:0.000066s ]
INFO: [ template_filter ] --END-- [ RunTime:0.000157s ]
NOTIC: [8] Undefined variable: show /Users/liupengfei/Downloads/AppShopService-master/Application/Runtime/Cache/Admin/b595b808c2ebeeeb0478ffc30bb4e87a.php 第 154 行.
INFO: Run Behavior\ParseTemplateBehavior [ RunTime:0.033101s ]
INFO: [ view_parse ] --END-- [ RunTime:0.033162s ]
INFO: [ view_filter ] --START--
INFO: Run Behavior\WriteHtmlCacheBehavior [ RunTime:0.000142s ]
INFO: [ view_filter ] --END-- [ RunTime:0.000189s ]
INFO: [ app_end ] --START--
INFO: Run Behavior\ShowPageTraceBehavior [ RunTime:0.000516s ]
INFO: [ app_end ] --END-- [ RunTime:0.000568s ]

[ 2017-05-08T11:09:04+08:00 ] ::1 /index.php/Admin/Index/index/tab/2.html
INFO: [ app_init ] --START--
INFO: Run Behavior\BuildLiteBehavior [ RunTime:0.000013s ]
INFO: [ app_init ] --END-- [ RunTime:0.000298s ]
INFO: [ app_begin ] --START--
INFO: Run Behavior\ReadHtmlCacheBehavior [ RunTime:0.000386s ]
INFO: [ app_begin ] --END-- [ RunTime:0.000437s ]
NOTIC: [8192] mysql_connect(): The mysql extension is deprecated and will be removed in the future: use mysqli or PDO instead /Users/liupengfei/Downloads/AppShopService-master/ThinkPHP/Library/Think/Db/Driver/Mysql.class.php 第 52 行.
SQL: SHOW COLUMNS FROM `banner` [ RunTime:0.000455s ]
SQL: SELECT * FROM `banner`  [ RunTime:0.000240s ]
SQL: SHOW COLUMNS FROM `product` [ RunTime:0.000371s ]
SQL: SELECT * FROM `product` ORDER BY type asc  [ RunTime:0.000403s ]
SQL: SHOW COLUMNS FROM `user` [ RunTime:0.000349s ]
SQL: SELECT * FROM `user`  [ RunTime:0.000190s ]
SQL: SHOW COLUMNS FROM `buy` [ RunTime:0.000286s ]
SQL: SELECT * FROM `buy` INNER JOIN  user on buy.uid = user.id INNER JOIN product on buy.pid = product.id   [ RunTime:0.000396s ]
SQL: SHOW COLUMNS FROM `buy` [ RunTime:0.000322s ]
SQL: SELECT `id` FROM `buy`  [ RunTime:0.000173s ]
SQL: SHOW COLUMNS FROM `updateapp` [ RunTime:0.000319s ]
SQL: SELECT * FROM `updateapp` ORDER BY updatetime desc  [ RunTime:0.000237s ]
INFO: [ view_parse ] --START--
INFO: [ template_filter ] --START--
INFO: Run Behavior\ContentReplaceBehavior [ RunTime:0.000066s ]
INFO: [ template_filter ] --END-- [ RunTime:0.000145s ]
NOTIC: [8] Undefined variable: show /Users/liupengfei/Downloads/AppShopService-master/Application/Runtime/Cache/Admin/b595b808c2ebeeeb0478ffc30bb4e87a.php 第 154 行.
INFO: Run Behavior\ParseTemplateBehavior [ RunTime:0.036111s ]
INFO: [ view_parse ] --END-- [ RunTime:0.036190s ]
INFO: [ view_filter ] --START--
INFO: Run Behavior\WriteHtmlCacheBehavior [ RunTime:0.000176s ]
INFO: [ view_filter ] --END-- [ RunTime:0.000230s ]
INFO: [ app_end ] --START--
INFO: Run Behavior\ShowPageTraceBehavior [ RunTime:0.000531s ]
INFO: [ app_end ] --END-- [ RunTime:0.000587s ]

[ 2017-05-08T11:09:05+08:00 ] ::1 /index.php/Admin/Index/index/tab/1.html
INFO: [ app_init ] --START--
INFO: Run Behavior\BuildLiteBehavior [ RunTime:0.000013s ]
INFO: [ app_init ] --END-- [ RunTime:0.000293s ]
INFO: [ app_begin ] --START--
INFO: Run Behavior\ReadHtmlCacheBehavior [ RunTime:0.000384s ]
INFO: [ app_begin ] --END-- [ RunTime:0.000434s ]
NOTIC: [8192] mysql_connect(): The mysql extension is deprecated and will be removed in the future: use mysqli or PDO instead /Users/liupengfei/Downloads/AppShopService-master/ThinkPHP/Library/Think/Db/Driver/Mysql.class.php 第 52 行.
SQL: SHOW COLUMNS FROM `banner` [ RunTime:0.000431s ]
SQL: SELECT * FROM `banner`  [ RunTime:0.000196s ]
SQL: SHOW COLUMNS FROM `product` [ RunTime:0.000297s ]
SQL: SELECT * FROM `product` ORDER BY type asc  [ RunTime:0.000418s ]
SQL: SHOW COLUMNS FROM `user` [ RunTime:0.000383s ]
SQL: SELECT * FROM `user`  [ RunTime:0.000218s ]
SQL: SHOW COLUMNS FROM `buy` [ RunTime:0.000290s ]
SQL: SELECT * FROM `buy` INNER JOIN  user on buy.uid = user.id INNER JOIN product on buy.pid = product.id   [ RunTime:0.000376s ]
SQL: SHOW COLUMNS FROM `buy` [ RunTime:0.000385s ]
SQL: SELECT `id` FROM `buy`  [ RunTime:0.000271s ]
SQL: SHOW COLUMNS FROM `updateapp` [ RunTime:0.000453s ]
SQL: SELECT * FROM `updateapp` ORDER BY updatetime desc  [ RunTime:0.000230s ]
INFO: [ view_parse ] --START--
INFO: [ template_filter ] --START--
INFO: Run Behavior\ContentReplaceBehavior [ RunTime:0.000068s ]
INFO: [ template_filter ] --END-- [ RunTime:0.000147s ]
NOTIC: [8] Undefined variable: show /Users/liupengfei/Downloads/AppShopService-master/Application/Runtime/Cache/Admin/b595b808c2ebeeeb0478ffc30bb4e87a.php 第 154 行.
INFO: Run Behavior\ParseTemplateBehavior [ RunTime:0.032781s ]
INFO: [ view_parse ] --END-- [ RunTime:0.032845s ]
INFO: [ view_filter ] --START--
INFO: Run Behavior\WriteHtmlCacheBehavior [ RunTime:0.000142s ]
INFO: [ view_filter ] --END-- [ RunTime:0.000187s ]
INFO: [ app_end ] --START--
INFO: Run Behavior\ShowPageTraceBehavior [ RunTime:0.000551s ]
INFO: [ app_end ] --END-- [ RunTime:0.000619s ]

[ 2017-05-08T11:09:10+08:00 ] ::1 /index.php/Admin/Index/index/tab/2.html
INFO: [ app_init ] --START--
INFO: Run Behavior\BuildLiteBehavior [ RunTime:0.000013s ]
INFO: [ app_init ] --END-- [ RunTime:0.000318s ]
INFO: [ app_begin ] --START--
INFO: Run Behavior\ReadHtmlCacheBehavior [ RunTime:0.000408s ]
INFO: [ app_begin ] --END-- [ RunTime:0.000460s ]
NOTIC: [8192] mysql_connect(): The mysql extension is deprecated and will be removed in the future: use mysqli or PDO instead /Users/liupengfei/Downloads/AppShopService-master/ThinkPHP/Library/Think/Db/Driver/Mysql.class.php 第 52 行.
SQL: SHOW COLUMNS FROM `banner` [ RunTime:0.000455s ]
SQL: SELECT * FROM `banner`  [ RunTime:0.000226s ]
SQL: SHOW COLUMNS FROM `product` [ RunTime:0.000364s ]
SQL: SELECT * FROM `product` ORDER BY type asc  [ RunTime:0.001041s ]
SQL: SHOW COLUMNS FROM `user` [ RunTime:0.000358s ]
SQL: SELECT * FROM `user`  [ RunTime:0.000218s ]
SQL: SHOW COLUMNS FROM `buy` [ RunTime:0.000342s ]
SQL: SELECT * FROM `buy` INNER JOIN  user on buy.uid = user.id INNER JOIN product on buy.pid = product.id   [ RunTime:0.000400s ]
SQL: SHOW COLUMNS FROM `buy` [ RunTime:0.000304s ]
SQL: SELECT `id` FROM `buy`  [ RunTime:0.000175s ]
SQL: SHOW COLUMNS FROM `updateapp` [ RunTime:0.000332s ]
SQL: SELECT * FROM `updateapp` ORDER BY updatetime desc  [ RunTime:0.000181s ]
INFO: [ view_parse ] --START--
INFO: [ template_filter ] --START--
INFO: Run Behavior\ContentReplaceBehavior [ RunTime:0.000080s ]
INFO: [ template_filter ] --END-- [ RunTime:0.000151s ]
NOTIC: [8] Undefined variable: show /Users/liupengfei/Downloads/AppShopService-master/Application/Runtime/Cache/Admin/b595b808c2ebeeeb0478ffc30bb4e87a.php 第 154 行.
INFO: Run Behavior\ParseTemplateBehavior [ RunTime:0.032444s ]
INFO: [ view_parse ] --END-- [ RunTime:0.032503s ]
INFO: [ view_filter ] --START--
INFO: Run Behavior\WriteHtmlCacheBehavior [ RunTime:0.000135s ]
INFO: [ view_filter ] --END-- [ RunTime:0.000180s ]
INFO: [ app_end ] --START--
INFO: Run Behavior\ShowPageTraceBehavior [ RunTime:0.000552s ]
INFO: [ app_end ] --END-- [ RunTime:0.000625s ]

[ 2017-05-08T11:09:12+08:00 ] ::1 /index.php/Admin/Index/index/tab/3.html
INFO: [ app_init ] --START--
INFO: Run Behavior\BuildLiteBehavior [ RunTime:0.000021s ]
INFO: [ app_init ] --END-- [ RunTime:0.000399s ]
INFO: [ app_begin ] --START--
INFO: Run Behavior\ReadHtmlCacheBehavior [ RunTime:0.000477s ]
INFO: [ app_begin ] --END-- [ RunTime:0.000538s ]
NOTIC: [8192] mysql_connect(): The mysql extension is deprecated and will be removed in the future: use mysqli or PDO instead /Users/liupengfei/Downloads/AppShopService-master/ThinkPHP/Library/Think/Db/Driver/Mysql.class.php 第 52 行.
SQL: SHOW COLUMNS FROM `banner` [ RunTime:0.000429s ]
SQL: SELECT * FROM `banner`  [ RunTime:0.000244s ]
SQL: SHOW COLUMNS FROM `product` [ RunTime:0.000356s ]
SQL: SELECT * FROM `product` ORDER BY type asc  [ RunTime:0.000363s ]
SQL: SHOW COLUMNS FROM `user` [ RunTime:0.000345s ]
SQL: SELECT * FROM `user`  [ RunTime:0.000216s ]
SQL: SHOW COLUMNS FROM `buy` [ RunTime:0.000343s ]
SQL: SELECT * FROM `buy` INNER JOIN  user on buy.uid = user.id INNER JOIN product on buy.pid = product.id   [ RunTime:0.000373s ]
SQL: SHOW COLUMNS FROM `buy` [ RunTime:0.000368s ]
SQL: SELECT `id` FROM `buy`  [ RunTime:0.000174s ]
SQL: SHOW COLUMNS FROM `updateapp` [ RunTime:0.000304s ]
SQL: SELECT * FROM `updateapp` ORDER BY updatetime desc  [ RunTime:0.000218s ]
INFO: [ view_parse ] --START--
INFO: [ template_filter ] --START--
INFO: Run Behavior\ContentReplaceBehavior [ RunTime:0.000067s ]
INFO: [ template_filter ] --END-- [ RunTime:0.000149s ]
NOTIC: [8] Undefined variable: show /Users/liupengfei/Downloads/AppShopService-master/Application/Runtime/Cache/Admin/b595b808c2ebeeeb0478ffc30bb4e87a.php 第 154 行.
INFO: Run Behavior\ParseTemplateBehavior [ RunTime:0.032467s ]
INFO: [ view_parse ] --END-- [ RunTime:0.032531s ]
INFO: [ view_filter ] --START--
INFO: Run Behavior\WriteHtmlCacheBehavior [ RunTime:0.000159s ]
INFO: [ view_filter ] --END-- [ RunTime:0.000203s ]
INFO: [ app_end ] --START--
INFO: Run Behavior\ShowPageTraceBehavior [ RunTime:0.000616s ]
INFO: [ app_end ] --END-- [ RunTime:0.000675s ]

