[ 2017-04-26T15:32:47+08:00 ] ::1 /index.php/Admin
INFO: [ app_init ] --START--
INFO: Run Behavior\BuildLiteBehavior [ RunTime:0.000021s ]
INFO: [ app_init ] --END-- [ RunTime:0.000497s ]
INFO: [ app_begin ] --START--
INFO: Run Behavior\ReadHtmlCacheBehavior [ RunTime:0.000482s ]
INFO: [ app_begin ] --END-- [ RunTime:0.000574s ]
NOTIC: [8] Undefined index: username /Users/liupengfei/Downloads/AppShopService-master/Application/Admin/Controller/CommonController.class.php 第 8 行.
NOTIC: [8] Undefined index: remember /Users/liupengfei/Downloads/AppShopService-master/Application/Admin/Controller/CommonController.class.php 第 9 行.

[ 2017-04-26T15:32:47+08:00 ] ::1 /index.php/Admin/Login/index.html
INFO: [ app_init ] --START--
INFO: Run Behavior\BuildLiteBehavior [ RunTime:0.000020s ]
INFO: [ app_init ] --END-- [ RunTime:0.000428s ]
INFO: [ app_begin ] --START--
INFO: Run Behavior\ReadHtmlCacheBehavior [ RunTime:0.000503s ]
INFO: [ app_begin ] --END-- [ RunTime:0.000571s ]
INFO: [ view_parse ] --START--
INFO: [ template_filter ] --START--
INFO: Run Behavior\ContentReplaceBehavior [ RunTime:0.000091s ]
INFO: [ template_filter ] --END-- [ RunTime:0.000175s ]
INFO: Run Behavior\ParseTemplateBehavior [ RunTime:0.009213s ]
INFO: [ view_parse ] --END-- [ RunTime:0.009279s ]
INFO: [ view_filter ] --START--
INFO: Run Behavior\WriteHtmlCacheBehavior [ RunTime:0.000517s ]
INFO: [ view_filter ] --END-- [ RunTime:0.000597s ]
INFO: [ app_end ] --START--
INFO: Run Behavior\ShowPageTraceBehavior [ RunTime:0.000626s ]
INFO: [ app_end ] --END-- [ RunTime:0.000692s ]

[ 2017-04-26T15:32:54+08:00 ] ::1 /index.php/Admin/Login/dealData.html
INFO: [ app_init ] --START--
INFO: Run Behavior\BuildLiteBehavior [ RunTime:0.000016s ]
INFO: [ app_init ] --END-- [ RunTime:0.000520s ]
INFO: [ app_begin ] --START--
INFO: Run Behavior\ReadHtmlCacheBehavior [ RunTime:0.000417s ]
INFO: [ app_begin ] --END-- [ RunTime:0.000474s ]
NOTIC: [8192] mysql_connect(): The mysql extension is deprecated and will be removed in the future: use mysqli or PDO instead /Users/liupengfei/Downloads/AppShopService-master/ThinkPHP/Library/Think/Db/Driver/Mysql.class.php 第 52 行.
SQL: SHOW COLUMNS FROM `admin` [ RunTime:0.000656s ]
SQL: SELECT * FROM `admin` WHERE `username` = 'admin' LIMIT 1   [ RunTime:0.000273s ]
SQL: SHOW COLUMNS FROM `admin` [ RunTime:0.000429s ]
SQL: UPDATE `admin` SET `logintime`=1493191974 WHERE ( id=1 ) [ RunTime:0.000673s ]

[ 2017-04-26T15:32:54+08:00 ] ::1 /index.php/Admin/Index/index.html
INFO: [ app_init ] --START--
INFO: Run Behavior\BuildLiteBehavior [ RunTime:0.000017s ]
INFO: [ app_init ] --END-- [ RunTime:0.000389s ]
INFO: [ app_begin ] --START--
INFO: Run Behavior\ReadHtmlCacheBehavior [ RunTime:0.000577s ]
INFO: [ app_begin ] --END-- [ RunTime:0.000662s ]
NOTIC: [8192] mysql_connect(): The mysql extension is deprecated and will be removed in the future: use mysqli or PDO instead /Users/liupengfei/Downloads/AppShopService-master/ThinkPHP/Library/Think/Db/Driver/Mysql.class.php 第 52 行.
SQL: SHOW COLUMNS FROM `banner` [ RunTime:0.000465s ]
SQL: SELECT * FROM `banner`  [ RunTime:0.000245s ]
SQL: SHOW COLUMNS FROM `product` [ RunTime:0.000434s ]
SQL: SELECT * FROM `product` ORDER BY type asc  [ RunTime:0.000415s ]
SQL: SHOW COLUMNS FROM `user` [ RunTime:0.000355s ]
SQL: SELECT * FROM `user`  [ RunTime:0.000223s ]
SQL: SHOW COLUMNS FROM `buy` [ RunTime:0.000384s ]
SQL: SELECT * FROM `buy` INNER JOIN  user on buy.uid = user.id INNER JOIN product on buy.pid = product.id   [ RunTime:0.000341s ]
SQL: SHOW COLUMNS FROM `buy` [ RunTime:0.000318s ]
SQL: SELECT `id` FROM `buy`  [ RunTime:0.000177s ]
SQL: SHOW COLUMNS FROM `updateapp` [ RunTime:0.000351s ]
SQL: SELECT * FROM `updateapp` ORDER BY updatetime desc  [ RunTime:0.000199s ]
INFO: [ view_parse ] --START--
INFO: [ template_filter ] --START--
INFO: Run Behavior\ContentReplaceBehavior [ RunTime:0.000099s ]
INFO: [ template_filter ] --END-- [ RunTime:0.000174s ]
NOTIC: [8] Undefined variable: show /Users/liupengfei/Downloads/AppShopService-master/Application/Runtime/Cache/Admin/b595b808c2ebeeeb0478ffc30bb4e87a.php 第 154 行.
INFO: Run Behavior\ParseTemplateBehavior [ RunTime:0.036459s ]
INFO: [ view_parse ] --END-- [ RunTime:0.036539s ]
INFO: [ view_filter ] --START--
INFO: Run Behavior\WriteHtmlCacheBehavior [ RunTime:0.000181s ]
INFO: [ view_filter ] --END-- [ RunTime:0.000248s ]
INFO: [ app_end ] --START--
INFO: Run Behavior\ShowPageTraceBehavior [ RunTime:0.000781s ]
INFO: [ app_end ] --END-- [ RunTime:0.000851s ]

[ 2017-04-26T15:33:27+08:00 ] ::1 /index.php/Admin/Index/index/tab/6.html
INFO: [ app_init ] --START--
INFO: Run Behavior\BuildLiteBehavior [ RunTime:0.000015s ]
INFO: [ app_init ] --END-- [ RunTime:0.000428s ]
INFO: [ app_begin ] --START--
INFO: Run Behavior\ReadHtmlCacheBehavior [ RunTime:0.000483s ]
INFO: [ app_begin ] --END-- [ RunTime:0.000548s ]
NOTIC: [8192] mysql_connect(): The mysql extension is deprecated and will be removed in the future: use mysqli or PDO instead /Users/liupengfei/Downloads/AppShopService-master/ThinkPHP/Library/Think/Db/Driver/Mysql.class.php 第 52 行.
SQL: SHOW COLUMNS FROM `banner` [ RunTime:0.000460s ]
SQL: SELECT * FROM `banner`  [ RunTime:0.000253s ]
SQL: SHOW COLUMNS FROM `product` [ RunTime:0.000397s ]
SQL: SELECT * FROM `product` ORDER BY type asc  [ RunTime:0.000358s ]
SQL: SHOW COLUMNS FROM `user` [ RunTime:0.000382s ]
SQL: SELECT * FROM `user`  [ RunTime:0.000214s ]
SQL: SHOW COLUMNS FROM `buy` [ RunTime:0.000346s ]
SQL: SELECT * FROM `buy` INNER JOIN  user on buy.uid = user.id INNER JOIN product on buy.pid = product.id   [ RunTime:0.000386s ]
SQL: SHOW COLUMNS FROM `buy` [ RunTime:0.000351s ]
SQL: SELECT `id` FROM `buy`  [ RunTime:0.000196s ]
SQL: SHOW COLUMNS FROM `updateapp` [ RunTime:0.000359s ]
SQL: SELECT * FROM `updateapp` ORDER BY updatetime desc  [ RunTime:0.000227s ]
INFO: [ view_parse ] --START--
INFO: [ template_filter ] --START--
INFO: Run Behavior\ContentReplaceBehavior [ RunTime:0.000099s ]
INFO: [ template_filter ] --END-- [ RunTime:0.000193s ]
NOTIC: [8] Undefined variable: show /Users/liupengfei/Downloads/AppShopService-master/Application/Runtime/Cache/Admin/b595b808c2ebeeeb0478ffc30bb4e87a.php 第 154 行.
INFO: Run Behavior\ParseTemplateBehavior [ RunTime:0.036291s ]
INFO: [ view_parse ] --END-- [ RunTime:0.036355s ]
INFO: [ view_filter ] --START--
INFO: Run Behavior\WriteHtmlCacheBehavior [ RunTime:0.000447s ]
INFO: [ view_filter ] --END-- [ RunTime:0.000511s ]
INFO: [ app_end ] --START--
INFO: Run Behavior\ShowPageTraceBehavior [ RunTime:0.000747s ]
INFO: [ app_end ] --END-- [ RunTime:0.000813s ]

[ 2017-04-26T15:33:31+08:00 ] ::1 /index.php/Admin/Index/changePayState/id/172/state/0/tab/6.html
INFO: [ app_init ] --START--
INFO: Run Behavior\BuildLiteBehavior [ RunTime:0.000021s ]
INFO: [ app_init ] --END-- [ RunTime:0.000573s ]
INFO: [ app_begin ] --START--
INFO: Run Behavior\ReadHtmlCacheBehavior [ RunTime:0.000581s ]
INFO: [ app_begin ] --END-- [ RunTime:0.000670s ]
NOTIC: [8192] mysql_connect(): The mysql extension is deprecated and will be removed in the future: use mysqli or PDO instead /Users/liupengfei/Downloads/AppShopService-master/ThinkPHP/Library/Think/Db/Driver/Mysql.class.php 第 52 行.
SQL: SHOW COLUMNS FROM `buy` [ RunTime:0.000480s ]
SQL: UPDATE `buy` SET `isPay`=1 WHERE ( id=172 ) [ RunTime:0.000518s ]

[ 2017-04-26T15:33:31+08:00 ] ::1 /index.php/Admin/Index/index/tab/6.html
INFO: [ app_init ] --START--
INFO: Run Behavior\BuildLiteBehavior [ RunTime:0.000013s ]
INFO: [ app_init ] --END-- [ RunTime:0.000304s ]
INFO: [ app_begin ] --START--
INFO: Run Behavior\ReadHtmlCacheBehavior [ RunTime:0.000407s ]
INFO: [ app_begin ] --END-- [ RunTime:0.000460s ]
NOTIC: [8192] mysql_connect(): The mysql extension is deprecated and will be removed in the future: use mysqli or PDO instead /Users/liupengfei/Downloads/AppShopService-master/ThinkPHP/Library/Think/Db/Driver/Mysql.class.php 第 52 行.
SQL: SHOW COLUMNS FROM `banner` [ RunTime:0.000481s ]
SQL: SELECT * FROM `banner`  [ RunTime:0.000283s ]
SQL: SHOW COLUMNS FROM `product` [ RunTime:0.000382s ]
SQL: SELECT * FROM `product` ORDER BY type asc  [ RunTime:0.000386s ]
SQL: SHOW COLUMNS FROM `user` [ RunTime:0.000427s ]
SQL: SELECT * FROM `user`  [ RunTime:0.000256s ]
SQL: SHOW COLUMNS FROM `buy` [ RunTime:0.000425s ]
SQL: SELECT * FROM `buy` INNER JOIN  user on buy.uid = user.id INNER JOIN product on buy.pid = product.id   [ RunTime:0.000384s ]
SQL: SHOW COLUMNS FROM `buy` [ RunTime:0.000316s ]
SQL: SELECT `id` FROM `buy`  [ RunTime:0.000166s ]
SQL: SHOW COLUMNS FROM `updateapp` [ RunTime:0.000356s ]
SQL: SELECT * FROM `updateapp` ORDER BY updatetime desc  [ RunTime:0.000205s ]
INFO: [ view_parse ] --START--
INFO: [ template_filter ] --START--
INFO: Run Behavior\ContentReplaceBehavior [ RunTime:0.000062s ]
INFO: [ template_filter ] --END-- [ RunTime:0.000132s ]
NOTIC: [8] Undefined variable: show /Users/liupengfei/Downloads/AppShopService-master/Application/Runtime/Cache/Admin/b595b808c2ebeeeb0478ffc30bb4e87a.php 第 154 行.
INFO: Run Behavior\ParseTemplateBehavior [ RunTime:0.029317s ]
INFO: [ view_parse ] --END-- [ RunTime:0.029382s ]
INFO: [ view_filter ] --START--
INFO: Run Behavior\WriteHtmlCacheBehavior [ RunTime:0.000171s ]
INFO: [ view_filter ] --END-- [ RunTime:0.000220s ]
INFO: [ app_end ] --START--
INFO: Run Behavior\ShowPageTraceBehavior [ RunTime:0.000560s ]
INFO: [ app_end ] --END-- [ RunTime:0.000618s ]

[ 2017-04-26T15:33:33+08:00 ] ::1 /index.php/Admin/Index/changePayState/id/173/state/0/tab/6.html
INFO: [ app_init ] --START--
INFO: Run Behavior\BuildLiteBehavior [ RunTime:0.000013s ]
INFO: [ app_init ] --END-- [ RunTime:0.000296s ]
INFO: [ app_begin ] --START--
INFO: Run Behavior\ReadHtmlCacheBehavior [ RunTime:0.000425s ]
INFO: [ app_begin ] --END-- [ RunTime:0.000480s ]
NOTIC: [8192] mysql_connect(): The mysql extension is deprecated and will be removed in the future: use mysqli or PDO instead /Users/liupengfei/Downloads/AppShopService-master/ThinkPHP/Library/Think/Db/Driver/Mysql.class.php 第 52 行.
SQL: SHOW COLUMNS FROM `buy` [ RunTime:0.000480s ]
SQL: UPDATE `buy` SET `isPay`=1 WHERE ( id=173 ) [ RunTime:0.000708s ]

[ 2017-04-26T15:33:33+08:00 ] ::1 /index.php/Admin/Index/index/tab/6.html
INFO: [ app_init ] --START--
INFO: Run Behavior\BuildLiteBehavior [ RunTime:0.000016s ]
INFO: [ app_init ] --END-- [ RunTime:0.000349s ]
INFO: [ app_begin ] --START--
INFO: Run Behavior\ReadHtmlCacheBehavior [ RunTime:0.000440s ]
INFO: [ app_begin ] --END-- [ RunTime:0.000496s ]
NOTIC: [8192] mysql_connect(): The mysql extension is deprecated and will be removed in the future: use mysqli or PDO instead /Users/liupengfei/Downloads/AppShopService-master/ThinkPHP/Library/Think/Db/Driver/Mysql.class.php 第 52 行.
SQL: SHOW COLUMNS FROM `banner` [ RunTime:0.000632s ]
SQL: SELECT * FROM `banner`  [ RunTime:0.000265s ]
SQL: SHOW COLUMNS FROM `product` [ RunTime:0.000365s ]
SQL: SELECT * FROM `product` ORDER BY type asc  [ RunTime:0.000356s ]
SQL: SHOW COLUMNS FROM `user` [ RunTime:0.000418s ]
SQL: SELECT * FROM `user`  [ RunTime:0.000284s ]
SQL: SHOW COLUMNS FROM `buy` [ RunTime:0.000336s ]
SQL: SELECT * FROM `buy` INNER JOIN  user on buy.uid = user.id INNER JOIN product on buy.pid = product.id   [ RunTime:0.000361s ]
SQL: SHOW COLUMNS FROM `buy` [ RunTime:0.000376s ]
SQL: SELECT `id` FROM `buy`  [ RunTime:0.000228s ]
SQL: SHOW COLUMNS FROM `updateapp` [ RunTime:0.000463s ]
SQL: SELECT * FROM `updateapp` ORDER BY updatetime desc  [ RunTime:0.000260s ]
INFO: [ view_parse ] --START--
INFO: [ template_filter ] --START--
INFO: Run Behavior\ContentReplaceBehavior [ RunTime:0.000079s ]
INFO: [ template_filter ] --END-- [ RunTime:0.000167s ]
NOTIC: [8] Undefined variable: show /Users/liupengfei/Downloads/AppShopService-master/Application/Runtime/Cache/Admin/b595b808c2ebeeeb0478ffc30bb4e87a.php 第 154 行.
INFO: Run Behavior\ParseTemplateBehavior [ RunTime:0.033548s ]
INFO: [ view_parse ] --END-- [ RunTime:0.033606s ]
INFO: [ view_filter ] --START--
INFO: Run Behavior\WriteHtmlCacheBehavior [ RunTime:0.000159s ]
INFO: [ view_filter ] --END-- [ RunTime:0.000208s ]
INFO: [ app_end ] --START--
INFO: Run Behavior\ShowPageTraceBehavior [ RunTime:0.000517s ]
INFO: [ app_end ] --END-- [ RunTime:0.000571s ]

[ 2017-04-26T15:34:11+08:00 ] ::1 /index.php/Admin/Index/changeDeliverState/id/172/state/0/tab/6.html
INFO: [ app_init ] --START--
INFO: Run Behavior\BuildLiteBehavior [ RunTime:0.000013s ]
INFO: [ app_init ] --END-- [ RunTime:0.000308s ]
INFO: [ app_begin ] --START--
INFO: Run Behavior\ReadHtmlCacheBehavior [ RunTime:0.000413s ]
INFO: [ app_begin ] --END-- [ RunTime:0.000469s ]
NOTIC: [8192] mysql_connect(): The mysql extension is deprecated and will be removed in the future: use mysqli or PDO instead /Users/liupengfei/Downloads/AppShopService-master/ThinkPHP/Library/Think/Db/Driver/Mysql.class.php 第 52 行.
SQL: SHOW COLUMNS FROM `buy` [ RunTime:0.000454s ]
SQL: UPDATE `buy` SET `isDeliver`=1 WHERE ( id=172 ) [ RunTime:0.000888s ]

[ 2017-04-26T15:34:11+08:00 ] ::1 /index.php/Admin/Index/index/tab/6.html
INFO: [ app_init ] --START--
INFO: Run Behavior\BuildLiteBehavior [ RunTime:0.000016s ]
INFO: [ app_init ] --END-- [ RunTime:0.000352s ]
INFO: [ app_begin ] --START--
INFO: Run Behavior\ReadHtmlCacheBehavior [ RunTime:0.000419s ]
INFO: [ app_begin ] --END-- [ RunTime:0.000473s ]
NOTIC: [8192] mysql_connect(): The mysql extension is deprecated and will be removed in the future: use mysqli or PDO instead /Users/liupengfei/Downloads/AppShopService-master/ThinkPHP/Library/Think/Db/Driver/Mysql.class.php 第 52 行.
SQL: SHOW COLUMNS FROM `banner` [ RunTime:0.000427s ]
SQL: SELECT * FROM `banner`  [ RunTime:0.000202s ]
SQL: SHOW COLUMNS FROM `product` [ RunTime:0.000345s ]
SQL: SELECT * FROM `product` ORDER BY type asc  [ RunTime:0.000472s ]
SQL: SHOW COLUMNS FROM `user` [ RunTime:0.000394s ]
SQL: SELECT * FROM `user`  [ RunTime:0.000242s ]
SQL: SHOW COLUMNS FROM `buy` [ RunTime:0.000382s ]
SQL: SELECT * FROM `buy` INNER JOIN  user on buy.uid = user.id INNER JOIN product on buy.pid = product.id   [ RunTime:0.000333s ]
SQL: SHOW COLUMNS FROM `buy` [ RunTime:0.000323s ]
SQL: SELECT `id` FROM `buy`  [ RunTime:0.000167s ]
SQL: SHOW COLUMNS FROM `updateapp` [ RunTime:0.000313s ]
SQL: SELECT * FROM `updateapp` ORDER BY updatetime desc  [ RunTime:0.000180s ]
INFO: [ view_parse ] --START--
INFO: [ template_filter ] --START--
INFO: Run Behavior\ContentReplaceBehavior [ RunTime:0.000128s ]
INFO: [ template_filter ] --END-- [ RunTime:0.000198s ]
NOTIC: [8] Undefined variable: show /Users/liupengfei/Downloads/AppShopService-master/Application/Runtime/Cache/Admin/b595b808c2ebeeeb0478ffc30bb4e87a.php 第 154 行.
INFO: Run Behavior\ParseTemplateBehavior [ RunTime:0.034801s ]
INFO: [ view_parse ] --END-- [ RunTime:0.034865s ]
INFO: [ view_filter ] --START--
INFO: Run Behavior\WriteHtmlCacheBehavior [ RunTime:0.000582s ]
INFO: [ view_filter ] --END-- [ RunTime:0.000686s ]
INFO: [ app_end ] --START--
INFO: Run Behavior\ShowPageTraceBehavior [ RunTime:0.000655s ]
INFO: [ app_end ] --END-- [ RunTime:0.000747s ]

[ 2017-04-26T15:34:12+08:00 ] ::1 /index.php/Admin/Index/changeDeliverState/id/171/state/0/tab/6.html
INFO: [ app_init ] --START--
INFO: Run Behavior\BuildLiteBehavior [ RunTime:0.000021s ]
INFO: [ app_init ] --END-- [ RunTime:0.000383s ]
INFO: [ app_begin ] --START--
INFO: Run Behavior\ReadHtmlCacheBehavior [ RunTime:0.000584s ]
INFO: [ app_begin ] --END-- [ RunTime:0.000658s ]
NOTIC: [8192] mysql_connect(): The mysql extension is deprecated and will be removed in the future: use mysqli or PDO instead /Users/liupengfei/Downloads/AppShopService-master/ThinkPHP/Library/Think/Db/Driver/Mysql.class.php 第 52 行.
SQL: SHOW COLUMNS FROM `buy` [ RunTime:0.000461s ]
SQL: UPDATE `buy` SET `isDeliver`=1 WHERE ( id=171 ) [ RunTime:0.000445s ]

[ 2017-04-26T15:34:12+08:00 ] ::1 /index.php/Admin/Index/index/tab/6.html
INFO: [ app_init ] --START--
INFO: Run Behavior\BuildLiteBehavior [ RunTime:0.000015s ]
INFO: [ app_init ] --END-- [ RunTime:0.000317s ]
INFO: [ app_begin ] --START--
INFO: Run Behavior\ReadHtmlCacheBehavior [ RunTime:0.000411s ]
INFO: [ app_begin ] --END-- [ RunTime:0.000465s ]
NOTIC: [8192] mysql_connect(): The mysql extension is deprecated and will be removed in the future: use mysqli or PDO instead /Users/liupengfei/Downloads/AppShopService-master/ThinkPHP/Library/Think/Db/Driver/Mysql.class.php 第 52 行.
SQL: SHOW COLUMNS FROM `banner` [ RunTime:0.000481s ]
SQL: SELECT * FROM `banner`  [ RunTime:0.000276s ]
SQL: SHOW COLUMNS FROM `product` [ RunTime:0.000591s ]
SQL: SELECT * FROM `product` ORDER BY type asc  [ RunTime:0.000381s ]
SQL: SHOW COLUMNS FROM `user` [ RunTime:0.000423s ]
SQL: SELECT * FROM `user`  [ RunTime:0.000226s ]
SQL: SHOW COLUMNS FROM `buy` [ RunTime:0.000386s ]
SQL: SELECT * FROM `buy` INNER JOIN  user on buy.uid = user.id INNER JOIN product on buy.pid = product.id   [ RunTime:0.000370s ]
SQL: SHOW COLUMNS FROM `buy` [ RunTime:0.000380s ]
SQL: SELECT `id` FROM `buy`  [ RunTime:0.000179s ]
SQL: SHOW COLUMNS FROM `updateapp` [ RunTime:0.000334s ]
SQL: SELECT * FROM `updateapp` ORDER BY updatetime desc  [ RunTime:0.000246s ]
INFO: [ view_parse ] --START--
INFO: [ template_filter ] --START--
INFO: Run Behavior\ContentReplaceBehavior [ RunTime:0.000062s ]
INFO: [ template_filter ] --END-- [ RunTime:0.000127s ]
NOTIC: [8] Undefined variable: show /Users/liupengfei/Downloads/AppShopService-master/Application/Runtime/Cache/Admin/b595b808c2ebeeeb0478ffc30bb4e87a.php 第 154 行.
INFO: Run Behavior\ParseTemplateBehavior [ RunTime:0.029678s ]
INFO: [ view_parse ] --END-- [ RunTime:0.029744s ]
INFO: [ view_filter ] --START--
INFO: Run Behavior\WriteHtmlCacheBehavior [ RunTime:0.000165s ]
INFO: [ view_filter ] --END-- [ RunTime:0.000213s ]
INFO: [ app_end ] --START--
INFO: Run Behavior\ShowPageTraceBehavior [ RunTime:0.000660s ]
INFO: [ app_end ] --END-- [ RunTime:0.000725s ]

[ 2017-04-26T15:34:13+08:00 ] ::1 /index.php/Admin/Index/changeDeliverState/id/173/state/0/tab/6.html
INFO: [ app_init ] --START--
INFO: Run Behavior\BuildLiteBehavior [ RunTime:0.000014s ]
INFO: [ app_init ] --END-- [ RunTime:0.000311s ]
INFO: [ app_begin ] --START--
INFO: Run Behavior\ReadHtmlCacheBehavior [ RunTime:0.000398s ]
INFO: [ app_begin ] --END-- [ RunTime:0.000450s ]
NOTIC: [8192] mysql_connect(): The mysql extension is deprecated and will be removed in the future: use mysqli or PDO instead /Users/liupengfei/Downloads/AppShopService-master/ThinkPHP/Library/Think/Db/Driver/Mysql.class.php 第 52 行.
SQL: SHOW COLUMNS FROM `buy` [ RunTime:0.000481s ]
SQL: UPDATE `buy` SET `isDeliver`=1 WHERE ( id=173 ) [ RunTime:0.000480s ]

[ 2017-04-26T15:34:13+08:00 ] ::1 /index.php/Admin/Index/index/tab/6.html
INFO: [ app_init ] --START--
INFO: Run Behavior\BuildLiteBehavior [ RunTime:0.000017s ]
INFO: [ app_init ] --END-- [ RunTime:0.000404s ]
INFO: [ app_begin ] --START--
INFO: Run Behavior\ReadHtmlCacheBehavior [ RunTime:0.000458s ]
INFO: [ app_begin ] --END-- [ RunTime:0.000517s ]
NOTIC: [8192] mysql_connect(): The mysql extension is deprecated and will be removed in the future: use mysqli or PDO instead /Users/liupengfei/Downloads/AppShopService-master/ThinkPHP/Library/Think/Db/Driver/Mysql.class.php 第 52 行.
SQL: SHOW COLUMNS FROM `banner` [ RunTime:0.000406s ]
SQL: SELECT * FROM `banner`  [ RunTime:0.000251s ]
SQL: SHOW COLUMNS FROM `product` [ RunTime:0.000414s ]
SQL: SELECT * FROM `product` ORDER BY type asc  [ RunTime:0.000399s ]
SQL: SHOW COLUMNS FROM `user` [ RunTime:0.000439s ]
SQL: SELECT * FROM `user`  [ RunTime:0.000264s ]
SQL: SHOW COLUMNS FROM `buy` [ RunTime:0.000349s ]
SQL: SELECT * FROM `buy` INNER JOIN  user on buy.uid = user.id INNER JOIN product on buy.pid = product.id   [ RunTime:0.000322s ]
SQL: SHOW COLUMNS FROM `buy` [ RunTime:0.000353s ]
SQL: SELECT `id` FROM `buy`  [ RunTime:0.000216s ]
SQL: SHOW COLUMNS FROM `updateapp` [ RunTime:0.000353s ]
SQL: SELECT * FROM `updateapp` ORDER BY updatetime desc  [ RunTime:0.000229s ]
INFO: [ view_parse ] --START--
INFO: [ template_filter ] --START--
INFO: Run Behavior\ContentReplaceBehavior [ RunTime:0.000065s ]
INFO: [ template_filter ] --END-- [ RunTime:0.000140s ]
NOTIC: [8] Undefined variable: show /Users/liupengfei/Downloads/AppShopService-master/Application/Runtime/Cache/Admin/b595b808c2ebeeeb0478ffc30bb4e87a.php 第 154 行.
INFO: Run Behavior\ParseTemplateBehavior [ RunTime:0.029498s ]
INFO: [ view_parse ] --END-- [ RunTime:0.029560s ]
INFO: [ view_filter ] --START--
INFO: Run Behavior\WriteHtmlCacheBehavior [ RunTime:0.000155s ]
INFO: [ view_filter ] --END-- [ RunTime:0.000205s ]
INFO: [ app_end ] --START--
INFO: Run Behavior\ShowPageTraceBehavior [ RunTime:0.000565s ]
INFO: [ app_end ] --END-- [ RunTime:0.000628s ]

